seg000:A000 ;
seg000:A000 ; +-------------------------------------------------------------------------+
seg000:A000 ; |      This file was generated by The Interactive Disassembler (IDA)      |
seg000:A000 ; |           Copyright (c) 2026 Hex-Rays, <support@hex-rays.com>           |
seg000:A000 ; |                      License info: 48-2137-ACAB-69                      |
seg000:A000 ; |                             hi@hex-rays.com                             |
seg000:A000 ; +-------------------------------------------------------------------------+
seg000:A000 ;
seg000:A000 ; Input SHA256 : 64E1A820922301147C81EBD2CF09510410B9C52BBA6139608379BD996BBE1BF2
seg000:A000 ; Input MD5    : 4BB63C1555EA0AF1E8D2794833435466
seg000:A000 ; Input CRC32  : B600ED4E
seg000:A000
seg000:A000 ; File Name   : /home/brox/Projects/zeliard/WORK/bankpro.bin
seg000:A000 ; Format      : Binary file
seg000:A000 ; Base Address: 0000h Range: 0000h - 0D38h Loaded length: 0D38h
seg000:A000
seg000:A000                 .286
seg000:A000                 .model small
seg000:A000
seg000:A000 ; ===========================================================================
seg000:A000
seg000:A000 ; Segment type: Pure code
seg000:A000 seg000          segment byte public 'CODE'
seg000:A000                 assume cs:seg000
seg000:A000                 ;org 0A000h
seg000:A000                 assume es:nothing, ss:nothing, ds:seg000
seg000:A000                 dw offset sub_A004
seg000:A002                 dw offset sub_A728
seg000:A004
seg000:A004 ; =============== S U B R O U T I N E =======================================
seg000:A004
seg000:A004
seg000:A004 sub_A004        proc near
seg000:A004                 mov     es, word ptr ds:0FF2Ch ; seg1
seg000:A008                 mov     di, 8000h
seg000:A00B                 mov     si, offset vfs_bank_grp
seg000:A00E                 mov     al, 2
seg000:A010                 call    word ptr cs:10Ch ; res_dispatcher_proc
seg000:A015                 push    ds
seg000:A016                 mov     ds, word ptr cs:0FF2Ch ; seg1
seg000:A01B                 mov     si, 8000h
seg000:A01E                 mov     cx, 100h
seg000:A021                 call    word ptr cs:2044h ; Reassemble_3_Planes_To_Packed_Bitmap_proc
seg000:A026                 pop     ds
seg000:A027                 mov     byte ptr ds:0FF4Eh, 0 ; dialog_cursor_x
seg000:A02C                 mov     byte ptr ds:0FF4Fh, 0 ; dialog_scroll_counter
seg000:A031                 mov     byte_AD1E, 0
seg000:A036                 call    word ptr cs:2002h ; Clear_Viewport_proc
seg000:A03B                 call    word ptr cs:2012h ; Clear_Place_Enemy_Bar_proc
seg000:A040                 mov     si, offset byte_A8EE
seg000:A043                 call    word ptr cs:2010h ; Render_Pascal_String_1_proc
seg000:A048                 call    sub_A6A3
seg000:A04B                 mov     bx, 0D60h
seg000:A04E                 mov     cx, 3637h
seg000:A051                 mov     al, 0FFh
seg000:A053                 call    word ptr cs:2000h ; Draw_Bordered_Rectangle_proc
seg000:A058                 mov     byte_AD21, 0FFh
seg000:A05D                 mov     word_AD1F, offset byte_A773
seg000:A063                 mov     word ptr ds:0FF4Ch, offset unk_A989 ; dialog_string_ptr
seg000:A069                 call    word ptr cs:6004h ; render_menu_dialog_proc
seg000:A06E                 mov     cx, 5
seg000:A071
seg000:A071 loc_A071:
seg000:A071                 push    cx
seg000:A072                 mov     byte ptr ds:0FF1Ah, 0 ; frame_timer
seg000:A077                 mov     word ptr ds:0FF4Ch, offset unk_A98B ; dialog_string_ptr
seg000:A07D                 call    word ptr cs:6004h ; render_menu_dialog_proc
seg000:A082
seg000:A082 loc_A082:
seg000:A082                 call    sub_A728
seg000:A085                 cmp     byte ptr ds:0FF1Ah, 63 ; frame_timer
seg000:A08A                 jb      short loc_A082
seg000:A08C                 pop     cx
seg000:A08D                 loop    loc_A071
seg000:A08F                 mov     byte_AD21, 0
seg000:A094                 mov     word ptr ds:0FF4Ch, offset aOhExcuseMe ; dialog_string_ptr
seg000:A09A
seg000:A09A loc_A09A:                               ;
seg000:A09A                 call    word ptr cs:6004h ; render_menu_dialog_proc
seg000:A09F                 cmp     al, 0FFh
seg000:A0A1                 jz      short loc_A0A8
seg000:A0A3                 call    sub_A0AD
seg000:A0A6                 jmp     short loc_A09A
seg000:A0A8 ; ---------------------------------------------------------------------------
seg000:A0A8
seg000:A0A8 loc_A0A8:                               ;
seg000:A0A8                 jmp     word ptr cs:2040h ; Fade_To_Black_Dithered_proc
seg000:A0A8 sub_A004        endp
seg000:A0A8
seg000:A0AD
seg000:A0AD ; =============== S U B R O U T I N E =======================================
seg000:A0AD
seg000:A0AD
seg000:A0AD sub_A0AD        proc near
seg000:A0AD
seg000:A0AD ; FUNCTION CHUNK AT seg000:A0C0 SIZE 0000004D BYTES
seg000:A0AD ; FUNCTION CHUNK AT seg000:A5F3 SIZE 0000002C BYTES
seg000:A0AD
seg000:A0AD                 mov     bl, al
seg000:A0AF                 xor     bh, bh
seg000:A0B1                 add     bx, bx          ; switch 4 cases
seg000:A0B3                 jmp     cs:jpt_A0B3[bx] ; switch jump
seg000:A0B3 sub_A0AD        endp
seg000:A0B3
seg000:A0B3 ; ---------------------------------------------------------------------------
seg000:A0B8 jpt_A0B3        dw offset loc_A0C0      ; jump table for switch statement
seg000:A0BA                 dw offset loc_A0D2
seg000:A0BC                 dw offset loc_A5F3
seg000:A0BE                 dw offset loc_A619
seg000:A0C0 ; ---------------------------------------------------------------------------
seg000:A0C0 ; START OF FUNCTION CHUNK FOR sub_A0AD
seg000:A0C0
seg000:A0C0 loc_A0C0:                               ;
seg000:A0C0                 mov     byte ptr ds:0FF1Ah, 0 ; frame_timer
seg000:A0C5
seg000:A0C5 loc_A0C5:                               ;
seg000:A0C5                 cmp     byte ptr ds:0FF1Ah, 60 ; frame_timer
seg000:A0CA                 jb      short loc_A0C5
seg000:A0CC                 mov     si, offset off_A82F
seg000:A0CF                 jmp     sub_A813
seg000:A0D2 ; ---------------------------------------------------------------------------
seg000:A0D2
seg000:A0D2 loc_A0D2:                               ; jumptable 0000A0B3 case 1
seg000:A0D2                 call    sub_A61F
seg000:A0D5                 mov     bx, 281Dh
seg000:A0D8                 mov     cx, 1A37h
seg000:A0DB                 mov     al, 0FFh
seg000:A0DD                 call    word ptr cs:2000h ; Draw_Bordered_Rectangle_proc
seg000:A0E2                 mov     word ptr ds:0FF54h, 2820h ; menu_base_addr
seg000:A0E8                 mov     byte ptr ds:0FF52h, 5 ; menu_item_count
seg000:A0ED                 mov     byte ptr ds:0FF53h, 5 ; menu_max_items
seg000:A0F2                 mov     cx, 5
seg000:A0F5                 mov     si, offset aGoOutside ; "Go outside"
seg000:A0F8                 call    word ptr cs:600Eh ; render_menu_string_list_proc
seg000:A0FD                 mov     byte ptr ds:0FF56h, 0 ; menu_cursor_pos
seg000:A102                 mov     bl, byte_AD1E
seg000:A106                 call    word ptr cs:6010h ; select_from_menu_proc
seg000:A10B                 jnb     short loc_A10F
seg000:A10B ; END OF FUNCTION CHUNK FOR sub_A0AD
seg000:A10D                 xor     bl, bl
seg000:A10F
seg000:A10F loc_A10F:
seg000:A10F                 mov     byte_AD1E, bl
seg000:A113                 xor     bh, bh
seg000:A115                 add     bx, bx          ; switch 5 cases
seg000:A117                 jmp     jpt_A117[bx]    ; switch jump
seg000:A117 ; ---------------------------------------------------------------------------
seg000:A11B jpt_A117        dw offset loc_A125      ; jump table for switch statement
seg000:A11D                 dw offset loc_A14B
seg000:A11F                 dw offset loc_A23B
seg000:A121                 dw offset loc_A3D0
seg000:A123                 dw offset loc_A595
seg000:A125 ; ---------------------------------------------------------------------------
seg000:A125
seg000:A125 loc_A125:                               ; jumptable 0000A117 case 0
seg000:A125                 call    sub_A61F
seg000:A128                 mov     word ptr ds:0FF4Ch, offset unk_ACD4 ; dialog_string_ptr
seg000:A12E                 test    byte_AD24, 0FFh
seg000:A133                 jz      short loc_A136
seg000:A135                 retn
seg000:A136 ; ---------------------------------------------------------------------------
seg000:A136
seg000:A136 loc_A136:                               ;
seg000:A136                 mov     word ptr ds:0FF4Ch, offset unk_AC9D ; dialog_string_ptr
seg000:A13C                 test    byte_AD23, 0FFh
seg000:A141                 jz      short loc_A144
seg000:A143                 retn
seg000:A144 ; ---------------------------------------------------------------------------
seg000:A144
seg000:A144 loc_A144:                               ;
seg000:A144                 mov     word ptr ds:0FF4Ch, offset unk_AC5A ; dialog_string_ptr
seg000:A14A                 retn
seg000:A14B ; ---------------------------------------------------------------------------
seg000:A14B
seg000:A14B loc_A14B:                               ; jumptable 0000A117 case 1
seg000:A14B                 call    sub_A61F
seg000:A14E                 mov     byte_AD21, 0
seg000:A153                 mov     si, offset byte_A8BB
seg000:A156                 call    loc_A751
seg000:A159                 test    word ptr ds:8Bh, 0FFFFh ; hero_almas
seg000:A15F                 mov     word ptr ds:0FF4Ch, offset unk_A9B2 ; dialog_string_ptr
seg000:A165                 jnz     short loc_A168
seg000:A167                 retn
seg000:A168 ; ---------------------------------------------------------------------------
seg000:A168
seg000:A168 loc_A168:                               ;
seg000:A168                 mov     bl, ds:0C006h   ; town_id
seg000:A16C                 xor     bh, bh
seg000:A16E                 dec     bl
seg000:A170                 add     bx, bx
seg000:A172                 mov     al, byte ptr almas_exchange_rates_by_town[bx]
seg000:A176                 mov     byte_AD25, al
seg000:A179                 mov     al, byte ptr (almas_exchange_rates_by_town+1)[bx]
seg000:A17D                 mov     byte_AD26, al
seg000:A180                 mov     word ptr ds:0FF4Ch, offset unk_A9D9 ; dialog_string_ptr
seg000:A186                 call    word ptr cs:6004h ; render_menu_dialog_proc
seg000:A18B                 mov     al, byte_AD25
seg000:A18E                 add     al, 30h ; '0'
seg000:A190                 mov     byte_AD27, al
seg000:A193                 mov     word ptr ds:0FF4Ch, offset byte_AD27 ; dialog_string_ptr
seg000:A199                 call    word ptr cs:6004h ; render_menu_dialog_proc
seg000:A19E                 mov     word ptr ds:0FF4Ch, offset aAlmasTo ; dialog_string_ptr
seg000:A1A4                 call    word ptr cs:6004h ; render_menu_dialog_proc
seg000:A1A9                 mov     al, byte_AD26
seg000:A1AC                 add     al, 30h ; '0'
seg000:A1AE                 mov     byte_AD27, al
seg000:A1B1                 mov     word ptr ds:0FF4Ch, offset byte_AD27 ; dialog_string_ptr
seg000:A1B7                 call    word ptr cs:6004h ; render_menu_dialog_proc
seg000:A1BC                 mov     word ptr ds:0FF4Ch, offset aGoldsWillThatB ; dialog_string_ptr
seg000:A1C2                 call    word ptr cs:6004h ; render_menu_dialog_proc
seg000:A1C7                 mov     bx, 2F2Bh
seg000:A1CA                 mov     cx, 0C19h
seg000:A1CD                 mov     al, 0FFh
seg000:A1CF                 call    word ptr cs:2000h ; Draw_Bordered_Rectangle_proc
seg000:A1D4                 mov     word ptr ds:0FF54h, 302Eh ; menu_base_addr
seg000:A1DA                 call    word ptr cs:6008h ; show_yes_no_dialog_proc
seg000:A1DF                 mov     word ptr ds:0FF4Ch, offset unk_AA48 ; dialog_string_ptr
seg000:A1E5                 jnb     short loc_A1E8
seg000:A1E7                 retn
seg000:A1E8 ; ---------------------------------------------------------------------------
seg000:A1E8
seg000:A1E8 loc_A1E8:                               ;
seg000:A1E8                 mov     ax, ds:8Bh      ; hero_almas
seg000:A1EB                 mov     dl, byte_AD25
seg000:A1EF                 xor     dh, dh
seg000:A1F1                 sub     ax, dx
seg000:A1F3                 mov     word ptr ds:0FF4Ch, offset unk_AA1D ; dialog_string_ptr
seg000:A1F9                 jnb     short loc_A1FC
seg000:A1FB                 retn
seg000:A1FC ; ---------------------------------------------------------------------------
seg000:A1FC
seg000:A1FC loc_A1FC:
seg000:A1FC                 push    dx
seg000:A1FD                 call    sub_A61F
seg000:A200                 pop     dx
seg000:A201                 mov     byte_AD23, 0FFh
seg000:A206                 mov     word ptr ds:0FF4Ch, offset unk_AA82 ; dialog_string_ptr
seg000:A20C
seg000:A20C loc_A20C:
seg000:A20C                 xor     cx, cx
seg000:A20E
seg000:A20E loc_A20E:                               ;
seg000:A20E                 mov     ax, ds:8Bh      ; hero_almas
seg000:A211                 sub     ax, dx
seg000:A213                 jnb     short loc_A216
seg000:A215                 retn
seg000:A216 ; ---------------------------------------------------------------------------
seg000:A216
seg000:A216 loc_A216:
seg000:A216                 push    cx
seg000:A217                 mov     ds:8Bh, ax      ; hero_almas
seg000:A21A                 push    dx
seg000:A21B                 xor     dl, dl
seg000:A21D                 mov     al, byte_AD26
seg000:A220                 xor     ah, ah
seg000:A222                 call    word ptr cs:600Ch ; add_gold_to_hero_proc
seg000:A227                 call    word ptr cs:2016h ; Print_Gold_Decimal_proc
seg000:A22C                 call    word ptr cs:2014h ; Print_Almas_Decimal_proc
seg000:A231                 pop     dx
seg000:A232                 pop     cx
seg000:A233                 inc     cx
seg000:A234                 and     cx, 7
seg000:A237                 jnz     short loc_A20E
seg000:A239                 jmp     short loc_A20C
seg000:A23B ; ---------------------------------------------------------------------------
seg000:A23B
seg000:A23B loc_A23B:                               ; jumptable 0000A117 case 2
seg000:A23B                 call    sub_A61F
seg000:A23E                 mov     byte_AD21, 0
seg000:A243                 mov     si, offset byte_A8BB
seg000:A246                 call    loc_A751
seg000:A249                 mov     word ptr ds:0FF4Ch, offset unk_AAA1 ; dialog_string_ptr
seg000:A24F                 mov     ax, ds:86h      ; hero_gold_lo
seg000:A252                 mov     dl, ds:85h      ; hero_gold_hi
seg000:A256                 or      dl, al
seg000:A258                 or      dl, ah
seg000:A25A                 jnz     short loc_A25D
seg000:A25C                 retn
seg000:A25D ; ---------------------------------------------------------------------------
seg000:A25D
seg000:A25D loc_A25D:                               ;
seg000:A25D                 mov     word ptr ds:0FF4Ch, offset unk_AACA ; dialog_string_ptr
seg000:A263                 call    word ptr cs:6004h ; render_menu_dialog_proc
seg000:A268                 mov     bx, 2C1Dh
seg000:A26B                 mov     cx, 1237h
seg000:A26E                 mov     al, 0FFh
seg000:A270                 call    word ptr cs:2000h ; Draw_Bordered_Rectangle_proc
seg000:A275                 mov     word ptr ds:0FF54h, 2A20h ; menu_base_addr
seg000:A27B                 mov     byte ptr ds:0FF52h, 4 ; menu_item_count
seg000:A280                 mov     byte ptr ds:0FF53h, 4 ; menu_max_items
seg000:A285                 mov     byte ptr ds:0FF57h, 0 ; menu_digits_render_flag
seg000:A28A                 mov     cx, 4
seg000:A28D                 mov     si, offset aGoldCarried ; "GOLD CARRIED"
seg000:A290                 call    word ptr cs:600Eh ; render_menu_string_list_proc
seg000:A295                 mov     byte_AD29, 0
seg000:A29A                 mov     word_AD2A, 0
seg000:A2A0                 mov     dl, ds:85h      ; hero_gold_hi
seg000:A2A4                 mov     ax, ds:86h      ; hero_gold_lo
seg000:A2A7                 mov     byte_AD2C, dl
seg000:A2AB                 mov     word_AD2D, ax
seg000:A2AE
seg000:A2AE loc_A2AE:
seg000:A2AE                 mov     dl, byte_AD29
seg000:A2B2                 mov     ax, word_AD2A
seg000:A2B5                 push    dx
seg000:A2B6                 push    ax
seg000:A2B7                 call    word ptr cs:600Ah ; check_gold_sufficient_proc
seg000:A2BC                 call    word ptr cs:3022h ; render_numeric_score_proc
seg000:A2C1                 mov     bx, 312Eh
seg000:A2C4                 call    word ptr cs:301Ch ; draw_string_buffer_to_screen_proc
seg000:A2C9                 pop     ax
seg000:A2CA                 pop     dx
seg000:A2CB                 call    word ptr cs:3022h ; render_numeric_score_proc
seg000:A2D0                 mov     bx, 3148h
seg000:A2D3                 call    word ptr cs:301Ch ; draw_string_buffer_to_screen_proc
seg000:A2D8                 int     61h             ; check input keys buffer
seg000:A2D8                                         ; ah: ____Alt_Space
seg000:A2D8                                         ; al: ____right_left_down_up
seg000:A2DA                 call    update_24bit_value_according_to_al_flags
seg000:A2DD                 test    ah, 1
seg000:A2E0                 jnz     short loc_A31B
seg000:A2E2                 mov     word ptr ds:0FF4Ch, offset unk_AA48 ; dialog_string_ptr
seg000:A2E8                 test    ah, 2
seg000:A2EB                 jz      short loc_A2EE
seg000:A2ED                 retn
seg000:A2EE ; ---------------------------------------------------------------------------
seg000:A2EE
seg000:A2EE loc_A2EE:
seg000:A2EE                 or      al, al
seg000:A2F0                 jnz     short loc_A2F9
seg000:A2F2                 mov     byte ptr unk_AD2F, 23h ; '#'
seg000:A2F7                 jmp     short loc_A2AE
seg000:A2F9 ; ---------------------------------------------------------------------------
seg000:A2F9
seg000:A2F9 loc_A2F9:                               ;
seg000:A2F9                 mov     byte ptr ds:0FF1Ah, 0 ; frame_timer
seg000:A2FE
seg000:A2FE loc_A2FE:                               ;
seg000:A2FE                 int     61h             ; check input keys buffer
seg000:A2FE                                         ; ah: ____Alt_Space
seg000:A2FE                                         ; al: ____right_left_down_up
seg000:A300                 or      al, al
seg000:A302                 jz      short loc_A2AE
seg000:A304                 mov     al, byte ptr unk_AD2F
seg000:A307                 cmp     ds:0FF1Ah, al   ; frame_timer
seg000:A30B                 jb      short loc_A2FE
seg000:A30D                 sub     byte ptr unk_AD2F, 1
seg000:A312                 jnb     short loc_A2AE
seg000:A314                 mov     byte ptr unk_AD2F, 1
seg000:A319                 jmp     short loc_A2AE
seg000:A31B ; ---------------------------------------------------------------------------
seg000:A31B
seg000:A31B loc_A31B:                               ;
seg000:A31B                 mov     word ptr ds:0FF4Ch, offset unk_AA48 ; dialog_string_ptr
seg000:A321                 mov     ax, word_AD2A
seg000:A324                 mov     dl, byte_AD29
seg000:A328                 mov     cl, dl
seg000:A32A                 or      cl, al
seg000:A32C                 or      cl, ah
seg000:A32E                 jnz     short loc_A331
seg000:A330                 retn
seg000:A331 ; ---------------------------------------------------------------------------
seg000:A331
seg000:A331 loc_A331:
seg000:A331                 or      dl, dl
seg000:A333                 jnz     short loc_A33A
seg000:A335                 cmp     ax, 1000
seg000:A338                 jb      short loc_A345
seg000:A33A
seg000:A33A loc_A33A:
seg000:A33A                 mov     byte_AD21, 0FFh
seg000:A33F                 mov     word_AD1F, offset byte_A7C3
seg000:A345
seg000:A345 loc_A345:                               ;
seg000:A345                 add     ds:89h, ax      ; bank_gold_lo
seg000:A349                 adc     ds:88h, dl      ; bank_gold_hi
seg000:A34D                 mov     dl, byte_AD29
seg000:A351                 mov     ax, word_AD2A
seg000:A354                 call    word ptr cs:600Ah ; check_gold_sufficient_proc
seg000:A359                 mov     ds:85h, dl      ; hero_gold_hi
seg000:A35D                 mov     ds:86h, ax      ; hero_gold_lo
seg000:A360                 call    word ptr cs:2016h ; Print_Gold_Decimal_proc
seg000:A365                 mov     byte_AD23, 0FFh
seg000:A36A                 test    byte_AD21, 0FFh
seg000:A36F                 jnz     short loc_A3C9
seg000:A371                 mov     word ptr ds:0FF4Ch, offset unk_ABF7 ; dialog_string_ptr
seg000:A377                 mov     dl, ds:88h      ; bank_gold_hi
seg000:A37B                 mov     ax, ds:89h      ; bank_gold_lo
seg000:A37E                 or      dl, ah
seg000:A380                 or      dl, al
seg000:A382                 jnz     short loc_A385
seg000:A384                 retn
seg000:A385 ; ---------------------------------------------------------------------------
seg000:A385
seg000:A385 loc_A385:                               ;
seg000:A385                 mov     word ptr ds:0FF4Ch, offset unk_AC35 ; dialog_string_ptr
seg000:A38B                 test    ds:88h, al      ; bank_gold_hi
seg000:A38F                 jnz     short loc_A399
seg000:A391                 cmp     word ptr ds:89h, 1 ; bank_gold_lo
seg000:A396                 jnz     short loc_A399
seg000:A398                 retn
seg000:A399 ; ---------------------------------------------------------------------------
seg000:A399
seg000:A399 loc_A399:                               ;
seg000:A399                 mov     word ptr ds:0FF4Ch, offset unk_AAF4 ; dialog_string_ptr
seg000:A39F                 call    word ptr cs:6004h ; render_menu_dialog_proc
seg000:A3A4                 mov     dl, ds:88h      ; bank_gold_hi
seg000:A3A8                 mov     ax, ds:89h      ; bank_gold_lo
seg000:A3AB                 mov     di, offset unk_AD30
seg000:A3AE                 call    word ptr cs:6006h ; convert_ax_to_decimal_proc
seg000:A3B3                 mov     si, ds:0FF4Ch   ; dialog_string_ptr
seg000:A3B7                 push    si
seg000:A3B8                 mov     word ptr ds:0FF4Ch, offset unk_AD30 ; dialog_string_ptr
seg000:A3BE                 call    word ptr cs:6004h ; render_menu_dialog_proc
seg000:A3C3                 pop     si
seg000:A3C4                 mov     ds:0FF4Ch, si   ; dialog_string_ptr
seg000:A3C8                 retn
seg000:A3C9 ; ---------------------------------------------------------------------------
seg000:A3C9
seg000:A3C9 loc_A3C9:                               ;
seg000:A3C9                 mov     word ptr ds:0FF4Ch, offset unk_AB10 ; dialog_string_ptr
seg000:A3CF                 retn
seg000:A3D0 ; ---------------------------------------------------------------------------
seg000:A3D0
seg000:A3D0 loc_A3D0:                               ; jumptable 0000A117 case 3
seg000:A3D0                 call    sub_A61F
seg000:A3D3                 mov     byte_AD21, 0
seg000:A3D8                 mov     si, offset byte_A8BB
seg000:A3DB                 call    loc_A751
seg000:A3DE                 mov     word ptr ds:0FF4Ch, offset unk_AB32 ; dialog_string_ptr
seg000:A3E4                 mov     ax, ds:89h      ; bank_gold_lo
seg000:A3E7                 mov     dl, ds:88h      ; bank_gold_hi
seg000:A3EB                 or      dl, al
seg000:A3ED                 or      dl, ah
seg000:A3EF                 jnz     short loc_A3F2
seg000:A3F1                 retn
seg000:A3F2 ; ---------------------------------------------------------------------------
seg000:A3F2
seg000:A3F2 loc_A3F2:                               ;
seg000:A3F2                 mov     word ptr ds:0FF4Ch, offset unk_AB80 ; dialog_string_ptr
seg000:A3F8                 call    word ptr cs:6004h ; render_menu_dialog_proc
seg000:A3FD                 mov     bx, 2C1Dh
seg000:A400                 mov     cx, 1237h
seg000:A403                 mov     al, 0FFh
seg000:A405                 call    word ptr cs:2000h ; Draw_Bordered_Rectangle_proc
seg000:A40A                 mov     word ptr ds:0FF54h, 2A20h ; menu_base_addr
seg000:A410                 mov     byte ptr ds:0FF52h, 4 ; menu_item_count
seg000:A415                 mov     byte ptr ds:0FF53h, 4 ; menu_max_items
seg000:A41A                 mov     byte ptr ds:0FF57h, 0 ; menu_digits_render_flag
seg000:A41F                 mov     cx, 4
seg000:A422                 mov     si, offset aGoldInBank ; "GOLD IN BANK"
seg000:A425                 call    word ptr cs:600Eh ; render_menu_string_list_proc
seg000:A42A                 mov     byte_AD29, 0
seg000:A42F                 mov     word_AD2A, 0
seg000:A435                 mov     dl, ds:88h      ; bank_gold_hi
seg000:A439                 mov     ax, ds:89h      ; bank_gold_lo
seg000:A43C                 mov     byte_AD2C, dl
seg000:A440                 mov     word_AD2D, ax
seg000:A443
seg000:A443 loc_A443:
seg000:A443                 mov     dl, byte_AD29
seg000:A447                 mov     ax, word_AD2A
seg000:A44A                 push    dx
seg000:A44B                 push    ax
seg000:A44C                 mov     cl, ds:88h      ; bank_gold_hi
seg000:A450                 mov     bx, ds:89h      ; bank_gold_lo
seg000:A454                 sub     bx, ax
seg000:A456                 sbb     cl, dl
seg000:A458                 xchg    ax, bx
seg000:A459                 xchg    dl, cl
seg000:A45B                 call    word ptr cs:3022h ; render_numeric_score_proc
seg000:A460                 mov     bx, 312Eh
seg000:A463                 call    word ptr cs:301Ch ; draw_string_buffer_to_screen_proc
seg000:A468                 pop     ax
seg000:A469                 pop     dx
seg000:A46A                 call    word ptr cs:3022h ; render_numeric_score_proc
seg000:A46F                 mov     bx, 3148h
seg000:A472                 call    word ptr cs:301Ch ; draw_string_buffer_to_screen_proc
seg000:A477                 int     61h             ; check input keys buffer
seg000:A477                                         ; ah: ____Alt_Space
seg000:A477                                         ; al: ____right_left_down_up
seg000:A479                 call    update_24bit_value_according_to_al_flags
seg000:A47C                 test    ah, 1
seg000:A47F                 jnz     short loc_A4BA
seg000:A481                 mov     word ptr ds:0FF4Ch, offset unk_AA48 ; dialog_string_ptr
seg000:A487                 test    ah, 2
seg000:A48A                 jz      short loc_A48D
seg000:A48C                 retn
seg000:A48D ; ---------------------------------------------------------------------------
seg000:A48D
seg000:A48D loc_A48D:
seg000:A48D                 or      al, al
seg000:A48F                 jnz     short loc_A498
seg000:A491                 mov     byte ptr unk_AD2F, 23h ; '#'
seg000:A496                 jmp     short loc_A443
seg000:A498 ; ---------------------------------------------------------------------------
seg000:A498
seg000:A498 loc_A498:                               ;
seg000:A498                 mov     byte ptr ds:0FF1Ah, 0 ; frame_timer
seg000:A49D
seg000:A49D loc_A49D:                               ;
seg000:A49D                 int     61h             ; check input keys buffer
seg000:A49D                                         ; ah: ____Alt_Space
seg000:A49D                                         ; al: ____right_left_down_up
seg000:A49F                 or      al, al
seg000:A4A1                 jz      short loc_A443
seg000:A4A3                 mov     al, byte ptr unk_AD2F
seg000:A4A6                 cmp     ds:0FF1Ah, al   ; frame_timer
seg000:A4AA                 jb      short loc_A49D
seg000:A4AC                 sub     byte ptr unk_AD2F, 1
seg000:A4B1                 jnb     short loc_A443
seg000:A4B3                 mov     byte ptr unk_AD2F, 1
seg000:A4B8                 jmp     short loc_A443
seg000:A4BA ; ---------------------------------------------------------------------------
seg000:A4BA
seg000:A4BA loc_A4BA:                               ;
seg000:A4BA                 mov     word ptr ds:0FF4Ch, offset unk_AA48 ; dialog_string_ptr
seg000:A4C0                 mov     ax, word_AD2A
seg000:A4C3                 mov     dl, byte_AD29
seg000:A4C7                 mov     cl, dl
seg000:A4C9                 or      cl, al
seg000:A4CB                 or      cl, ah
seg000:A4CD                 jnz     short loc_A4D0
seg000:A4CF                 retn
seg000:A4D0 ; ---------------------------------------------------------------------------
seg000:A4D0
seg000:A4D0 loc_A4D0:
seg000:A4D0                 mov     byte_AD23, 0FFh
seg000:A4D5                 mov     word ptr ds:0FF4Ch, offset aHereYouAreSirO ; dialog_string_ptr
seg000:A4DB                 mov     dl, byte_AD29
seg000:A4DF                 mov     ax, word_AD2A
seg000:A4E2                 or      dl, dl
seg000:A4E4                 jnz     short loc_A4EB
seg000:A4E6                 cmp     ax, 1
seg000:A4E9                 jz      short loc_A51A
seg000:A4EB
seg000:A4EB loc_A4EB:                               ;
seg000:A4EB                 mov     word ptr ds:0FF4Ch, offset aHereYouAreSir ; dialog_string_ptr
seg000:A4F1                 call    word ptr cs:6004h ; render_menu_dialog_proc
seg000:A4F6                 mov     dl, byte_AD29
seg000:A4FA                 mov     ax, word_AD2A
seg000:A4FD                 mov     di, offset unk_AD30
seg000:A500                 call    word ptr cs:6006h ; convert_ax_to_decimal_proc
seg000:A505                 mov     si, ds:0FF4Ch   ; dialog_string_ptr
seg000:A509                 push    si
seg000:A50A                 mov     word ptr ds:0FF4Ch, offset unk_AD30 ; dialog_string_ptr
seg000:A510                 call    word ptr cs:6004h ; render_menu_dialog_proc
seg000:A515                 pop     si
seg000:A516                 mov     ds:0FF4Ch, si   ; dialog_string_ptr
seg000:A51A
seg000:A51A loc_A51A:                               ;
seg000:A51A                 call    word ptr cs:6004h ; render_menu_dialog_proc
seg000:A51F                 mov     dl, ds:88h      ; bank_gold_hi
seg000:A523                 mov     ax, ds:89h      ; bank_gold_lo
seg000:A526                 sub     ax, word_AD2A
seg000:A52A                 sbb     dl, byte_AD29
seg000:A52E                 mov     ds:88h, dl      ; bank_gold_hi
seg000:A532                 mov     ds:89h, ax      ; bank_gold_lo
seg000:A535                 mov     word ptr ds:0FF4Ch, offset unk_ABDE ; dialog_string_ptr
seg000:A53B                 or      dl, ah
seg000:A53D                 or      dl, al
seg000:A53F                 jz      short loc_A584
seg000:A541                 mov     word ptr ds:0FF4Ch, offset unk_AC35 ; dialog_string_ptr
seg000:A547                 test    ds:88h, al      ; bank_gold_hi
seg000:A54B                 jnz     short loc_A555
seg000:A54D                 cmp     word ptr ds:89h, 1 ; bank_gold_lo
seg000:A552                 jnz     short loc_A555
seg000:A554                 retn
seg000:A555 ; ---------------------------------------------------------------------------
seg000:A555
seg000:A555 loc_A555:                               ;
seg000:A555                 mov     word ptr ds:0FF4Ch, offset unk_AAF4 ; dialog_string_ptr
seg000:A55B                 call    word ptr cs:6004h ; render_menu_dialog_proc
seg000:A560                 mov     dl, ds:88h      ; bank_gold_hi
seg000:A564                 mov     ax, ds:89h      ; bank_gold_lo
seg000:A567                 mov     di, offset unk_AD30
seg000:A56A                 call    word ptr cs:6006h ; convert_ax_to_decimal_proc
seg000:A56F                 mov     si, ds:0FF4Ch   ; dialog_string_ptr
seg000:A573                 push    si
seg000:A574                 mov     word ptr ds:0FF4Ch, offset unk_AD30 ; dialog_string_ptr
seg000:A57A                 call    word ptr cs:6004h ; render_menu_dialog_proc
seg000:A57F                 pop     si
seg000:A580                 mov     ds:0FF4Ch, si   ; dialog_string_ptr
seg000:A584
seg000:A584 loc_A584:
seg000:A584                 mov     dl, byte_AD29
seg000:A588                 mov     ax, word_AD2A
seg000:A58B                 call    word ptr cs:600Ch ; add_gold_to_hero_proc
seg000:A590                 jmp     word ptr cs:2016h ; Print_Gold_Decimal_proc
seg000:A595 ; ---------------------------------------------------------------------------
seg000:A595
seg000:A595 loc_A595:                               ; jumptable 0000A117 case 4
seg000:A595                 call    sub_A61F
seg000:A598                 mov     word ptr ds:0FF4Ch, offset unk_ABF7 ; dialog_string_ptr
seg000:A59E                 mov     al, ds:88h      ; bank_gold_hi
seg000:A5A1                 xor     ah, ah
seg000:A5A3                 or      ax, ds:89h      ; bank_gold_lo
seg000:A5A7                 jnz     short loc_A5AA
seg000:A5A9                 retn
seg000:A5AA ; ---------------------------------------------------------------------------
seg000:A5AA
seg000:A5AA loc_A5AA:
seg000:A5AA                 mov     byte_AD23, 0FFh
seg000:A5AF                 mov     word ptr ds:0FF4Ch, offset unk_AC35 ; dialog_string_ptr
seg000:A5B5                 test    ds:88h, al      ; bank_gold_hi
seg000:A5B9                 jnz     short loc_A5C3
seg000:A5BB                 cmp     word ptr ds:89h, 1 ; bank_gold_lo
seg000:A5C0                 jnz     short loc_A5C3
seg000:A5C2                 retn
seg000:A5C3 ; ---------------------------------------------------------------------------
seg000:A5C3
seg000:A5C3 loc_A5C3:                               ;
seg000:A5C3                 mov     word ptr ds:0FF4Ch, offset unk_AC10 ; dialog_string_ptr
seg000:A5C9                 call    word ptr cs:6004h ; render_menu_dialog_proc
seg000:A5CE                 mov     dl, ds:88h      ; bank_gold_hi
seg000:A5D2                 mov     ax, ds:89h      ; bank_gold_lo
seg000:A5D5                 mov     di, offset unk_AD30
seg000:A5D8                 call    word ptr cs:6006h ; convert_ax_to_decimal_proc
seg000:A5DD                 mov     si, ds:0FF4Ch   ; dialog_string_ptr
seg000:A5E1                 push    si
seg000:A5E2                 mov     word ptr ds:0FF4Ch, offset unk_AD30 ; dialog_string_ptr
seg000:A5E8                 call    word ptr cs:6004h ; render_menu_dialog_proc
seg000:A5ED                 pop     si
seg000:A5EE                 mov     ds:0FF4Ch, si   ; dialog_string_ptr
seg000:A5F2                 retn
seg000:A5F3 ; ---------------------------------------------------------------------------
seg000:A5F3 ; START OF FUNCTION CHUNK FOR sub_A0AD
seg000:A5F3
seg000:A5F3 loc_A5F3:                               ; jumptable 0000A0B3 case 2
seg000:A5F3                 mov     byte_AD21, 0
seg000:A5F8                 mov     si, offset off_A839
seg000:A5FB                 call    sub_A813
seg000:A5FE                 mov     byte_AD21, 0FFh
seg000:A603                 mov     word_AD1F, offset byte_A773
seg000:A609                 mov     byte ptr ds:0FF1Ah, 0 ; frame_timer
seg000:A60E
seg000:A60E loc_A60E:
seg000:A60E                 call    sub_A728
seg000:A611                 cmp     byte ptr ds:0FF1Ah, 64h ; 'd' ; frame_timer
seg000:A616                 jb      short loc_A60E
seg000:A618                 retn
seg000:A619 ; ---------------------------------------------------------------------------
seg000:A619
seg000:A619 loc_A619:                               ; jumptable 0000A0B3 case 3
seg000:A619                 mov     byte_AD24, 0FFh
seg000:A61E                 retn
seg000:A61E ; END OF FUNCTION CHUNK FOR sub_A0AD
seg000:A61F
seg000:A61F ; =============== S U B R O U T I N E =======================================
seg000:A61F
seg000:A61F
seg000:A61F sub_A61F        proc near
seg000:A61F                 mov     bx, 2717h
seg000:A622                 mov     cx, 1C41h
seg000:A625                 xor     al, al
seg000:A627                 jmp     word ptr cs:2000h ; Draw_Bordered_Rectangle_proc
seg000:A627 sub_A61F        endp
seg000:A627
seg000:A62C
seg000:A62C ; =============== S U B R O U T I N E =======================================
seg000:A62C
seg000:A62C
seg000:A62C update_24bit_value_according_to_al_flags proc near
seg000:A62C                 mov     dl, byte_AD29
seg000:A630                 mov     bx, word_AD2A
seg000:A634                 test    al, 8
seg000:A636                 jz      short loc_A646
seg000:A638                 sub     bx, 0Ah
seg000:A63B                 sbb     dl, 0
seg000:A63E                 jnb     short loc_A69A
seg000:A640                 xor     bx, bx
seg000:A642                 xor     dl, dl
seg000:A644                 jmp     short loc_A69A
seg000:A646 ; ---------------------------------------------------------------------------
seg000:A646
seg000:A646 loc_A646:
seg000:A646                 test    al, 4
seg000:A648                 jz      short loc_A668
seg000:A64A                 add     bx, 0Ah
seg000:A64D                 adc     dl, 0
seg000:A650                 mov     cx, bx
seg000:A652                 sub     cx, word_AD2D
seg000:A656                 mov     cl, dl
seg000:A658                 sbb     cl, byte_AD2C
seg000:A65C                 jb      short loc_A69A
seg000:A65E                 mov     dl, byte_AD2C
seg000:A662                 mov     bx, word_AD2D
seg000:A666                 jmp     short loc_A69A
seg000:A668 ; ---------------------------------------------------------------------------
seg000:A668
seg000:A668 loc_A668:
seg000:A668                 test    al, 2
seg000:A66A                 jz      short loc_A67A
seg000:A66C                 sub     bx, 1
seg000:A66F                 sbb     dl, 0
seg000:A672                 jnb     short loc_A69A
seg000:A674                 xor     bx, bx
seg000:A676                 xor     dl, dl
seg000:A678                 jmp     short loc_A69A
seg000:A67A ; ---------------------------------------------------------------------------
seg000:A67A
seg000:A67A loc_A67A:
seg000:A67A                 test    al, 1
seg000:A67C                 jz      short loc_A69A
seg000:A67E                 add     bx, 1
seg000:A681                 adc     dl, 0
seg000:A684                 mov     cx, bx
seg000:A686                 sub     cx, word_AD2D
seg000:A68A                 mov     cl, dl
seg000:A68C                 sbb     cl, byte_AD2C
seg000:A690                 jb      short loc_A69A
seg000:A692                 mov     dl, byte_AD2C
seg000:A696                 mov     bx, word_AD2D
seg000:A69A
seg000:A69A loc_A69A:
seg000:A69A                 mov     byte_AD29, dl
seg000:A69E                 mov     word_AD2A, bx
seg000:A6A2                 retn
seg000:A6A2 update_24bit_value_according_to_al_flags endp
seg000:A6A2
seg000:A6A3
seg000:A6A3 ; =============== S U B R O U T I N E =======================================
seg000:A6A3
seg000:A6A3
seg000:A6A3 sub_A6A3        proc near
seg000:A6A3                 mov     si, offset byte_A6C8
seg000:A6A6                 mov     bx, 717h
seg000:A6A9                 mov     cx, 8
seg000:A6AC
seg000:A6AC loc_A6AC:
seg000:A6AC                 push    cx
seg000:A6AD                 mov     cx, 12
seg000:A6B0
seg000:A6B0 loc_A6B0:
seg000:A6B0                 push    cx
seg000:A6B1                 push    bx
seg000:A6B2                 lodsb
seg000:A6B3                 call    word ptr cs:3016h ; draw_tile_to_screen_proc
seg000:A6B8                 pop     bx
seg000:A6B9                 inc     bh
seg000:A6BB                 pop     cx
seg000:A6BC                 loop    loc_A6B0
seg000:A6BE                 sub     bh, 12
seg000:A6C1                 add     bl, 8
seg000:A6C4                 pop     cx
seg000:A6C5                 loop    loc_A6AC
seg000:A6C7                 retn
seg000:A6C7 sub_A6A3        endp
seg000:A6C7
seg000:A6C7 ; ---------------------------------------------------------------------------
seg000:A6C8 byte_A6C8       db 6Ch, 6Dh, 6Eh, 6Fh, 70h, 71h, 72h, 73h, 74h, 75h, 76h, 77h
seg000:A6D4                 db 78h, 79h, 0, 1, 2, 3, 4, 5, 6, 7, 7Ah, 7Bh
seg000:A6E0                 db 7Ch, 7Dh, 8, 9, 0Ah, 0Bh, 0Ch, 0Dh, 0Eh, 0Fh, 7Eh, 7Fh
seg000:A6EC                 db 80h, 81h, 10h, 11h, 12h, 13h, 14h, 15h, 16h, 17h, 82h, 83h
seg000:A6F8                 db 84h, 85h, 18h, 19h, 1Ah, 1Bh, 1Ch, 1Dh, 1Eh, 1Fh, 86h, 87h
seg000:A704                 db 88h, 89h, 20h, 21h, 22h, 23h, 24h, 25h, 26h, 27h, 8Ah, 8Bh
seg000:A710                 db 8Ch, 8Dh, 8Eh, 8Fh, 90h, 91h, 92h, 93h, 94h, 95h, 96h, 97h
seg000:A71C                 db 98h, 99h, 9Ah, 9Bh, 9Ch, 9Dh, 9Eh, 9Fh, 0A0h, 0A1h, 0A2h, 0A3h
seg000:A728
seg000:A728 ; =============== S U B R O U T I N E =======================================
seg000:A728
seg000:A728
seg000:A728 sub_A728        proc near
seg000:A728                 test    byte_AD21, 0FFh
seg000:A72D                 jnz     short loc_A730
seg000:A72F                 retn
seg000:A730 ; ---------------------------------------------------------------------------
seg000:A730
seg000:A730 loc_A730:                               ;
seg000:A730                 cmp     word ptr ds:0FF50h, 30 ; tick_counter
seg000:A735                 jnb     short loc_A738
seg000:A737                 retn
seg000:A738 ; ---------------------------------------------------------------------------
seg000:A738
seg000:A738 loc_A738:                               ;
seg000:A738                 mov     word ptr ds:0FF50h, 0 ; tick_counter
seg000:A73E                 inc     byte ptr unk_AD22
seg000:A742                 mov     al, byte ptr unk_AD22
seg000:A745                 and     al, 1
seg000:A747                 mov     cl, 40
seg000:A749                 mul     cl
seg000:A74B                 mov     si, ax
seg000:A74D                 add     si, word_AD1F
seg000:A751
seg000:A751 loc_A751:
seg000:A751                 mov     bx, 91Fh
seg000:A754                 mov     cx, 5
seg000:A757
seg000:A757 loc_A757:
seg000:A757                 push    cx
seg000:A758                 mov     cx, 8
seg000:A75B
seg000:A75B loc_A75B:
seg000:A75B                 push    cx
seg000:A75C                 push    bx
seg000:A75D                 lodsb
seg000:A75E                 call    word ptr cs:3016h ; draw_tile_to_screen_proc
seg000:A763                 pop     bx
seg000:A764                 inc     bh
seg000:A766                 pop     cx
seg000:A767                 loop    loc_A75B
seg000:A769                 sub     bh, 8
seg000:A76C                 add     bl, 8
seg000:A76F                 pop     cx
seg000:A770                 loop    loc_A757
seg000:A772                 retn
seg000:A772 sub_A728        endp
seg000:A772
seg000:A772 ; ---------------------------------------------------------------------------
seg000:A773 byte_A773       db 0, 1, 2, 3, 4, 5, 6, 7
seg000:A77B                 db 8, 9, 0Ah, 0Bh, 0Ch, 0Dh, 0Eh, 0Fh
seg000:A783                 db 10h, 11h, 12h, 13h, 14h, 15h, 16h, 17h
seg000:A78B                 db 18h, 19h, 1Ah, 1Bh, 1Ch, 1Dh, 1Eh, 1Fh
seg000:A793                 db 20h, 21h, 22h, 23h, 24h, 25h, 26h, 27h
seg000:A79B                 db 0, 1, 2, 3, 4, 5, 6, 7
seg000:A7A3                 db 8, 9, 0Ah, 0Bh, 0Ch, 0Dh, 0Eh, 0Fh
seg000:A7AB                 db 28h, 29h, 12h, 13h, 14h, 15h, 16h, 17h
seg000:A7B3                 db 2Ah, 2Bh, 2Ch, 1Bh, 1Ch, 1Dh, 1Eh, 1Fh
seg000:A7BB                 db 20h, 2Dh, 2Eh, 23h, 24h, 25h, 26h, 27h
seg000:A7C3 byte_A7C3       db 0, 1, 2, 3, 4, 5, 6, 7
seg000:A7CB                 db 8, 9, 41h, 42h, 43h, 44h, 45h, 0Fh
seg000:A7D3                 db 10h, 11h, 46h, 4Dh, 4Eh, 49h, 4Ah, 39h
seg000:A7DB                 db 18h, 19h, 1Ah, 4Fh, 50h, 51h, 4Ch, 3Dh
seg000:A7E3                 db 20h, 21h, 22h, 52h, 53h, 3Eh, 3Fh, 40h
seg000:A7EB                 db 0, 1, 54h, 55h, 56h, 5, 6, 7
seg000:A7F3                 db 8, 9, 57h, 58h, 59h, 5Ah, 5Bh, 0Fh
seg000:A7FB                 db 10h, 5Ch, 5Dh, 5Eh, 5Fh, 60h, 61h, 17h
seg000:A803                 db 18h, 19h, 62h, 63h, 64h, 65h, 66h, 67h
seg000:A80B                 db 20h, 21h, 22h, 68h, 69h, 3Eh, 6Ah, 6Bh
seg000:A813
seg000:A813 ; =============== S U B R O U T I N E =======================================
seg000:A813
seg000:A813
seg000:A813 sub_A813        proc near
seg000:A813                 mov     byte ptr ds:0FF1Ah, 0 ; frame_timer
seg000:A818                 lodsw
seg000:A819                 cmp     ax, 0FFFFh
seg000:A81C                 jnz     short loc_A81F
seg000:A81E                 retn
seg000:A81F ; ---------------------------------------------------------------------------
seg000:A81F
seg000:A81F loc_A81F:
seg000:A81F                 push    si
seg000:A820                 mov     si, ax
seg000:A822                 call    loc_A751
seg000:A825
seg000:A825 loc_A825:                               ;
seg000:A825                 cmp     byte ptr ds:0FF1Ah, 40 ; frame_timer
seg000:A82A                 jb      short loc_A825
seg000:A82C                 pop     si
seg000:A82D                 jmp     short sub_A813
seg000:A82D sub_A813        endp
seg000:A82D
seg000:A82D ; ---------------------------------------------------------------------------
seg000:A82F off_A82F        dw offset byte_A843
seg000:A831                 dw offset byte_A86B
seg000:A833                 dw offset byte_A893
seg000:A835                 dw offset byte_A8BB
seg000:A837                 dw 0FFFFh
seg000:A839 off_A839        dw offset byte_A8BB
seg000:A83B                 dw offset byte_A893
seg000:A83D                 dw offset byte_A86B
seg000:A83F                 dw offset byte_A843
seg000:A841                 dw 0FFFFh
seg000:A843 byte_A843       db 0, 1, 2, 3, 4, 5, 6, 7
seg000:A84B                 db 8, 9, 0Ah, 0Bh, 0Ch, 0Dh, 0Eh, 0Fh
seg000:A853                 db 10h, 11h, 12h, 13h, 14h, 15h, 16h, 17h
seg000:A85B                 db 18h, 19h, 1Ah, 2Fh, 30h, 1Dh, 1Eh, 1Fh
seg000:A863                 db 20h, 21h, 22h, 23h, 24h, 25h, 26h, 27h
seg000:A86B byte_A86B       db 0, 1, 2, 3, 4, 5, 6, 7
seg000:A873                 db 8, 9, 0Ah, 0Bh, 0Ch, 0Dh, 0Eh, 0Fh
seg000:A87B                 db 10h, 11h, 12h, 13h, 14h, 15h, 16h, 17h
seg000:A883                 db 18h, 19h, 1Ah, 2Fh, 30h, 1Dh, 1Eh, 1Fh
seg000:A88B                 db 20h, 21h, 22h, 23h, 31h, 32h, 33h, 27h
seg000:A893 byte_A893       db 0, 1, 2, 3, 4, 5, 6, 7
seg000:A89B                 db 8, 9, 0Ah, 0Bh, 34h, 35h, 0Eh, 0Fh
seg000:A8A3                 db 10h, 11h, 12h, 13h, 36h, 37h, 38h, 39h
seg000:A8AB                 db 18h, 19h, 1Ah, 2Fh, 3Ah, 3Bh, 3Ch, 3Dh
seg000:A8B3                 db 20h, 21h, 22h, 23h, 24h, 3Eh, 3Fh, 40h
seg000:A8BB byte_A8BB       db 0, 1, 2, 3, 4, 5, 6, 7
seg000:A8C3                 db 8, 9, 41h, 42h, 43h, 44h, 45h, 0Fh
seg000:A8CB                 db 10h, 11h, 46h, 47h, 48h, 49h, 4Ah, 39h
seg000:A8D3                 db 18h, 19h, 1Ah, 2Fh, 30h, 4Bh, 4Ch, 3Dh
seg000:A8DB                 db 20h, 21h, 22h, 23h, 24h, 3Eh, 3Fh, 40h
seg000:A8E3 vfs_bank_grp    db 1
seg000:A8E4                 db 16h
seg000:A8E5 aBankGrp        db 'BANK.GRP',0
seg000:A8EE byte_A8EE       db 18h
seg000:A8EF                 db 0AFh
seg000:A8F0                 db 2
seg000:A8F1 aTheBank        db 8,'The Bank'
seg000:A8FA almas_exchange_rates_by_town dw 601h, 601h, 801h, 401h, 201h, 401h, 204h, 601h
seg000:A90A                 dw 801h
seg000:A90C aGoOutside      db 'Go outside',0
seg000:A917 aExchangeAlmas  db 'Exchange almas',0
seg000:A926 aDepositMoney   db 'Deposit money',0
seg000:A934 aWithdrawMoney  db 'Withdraw money',0
seg000:A943 aCheckBalance   db 'Check balance',0
seg000:A951 aGoldCarried    db 'GOLD CARRIED',0
seg000:A95E                 db    0
seg000:A95F                 db    0
seg000:A960 aDepositAmt     db ' DEPOSIT AMT',0
seg000:A96D aGoldInBank     db 'GOLD IN BANK',0
seg000:A97A                 db    0
seg000:A97B                 db    0
seg000:A97C aWithdrawAmt    db 'WITHDRAW AMT',0
seg000:A989 unk_A989        db  0Ch
seg000:A98A                 db 0FFh
seg000:A98B unk_A98B        db  2Eh ; .
seg000:A98C                 db 0FFh
seg000:A98D aOhExcuseMe     db 'Oh, excuse me. '
seg000:A99C                 db 0FFh
seg000:A99D                 db    0
seg000:A99E aCanIHelpYou    db 'Can I help you?/'
seg000:A9AE                 db 0FFh
seg000:A9AF                 db    1
seg000:A9B0                 db 0FFh
seg000:A9B1                 db 0FFh
seg000:A9B2 unk_A9B2        db  0Ch
seg000:A9B3 aSirYouArenTCar db 'Sir, you aren\t carrying any almas. '
seg000:A9D7                 db 0FFh
seg000:A9D8                 db    1
seg000:A9D9 unk_A9D9        db  0Ch
seg000:A9DA aOurExchangeRat db 'Our exchange rate is '
seg000:A9EF                 db 0FFh
seg000:A9F0                 db    0
seg000:A9F1 aAlmasTo        db '&almas to '
seg000:A9FB                 db 0FFh
seg000:A9FC                 db    0
seg000:A9FD aGoldsWillThatB db '&golds./Will that be all right?'
seg000:AA1C                 db 0FFh
seg000:AA1D unk_AA1D        db  0Ch
seg000:AA1E aIMSorryYouDoNo db 'I\m sorry, you do not have enough almas.'
seg000:AA46                 db 0FFh
seg000:AA47                 db    1
seg000:AA48 unk_AA48        db  0Ch
seg000:AA49 aIDonTUnderstan db 'I don\t understand. Please state your business clearly.'
seg000:AA80                 db 0FFh
seg000:AA81                 db    1
seg000:AA82 unk_AA82        db  0Ch
seg000:AA83 aWillThereBeAny db 'Will there be anything else?'
seg000:AA9F                 db 0FFh
seg000:AAA0                 db    1
seg000:AAA1 unk_AAA1        db  0Ch
seg000:AAA2 aYouArenTCarryi db 'You aren\t carrying any gold, are you?'
seg000:AAC8                 db 0FFh
seg000:AAC9                 db    1
seg000:AACA unk_AACA        db  0Ch
seg000:AACB aHowMuchGoldWou db 'How much gold would you like to deposit?'
seg000:AAF3                 db 0FFh
seg000:AAF4 unk_AAF4        db  0Dh
seg000:AAF5 aYourBalanceIs  db 'Your balance is '
seg000:AB05                 db 0FFh
seg000:AB06                 db    0
seg000:AB07 aGolds_0        db '&golds.'
seg000:AB0E                 db 0FFh
seg000:AB0F                 db    1
seg000:AB10 unk_AB10        db  0Ch
seg000:AB11 aThankYouPlease db 'Thank you. Please come again.'
seg000:AB2E                 db 0FFh
seg000:AB2F                 db    3
seg000:AB30                 db 0FFh
seg000:AB31                 db    1
seg000:AB32 unk_AB32        db  0Ch
seg000:AB33 aIMAfraidWeHave db 'I\m afraid we have a problem here. You don\t have any gold in you'
seg000:AB74                 db 'r account.'
seg000:AB7E                 db 0FFh
seg000:AB7F                 db    1
seg000:AB80 unk_AB80        db  0Ch
seg000:AB81 aHowMuchDoYouWi db 'How much do you wish to withdraw?/'
seg000:ABA3                 db 0FFh
seg000:ABA4 aHereYouAreSir  db 'Here you are, sir. '
seg000:ABB7                 db 0FFh
seg000:ABB8                 db    0
seg000:ABB9 aGolds          db '&golds.'
seg000:ABC0                 db 0FFh
seg000:ABC1 aHereYouAreSirO db 'Here you are, sir. One gold.'
seg000:ABDD                 db 0FFh
seg000:ABDE unk_ABDE        db  0Dh
seg000:ABDF aYourAccountIsE_0 db 'Your account is empty.'
seg000:ABF5                 db 0FFh
seg000:ABF6                 db    1
seg000:ABF7 unk_ABF7        db  0Ch
seg000:ABF8 aYourAccountIsE db 'Your account is empty.'
seg000:AC0E                 db 0FFh
seg000:AC0F                 db    1
seg000:AC10 unk_AC10        db  0Ch
seg000:AC11 aYouHave        db 'You have '
seg000:AC1A                 db 0FFh
seg000:AC1B                 db    0
seg000:AC1C aGoldsInYourAcc db '&golds in your account.'
seg000:AC33                 db 0FFh
seg000:AC34                 db    1
seg000:AC35 unk_AC35        db  0Ch
seg000:AC36 aYouHaveOneGold db 'You have one gold in your account.'
seg000:AC58                 db 0FFh
seg000:AC59                 db    1
seg000:AC5A unk_AC5A        db  0Ch
seg000:AC5B aUnlessYouHaveB db 'Unless you have business, don\t come in here. I\m a busy man.'
seg000:AC98                 db 0FFh
seg000:AC99                 db    2
seg000:AC9A                 db  11h
seg000:AC9B                 db 0FFh
seg000:AC9C                 db 0FFh
seg000:AC9D unk_AC9D        db  0Ch
seg000:AC9E aNextTimePlease db 'Next time please deposit a large sum in savings. '
seg000:ACCF                 db 0FFh
seg000:ACD0                 db    2
seg000:ACD1                 db  11h
seg000:ACD2                 db 0FFh
seg000:ACD3                 db 0FFh
seg000:ACD4 unk_ACD4        db  0Ch
seg000:ACD5 aThankYouComeAg db 'Thank you. Come again to make a deposit for a large sum in saving'
seg000:AD16                 db 's. '
seg000:AD19                 db 0FFh
seg000:AD1A                 db    2
seg000:AD1B                 db  11h
seg000:AD1C                 db 0FFh
seg000:AD1D                 db 0FFh
seg000:AD1E byte_AD1E       db 0
seg000:AD1F word_AD1F       dw 0
seg000:AD21 byte_AD21       db 0
seg000:AD22 unk_AD22        db    0
seg000:AD23 byte_AD23       db 0
seg000:AD24 byte_AD24       db 0
seg000:AD25 byte_AD25       db 0
seg000:AD26 byte_AD26       db 0
seg000:AD27 byte_AD27       db 30h
seg000:AD28                 db 0FFh
seg000:AD29 byte_AD29       db 0
seg000:AD2A word_AD2A       dw 0
seg000:AD2C byte_AD2C       db 0
seg000:AD2D word_AD2D       dw 0
seg000:AD2F unk_AD2F        db    0
seg000:AD30 unk_AD30        db    0
seg000:AD31                 db    0
seg000:AD32                 db    0
seg000:AD33                 db    0
seg000:AD34                 db    0
seg000:AD35                 db    0
seg000:AD36                 db    0
seg000:AD37                 db    0
seg000:AD37 seg000          ends
seg000:AD37
seg000:AD37
seg000:AD37                 end
