seg000:A000 ;
seg000:A000 ; +-------------------------------------------------------------------------+
seg000:A000 ; |      This file was generated by The Interactive Disassembler (IDA)      |
seg000:A000 ; |           Copyright (c) 2026 Hex-Rays, <support@hex-rays.com>           |
seg000:A000 ; |                      License info: 48-2137-ACAB-69                      |
seg000:A000 ; |                             hi@hex-rays.com                             |
seg000:A000 ; +-------------------------------------------------------------------------+
seg000:A000 ;
seg000:A000 ; Input SHA256 : 22F4162323A99BB1F0802B2A440B9159A1090D18972FC656CE1A2D2DEED1A451
seg000:A000 ; Input MD5    : 8E57577B42E30A7827CADE7D002B5502
seg000:A000 ; Input CRC32  : 929EE0AF
seg000:A000
seg000:A000 ; File Name   : /home/brox/Projects/zeliard/WORK/churpro.bin
seg000:A000 ; Format      : Binary file
seg000:A000 ; Base Address: 0000h Range: 0000h - 03E6h Loaded length: 03E6h
seg000:A000
seg000:A000                 .286
seg000:A000                 .model small
seg000:A000
seg000:A000 ; ===========================================================================
seg000:A000
seg000:A000 ; Segment type: Pure code
seg000:A000 seg000          segment byte public 'CODE'
seg000:A000                 assume cs:seg000
seg000:A000                 ;org 0A000h
seg000:A000                 assume es:nothing, ss:nothing, ds:seg000
seg000:A000                 dw offset sub_A004
seg000:A002                 dw offset sub_A1D7
seg000:A004
seg000:A004 ; =============== S U B R O U T I N E =======================================
seg000:A004
seg000:A004
seg000:A004 sub_A004        proc near
seg000:A004                 mov     es, word ptr ds:0FF2Ch ; seg1
seg000:A008                 mov     di, 8000h
seg000:A00B                 mov     si, offset vfs_church_grp
seg000:A00E                 mov     al, 2
seg000:A010                 call    word ptr cs:10Ch ; res_dispatcher_proc
seg000:A015                 push    ds
seg000:A016                 mov     ds, word ptr cs:0FF2Ch ; seg1
seg000:A01B                 mov     si, 8000h
seg000:A01E                 mov     cx, 100h
seg000:A021                 call    word ptr cs:2044h ; Reassemble_3_Planes_To_Packed_Bitmap_proc
seg000:A026                 pop     ds
seg000:A027                 mov     byte ptr ds:0FF4Eh, 0 ; dialog_cursor_x
seg000:A02C                 mov     byte ptr ds:0FF4Fh, 0 ; dialog_scroll_counter
seg000:A031                 call    word ptr cs:2002h ; Clear_Viewport_proc
seg000:A036                 call    word ptr cs:2012h ; Clear_Place_Enemy_Bar_proc
seg000:A03B                 mov     si, offset unk_A2A6
seg000:A03E                 call    word ptr cs:2010h ; Render_Pascal_String_1_proc
seg000:A043                 call    sub_A152
seg000:A046                 mov     bx, 0D60h
seg000:A049                 mov     cx, 3637h
seg000:A04C                 mov     al, 0FFh
seg000:A04E                 call    word ptr cs:2000h ; Draw_Bordered_Rectangle_proc
seg000:A053                 call    sub_A288
seg000:A056                 mov     ds:0FF4Ch, si   ; dialog_string_ptr
seg000:A05A
seg000:A05A loc_A05A:                               ;
seg000:A05A                 call    word ptr cs:6004h ; render_menu_dialog_proc
seg000:A05F                 cmp     al, 0FFh
seg000:A061                 jz      short loc_A068
seg000:A063                 call    sub_A06D
seg000:A066                 jmp     short loc_A05A
seg000:A068 ; ---------------------------------------------------------------------------
seg000:A068
seg000:A068 loc_A068:                               ;
seg000:A068                 jmp     word ptr cs:2040h ; Fade_To_Black_Dithered_proc
seg000:A068 sub_A004        endp
seg000:A068
seg000:A06D
seg000:A06D ; =============== S U B R O U T I N E =======================================
seg000:A06D
seg000:A06D
seg000:A06D sub_A06D        proc near
seg000:A06D
seg000:A06D ; FUNCTION CHUNK AT seg000:A082 SIZE 00000007 BYTES
seg000:A06D ; FUNCTION CHUNK AT seg000:A099 SIZE 0000009B BYTES
seg000:A06D
seg000:A06D                 mov     bl, al
seg000:A06F                 xor     bh, bh
seg000:A071                 add     bx, bx          ; switch 5 cases
seg000:A073                 jmp     cs:jpt_A073[bx] ; switch jump
seg000:A073 sub_A06D        endp
seg000:A073
seg000:A073 ; ---------------------------------------------------------------------------
seg000:A078 jpt_A073        dw offset loc_A0E5      ; jump table for switch statement
seg000:A07A                 dw offset loc_A082
seg000:A07C                 dw offset sub_A089
seg000:A07E                 dw offset loc_A099
seg000:A080                 dw offset loc_A0CB
seg000:A082 ; ---------------------------------------------------------------------------
seg000:A082 ; START OF FUNCTION CHUNK FOR sub_A06D
seg000:A082
seg000:A082 loc_A082:                               ;
seg000:A082                 mov     word ptr ds:0FF4Ch, offset aBraveKnightYou ; dialog_string_ptr
seg000:A088                 retn
seg000:A088 ; END OF FUNCTION CHUNK FOR sub_A06D
seg000:A089
seg000:A089 ; =============== S U B R O U T I N E =======================================
seg000:A089
seg000:A089
seg000:A089 sub_A089        proc near
seg000:A089                 mov     byte ptr ds:0FF1Ah, 0 ; frame_timer
seg000:A08E
seg000:A08E loc_A08E:
seg000:A08E                 call    sub_A1D7
seg000:A091                 cmp     byte ptr ds:0FF1Ah, 250 ; frame_timer
seg000:A096                 jb      short loc_A08E
seg000:A098                 retn
seg000:A098 sub_A089        endp
seg000:A098
seg000:A099 ; ---------------------------------------------------------------------------
seg000:A099 ; START OF FUNCTION CHUNK FOR sub_A06D
seg000:A099
seg000:A099 loc_A099:                               ;
seg000:A099                 mov     ax, ds:90h      ; hero_HP
seg000:A09C                 add     ax, 8
seg000:A09F                 cmp     ax, ds:0B2h     ; heroMaxHp
seg000:A0A3                 jnb     short loc_A0BE
seg000:A0A5                 mov     ds:90h, ax      ; hero_HP
seg000:A0A8                 call    word ptr cs:2008h ; Draw_Hero_Health_proc
seg000:A0AD                 mov     byte ptr ds:0FF1Ah, 0 ; frame_timer
seg000:A0B2
seg000:A0B2 loc_A0B2:
seg000:A0B2                 call    sub_A1D7
seg000:A0B5                 cmp     byte ptr ds:0FF1Ah, 20 ; frame_timer
seg000:A0BA                 jb      short loc_A0B2
seg000:A0BC                 jmp     short loc_A099  ; jumptable 0000A073 case 3
seg000:A0BE ; ---------------------------------------------------------------------------
seg000:A0BE
seg000:A0BE loc_A0BE:                               ;
seg000:A0BE                 mov     ax, ds:0B2h     ; heroMaxHp
seg000:A0C1                 mov     ds:90h, ax      ; hero_HP
seg000:A0C4                 call    word ptr cs:2008h ; Draw_Hero_Health_proc
seg000:A0C9                 jmp     short $+2       ; jumptable 0000A073 case 4
seg000:A0CB ; ---------------------------------------------------------------------------
seg000:A0CB
seg000:A0CB loc_A0CB:                               ; jumptable 0000A073 case 4
seg000:A0CB                 push    cs
seg000:A0CC                 pop     es
seg000:A0CD                 assume es:nothing
seg000:A0CD                 mov     si, 0B4h        ; espada_count
seg000:A0D0                 mov     di, 0ABh        ; spells_espada
seg000:A0D3                 mov     cx, 7
seg000:A0D6                 rep movsb
seg000:A0D8                 test    byte ptr ds:9Dh, 0FFh ; current_magic_spell
seg000:A0DD                 jz      short locret_A0E4
seg000:A0DF                 call    word ptr cs:2018h ; Print_Magic_Left_Decimal_proc
seg000:A0E4
seg000:A0E4 locret_A0E4:
seg000:A0E4                 retn
seg000:A0E5 ; ---------------------------------------------------------------------------
seg000:A0E5
seg000:A0E5 loc_A0E5:                               ; jumptable 0000A073 case 0
seg000:A0E5                 mov     byte_A3E4, 0
seg000:A0EA
seg000:A0EA loc_A0EA:                               ;
seg000:A0EA                 mov     byte ptr ds:0FF1Ah, 0 ; frame_timer
seg000:A0EF                 cmp     byte_A3E4, 5
seg000:A0F4                 jb      short loc_A0F7
seg000:A0F6                 retn
seg000:A0F7 ; ---------------------------------------------------------------------------
seg000:A0F7
seg000:A0F7 loc_A0F7:
seg000:A0F7                 mov     al, byte_A3E4
seg000:A0FA                 mov     cl, 6
seg000:A0FC                 mul     cl
seg000:A0FE                 add     ax, offset byte_A134
seg000:A101                 mov     si, ax
seg000:A103                 mov     bx, 163Fh
seg000:A106                 mov     cx, 3
seg000:A109
seg000:A109 loc_A109:
seg000:A109                 push    cx
seg000:A10A                 mov     cx, 2
seg000:A10D
seg000:A10D loc_A10D:
seg000:A10D                 push    cx
seg000:A10E                 push    bx
seg000:A10F                 lodsb
seg000:A110                 call    word ptr cs:3016h ; draw_tile_to_screen_proc
seg000:A115                 pop     bx
seg000:A116                 inc     bh
seg000:A118                 pop     cx
seg000:A119                 loop    loc_A10D
seg000:A11B                 sub     bh, 2
seg000:A11E                 add     bl, 8
seg000:A121                 pop     cx
seg000:A122                 loop    loc_A109
seg000:A124
seg000:A124 loc_A124:
seg000:A124                 call    sub_A1D7
seg000:A127                 cmp     byte ptr ds:0FF1Ah, 32 ; frame_timer
seg000:A12C                 jb      short loc_A124
seg000:A12E                 inc     byte_A3E4
seg000:A132                 jmp     short loc_A0EA
seg000:A132 ; END OF FUNCTION CHUNK FOR sub_A06D
seg000:A132 ; ---------------------------------------------------------------------------
seg000:A134 byte_A134       db 41h, 42h, 4Dh, 4Eh, 57h, 58h
seg000:A13A                 db 41h, 42h, 6Bh, 6Ch, 6Dh, 6Eh
seg000:A140                 db 41h, 42h, 6Fh, 70h, 71h, 72h
seg000:A146                 db 73h, 42h, 74h, 75h, 76h, 77h
seg000:A14C                 db 78h, 79h, 7Ah, 7Bh, 7Ch, 77h
seg000:A152
seg000:A152 ; =============== S U B R O U T I N E =======================================
seg000:A152
seg000:A152
seg000:A152 sub_A152        proc near
seg000:A152                 mov     si, offset byte_A177
seg000:A155                 mov     bx, 0E17h
seg000:A158                 mov     cx, 8
seg000:A15B
seg000:A15B loc_A15B:
seg000:A15B                 push    cx
seg000:A15C                 mov     cx, 12
seg000:A15F
seg000:A15F loc_A15F:
seg000:A15F                 push    cx
seg000:A160                 push    bx
seg000:A161                 lodsb
seg000:A162                 call    word ptr cs:3016h ; draw_tile_to_screen_proc
seg000:A167                 pop     bx
seg000:A168                 inc     bh
seg000:A16A                 pop     cx
seg000:A16B                 loop    loc_A15F
seg000:A16D                 sub     bh, 0Ch
seg000:A170                 add     bl, 8
seg000:A173                 pop     cx
seg000:A174                 loop    loc_A15B
seg000:A176                 retn
seg000:A176 sub_A152        endp
seg000:A176
seg000:A176 ; ---------------------------------------------------------------------------
seg000:A177 byte_A177       db 0, 1, 2, 3, 4, 5, 6, 7, 8, 9, 0Ah, 0Bh
seg000:A183                 db 0Ch, 0Dh, 0Eh, 0Fh, 10h, 11h, 12h, 10h, 13h, 14h, 15h, 16h
seg000:A18F                 db 17h, 18h, 19h, 1Ah, 1Bh, 1Ch, 1Dh, 1Eh, 1Fh, 20h, 21h, 22h
seg000:A19B                 db 23h, 24h, 25h, 26h, 26h, 27h, 28h, 26h, 29h, 2Ah, 2Bh, 2Ch
seg000:A1A7                 db 2Dh, 2Eh, 2Fh, 30h, 31h, 32h, 33h, 34h, 35h, 36h, 37h, 38h
seg000:A1B3                 db 39h, 3Ah, 3Bh, 3Ch, 3Dh, 3Eh, 3Fh, 40h, 41h, 42h, 43h, 44h
seg000:A1BF                 db 45h, 46h, 47h, 48h, 49h, 4Ah, 4Bh, 4Ch, 4Dh, 4Eh, 4Fh, 50h
seg000:A1CB                 db 51h, 52h, 53h, 54h, 53h, 55h, 56h, 53h, 57h, 58h, 59h, 5Ah
seg000:A1D7
seg000:A1D7 ; =============== S U B R O U T I N E =======================================
seg000:A1D7
seg000:A1D7
seg000:A1D7 sub_A1D7        proc near
seg000:A1D7
seg000:A1D7 ; FUNCTION CHUNK AT seg000:A246 SIZE 00000036 BYTES
seg000:A1D7
seg000:A1D7                 cmp     word ptr ds:0FF50h, 32 ; tick_counter
seg000:A1DC                 jnb     short loc_A1DF
seg000:A1DE                 retn
seg000:A1DF ; ---------------------------------------------------------------------------
seg000:A1DF
seg000:A1DF loc_A1DF:                               ;
seg000:A1DF                 mov     word ptr ds:0FF50h, 0 ; tick_counter
seg000:A1E5                 inc     byte_A3E5
seg000:A1E9                 cmp     byte_A3E5, 3
seg000:A1EE                 jnz     short loc_A1F5
seg000:A1F0                 mov     byte_A3E5, 0
seg000:A1F5
seg000:A1F5 loc_A1F5:
seg000:A1F5                 call    sub_A1FA
seg000:A1F8                 jmp     short loc_A246
seg000:A1F8 sub_A1D7        endp
seg000:A1F8
seg000:A1FA
seg000:A1FA ; =============== S U B R O U T I N E =======================================
seg000:A1FA
seg000:A1FA
seg000:A1FA sub_A1FA        proc near
seg000:A1FA                 mov     bl, byte_A3E5
seg000:A1FE                 xor     bh, bh
seg000:A200                 add     bx, bx
seg000:A202                 mov     ax, bx
seg000:A204                 add     bx, bx
seg000:A206                 add     bx, ax
seg000:A208                 mov     si, bx
seg000:A20A                 add     si, offset byte_A234
seg000:A20E                 mov     bx, 1037h
seg000:A211                 mov     cx, 2
seg000:A214
seg000:A214 loc_A214:
seg000:A214                 push    cx
seg000:A215                 mov     cx, 3
seg000:A218
seg000:A218 loc_A218:
seg000:A218                 push    cx
seg000:A219                 push    bx
seg000:A21A                 lodsb
seg000:A21B                 cmp     al, 0FFh
seg000:A21D                 jz      short loc_A224
seg000:A21F                 call    word ptr cs:3016h ; draw_tile_to_screen_proc
seg000:A224
seg000:A224 loc_A224:
seg000:A224                 pop     bx
seg000:A225                 inc     bh
seg000:A227                 pop     cx
seg000:A228                 loop    loc_A218
seg000:A22A                 sub     bh, 3
seg000:A22D                 add     bl, 8
seg000:A230                 pop     cx
seg000:A231                 loop    loc_A214
seg000:A233                 retn
seg000:A233 sub_A1FA        endp
seg000:A233
seg000:A233 ; ---------------------------------------------------------------------------
seg000:A234 byte_A234       db 0FFh, 30h, 31h, 3Bh, 3Ch, 3Dh
seg000:A23A                 db 0FFh, 5Bh, 5Ch, 5Dh, 5Eh, 5Fh
seg000:A240                 db 0FFh, 60h, 61h, 62h, 63h, 64h
seg000:A246 ; ---------------------------------------------------------------------------
seg000:A246 ; START OF FUNCTION CHUNK FOR sub_A1D7
seg000:A246
seg000:A246 loc_A246:
seg000:A246                 mov     bl, byte_A3E5
seg000:A24A                 xor     bh, bh
seg000:A24C                 add     bx, bx
seg000:A24E                 add     bx, bx
seg000:A250                 mov     si, bx
seg000:A252                 add     si, offset byte_A27C
seg000:A256                 mov     bx, 1537h
seg000:A259                 mov     cx, 2
seg000:A25C
seg000:A25C loc_A25C:
seg000:A25C                 push    cx
seg000:A25D                 mov     cx, 2
seg000:A260
seg000:A260 loc_A260:
seg000:A260                 push    cx
seg000:A261                 push    bx
seg000:A262                 lodsb
seg000:A263                 cmp     al, 0FFh
seg000:A265                 jz      short loc_A26C
seg000:A267                 call    word ptr cs:3016h ; draw_tile_to_screen_proc
seg000:A26C
seg000:A26C loc_A26C:
seg000:A26C                 pop     bx
seg000:A26D                 inc     bh
seg000:A26F                 pop     cx
seg000:A270                 loop    loc_A260
seg000:A272                 sub     bh, 2
seg000:A275                 add     bl, 8
seg000:A278                 pop     cx
seg000:A279                 loop    loc_A25C
seg000:A27B                 retn
seg000:A27B ; END OF FUNCTION CHUNK FOR sub_A1D7
seg000:A27B ; ---------------------------------------------------------------------------
seg000:A27C byte_A27C       db 34h, 35h, 40h, 0FFh
seg000:A280                 db 65h, 66h, 67h, 0FFh
seg000:A284                 db 68h, 69h, 6Ah, 0FFh
seg000:A288
seg000:A288 ; =============== S U B R O U T I N E =======================================
seg000:A288
seg000:A288
seg000:A288 sub_A288        proc near
seg000:A288                 mov     ax, ds:90h      ; hero_HP
seg000:A28B                 cmp     ax, ds:0B2h     ; heroMaxHp
seg000:A28F                 mov     si, offset unk_A2B4
seg000:A292                 jnz     short loc_A295
seg000:A294                 retn
seg000:A295 ; ---------------------------------------------------------------------------
seg000:A295
seg000:A295 loc_A295:
seg000:A295                 mov     si, offset unk_A2F2
seg000:A298                 retn
seg000:A298 sub_A288        endp
seg000:A298
seg000:A298 ; ---------------------------------------------------------------------------
seg000:A299 vfs_church_grp  db    1
seg000:A29A                 db  17h
seg000:A29B aChurchGrp      db 'CHURCH.GRP',0
seg000:A2A6 unk_A2A6        db  17h
seg000:A2A7                 db 0AFh
seg000:A2A8                 db    2
seg000:A2A9 aTheChurch      db 10,'The Church'
seg000:A2B4 unk_A2B4        db  0Ch
seg000:A2B5 aBraveKnightWhe db 'Brave Knight, whenever you\re tired come to this church./'
seg000:A2EE                 db 0FFh
seg000:A2EF                 db    4
seg000:A2F0                 db 0FFh
seg000:A2F1                 db    1
seg000:A2F2 unk_A2F2        db  0Ch
seg000:A2F3 aBraveKnightWhe_0 db 'Brave Knight, whenever you\re weary, come here to rest. '
seg000:A32B                 db 0FFh
seg000:A32C                 db    2
seg000:A32D                 db 0FFh
seg000:A32E                 db    2
seg000:A32F aTheHolySpiritW db 'The Holy Spirit will help you to regain your strength.'
seg000:A365                 db 0FFh
seg000:A366                 db    3
seg000:A367                 db  0Dh
seg000:A368                 db 0FFh
seg000:A369                 db    1
seg000:A36A aBraveKnightYou db 'Brave Knight, you look fatigued from battle. Why not rest awhile '
seg000:A3AB                 db 'and let the Spirit heal you. '
seg000:A3C8                 db 0FFh
seg000:A3C9                 db    2
seg000:A3CA                 db  2Fh ; /
seg000:A3CB aMayGodGoWithYo db 'May God go with you.'
seg000:A3DF                 db 0FFh
seg000:A3E0                 db    0
seg000:A3E1                 db  11h
seg000:A3E2                 db 0FFh
seg000:A3E3                 db 0FFh
seg000:A3E4 byte_A3E4       db 0
seg000:A3E5 byte_A3E5       db 0
seg000:A3E5 seg000          ends
seg000:A3E5
seg000:A3E5
seg000:A3E5                 end
