seg000:A000 ;
seg000:A000 ; +-------------------------------------------------------------------------+
seg000:A000 ; |      This file was generated by The Interactive Disassembler (IDA)      |
seg000:A000 ; |           Copyright (c) 2026 Hex-Rays, <support@hex-rays.com>           |
seg000:A000 ; |                      License info: 48-2137-ACAB-69                      |
seg000:A000 ; |                             hi@hex-rays.com                             |
seg000:A000 ; +-------------------------------------------------------------------------+
seg000:A000 ;
seg000:A000 ; Input SHA256 : 3FDF3EAAC3D62072B27171F0E0A082A929CC74096AAAABFA49BC91C7A5A4AAF0
seg000:A000 ; Input MD5    : FED54114110CD3C1E3291FAAF0B68D11
seg000:A000 ; Input CRC32  : 2F89A098
seg000:A000
seg000:A000 ; File Name   : /home/brox/Projects/zeliard/WORK/crab.bin
seg000:A000 ; Format      : Binary file
seg000:A000 ; Base Address: 0000h Range: 0000h - 07EEh Loaded length: 07EEh
seg000:A000
seg000:A000                 .686p
seg000:A000                 .mmx
seg000:A000                 .model small
seg000:A000
seg000:A000 ; ===========================================================================
seg000:A000
seg000:A000 ; Segment type: Pure code
seg000:A000 seg000          segment byte public 'CODE' use16
seg000:A000                 assume cs:seg000
seg000:A000                 ;org 0A000h
seg000:A000                 assume es:nothing, ss:nothing, ds:seg000, fs:nothing, gs:nothing
seg000:A000                 dw offset Cangrejo_AI_proc
seg000:A002                 dw offset boss_x        ; boss_state_block_ptr
seg000:A004                 db    0
seg000:A005                 db    0
seg000:A006                 db    0
seg000:A007                 db    0
seg000:A008                 db    0
seg000:A009                 db    0
seg000:A00A                 db    0
seg000:A00B                 db    0
seg000:A00C                 db    0
seg000:A00D                 db    0
seg000:A00E                 db    0
seg000:A00F                 db    0
seg000:A010 encounter_hp_table db 6, 6, 6, 6, 6, 6, 6, 6, 6, 6, 6, 6, 6, 6, 6, 6, 6, 6
seg000:A022                 db 6, 6, 6, 0Fh, 6, 6, 6, 6, 6, 6, 6, 6, 6, 6
seg000:A030 anim_frame_table_ptrs0_8 dw offset frames_body_walk0 ; normal movement animation states
seg000:A032                 dw offset frames_body_walk1
seg000:A034                 dw offset frames_body_walk2
seg000:A036                 dw offset frames_body_walk3
seg000:A038                 dw offset frames_body_walk4
seg000:A03A                 dw offset frames_body_walk5
seg000:A03C                 dw offset frames_body_descent0
seg000:A03E                 dw offset frames_body_descent1
seg000:A040                 dw offset frames_body_descent2
seg000:A042                 db    0
seg000:A043                 db    0
seg000:A044                 db    0
seg000:A045                 db    0
seg000:A046                 db    0
seg000:A047                 db    0
seg000:A048                 db    0
seg000:A049                 db    0
seg000:A04A                 db    0
seg000:A04B                 db    0
seg000:A04C                 db    0
seg000:A04D                 db    0
seg000:A04E                 db    0
seg000:A04F                 db    0
seg000:A050 anim_frame_table_ptrs9_15 dw offset frames_body_recoil0 ; death/recoil states and acid-drop body variants
seg000:A052                 dw offset frames_body_recoil1
seg000:A054                 dw offset frames_body_recoil2
seg000:A056                 db    0
seg000:A057                 db    0
seg000:A058                 dw offset frames_body_hit
seg000:A05A                 dw offset frames_body_dead
seg000:A05C frames_body_walk0 db 0, 0, 0, 0, 1      ; movement phase 0 (rightmost leg position)
seg000:A061                 db 0, 0, 0, 26h, 27h
seg000:A066                 db 0, 0, 0, 0, 1
seg000:A06B                 db 0, 0, 0, 26h, 27h
seg000:A070                 db 0, 0, 0, 0, 1
seg000:A075                 db 0, 0, 0, 26h, 27h
seg000:A07A                 db 0, 0, 0, 26h, 27h
seg000:A07F                 db 0, 0, 0, 26h, 27h
seg000:A084                 db 0, 0, 0, 0, 0
seg000:A089                 db 0, 1, 2, 0Ah, 0Bh
seg000:A08E frames_body_walk1 db 0, 0, 0, 2, 0
seg000:A093                 db 0, 0, 0, 28h, 29h
seg000:A098                 db 0, 0, 0, 2, 0
seg000:A09D                 db 0, 0, 0, 28h, 29h
seg000:A0A2                 db 0, 0, 0, 2, 0
seg000:A0A7                 db 0, 0, 0, 28h, 29h
seg000:A0AC                 db 0, 0, 0, 28h, 29h
seg000:A0B1                 db 0, 0, 0, 28h, 29h
seg000:A0B6                 db 0, 0, 0, 0, 0
seg000:A0BB frames_body_walk2 db 0, 3, 4, 0, 5
seg000:A0C0                 db 0, 2Ah, 2Bh, 2Ch, 2Dh
seg000:A0C5                 db 0, 3, 4, 0, 47h
seg000:A0CA                 db 0, 2Ah, 2Bh, 2Ch, 58h
seg000:A0CF                 db 0, 3, 4, 0, 69h
seg000:A0D4                 db 0, 2Ah, 2Bh, 2Ch, 72h
seg000:A0D9                 db 0, 3, 4, 0, 5
seg000:A0DE                 db 0, 3, 4, 0, 5
seg000:A0E3                 db 0, 8Fh, 90h, 0, 91h
seg000:A0E8                 db 0, 0ADh, 0AEh, 0AFh, 0B0h
seg000:A0ED frames_body_walk3 db 0, 6, 7, 8, 9
seg000:A0F2                 db 0, 6, 2Fh, 30h, 31h
seg000:A0F7                 db 0, 6, 7, 48h, 49h
seg000:A0FC                 db 0, 6, 2Fh, 59h, 5Ah
seg000:A101                 db 0, 6, 7, 59h, 5Ah
seg000:A106                 db 0, 6, 2Fh, 73h, 74h
seg000:A10B                 db 0, 6, 2Fh, 8, 9
seg000:A110                 db 0, 6, 2Fh, 8, 9
seg000:A115                 db 0, 92h, 26h, 93h, 94h
seg000:A11A                 db 0, 0B1h, 7, 0B2h, 0B3h
seg000:A11F frames_body_walk4 db 0, 0Ah, 0Bh, 0Ch, 0Dh
seg000:A124                 db 0, 32h, 33h, 0Ch, 0Dh
seg000:A129                 db 0, 0Ah, 0Bh, 0Ch, 0Dh
seg000:A12E                 db 0, 32h, 33h, 0Ch, 0Dh
seg000:A133                 db 0, 0Ah, 0Bh, 0Ch, 0Dh
seg000:A138                 db 0, 32h, 33h, 0Ch, 0Dh
seg000:A13D                 db 0, 32h, 33h, 0C5h, 0C6h
seg000:A142                 db 0, 32h, 33h, 0Ch, 0Dh
seg000:A147                 db 0, 27h, 28h, 32h, 33h
seg000:A14C frames_body_walk5 db 0, 0Eh, 35h, 10h, 11h ; movement phase 5 (leftmost leg position)
seg000:A151                 db 0, 34h, 35h, 36h, 37h
seg000:A156                 db 0, 0Eh, 35h, 4Ah, 4Bh
seg000:A15B                 db 0, 34h, 35h, 5Bh, 5Ch
seg000:A160                 db 0, 0Eh, 35h, 5Bh, 5Ch
seg000:A165                 db 0, 34h, 35h, 75h, 76h
seg000:A16A                 db 0, 34h, 35h, 84h, 85h
seg000:A16F                 db 0, 34h, 35h, 84h, 85h
seg000:A174                 db 0, 29h, 95h, 96h, 97h
seg000:A179                 db 0, 0Eh, 0B4h, 0B5h, 0B6h
seg000:A17E frames_body_descent0 db 0, 12h, 13h, 14h, 15h ; descending phase 0 (boss lowering to drop acid)
seg000:A183                 db 0, 38h, 39h, 3Ah, 0
seg000:A188                 db 0, 12h, 13h, 4Ch, 15h
seg000:A18D                 db 0, 38h, 39h, 5Dh, 0
seg000:A192                 db 0, 12h, 13h, 5Dh, 15h
seg000:A197                 db 0, 38h, 39h, 77h, 0
seg000:A19C                 db 0, 12h, 13h, 14h, 15h
seg000:A1A1                 db 0, 12h, 13h, 14h, 15h
seg000:A1A6                 db 0, 98h, 99h, 9Ah, 0
seg000:A1AB                 db 0, 0B7h, 0B8h, 0B9h, 0BAh
seg000:A1B0 frames_body_descent1 db 0, 0, 16h, 0, 17h
seg000:A1B5                 db 0, 0, 3Bh, 3Ch, 3Dh
seg000:A1BA                 db 0, 0, 4Dh, 0, 4Eh
seg000:A1BF                 db 0, 5Eh, 5Fh, 0, 60h
seg000:A1C4                 db 0, 0Fh, 2Eh, 6Ah, 6Bh
seg000:A1C9                 db 0, 78h, 79h, 7Ah, 7Bh
seg000:A1CE                 db 0, 86h, 87h, 0, 88h
seg000:A1D3                 db 0, 86h, 87h, 0, 88h
seg000:A1D8                 db 0, 9Bh, 9Ch, 9Dh, 9Eh
seg000:A1DD                 db 0, 0BBh, 0BFh, 0BCh, 0
seg000:A1E2 frames_body_descent2 db 0, 23h, 24h, 25h, 0 ; descending phase 2
seg000:A1E7                 db 0, 3Eh, 0, 3Fh, 0
seg000:A1EC                 db 0, 55h, 0, 56h, 57h
seg000:A1F1                 db 0, 65h, 66h, 67h, 68h
seg000:A1F6                 db 0, 6Fh, 70h, 71h, 0
seg000:A1FB                 db 0, 80h, 81h, 82h, 83h
seg000:A200                 db 0, 8Bh, 8Ch, 8Dh, 8Eh
seg000:A205                 db 0, 8Bh, 8Ch, 8Dh, 8Eh
seg000:A20A                 db 0, 0A9h, 0AAh, 0ABh, 0ACh
seg000:A20F                 db 0, 0, 0C1h, 0, 0C2h
seg000:A214 frames_body_recoil0 db 0, 18h, 19h, 1Ah, 1Bh ; retract phase 0 (pulling back up after drop)
seg000:A219                 db 0, 40h, 19h, 42h, 43h
seg000:A21E                 db 0, 4Fh, 19h, 50h, 51h
seg000:A223                 db 0, 61h, 19h, 62h, 1Bh
seg000:A228                 db 0, 6Ch, 19h, 6Dh, 43h
seg000:A22D                 db 0, 7Ch, 19h, 7Dh, 43h
seg000:A232                 db 0, 18h, 19h, 0, 1Bh
seg000:A237                 db 0, 18h, 19h, 0, 1Bh
seg000:A23C                 db 0, 9Fh, 0A0h, 0A1h, 0A2h
seg000:A241                 db 0, 0BDh, 19h, 0BFh, 43h
seg000:A246 frames_body_recoil1 db 0, 1Ch, 1Dh, 1Eh, 0
seg000:A24B                 db 0, 1Ch, 1Dh, 0, 44h
seg000:A250                 db 0, 1Ch, 1Dh, 1Eh, 44h
seg000:A255                 db 0, 1Ch, 1Dh, 1Eh, 0
seg000:A25A                 db 0, 1Ch, 1Dh, 0, 0
seg000:A25F                 db 0, 1Ch, 1Dh, 0, 44h
seg000:A264                 db 0, 1Ch, 1Dh, 1Eh, 0
seg000:A269                 db 0, 1Ch, 1Dh, 1Eh, 0
seg000:A26E                 db 0, 0Ch, 0Dh, 0A3h, 0A4h
seg000:A273 frames_body_recoil2 db 0, 1Fh, 20h, 21h, 22h ; retract phase 2
seg000:A278                 db 0, 1Fh, 41h, 45h, 46h
seg000:A27D                 db 0, 1Fh, 52h, 53h, 54h
seg000:A282                 db 0, 1Fh, 63h, 21h, 64h
seg000:A287                 db 0, 1Fh, 63h, 21h, 6Eh
seg000:A28C                 db 0, 1Fh, 7Eh, 53h, 7Fh
seg000:A291                 db 0, 1Fh, 89h, 21h, 8Ah
seg000:A296                 db 0, 1Fh, 89h, 21h, 8Ah
seg000:A29B                 db 0, 0A5h, 0A6h, 0A7h, 0A8h
seg000:A2A0                 db 0, 1Fh, 0BEh, 21h, 0C0h
seg000:A2A5 frames_body_hit db 0, 0C7h, 0C8h, 1Ch, 1Dh ; taking damage / death flash
seg000:A2AA                 db 0, 0C9h, 0CAh, 1Ch, 1Dh
seg000:A2AF                 db 0, 0CBh, 0CCh, 0CDh, 0CEh
seg000:A2B4                 db 0, 0CFh, 0D0h, 0D1h, 0D2h
seg000:A2B9                 db 0, 0D3h, 0D4h, 0D5h, 0D6h
seg000:A2BE                 db 0, 0C3h, 0C4h, 1Ch, 1Dh
seg000:A2C3                 db 0, 0C5h, 0C6h, 1Ch, 1Dh
seg000:A2C8                 db 0, 0Ch, 0Dh, 1Ch, 1Dh
seg000:A2CD                 db 0, 0Ch, 0Dh, 1Ch, 1Dh
seg000:A2D2                 db 0, 0Ch, 0Dh, 1Ch, 1Dh
seg000:A2D7 frames_body_dead db 0, 0D7h, 0D8h, 0D9h, 0 ; final death pose
seg000:A2DC                 db 0, 0DAh, 0DBh, 0DCh, 0DDh
seg000:A2E1                 db 0, 0DEh, 0DFh, 0, 0
seg000:A2E6                 db 0, 0E0h, 0E1h, 0, 0
seg000:A2EB                 db 0, 0E2h, 0E3h, 0, 0
seg000:A2F0
seg000:A2F0 ; =============== S U B R O U T I N E =======================================
seg000:A2F0
seg000:A2F0
seg000:A2F0 Cangrejo_AI_proc proc near
seg000:A2F0
seg000:A2F0 ; FUNCTION CHUNK AT seg000:A45C SIZE 00000025 BYTES
seg000:A2F0
seg000:A2F0                 mov     si, ds:0C010h   ; monsters_table_addr
seg000:A2F4                 mov     active_sprite_count, 0
seg000:A2F9                 mov     hit_monster_flags, 0
seg000:A2FE
seg000:A2FE loc_A2FE:
seg000:A2FE                 cmp     [si+monster.currX], 0FFFFh
seg000:A301                 jz      short loc_A349
seg000:A303                 mov     ax, [si+monster.currX]
seg000:A305                 call    word ptr cs:6036h ; HorizDistToHero_35_proc
seg000:A30A                 jb      short loc_A340
seg000:A30C                 mov     [si+monster.x_rel], bl
seg000:A30F                 mov     ax, word ptr [si+monster.currY]
seg000:A312                 call    word ptr cs:6028h ; coords_in_ax_to_proximity_map_offset_in_di_proc
seg000:A317                 mov     bl, active_sprite_count
seg000:A31B                 xor     bh, bh
seg000:A31D                 mov     al, [bx+0ED20h]
seg000:A321                 mov     [di], al
seg000:A323                 test    [si+monster.field_5], 40h
seg000:A327                 jz      short loc_A340
seg000:A329                 test    hit_monster_flags, 80h
seg000:A32E                 jnz     short loc_A340
seg000:A330                 mov     al, [si+monster.field_5]
seg000:A333                 and     al, 1Fh
seg000:A335                 test    [si+monster.flags], 10h
seg000:A339                 jz      short loc_A33D
seg000:A33B                 or      al, 80h
seg000:A33D
seg000:A33D loc_A33D:
seg000:A33D                 mov     hit_monster_flags, al
seg000:A340
seg000:A340 loc_A340:
seg000:A340                 inc     active_sprite_count
seg000:A344                 add     si, 10h
seg000:A347                 jmp     short loc_A2FE
seg000:A349 ; ---------------------------------------------------------------------------
seg000:A349
seg000:A349 loc_A349:                               ; monsters_table_addr
seg000:A349                 mov     si, ds:0C010h
seg000:A34D                 mov     word ptr [si], 0FFFFh
seg000:A351                 test    byte ptr ds:0FF2Eh, 0FFh
seg000:A356                 jnz     short loc_A3A7
seg000:A358                 mov     al, hit_monster_flags
seg000:A35B                 or      al, al
seg000:A35D                 jz      short loc_A3A7
seg000:A35F                 push    ax
seg000:A360                 and     al, 1Fh
seg000:A362                 call    word ptr cs:6038h ; Get_Stats_proc
seg000:A367                 mov     bl, ah
seg000:A369                 xor     bh, bh
seg000:A36B                 add     bx, bx
seg000:A36D                 add     bx, bx
seg000:A36F                 pop     ax
seg000:A370                 or      al, al
seg000:A372                 jns     short loc_A376
seg000:A374                 add     bx, bx
seg000:A376
seg000:A376 loc_A376:
seg000:A376                 call    apply_damage_to_boss
seg000:A379                 mov     byte ptr ds:0FF75h, 22h ; '"'
seg000:A37E                 mov     ax, ds:80h
seg000:A381                 add     ax, 0Ch
seg000:A384                 mov     bx, ds:0C002h   ; mapWidth
seg000:A388                 cmp     ax, bx
seg000:A38A                 jb      short loc_A38E
seg000:A38C                 mov     ax, bx
seg000:A38E
seg000:A38E loc_A38E:
seg000:A38E                 xchg    ax, bx
seg000:A38F                 mov     ax, boss_x      ; boss_state_block_ptr
seg000:A392                 add     ax, 5
seg000:A395                 cmp     ax, bx
seg000:A397                 jnb     short loc_A3A1
seg000:A399                 call    boss_move_left
seg000:A39C                 call    boss_move_left
seg000:A39F                 jmp     short loc_A3A7
seg000:A3A1 ; ---------------------------------------------------------------------------
seg000:A3A1
seg000:A3A1 loc_A3A1:
seg000:A3A1                 call    boss_move_right
seg000:A3A4                 call    boss_move_right
seg000:A3A7
seg000:A3A7 loc_A3A7:
seg000:A3A7                 test    phase_placing_droplet, 0FFh
seg000:A3AC                 jz      short loc_A3B1
seg000:A3AE                 jmp     loc_A4B9
seg000:A3B1 ; ---------------------------------------------------------------------------
seg000:A3B1
seg000:A3B1 loc_A3B1:
seg000:A3B1                 test    phase_recoil, 0FFh
seg000:A3B6                 jz      short loc_A3BB
seg000:A3B8                 jmp     loc_A5D3
seg000:A3BB ; ---------------------------------------------------------------------------
seg000:A3BB
seg000:A3BB loc_A3BB:
seg000:A3BB                 test    byte ptr ds:0FF2Eh, 0FFh
seg000:A3C0                 jz      short loc_A3C5
seg000:A3C2                 jmp     death_sequence_handler
seg000:A3C5 ; ---------------------------------------------------------------------------
seg000:A3C5
seg000:A3C5 loc_A3C5:
seg000:A3C5                 test    phase_acid_dropping, 0FFh
seg000:A3CA                 jz      short loc_A3CF
seg000:A3CC                 jmp     loc_A466
seg000:A3CF ; ---------------------------------------------------------------------------
seg000:A3CF
seg000:A3CF loc_A3CF:                               ; Accumulate_folded_ff1b_proc
seg000:A3CF                 call    word ptr cs:11Ah
seg000:A3D4                 and     al, 7
seg000:A3D6                 jnz     short loc_A3DB
seg000:A3D8                 jmp     loc_A45C
seg000:A3DB ; ---------------------------------------------------------------------------
seg000:A3DB
seg000:A3DB loc_A3DB:
seg000:A3DB                 test    movement_direction_flag, 0FFh
seg000:A3E0                 jnz     short loc_A410
seg000:A3E2                 inc     movement_tick_counter
seg000:A3E6                 test    movement_tick_counter, 1
seg000:A3EB                 jz      short loc_A3F0
seg000:A3ED                 jmp     render_body_sprites
seg000:A3F0 ; ---------------------------------------------------------------------------
seg000:A3F0
seg000:A3F0 loc_A3F0:
seg000:A3F0                 call    boss_move_left
seg000:A3F3                 jnb     short loc_A3FA
seg000:A3F5                 mov     movement_direction_flag, 0FFh
seg000:A3FA
seg000:A3FA loc_A3FA:
seg000:A3FA                 inc     body_anim_state
seg000:A3FE                 cmp     body_anim_state, 6
seg000:A403                 jnb     short loc_A408
seg000:A405                 jmp     render_body_sprites
seg000:A408 ; ---------------------------------------------------------------------------
seg000:A408
seg000:A408 loc_A408:
seg000:A408                 mov     body_anim_state, 0
seg000:A40D                 jmp     render_body_sprites
seg000:A410 ; ---------------------------------------------------------------------------
seg000:A410
seg000:A410 loc_A410:
seg000:A410                 inc     movement_tick_counter
seg000:A414                 test    movement_tick_counter, 1
seg000:A419                 jz      short loc_A41E
seg000:A41B                 jmp     render_body_sprites
seg000:A41E ; ---------------------------------------------------------------------------
seg000:A41E
seg000:A41E loc_A41E:
seg000:A41E                 call    boss_move_right
seg000:A421                 jnb     short loc_A428
seg000:A423                 mov     movement_direction_flag, 0
seg000:A428
seg000:A428 loc_A428:
seg000:A428                 dec     body_anim_state
seg000:A42C                 cmp     body_anim_state, 0FFh
seg000:A431                 jz      short loc_A436
seg000:A433                 jmp     render_body_sprites
seg000:A436 ; ---------------------------------------------------------------------------
seg000:A436
seg000:A436 loc_A436:
seg000:A436                 mov     body_anim_state, 5
seg000:A43B                 jmp     render_body_sprites
seg000:A43B Cangrejo_AI_proc endp
seg000:A43B
seg000:A43E
seg000:A43E ; =============== S U B R O U T I N E =======================================
seg000:A43E
seg000:A43E
seg000:A43E boss_move_left  proc near
seg000:A43E                 cmp     byte ptr boss_x, 10h ; boss_state_block_ptr
seg000:A443                 stc
seg000:A444                 jnz     short loc_A447
seg000:A446                 retn
seg000:A447 ; ---------------------------------------------------------------------------
seg000:A447
seg000:A447 loc_A447:                               ; boss_state_block_ptr
seg000:A447                 dec     byte ptr boss_x
seg000:A44B                 clc
seg000:A44C                 retn
seg000:A44C boss_move_left  endp
seg000:A44C
seg000:A44D
seg000:A44D ; =============== S U B R O U T I N E =======================================
seg000:A44D
seg000:A44D
seg000:A44D boss_move_right proc near
seg000:A44D                 cmp     byte ptr boss_x, 31h ; '1' ; boss_state_block_ptr
seg000:A452                 stc
seg000:A453                 jnz     short loc_A456
seg000:A455                 retn
seg000:A456 ; ---------------------------------------------------------------------------
seg000:A456
seg000:A456 loc_A456:                               ; boss_state_block_ptr
seg000:A456                 inc     byte ptr boss_x
seg000:A45A                 clc
seg000:A45B                 retn
seg000:A45B boss_move_right endp
seg000:A45B
seg000:A45C ; ---------------------------------------------------------------------------
seg000:A45C ; START OF FUNCTION CHUNK FOR Cangrejo_AI_proc
seg000:A45C
seg000:A45C loc_A45C:
seg000:A45C                 mov     acid_step_index, 0
seg000:A461                 mov     phase_acid_dropping, 0FFh
seg000:A466
seg000:A466 loc_A466:
seg000:A466                 inc     acid_step_index
seg000:A46A                 cmp     acid_step_index, 8
seg000:A46F                 jz      short trigger_acid_drop
seg000:A471                 mov     bl, acid_step_index
seg000:A475                 xor     bh, bh
seg000:A477                 mov     al, acid_approach_body_states[bx]
seg000:A47B                 mov     body_anim_state, al
seg000:A47E                 jmp     render_body_sprites
seg000:A47E ; END OF FUNCTION CHUNK FOR Cangrejo_AI_proc
seg000:A47E ; ---------------------------------------------------------------------------
seg000:A481 acid_approach_body_states db 7, 7, 8, 8, 8, 8, 8, 6
seg000:A489
seg000:A489 ; =============== S U B R O U T I N E =======================================
seg000:A489
seg000:A489
seg000:A489 trigger_acid_drop proc near
seg000:A489                 mov     ax, ds:80h      ; proximity_map_left_col_x
seg000:A48C                 add     ax, 12
seg000:A48F                 mov     bx, ds:0C002h   ; mapWidth
seg000:A493                 mov     cx, ax
seg000:A495                 sub     cx, bx
seg000:A497                 xchg    ax, bx
seg000:A498                 jb      short loc_A49C
seg000:A49A                 xchg    bx, cx
seg000:A49C
seg000:A49C loc_A49C:                               ; boss_state_block_ptr
seg000:A49C                 mov     ax, boss_x
seg000:A49F                 add     ax, 5
seg000:A4A2                 sub     ax, bx
seg000:A4A4                 sbb     dl, dl
seg000:A4A6                 mov     movement_direction_flag, dl
seg000:A4AA                 mov     phase_acid_dropping, 0
seg000:A4AF                 mov     descent_seq_index, 0
seg000:A4B4                 mov     phase_placing_droplet, 0FFh
seg000:A4B9
seg000:A4B9 loc_A4B9:
seg000:A4B9                 mov     body_anim_state, 9
seg000:A4BE                 mov     bl, descent_seq_index
seg000:A4C2                 xor     bh, bh
seg000:A4C4                 mov     al, acid_descent_sequence[bx]
seg000:A4C8                 cmp     al, 0FFh
seg000:A4CA                 jnz     short loc_A4CF
seg000:A4CC                 jmp     begin_recoil
seg000:A4CF ; ---------------------------------------------------------------------------
seg000:A4CF
seg000:A4CF loc_A4CF:
seg000:A4CF                 mov     ah, al
seg000:A4D1                 and     al, 0Fh
seg000:A4D3                 cmp     al, 8
seg000:A4D5                 jz      short loc_A4E4
seg000:A4D7                 shr     al, 1
seg000:A4D9                 sbb     al, 0
seg000:A4DB                 add     al, boss_y
seg000:A4DF                 and     al, 3Fh
seg000:A4E1                 mov     boss_y, al
seg000:A4E4
seg000:A4E4 loc_A4E4:
seg000:A4E4                 mov     al, ah
seg000:A4E6                 and     al, 0F0h
seg000:A4E8                 jz      short loc_A4F9
seg000:A4EA                 test    movement_direction_flag, 0FFh
seg000:A4EF                 jnz     short loc_A4F6
seg000:A4F1                 call    boss_move_left
seg000:A4F4                 jmp     short loc_A4F9
seg000:A4F6 ; ---------------------------------------------------------------------------
seg000:A4F6
seg000:A4F6 loc_A4F6:
seg000:A4F6                 call    boss_move_right
seg000:A4F9
seg000:A4F9 loc_A4F9:
seg000:A4F9                 call    render_body_sprites
seg000:A4FC                 inc     descent_seq_index
seg000:A500                 retn
seg000:A500 trigger_acid_drop endp
seg000:A500
seg000:A501 ; ---------------------------------------------------------------------------
seg000:A501 ; START OF FUNCTION CHUNK FOR render_body_sprites
seg000:A501
seg000:A501 loc_A501:
seg000:A501                 test    phase_spawning_droplet, 0FFh
seg000:A506                 jnz     short loc_A54A
seg000:A508                 test    phase_placing_droplet, 0FFh
seg000:A50D                 jnz     short loc_A510
seg000:A50F                 retn
seg000:A510 ; ---------------------------------------------------------------------------
seg000:A510
seg000:A510 loc_A510:                               ; monsters_table_addr
seg000:A510                 mov     di, ds:0C010h
seg000:A514
seg000:A514 next_monster:
seg000:A514                 cmp     [di+monster.flags], 14h
seg000:A518                 jz      short loc_A51F
seg000:A51A                 add     di, 10h
seg000:A51D                 jmp     short next_monster
seg000:A51F ; ---------------------------------------------------------------------------
seg000:A51F
seg000:A51F loc_A51F:
seg000:A51F                 mov     al, descent_seq_index
seg000:A522                 mov     [di+monster.field_6], al
seg000:A525                 cmp     descent_seq_index, 4
seg000:A52A                 jz      short loc_A52D
seg000:A52C                 retn
seg000:A52D ; ---------------------------------------------------------------------------
seg000:A52D
seg000:A52D loc_A52D:
seg000:A52D                 mov     spawn_seq_index, 0
seg000:A532                 mov     phase_spawning_droplet, 0FFh
seg000:A537                 mov     ax, boss_x      ; boss_state_block_ptr
seg000:A53A                 add     ax, 4
seg000:A53D                 mov     droplet_target_x, ax
seg000:A540                 mov     al, boss_y
seg000:A543                 add     al, 3
seg000:A545                 and     al, 3Fh
seg000:A547                 mov     droplet_target_y, al
seg000:A54A
seg000:A54A loc_A54A:
seg000:A54A                 mov     bl, spawn_seq_index
seg000:A54E                 xor     bh, bh
seg000:A550                 inc     spawn_seq_index
seg000:A554                 mov     al, acid_droplet_spawn_sequence[bx]
seg000:A558                 cmp     al, 0FFh
seg000:A55A                 jnz     short loc_A562
seg000:A55C                 mov     phase_spawning_droplet, 0
seg000:A561                 retn
seg000:A562 ; ---------------------------------------------------------------------------
seg000:A562
seg000:A562 loc_A562:
seg000:A562                 or      al, al
seg000:A564                 jns     short loc_A56F
seg000:A566                 inc     droplet_target_y
seg000:A56A                 and     droplet_target_y, 3Fh
seg000:A56F
seg000:A56F loc_A56F:
seg000:A56F                 push    ax
seg000:A570                 mov     ax, droplet_target_x
seg000:A573                 push    ax
seg000:A574                 call    word ptr cs:6036h ; HorizDistToHero_35_proc
seg000:A579                 pop     ax
seg000:A57A                 pop     cx
seg000:A57B                 jnb     short loc_A57E
seg000:A57D                 retn
seg000:A57E ; ---------------------------------------------------------------------------
seg000:A57E
seg000:A57E loc_A57E:
seg000:A57E                 mov     [si], ax
seg000:A580                 mov     dl, droplet_target_y
seg000:A584                 mov     [si+2], dl
seg000:A587                 mov     [si+3], bl
seg000:A58A                 mov     byte ptr [si+4], 35h ; '5'
seg000:A58E                 and     cl, 7Fh
seg000:A591                 mov     [si+6], cl
seg000:A594                 mov     byte ptr [si+5], 0
seg000:A598                 mov     word ptr [si+10h], 0FFFFh
seg000:A59D                 mov     ax, [si+2]
seg000:A5A0                 call    word ptr cs:6028h ; coords_in_ax_to_map_offset_in_di_proc
seg000:A5A5                 mov     bl, active_sprite_count
seg000:A5A9                 mov     al, bl
seg000:A5AB                 or      al, 80h
seg000:A5AD                 xchg    al, [di]
seg000:A5AF                 xor     bh, bh
seg000:A5B1                 mov     [bx+0ED20h], al ; proximity_second_layer
seg000:A5B5                 retn
seg000:A5B5 ; END OF FUNCTION CHUNK FOR render_body_sprites
seg000:A5B5 ; ---------------------------------------------------------------------------
seg000:A5B6 acid_droplet_spawn_sequence db 80h, 80h, 80h, 80h, 80h, 81h, 82h, 3, 4, 0FFh
seg000:A5C0
seg000:A5C0 ; =============== S U B R O U T I N E =======================================
seg000:A5C0
seg000:A5C0
seg000:A5C0 begin_recoil    proc near
seg000:A5C0                 not     movement_direction_flag
seg000:A5C4                 mov     phase_placing_droplet, 0
seg000:A5C9                 mov     recoil_step_index, 0
seg000:A5CE                 mov     phase_recoil, 0FFh
seg000:A5D3
seg000:A5D3 loc_A5D3:
seg000:A5D3                 mov     bl, recoil_step_index
seg000:A5D7                 xor     bh, bh
seg000:A5D9                 mov     al, recoil_body_states[bx]
seg000:A5DD                 mov     body_anim_state, al
seg000:A5E0                 inc     recoil_step_index
seg000:A5E4                 cmp     recoil_step_index, 4
seg000:A5E9                 jz      short loc_A5EE
seg000:A5EB                 jmp     render_body_sprites
seg000:A5EE ; ---------------------------------------------------------------------------
seg000:A5EE
seg000:A5EE loc_A5EE:
seg000:A5EE                 mov     phase_recoil, 0
seg000:A5F3                 jmp     short render_body_sprites
seg000:A5F3 begin_recoil    endp
seg000:A5F3
seg000:A5F3 ; ---------------------------------------------------------------------------
seg000:A5F5 recoil_body_states db 7, 8, 8, 0
seg000:A5F9 acid_descent_sequence db 0F1h, 0F1h, 0F1h, 0F1h, 0F1h, 0F8h, 0F8h, 0F8h, 0F2h
seg000:A602                 db 0F2h, 0F2h, 0F2h, 0F2h, 0FFh
seg000:A607
seg000:A607 ; =============== S U B R O U T I N E =======================================
seg000:A607
seg000:A607
seg000:A607 death_sequence_handler proc near
seg000:A607                 mov     al, death_timer
seg000:A60A                 cmp     al, 28h ; '('
seg000:A60C                 jnb     short loc_A66B
seg000:A60E                 cmp     al, 1Eh
seg000:A610                 jnb     short loc_A61B
seg000:A612                 and     al, 1
seg000:A614                 jnz     short loc_A61B
seg000:A616                 mov     byte ptr ds:0FF75h, 23h ; '#'
seg000:A61B
seg000:A61B loc_A61B:
seg000:A61B                 mov     byte ptr ds:0FF2Fh, 0FFh
seg000:A620                 cmp     death_timer, 14h
seg000:A625                 jnb     short loc_A660
seg000:A627                 inc     death_timer
seg000:A62B                 test    movement_direction_flag, 0FFh
seg000:A630                 jnz     short loc_A649
seg000:A632                 inc     body_anim_state
seg000:A636                 cmp     body_anim_state, 6
seg000:A63B                 jb      short render_body_sprites
seg000:A63D                 mov     body_anim_state, 5
seg000:A642                 mov     movement_direction_flag, 0FFh
seg000:A647                 jmp     short render_body_sprites
seg000:A649 ; ---------------------------------------------------------------------------
seg000:A649
seg000:A649 loc_A649:
seg000:A649                 dec     body_anim_state
seg000:A64D                 cmp     body_anim_state, 0FFh
seg000:A652                 jb      short render_body_sprites
seg000:A654                 mov     body_anim_state, 0
seg000:A659                 mov     movement_direction_flag, 0
seg000:A65E                 jmp     short render_body_sprites
seg000:A660 ; ---------------------------------------------------------------------------
seg000:A660
seg000:A660 loc_A660:
seg000:A660                 inc     death_timer
seg000:A664                 mov     body_anim_state, 8
seg000:A669                 jmp     short render_body_sprites
seg000:A66B ; ---------------------------------------------------------------------------
seg000:A66B
seg000:A66B loc_A66B:
seg000:A66B                 mov     byte ptr ds:0FF30h, 0FFh
seg000:A670                 retn
seg000:A670 death_sequence_handler endp
seg000:A670
seg000:A671
seg000:A671 ; =============== S U B R O U T I N E =======================================
seg000:A671
seg000:A671
seg000:A671 render_body_sprites proc near
seg000:A671
seg000:A671 ; FUNCTION CHUNK AT seg000:A501 SIZE 000000B5 BYTES
seg000:A671
seg000:A671                 mov     bl, body_anim_state
seg000:A675                 add     bl, bl
seg000:A677                 xor     bh, bh
seg000:A679                 mov     di, body_state_to_layout_table[bx]
seg000:A67D                 mov     al, boss_y
seg000:A680                 mov     col_y_render_offset, al
seg000:A683                 mov     si, ds:0C010h   ; monsters_table_addr
seg000:A687                 xor     al, al
seg000:A689                 mov     active_sprite_count, al
seg000:A68C
seg000:A68C loc_A68C:
seg000:A68C                 push    di
seg000:A68D                 push    ax
seg000:A68E                 mov     bl, 0Ah
seg000:A690                 mul     bl
seg000:A692                 add     di, ax
seg000:A694                 mov     ax, boss_x      ; boss_state_block_ptr
seg000:A697                 mov     cx, 0Ah
seg000:A69A
seg000:A69A loc_A69A:
seg000:A69A                 push    cx
seg000:A69B                 mov     [si], ax
seg000:A69D                 push    di
seg000:A69E                 push    ax
seg000:A69F                 call    word ptr cs:6036h ; HorizDistToHero_35_proc
seg000:A6A4                 jb      short loc_A6EB
seg000:A6A6                 mov     al, [di]
seg000:A6A8                 cmp     al, 0FFh
seg000:A6AA                 jz      short loc_A6EB
seg000:A6AC                 mov     [si+4], al
seg000:A6AF                 mov     al, col_y_render_offset
seg000:A6B2                 mov     [si+2], al
seg000:A6B5                 mov     [si+3], bl
seg000:A6B8                 mov     byte ptr [si+5], 0
seg000:A6BC                 test    hit_monster_flags, 0FFh
seg000:A6C1                 jz      short loc_A6C7
seg000:A6C3                 or      byte ptr [si+5], 20h
seg000:A6C7
seg000:A6C7 loc_A6C7:
seg000:A6C7                 mov     al, body_anim_state
seg000:A6CA                 mov     [si+6], al
seg000:A6CD                 mov     ax, [si+2]
seg000:A6D0                 call    word ptr cs:6028h ; coords_in_ax_to_map_offset_in_di_proc
seg000:A6D5                 mov     al, active_sprite_count
seg000:A6D8                 mov     bl, al
seg000:A6DA                 or      al, 80h
seg000:A6DC                 xchg    al, [di]
seg000:A6DE                 xor     bh, bh
seg000:A6E0                 mov     [bx+0ED20h], al ; proximity_second_layer
seg000:A6E4                 inc     active_sprite_count
seg000:A6E8                 add     si, 10h
seg000:A6EB
seg000:A6EB loc_A6EB:
seg000:A6EB                 pop     ax
seg000:A6EC                 inc     ax
seg000:A6ED                 pop     di
seg000:A6EE                 inc     di
seg000:A6EF                 pop     cx
seg000:A6F0                 loop    loc_A69A
seg000:A6F2                 inc     col_y_render_offset
seg000:A6F6                 and     col_y_render_offset, 3Fh
seg000:A6FB                 pop     ax
seg000:A6FC                 pop     di
seg000:A6FD                 inc     al
seg000:A6FF                 cmp     al, 6
seg000:A701                 jnz     short loc_A68C
seg000:A703                 mov     word ptr [si], 0FFFFh
seg000:A707                 jmp     loc_A501
seg000:A707 render_body_sprites endp
seg000:A707
seg000:A707 ; ---------------------------------------------------------------------------
seg000:A70A body_state_to_layout_table dw offset col_layout_normal
seg000:A70C                 dw offset col_layout_normal
seg000:A70E                 dw offset col_layout_normal
seg000:A710                 dw offset col_layout_normal
seg000:A712                 dw offset col_layout_normal
seg000:A714                 dw offset col_layout_normal
seg000:A716                 dw offset col_layout_normal
seg000:A718                 dw offset col_layout_normal
seg000:A71A                 dw offset col_layout_normal
seg000:A71C                 dw offset col_layout_acid_drip
seg000:A71E col_layout_normal db 0FFh, 0FFh, 0FFh, 0, 0FFh, 1, 0FFh, 0FFh, 0FFh, 0FFh
seg000:A728                 db 0FFh, 0FFh, 0FFh, 0FFh, 0FFh, 0FFh, 0FFh, 0FFh, 0FFh
seg000:A731                 db 0FFh, 2, 0FFh, 3, 0FFh, 4, 0FFh, 5, 0FFh, 6, 0FFh, 0FFh
seg000:A73D                 db 0FFh, 0FFh, 0FFh, 0FFh, 0FFh, 0FFh, 0FFh, 0FFh, 0FFh
seg000:A746                 db 7, 0FFh, 10h, 0FFh, 11h, 0FFh, 12h, 0FFh, 8, 0FFh, 0FFh
seg000:A751                 db 0FFh, 0FFh, 0FFh, 0FFh, 0FFh, 0FFh, 0FFh, 0FFh, 0FFh
seg000:A75A col_layout_acid_drip db 0FFh, 0FFh, 0FFh, 0FFh, 0, 0FFh, 0FFh, 0FFh, 0FFh, 0FFh
seg000:A764                 db 0FFh, 0FFh, 3, 0FFh, 0FFh, 0FFh, 5, 0FFh, 0FFh, 0FFh
seg000:A76E                 db 2, 0FFh, 0FFh, 0FFh, 14h, 0FFh, 0FFh, 0FFh, 6, 0FFh
seg000:A778                 db 0FFh, 0FFh, 90h, 0FFh, 0FFh, 0FFh, 12h, 0FFh, 0FFh
seg000:A781                 db 0FFh, 0FFh, 7, 0FFh, 0FFh, 0FFh, 0FFh, 0FFh, 8, 0FFh
seg000:A78B                 db 0FFh, 0FFh, 0FFh, 0FFh, 0FFh, 0FFh, 0FFh, 0FFh, 0FFh
seg000:A794                 db 0FFh, 0FFh
seg000:A796
seg000:A796 ; =============== S U B R O U T I N E =======================================
seg000:A796
seg000:A796
seg000:A796 apply_damage_to_boss proc near
seg000:A796                 mov     ax, boss_hp
seg000:A799                 sub     ax, bx
seg000:A79B                 jnb     short loc_A79F
seg000:A79D                 xor     ax, ax
seg000:A79F
seg000:A79F loc_A79F:
seg000:A79F                 mov     boss_hp, ax
seg000:A7A2                 mov     bx, ax
seg000:A7A4                 push    ax
seg000:A7A5                 call    word ptr cs:200Ch ; Draw_Boss_Health_proc
seg000:A7AA                 pop     ax
seg000:A7AB                 or      ax, ax
seg000:A7AD                 jz      short loc_A7B0
seg000:A7AF                 retn
seg000:A7B0 ; ---------------------------------------------------------------------------
seg000:A7B0
seg000:A7B0 loc_A7B0:
seg000:A7B0                 test    byte ptr ds:0FF2Eh, 0FFh
seg000:A7B5                 jz      short loc_A7B8
seg000:A7B7                 retn
seg000:A7B8 ; ---------------------------------------------------------------------------
seg000:A7B8
seg000:A7B8 loc_A7B8:
seg000:A7B8                 mov     death_timer, 0
seg000:A7BD                 mov     byte ptr ds:0FF2Eh, 0FFh
seg000:A7C2                 retn
seg000:A7C2 apply_damage_to_boss endp
seg000:A7C2
seg000:A7C2 ; ---------------------------------------------------------------------------
seg000:A7C3 boss_x          dw 2Bh                  ; boss_state_block_ptr
seg000:A7C5 boss_y          db 0Ch
seg000:A7C6 boss_hp         dw 96h
seg000:A7C8 xp_reward       dw 78h
seg000:A7CA arena_center_x  db 0Ch
seg000:A7CB                 db    0
seg000:A7CC name_block_ptr  dw offset name_screen_x
seg000:A7CE almas_reward    db 150
seg000:A7CF                 db    0
seg000:A7D0 name_screen_x   db 10h
seg000:A7D1 name_screen_y   db 0BBh
seg000:A7D2                 db    0
seg000:A7D3 boss_name_pstring db 8,'Cangrejo'
seg000:A7DC active_sprite_count db 0
seg000:A7DD hit_monster_flags db 0                  ; Packed: bit 7 = hit monster was facing left (`flags & 0x10`); bits 4–0 = `ai_flags & 0x1F` of the monster that was hit this frame. Non-zero means a monster was struck; causes acid droplets to set their "flip" flag
seg000:A7DE body_anim_state db 0                    ; Selects which body column-layout table to use (0–8 → `col_layout_normal`; 9 → `col_layout_acid_drip`). Also drives leg-cycle animation: increments 0→5 when moving right, decrements 5→0 when moving left
seg000:A7DF col_y_render_offset db 0                ; Y-position offset cycled per outer row loop in `sub_A671`; produces the staggered vertical positioning of the 6 body rows
seg000:A7E0 movement_direction_flag db 0            ; `0x00` = moving toward minimum X (left); `0xFF` = moving toward maximum X (right). Toggled when a boundary is hit
seg000:A7E1 movement_tick_counter db 0
seg000:A7E2 phase_acid_dropping db 0                ; `0x00` = normal horizontal patrol; `0xFF` = acid-drop approach active
seg000:A7E3 acid_step_index db 0                    ; Step counter (1–8) into `acid_approach_body_states`; at 8 triggers `sub_A489` (release droplet)
seg000:A7E4 phase_recoil    db 0                    ; `0x00` = not recoiling; `0xFF` = post-drop recoil
seg000:A7E5 recoil_step_index db 0                  ; Step counter (0–3) into `recoil_body_states`; at 4 clears `phase_recoil`
seg000:A7E6 phase_placing_droplet db 0              ; `0x00` = idle; `0xFF` = boss has committed to a drop position
seg000:A7E7 descent_seq_index db 0                  ; Index into `acid_descent_sequence` (`byte_A5F9`); advances each tick until `0xFF`
seg000:A7E8 phase_spawning_droplet db 0             ; `0x00` = no active spawn; `0xFF` = acid droplet is being spawned
seg000:A7E9 spawn_seq_index db 0                    ; Index into `acid_droplet_spawn_sequence` (`byte_A5B6`); advances each tick
seg000:A7EA droplet_target_x dw 0                   ; Absolute X tile coordinate where the acid droplet will be placed (set to `boss_x + 4` when the drop triggers)
seg000:A7EC droplet_target_y db 0                   ; Y tile coordinate for the droplet; initialized to `boss_y + 3`, then incremented each spawn tick as the droplet "falls"
seg000:A7ED death_timer     db 0                    ; Counts up from 0 during the death sequence. `< 20`: hit-flash and sound effect every other frame; `20–39`: body holds damaged pose; `≥ 40`: sets `byte_FF30 = 0xFF` (triggers `fight.bin` victory / XP award logic)
seg000:A7ED seg000          ends
seg000:A7ED
seg000:A7ED
seg000:A7ED                 end
