seg000:A000 ;
seg000:A000 ; +-------------------------------------------------------------------------+
seg000:A000 ; |      This file was generated by The Interactive Disassembler (IDA)      |
seg000:A000 ; |           Copyright (c) 2026 Hex-Rays, <support@hex-rays.com>           |
seg000:A000 ; |                      License info: 48-2137-ACAB-69                      |
seg000:A000 ; |                             hi@hex-rays.com                             |
seg000:A000 ; +-------------------------------------------------------------------------+
seg000:A000 ;
seg000:A000 ; Input SHA256 : 9458DC890242B299C495074B6FCE43542B5BBA73609A151B05A91E28FE6C4E98
seg000:A000 ; Input MD5    : 52C12D0EE8702796B5AC37F52E12E6F1
seg000:A000 ; Input CRC32  : E744E6AE
seg000:A000
seg000:A000 ; File Name   : /home/brox/Projects/zeliard/WORK/drugpro.bin
seg000:A000 ; Format      : Binary file
seg000:A000 ; Base Address: 0000h Range: 0000h - 1226h Loaded length: 1226h
seg000:A000
seg000:A000                 .286
seg000:A000                 .model small
seg000:A000
seg000:A000 ; ===========================================================================
seg000:A000
seg000:A000 ; Segment type: Pure code
seg000:A000 seg000          segment byte public 'CODE'
seg000:A000                 assume cs:seg000
seg000:A000                 ;org 0A000h
seg000:A000                 assume es:nothing, ss:nothing, ds:seg000
seg000:A000                 dw offset sub_A004
seg000:A002                 dw offset sub_A644
seg000:A004
seg000:A004 ; =============== S U B R O U T I N E =======================================
seg000:A004
seg000:A004
seg000:A004 sub_A004        proc near
seg000:A004                 mov     es, word ptr ds:0FF2Ch ; seg1
seg000:A008                 mov     di, 8000h
seg000:A00B                 mov     si, offset vfs_drug_grp
seg000:A00E                 mov     al, 2
seg000:A010                 call    word ptr cs:10Ch ; res_dispatcher_proc
seg000:A015                 push    ds
seg000:A016                 mov     ds, word ptr cs:0FF2Ch ; seg1
seg000:A01B                 mov     si, 8000h
seg000:A01E                 mov     cx, 100h
seg000:A021                 call    word ptr cs:2044h ; Reassemble_3_Planes_To_Packed_Bitmap_proc
seg000:A026                 pop     ds
seg000:A027                 mov     byte ptr ds:0FF4Eh, 0 ; dialog_cursor_x
seg000:A02C                 mov     byte ptr ds:0FF4Fh, 0 ; dialog_scroll_counter
seg000:A031                 mov     byte ptr unk_B217, 0
seg000:A036                 call    word ptr cs:2002h ; Clear_Viewport_proc
seg000:A03B                 call    word ptr cs:2012h ; Clear_Place_Enemy_Bar_proc
seg000:A040                 mov     si, offset unk_A81C
seg000:A043                 call    word ptr cs:2010h ; Render_Pascal_String_1_proc
seg000:A048                 call    sub_A08C
seg000:A04B                 push    cs
seg000:A04C                 pop     es
seg000:A04D                 assume es:nothing
seg000:A04D                 mov     bl, ds:0C006h   ; town_id
seg000:A051                 dec     bl
seg000:A053                 add     bl, bl
seg000:A055                 xor     bh, bh
seg000:A057                 mov     si, prices_by_town[bx]
seg000:A05B                 mov     di, offset byte_B1F6
seg000:A05E                 mov     cx, 12
seg000:A061                 rep movsw
seg000:A063                 call    sub_A5BF
seg000:A066                 mov     bx, 0D60h
seg000:A069                 mov     cx, 3637h
seg000:A06C                 mov     al, 0FFh
seg000:A06E                 call    word ptr cs:2000h ; Draw_Bordered_Rectangle_proc
seg000:A073                 mov     word ptr ds:0FF4Ch, offset aOh ; dialog_string_ptr
seg000:A079
seg000:A079 loc_A079:                               ;
seg000:A079                 call    word ptr cs:6004h ; render_menu_dialog_proc
seg000:A07E                 cmp     al, 0FFh
seg000:A080                 jz      short loc_A087
seg000:A082                 call    sub_A0B8
seg000:A085                 jmp     short loc_A079
seg000:A087 ; ---------------------------------------------------------------------------
seg000:A087
seg000:A087 loc_A087:                               ;
seg000:A087                 jmp     word ptr cs:2040h ; Fade_To_Black_Dithered_proc
seg000:A087 sub_A004        endp
seg000:A087
seg000:A08C
seg000:A08C ; =============== S U B R O U T I N E =======================================
seg000:A08C
seg000:A08C
seg000:A08C sub_A08C        proc near
seg000:A08C                 mov     si, 0C9h        ; muralla_magic_items_inventory_bitmask
seg000:A08F                 mov     al, ds:0C006h   ; town_id
seg000:A092                 dec     al
seg000:A094                 xor     ah, ah
seg000:A096                 add     si, ax
seg000:A098                 mov     dl, [si]
seg000:A09A                 push    cs
seg000:A09B                 pop     es
seg000:A09C                 mov     di, offset byte_B20F
seg000:A09F                 xor     dh, dh
seg000:A0A1                 mov     cx, 8
seg000:A0A4
seg000:A0A4 loc_A0A4:
seg000:A0A4                 add     dl, dl
seg000:A0A6                 jnb     short loc_A0B1
seg000:A0A8                 mov     al, cl
seg000:A0AA                 neg     al
seg000:A0AC                 add     al, 8
seg000:A0AE                 stosb
seg000:A0AF                 inc     dh
seg000:A0B1
seg000:A0B1 loc_A0B1:
seg000:A0B1                 loop    loc_A0A4
seg000:A0B3                 mov     byte ptr unk_B20E, dh
seg000:A0B7                 retn
seg000:A0B7 sub_A08C        endp
seg000:A0B7
seg000:A0B8
seg000:A0B8 ; =============== S U B R O U T I N E =======================================
seg000:A0B8
seg000:A0B8
seg000:A0B8 sub_A0B8        proc near
seg000:A0B8
seg000:A0B8 ; FUNCTION CHUNK AT seg000:A0D5 SIZE 00000037 BYTES
seg000:A0B8 ; FUNCTION CHUNK AT seg000:A18D SIZE 00000307 BYTES
seg000:A0B8 ; FUNCTION CHUNK AT seg000:A4BA SIZE 000000F8 BYTES
seg000:A0B8
seg000:A0B8                 mov     bl, al
seg000:A0BA                 xor     bh, bh
seg000:A0BC                 add     bx, bx          ; switch 9 cases
seg000:A0BE                 jmp     cs:jpt_A0BE[bx] ; switch jump
seg000:A0BE sub_A0B8        endp
seg000:A0BE
seg000:A0BE ; ---------------------------------------------------------------------------
seg000:A0C3 jpt_A0BE        dw offset loc_A0D5      ; jump table for switch statement
seg000:A0C5                 dw offset loc_A0EB
seg000:A0C7                 dw offset loc_A10C
seg000:A0C9                 dw offset loc_A18D
seg000:A0CB                 dw offset loc_A1AA
seg000:A0CD                 dw offset loc_A300
seg000:A0CF                 dw offset loc_A4BA
seg000:A0D1                 dw offset loc_A100
seg000:A0D3                 dw offset loc_A106
seg000:A0D5 ; ---------------------------------------------------------------------------
seg000:A0D5 ; START OF FUNCTION CHUNK FOR sub_A0B8
seg000:A0D5
seg000:A0D5 loc_A0D5:                               ;
seg000:A0D5                 mov     byte ptr ds:0FF1Ah, 0 ; frame_timer
seg000:A0DA
seg000:A0DA loc_A0DA:
seg000:A0DA                 call    sub_A644
seg000:A0DD                 cmp     byte ptr ds:0FF1Ah, 80 ; frame_timer
seg000:A0E2                 jb      short loc_A0DA
seg000:A0E4                 mov     si, offset byte_A745
seg000:A0E7                 call    sub_A708
seg000:A0EA                 retn
seg000:A0EB ; ---------------------------------------------------------------------------
seg000:A0EB
seg000:A0EB loc_A0EB:                               ;
seg000:A0EB                 mov     byte ptr ds:0FF1Ah, 0 ; frame_timer
seg000:A0F0
seg000:A0F0 loc_A0F0:
seg000:A0F0                 call    sub_A644
seg000:A0F3                 cmp     byte ptr ds:0FF1Ah, 80 ; frame_timer
seg000:A0F8                 jb      short loc_A0F0
seg000:A0FA                 mov     si, offset byte_A74F
seg000:A0FD                 jmp     sub_A708
seg000:A100 ; ---------------------------------------------------------------------------
seg000:A100
seg000:A100 loc_A100:                               ; jumptable 0000A0BE case 7
seg000:A100                 mov     si, offset byte_A759
seg000:A103                 jmp     sub_A708
seg000:A106 ; ---------------------------------------------------------------------------
seg000:A106
seg000:A106 loc_A106:                               ; jumptable 0000A0BE case 8
seg000:A106                 mov     si, offset byte_A761
seg000:A109                 jmp     sub_A708
seg000:A109 ; END OF FUNCTION CHUNK FOR sub_A0B8
seg000:A10C ; ---------------------------------------------------------------------------
seg000:A10C
seg000:A10C loc_A10C:                               ; jumptable 0000A0BE case 2
seg000:A10C                 call    sub_A5B2
seg000:A10F                 mov     bx, 2722h
seg000:A112                 mov     cx, 1C2Dh
seg000:A115                 mov     al, 0FFh
seg000:A117                 call    word ptr cs:2000h ; Draw_Bordered_Rectangle_proc
seg000:A11C                 mov     word ptr ds:0FF54h, 2725h ; menu_base_addr
seg000:A122                 mov     byte ptr ds:0FF52h, 4 ; menu_item_count
seg000:A127                 mov     byte ptr ds:0FF53h, 4 ; menu_max_items
seg000:A12C                 mov     cx, 4
seg000:A12F                 mov     si, offset aGoOutside ; "Go outside"
seg000:A132                 call    word ptr cs:600Eh ; render_menu_string_list_proc
seg000:A137                 mov     byte ptr ds:0FF56h, 0 ; menu_cursor_pos
seg000:A13C                 mov     bl, byte ptr unk_B217
seg000:A140                 call    word ptr cs:6010h ; select_from_menu_proc
seg000:A145                 jnb     short loc_A149
seg000:A147                 xor     bl, bl
seg000:A149
seg000:A149 loc_A149:
seg000:A149                 mov     byte ptr unk_B217, bl
seg000:A14D                 xor     bh, bh
seg000:A14F                 add     bx, bx          ; switch 4 cases
seg000:A151                 jmp     jpt_A151[bx]    ; switch jump
seg000:A151 ; ---------------------------------------------------------------------------
seg000:A155 jpt_A151        dw offset loc_A15D      ; jump table for switch statement
seg000:A157                 dw offset loc_A167
seg000:A159                 dw offset loc_A16E
seg000:A15B                 dw offset loc_A186
seg000:A15D ; ---------------------------------------------------------------------------
seg000:A15D
seg000:A15D loc_A15D:                               ; jumptable 0000A151 case 0
seg000:A15D                 call    sub_A5B2
seg000:A160                 mov     word ptr ds:0FF4Ch, offset unk_AB0E ; dialog_string_ptr
seg000:A166                 retn
seg000:A167 ; ---------------------------------------------------------------------------
seg000:A167
seg000:A167 loc_A167:                               ;
seg000:A167                 mov     word ptr ds:0FF4Ch, offset unk_A88C ; dialog_string_ptr
seg000:A16D                 retn
seg000:A16E ; ---------------------------------------------------------------------------
seg000:A16E
seg000:A16E loc_A16E:                               ; jumptable 0000A151 case 2
seg000:A16E                 call    sub_A49C
seg000:A171                 mov     word ptr ds:0FF4Ch, offset unk_A98D ; dialog_string_ptr
seg000:A177                 test    byte ptr ds:0FF53h, 0FFh ; menu_max_items
seg000:A17C                 jz      short loc_A17F
seg000:A17E                 retn
seg000:A17F ; ---------------------------------------------------------------------------
seg000:A17F
seg000:A17F loc_A17F:                               ;
seg000:A17F                 mov     word ptr ds:0FF4Ch, offset unk_AA79 ; dialog_string_ptr
seg000:A185                 retn
seg000:A186 ; ---------------------------------------------------------------------------
seg000:A186
seg000:A186 loc_A186:                               ;
seg000:A186                 mov     word ptr ds:0FF4Ch, offset unk_AAA6 ; dialog_string_ptr
seg000:A18C                 retn
seg000:A18D ; ---------------------------------------------------------------------------
seg000:A18D ; START OF FUNCTION CHUNK FOR sub_A0B8
seg000:A18D
seg000:A18D loc_A18D:                               ; jumptable 0000A0BE case 3
seg000:A18D                 push    cs
seg000:A18E                 pop     es
seg000:A18F                 mov     si, offset byte_B20F
seg000:A192                 mov     di, 0FF58h      ; byte_FF58
seg000:A195                 mov     cx, 8
seg000:A198                 rep movsb
seg000:A19A                 mov     al, byte ptr unk_B20E
seg000:A19D                 mov     ds:0FF53h, al   ; menu_max_items
seg000:A1A0                 mov     byte ptr ds:0FF56h, 0 ; menu_cursor_pos
seg000:A1A5                 mov     byte ptr unk_B218, 0
seg000:A1AA
seg000:A1AA loc_A1AA:                               ; jumptable 0000A0BE case 4
seg000:A1AA                 mov     al, byte ptr unk_B20E
seg000:A1AD                 mov     ds:0FF53h, al   ; menu_max_items
seg000:A1B0                 cmp     al, 3
seg000:A1B2                 jb      short loc_A1B6
seg000:A1B4                 mov     al, 3
seg000:A1B6
seg000:A1B6 loc_A1B6:                               ;
seg000:A1B6                 mov     ds:0FF52h, al   ; menu_item_count
seg000:A1B9                 mov     bx, 156Eh
seg000:A1BC                 mov     cx, 2524h
seg000:A1BF                 mov     al, 0FFh
seg000:A1C1                 call    word ptr cs:2000h ; Draw_Bordered_Rectangle_proc
seg000:A1C6                 mov     byte ptr ds:0FF57h, 0FFh ; menu_digits_render_flag
seg000:A1CB                 mov     word ptr ds:0FF54h, 1571h ; menu_base_addr
seg000:A1D1                 mov     word ptr ds:0FF6Ah, 33 ; string_width_bytes
seg000:A1D7                 mov     word ptr ds:0FF68h, 23 ; numeric_display_x_offset
seg000:A1DD                 mov     si, offset off_B08A ; "Ken\\ko Potion"
seg000:A1E0                 mov     di, offset byte_B1F6
seg000:A1E3                 mov     cl, ds:0FF52h   ; menu_item_count
seg000:A1E7                 xor     ch, ch
seg000:A1E9                 mov     al, ds:0FF56h   ; menu_cursor_pos
seg000:A1EC                 call    word ptr cs:6012h ; render_menu_list_scrolling_proc
seg000:A1F1                 mov     bl, byte ptr unk_B218
seg000:A1F5                 call    word ptr cs:6010h ; select_from_menu_proc
seg000:A1FA                 jnb     short loc_A203
seg000:A1FC                 mov     word ptr ds:0FF4Ch, offset unk_A965 ; dialog_string_ptr
seg000:A202                 retn
seg000:A203 ; ---------------------------------------------------------------------------
seg000:A203
seg000:A203 loc_A203:
seg000:A203                 mov     byte ptr unk_B218, bl
seg000:A207                 mov     al, bl
seg000:A209                 add     al, ds:0FF56h   ; menu_cursor_pos
seg000:A20D                 mov     bx, 0FF58h      ; byte_FF58
seg000:A210                 xlat
seg000:A211                 push    ax
seg000:A212                 mov     word ptr ds:0FF4Ch, offset unk_A8C4 ; dialog_string_ptr
seg000:A218                 call    word ptr cs:6004h ; render_menu_dialog_proc
seg000:A21D                 pop     ax
seg000:A21E                 push    ax
seg000:A21F                 mov     si, ds:0FF4Ch   ; dialog_string_ptr
seg000:A223                 push    si
seg000:A224                 xor     ah, ah
seg000:A226                 add     ax, ax
seg000:A228                 mov     bx, ax
seg000:A22A                 mov     ax, off_B08A[bx] ; "Ken\\ko Potion"
seg000:A22E                 mov     ds:0FF4Ch, ax   ; dialog_string_ptr
seg000:A231                 call    word ptr cs:6004h ; render_menu_dialog_proc
seg000:A236                 pop     si
seg000:A237                 mov     ds:0FF4Ch, si   ; dialog_string_ptr
seg000:A23B                 call    word ptr cs:6004h ; render_menu_dialog_proc
seg000:A240                 pop     ax
seg000:A241                 push    ax
seg000:A242                 xor     ah, ah
seg000:A244                 mov     bx, ax
seg000:A246                 add     ax, ax
seg000:A248                 add     ax, bx
seg000:A24A                 mov     si, offset byte_B1F6
seg000:A24D                 add     si, ax
seg000:A24F                 mov     dl, [si]
seg000:A251                 mov     ax, [si+1]
seg000:A254                 mov     byte ptr unk_B21B, dl
seg000:A258                 mov     word ptr unk_B21C, ax
seg000:A25B                 call    word ptr cs:600Ah ; check_gold_sufficient_proc
seg000:A260                 pop     bx
seg000:A261                 mov     word ptr ds:0FF4Ch, offset aYouHaveNoMoney ; dialog_string_ptr
seg000:A267                 jb      short loc_A2BE
seg000:A269                 push    dx
seg000:A26A                 push    ax
seg000:A26B                 mov     si, 0A6h        ; magic_items
seg000:A26E                 mov     cx, 5
seg000:A271
seg000:A271 loc_A271:
seg000:A271                 test    byte ptr [si], 0FFh
seg000:A274                 jz      short loc_A282
seg000:A276                 inc     si
seg000:A277                 loop    loc_A271
seg000:A279                 pop     ax
seg000:A27A                 pop     dx
seg000:A27B                 mov     word ptr ds:0FF4Ch, offset aYouCanTPossibl ; dialog_string_ptr
seg000:A281                 retn
seg000:A282 ; ---------------------------------------------------------------------------
seg000:A282
seg000:A282 loc_A282:
seg000:A282                 pop     ax
seg000:A283                 pop     dx
seg000:A284                 mov     ds:85h, dl      ; hero_gold_hi
seg000:A288                 mov     ds:86h, ax      ; hero_gold_lo
seg000:A28B                 inc     bl
seg000:A28D                 mov     [si], bl
seg000:A28F                 mov     word ptr ds:0FF4Ch, offset aThatWillBe ; dialog_string_ptr
seg000:A295                 call    word ptr cs:6004h ; render_menu_dialog_proc
seg000:A29A                 mov     dl, byte ptr unk_B21B
seg000:A29E                 mov     ax, word ptr unk_B21C
seg000:A2A1                 mov     di, offset unk_B21E
seg000:A2A4                 call    word ptr cs:6006h ; convert_ax_to_decimal_proc
seg000:A2A9                 mov     si, ds:0FF4Ch   ; dialog_string_ptr
seg000:A2AD                 push    si
seg000:A2AE                 mov     word ptr ds:0FF4Ch, offset unk_B21E ; dialog_string_ptr
seg000:A2B4                 call    word ptr cs:6004h ; render_menu_dialog_proc
seg000:A2B9                 pop     si
seg000:A2BA                 mov     ds:0FF4Ch, si   ; dialog_string_ptr
seg000:A2BE
seg000:A2BE loc_A2BE:                               ;
seg000:A2BE                 call    word ptr cs:6004h ; render_menu_dialog_proc
seg000:A2C3                 call    word ptr cs:2016h ; Print_Gold_Decimal_proc
seg000:A2C8                 mov     word ptr ds:0FF4Ch, offset unk_A909 ; dialog_string_ptr
seg000:A2CE                 call    word ptr cs:6004h ; render_menu_dialog_proc
seg000:A2D3                 mov     bx, 2F2Bh
seg000:A2D6                 mov     cx, 0C19h
seg000:A2D9                 mov     al, 0FFh
seg000:A2DB                 call    word ptr cs:2000h ; Draw_Bordered_Rectangle_proc
seg000:A2E0                 mov     word ptr ds:0FF54h, 302Eh ; menu_base_addr
seg000:A2E6                 call    word ptr cs:6008h ; show_yes_no_dialog_proc
seg000:A2EB                 pushf
seg000:A2EC                 call    sub_A5B2
seg000:A2EF                 popf
seg000:A2F0                 mov     word ptr ds:0FF4Ch, offset unk_A8A8 ; dialog_string_ptr
seg000:A2F6                 jb      short loc_A2F9
seg000:A2F8                 retn
seg000:A2F9 ; ---------------------------------------------------------------------------
seg000:A2F9
seg000:A2F9 loc_A2F9:                               ;
seg000:A2F9                 mov     word ptr ds:0FF4Ch, offset unk_A965 ; dialog_string_ptr
seg000:A2FF                 retn
seg000:A300 ; ---------------------------------------------------------------------------
seg000:A300
seg000:A300 loc_A300:                               ; jumptable 0000A0BE case 5
seg000:A300                 call    sub_A49C
seg000:A303                 mov     byte ptr ds:0FF56h, 0 ; menu_cursor_pos
seg000:A308                 mov     al, ds:0FF53h   ; menu_max_items
seg000:A30B                 cmp     al, 2
seg000:A30D                 jb      short loc_A311
seg000:A30F                 mov     al, 2
seg000:A311
seg000:A311 loc_A311:                               ;
seg000:A311                 mov     ds:0FF52h, al   ; menu_item_count
seg000:A314                 mov     bx, 1778h
seg000:A317                 mov     cx, 211Ah
seg000:A31A                 mov     al, 0FFh
seg000:A31C                 call    word ptr cs:2000h ; Draw_Bordered_Rectangle_proc
seg000:A321                 mov     byte ptr ds:0FF57h, 0 ; menu_digits_render_flag
seg000:A326                 mov     word ptr ds:0FF54h, 197Bh ; menu_base_addr
seg000:A32C                 mov     word ptr ds:0FF6Ah, 25 ; string_width_bytes
seg000:A332                 mov     si, offset off_B08A ; "Ken\\ko Potion"
seg000:A335                 mov     cl, ds:0FF52h   ; menu_item_count
seg000:A339                 xor     ch, ch
seg000:A33B                 mov     al, ds:0FF56h   ; menu_cursor_pos
seg000:A33E                 call    word ptr cs:6012h ; render_menu_list_scrolling_proc
seg000:A343                 xor     bl, bl
seg000:A345                 call    word ptr cs:6010h ; select_from_menu_proc
seg000:A34A                 jnb     short loc_A353
seg000:A34C                 mov     word ptr ds:0FF4Ch, offset unk_A965 ; dialog_string_ptr
seg000:A352                 retn
seg000:A353 ; ---------------------------------------------------------------------------
seg000:A353
seg000:A353 loc_A353:
seg000:A353                 mov     byte ptr unk_B218, bl
seg000:A357                 mov     word ptr ds:0FF4Ch, offset unk_A8D7 ; dialog_string_ptr
seg000:A35D                 call    word ptr cs:6004h ; render_menu_dialog_proc
seg000:A362                 mov     al, byte ptr unk_B218
seg000:A365                 add     al, ds:0FF56h   ; menu_cursor_pos
seg000:A369                 mov     bx, 0FF58h      ; byte_FF58
seg000:A36C                 xlat
seg000:A36D                 push    ax
seg000:A36E                 mov     si, ds:0FF4Ch   ; dialog_string_ptr
seg000:A372                 push    si
seg000:A373                 xor     ah, ah
seg000:A375                 add     ax, ax
seg000:A377                 mov     bx, ax
seg000:A379                 mov     ax, off_B08A[bx] ; "Ken\\ko Potion"
seg000:A37D                 mov     ds:0FF4Ch, ax   ; dialog_string_ptr
seg000:A380                 call    word ptr cs:6004h ; render_menu_dialog_proc
seg000:A385                 pop     si
seg000:A386                 mov     ds:0FF4Ch, si   ; dialog_string_ptr
seg000:A38A                 call    word ptr cs:6004h ; render_menu_dialog_proc
seg000:A38F                 pop     ax
seg000:A390                 mov     cl, 3
seg000:A392                 mul     cl
seg000:A394                 mov     bx, offset byte_B1F6
seg000:A397                 add     bx, ax
seg000:A399                 mov     dl, [bx]
seg000:A39B                 mov     ax, [bx+1]
seg000:A39E                 shr     dl, 1
seg000:A3A0                 rcr     ax, 1
seg000:A3A2                 mov     byte ptr unk_B21B, dl
seg000:A3A6                 mov     word ptr unk_B21C, ax
seg000:A3A9                 push    ax
seg000:A3AA                 push    dx
seg000:A3AB                 mov     word ptr ds:0FF4Ch, offset aILlGiveYou ; dialog_string_ptr
seg000:A3B1                 call    word ptr cs:6004h ; render_menu_dialog_proc
seg000:A3B6                 pop     dx
seg000:A3B7                 pop     ax
seg000:A3B8                 mov     di, offset unk_B21E
seg000:A3BB                 call    word ptr cs:6006h ; convert_ax_to_decimal_proc
seg000:A3C0                 mov     si, ds:0FF4Ch   ; dialog_string_ptr
seg000:A3C4                 push    si
seg000:A3C5                 mov     word ptr ds:0FF4Ch, offset unk_B21E ; dialog_string_ptr
seg000:A3CB                 call    word ptr cs:6004h ; render_menu_dialog_proc
seg000:A3D0                 pop     si
seg000:A3D1                 mov     ds:0FF4Ch, si   ; dialog_string_ptr
seg000:A3D5                 call    word ptr cs:6004h ; render_menu_dialog_proc
seg000:A3DA                 mov     bx, 3421h
seg000:A3DD                 mov     cx, 0C19h
seg000:A3E0                 mov     al, 0FFh
seg000:A3E2                 call    word ptr cs:2000h ; Draw_Bordered_Rectangle_proc
seg000:A3E7                 mov     word ptr ds:0FF54h, 3524h ; menu_base_addr
seg000:A3ED                 call    word ptr cs:6008h ; show_yes_no_dialog_proc
seg000:A3F2                 mov     word ptr ds:0FF4Ch, offset unk_A9FE ; dialog_string_ptr
seg000:A3F8                 jnb     short loc_A3FB
seg000:A3FA                 retn
seg000:A3FB ; ---------------------------------------------------------------------------
seg000:A3FB
seg000:A3FB loc_A3FB:
seg000:A3FB                 mov     dl, byte ptr unk_B21B
seg000:A3FF                 mov     ax, word ptr unk_B21C
seg000:A402                 call    word ptr cs:600Ch ; add_gold_to_hero_proc
seg000:A407                 mov     word ptr ds:0FF4Ch, offset unk_A9AD ; dialog_string_ptr
seg000:A40D                 call    word ptr cs:6004h ; render_menu_dialog_proc
seg000:A412                 mov     al, byte ptr unk_B218
seg000:A415                 add     al, ds:0FF56h   ; menu_cursor_pos
seg000:A419                 mov     bx, 0FF58h      ; byte_FF58
seg000:A41C                 xlat
seg000:A41D                 inc     al
seg000:A41F                 mov     si, 0A6h        ; magic_items
seg000:A422                 mov     cx, 5
seg000:A425
seg000:A425 loc_A425:
seg000:A425                 cmp     al, [si]
seg000:A427                 jz      short loc_A42C
seg000:A429                 inc     si
seg000:A42A                 loop    loc_A425
seg000:A42C
seg000:A42C loc_A42C:
seg000:A42C                 mov     byte ptr [si], 0
seg000:A42F                 dec     al
seg000:A431                 xor     ah, ah
seg000:A433                 push    ax
seg000:A434                 mov     al, ds:0C006h   ; town_id
seg000:A437                 dec     al
seg000:A439                 mov     si, 0C9h        ; muralla_magic_items_inventory_bitmask
seg000:A43C                 add     si, ax
seg000:A43E                 pop     ax
seg000:A43F                 mov     di, offset byte_A494
seg000:A442                 add     di, ax
seg000:A444                 mov     al, [di]
seg000:A446                 or      [si], al
seg000:A448                 call    word ptr cs:2016h ; Print_Gold_Decimal_proc
seg000:A44D                 call    sub_A49C
seg000:A450                 mov     word ptr ds:0FF4Ch, offset aIsThereSomethi ; dialog_string_ptr
seg000:A456                 test    byte ptr ds:0FF53h, 0FFh ; menu_max_items
seg000:A45B                 jnz     short loc_A45E
seg000:A45D                 retn
seg000:A45E ; ---------------------------------------------------------------------------
seg000:A45E
seg000:A45E loc_A45E:                               ;
seg000:A45E                 mov     word ptr ds:0FF4Ch, offset aDoYouHaveAnyth ; dialog_string_ptr
seg000:A464                 call    word ptr cs:6004h ; render_menu_dialog_proc
seg000:A469                 mov     bx, 2F2Bh
seg000:A46C                 mov     cx, 0C19h
seg000:A46F                 mov     al, 0FFh
seg000:A471                 call    word ptr cs:2000h ; Draw_Bordered_Rectangle_proc
seg000:A476                 mov     word ptr ds:0FF54h, 302Eh ; menu_base_addr
seg000:A47C                 call    word ptr cs:6008h ; show_yes_no_dialog_proc
seg000:A481                 mov     word ptr ds:0FF4Ch, offset unk_A965 ; dialog_string_ptr
seg000:A487                 jnb     short loc_A48A
seg000:A489                 retn
seg000:A48A ; ---------------------------------------------------------------------------
seg000:A48A
seg000:A48A loc_A48A:
seg000:A48A                 call    sub_A5B2
seg000:A48D                 mov     word ptr ds:0FF4Ch, offset unk_A98D ; dialog_string_ptr
seg000:A493                 retn
seg000:A493 ; END OF FUNCTION CHUNK FOR sub_A0B8
seg000:A493 ; ---------------------------------------------------------------------------
seg000:A494 byte_A494       db 80h, 40h, 20h, 10h, 8, 4, 2, 1
seg000:A49C
seg000:A49C ; =============== S U B R O U T I N E =======================================
seg000:A49C
seg000:A49C
seg000:A49C sub_A49C        proc near
seg000:A49C                 push    cs
seg000:A49D                 pop     es
seg000:A49E                 mov     si, 0A6h        ; magic_items
seg000:A4A1                 mov     di, 0FF58h      ; byte_FF58
seg000:A4A4                 mov     cx, 5
seg000:A4A7                 xor     dl, dl
seg000:A4A9
seg000:A4A9 loc_A4A9:
seg000:A4A9                 lodsb
seg000:A4AA                 or      al, al
seg000:A4AC                 jz      short loc_A4B3
seg000:A4AE                 dec     al
seg000:A4B0                 stosb
seg000:A4B1                 inc     dl
seg000:A4B3
seg000:A4B3 loc_A4B3:
seg000:A4B3                 loop    loc_A4A9
seg000:A4B5                 mov     ds:0FF53h, dl   ; menu_max_items
seg000:A4B9                 retn
seg000:A4B9 sub_A49C        endp
seg000:A4B9
seg000:A4BA ; ---------------------------------------------------------------------------
seg000:A4BA ; START OF FUNCTION CHUNK FOR sub_A0B8
seg000:A4BA
seg000:A4BA loc_A4BA:                               ; jumptable 0000A0BE case 6
seg000:A4BA                 mov     byte ptr unk_B218, 0
seg000:A4BF                 mov     byte ptr ds:0FF56h, 0 ; menu_cursor_pos
seg000:A4C4
seg000:A4C4 loc_A4C4:
seg000:A4C4                 push    cs
seg000:A4C5                 pop     es
seg000:A4C6                 mov     si, offset byte_B20F
seg000:A4C9                 mov     di, 0FF58h      ; byte_FF58
seg000:A4CC                 mov     cx, 8
seg000:A4CF                 rep movsb
seg000:A4D1                 mov     al, byte ptr unk_B20E
seg000:A4D4                 mov     ds:0FF53h, al   ; menu_max_items
seg000:A4D7                 mov     al, ds:0FF53h   ; menu_max_items
seg000:A4DA                 cmp     al, 2
seg000:A4DC                 jb      short loc_A4E0
seg000:A4DE                 mov     al, 2
seg000:A4E0
seg000:A4E0 loc_A4E0:                               ;
seg000:A4E0                 mov     ds:0FF52h, al   ; menu_item_count
seg000:A4E3                 mov     bx, 1778h
seg000:A4E6                 mov     cx, 211Ah
seg000:A4E9                 mov     al, 0FFh
seg000:A4EB                 call    word ptr cs:2000h ; Draw_Bordered_Rectangle_proc
seg000:A4F0                 mov     byte ptr ds:0FF57h, 0 ; menu_digits_render_flag
seg000:A4F5                 mov     word ptr ds:0FF54h, 197Bh ; menu_base_addr
seg000:A4FB                 mov     word ptr ds:0FF6Ah, 25 ; string_width_bytes
seg000:A501                 mov     si, offset off_B08A ; "Ken\\ko Potion"
seg000:A504                 mov     cl, ds:0FF52h   ; menu_item_count
seg000:A508                 xor     ch, ch
seg000:A50A                 mov     al, ds:0FF56h   ; menu_cursor_pos
seg000:A50D                 call    word ptr cs:6012h ; render_menu_list_scrolling_proc
seg000:A512                 mov     bl, byte ptr unk_B218
seg000:A516                 call    word ptr cs:6010h ; select_from_menu_proc
seg000:A51B                 jnb     short loc_A524
seg000:A51D                 mov     word ptr ds:0FF4Ch, offset unk_A965 ; dialog_string_ptr
seg000:A523                 retn
seg000:A524 ; ---------------------------------------------------------------------------
seg000:A524
seg000:A524 loc_A524:
seg000:A524                 mov     byte ptr unk_B218, bl
seg000:A528                 mov     word ptr ds:0FF4Ch, offset unk_AACA ; dialog_string_ptr
seg000:A52E                 call    word ptr cs:6004h ; render_menu_dialog_proc
seg000:A533                 mov     al, byte ptr unk_B218
seg000:A536                 add     al, ds:0FF56h   ; menu_cursor_pos
seg000:A53A                 mov     bx, 0FF58h      ; byte_FF58
seg000:A53D                 xlat
seg000:A53E                 push    ax
seg000:A53F                 mov     si, ds:0FF4Ch   ; dialog_string_ptr
seg000:A543                 push    si
seg000:A544                 xor     ah, ah
seg000:A546                 add     ax, ax
seg000:A548                 mov     bx, ax
seg000:A54A                 mov     ax, off_B08A[bx] ; "Ken\\ko Potion"
seg000:A54E                 mov     ds:0FF4Ch, ax   ; dialog_string_ptr
seg000:A551                 call    word ptr cs:6004h ; render_menu_dialog_proc
seg000:A556                 pop     si
seg000:A557                 mov     ds:0FF4Ch, si   ; dialog_string_ptr
seg000:A55B                 call    word ptr cs:6004h ; render_menu_dialog_proc
seg000:A560                 pop     ax
seg000:A561                 xor     ah, ah
seg000:A563                 add     ax, ax
seg000:A565                 mov     bx, ax
seg000:A567                 mov     ax, off_AB3A[bx] ; "Well, it\\s a special blend of yunkel f"...
seg000:A56B                 mov     ds:0FF4Ch, ax   ; dialog_string_ptr
seg000:A56E                 call    word ptr cs:6004h ; render_menu_dialog_proc
seg000:A573                 mov     word ptr ds:0FF4Ch, offset unk_AAE9 ; dialog_string_ptr
seg000:A579                 call    word ptr cs:6004h ; render_menu_dialog_proc
seg000:A57E                 mov     bx, 2F2Bh
seg000:A581                 mov     cx, 0C19h
seg000:A584                 mov     al, 0FFh
seg000:A586                 call    word ptr cs:2000h ; Draw_Bordered_Rectangle_proc
seg000:A58B                 mov     word ptr ds:0FF54h, 302Eh ; menu_base_addr
seg000:A591                 call    word ptr cs:6008h ; show_yes_no_dialog_proc
seg000:A596                 pushf
seg000:A597                 call    sub_A5B2
seg000:A59A                 popf
seg000:A59B                 mov     word ptr ds:0FF4Ch, offset unk_A965 ; dialog_string_ptr
seg000:A5A1                 jnb     short loc_A5A4
seg000:A5A3                 retn
seg000:A5A4 ; ---------------------------------------------------------------------------
seg000:A5A4
seg000:A5A4 loc_A5A4:                               ;
seg000:A5A4                 mov     word ptr ds:0FF4Ch, offset unk_AAA6 ; dialog_string_ptr
seg000:A5AA                 call    word ptr cs:6004h ; render_menu_dialog_proc
seg000:A5AF                 jmp     loc_A4C4
seg000:A5AF ; END OF FUNCTION CHUNK FOR sub_A0B8
seg000:A5B2
seg000:A5B2 ; =============== S U B R O U T I N E =======================================
seg000:A5B2
seg000:A5B2
seg000:A5B2 sub_A5B2        proc near
seg000:A5B2                 mov     bx, 2717h
seg000:A5B5                 mov     cx, 1D41h
seg000:A5B8                 xor     al, al
seg000:A5BA                 jmp     word ptr cs:2000h ; Draw_Bordered_Rectangle_proc
seg000:A5BA sub_A5B2        endp
seg000:A5BA
seg000:A5BF
seg000:A5BF ; =============== S U B R O U T I N E =======================================
seg000:A5BF
seg000:A5BF
seg000:A5BF sub_A5BF        proc near
seg000:A5BF                 mov     si, offset byte_A5E4
seg000:A5C2                 mov     bx, 717h
seg000:A5C5                 mov     cx, 8
seg000:A5C8
seg000:A5C8 loc_A5C8:
seg000:A5C8                 push    cx
seg000:A5C9                 mov     cx, 0Ch
seg000:A5CC
seg000:A5CC loc_A5CC:
seg000:A5CC                 push    cx
seg000:A5CD                 push    bx
seg000:A5CE                 lodsb
seg000:A5CF                 call    word ptr cs:3016h ; draw_tile_to_screen_proc
seg000:A5D4                 pop     bx
seg000:A5D5                 inc     bh
seg000:A5D7                 pop     cx
seg000:A5D8                 loop    loc_A5CC
seg000:A5DA                 sub     bh, 0Ch
seg000:A5DD                 add     bl, 8
seg000:A5E0                 pop     cx
seg000:A5E1                 loop    loc_A5C8
seg000:A5E3                 retn
seg000:A5E3 sub_A5BF        endp
seg000:A5E3
seg000:A5E3 ; ---------------------------------------------------------------------------
seg000:A5E4 byte_A5E4       db 0, 1, 2, 3, 4, 5, 1Ch, 1Dh, 1Eh, 1Fh, 20h, 21h, 6, 9
seg000:A5F2                 db 7Dh, 7Eh, 7Fh, 80h, 22h, 23h, 24h, 25h, 26h, 27h, 6
seg000:A5FD                 db 0Ah, 81h, 82h, 83h, 84h, 28h, 29h, 2Ah, 2Bh, 2Ch, 2Dh
seg000:A608                 db 6, 0Bh, 85h, 86h, 87h, 88h, 2Eh, 2Fh, 30h, 31h, 32h
seg000:A613                 db 33h, 6, 0Ch, 89h, 8Ah, 8Bh, 8Ch, 34h, 35h, 36h, 37h
seg000:A61E                 db 38h, 39h, 6, 0Dh, 8Dh, 8Eh, 8Fh, 90h, 3Ah, 3Bh, 3Ch
seg000:A629                 db 3Dh, 3Eh, 3Fh, 7, 0Eh, 91h, 92h, 93h, 94h, 10h, 11h
seg000:A634                 db 12h, 13h, 14h, 15h, 8, 0Fh, 95h, 96h, 97h, 98h, 16h
seg000:A63F                 db 17h, 18h, 19h, 1Ah, 1Bh
seg000:A644
seg000:A644 ; =============== S U B R O U T I N E =======================================
seg000:A644
seg000:A644
seg000:A644 sub_A644        proc near
seg000:A644                 cmp     word ptr ds:0FF50h, 2 ; tick_counter
seg000:A649                 jnb     short loc_A64C
seg000:A64B                 retn
seg000:A64C ; ---------------------------------------------------------------------------
seg000:A64C
seg000:A64C loc_A64C:                               ;
seg000:A64C                 mov     word ptr ds:0FF50h, 0 ; tick_counter
seg000:A652                 inc     byte ptr unk_B219
seg000:A656                 cmp     byte ptr unk_B219, 20
seg000:A65B                 jnb     short loc_A65E
seg000:A65D                 retn
seg000:A65E ; ---------------------------------------------------------------------------
seg000:A65E
seg000:A65E loc_A65E:
seg000:A65E                 mov     byte ptr unk_B219, 0
seg000:A663                 mov     al, byte ptr unk_B21A
seg000:A666                 inc     al
seg000:A668                 cmp     al, 3
seg000:A66A                 jb      short loc_A66E
seg000:A66C                 xor     al, al
seg000:A66E
seg000:A66E loc_A66E:
seg000:A66E                 mov     byte ptr unk_B21A, al
seg000:A671                 mov     cl, 24h ; '$'
seg000:A673                 mul     cl
seg000:A675                 mov     si, offset byte_A69C
seg000:A678                 add     si, ax
seg000:A67A                 mov     bx, 0D17h
seg000:A67D                 mov     cx, 6
seg000:A680
seg000:A680 loc_A680:
seg000:A680                 push    cx
seg000:A681                 mov     cx, 6
seg000:A684
seg000:A684 loc_A684:
seg000:A684                 push    cx
seg000:A685                 push    bx
seg000:A686                 lodsb
seg000:A687                 call    word ptr cs:3016h ; draw_tile_to_screen_proc
seg000:A68C                 pop     bx
seg000:A68D                 inc     bh
seg000:A68F                 pop     cx
seg000:A690                 loop    loc_A684
seg000:A692                 sub     bh, 6
seg000:A695                 add     bl, 8
seg000:A698                 pop     cx
seg000:A699                 loop    loc_A680
seg000:A69B                 retn
seg000:A69B sub_A644        endp
seg000:A69B
seg000:A69B ; ---------------------------------------------------------------------------
seg000:A69C byte_A69C       db 1Ch, 1Dh, 1Eh, 1Fh, 20h, 21h, 22h, 23h, 24h, 25h, 26h
seg000:A6A7                 db 27h, 28h, 29h, 2Ah, 2Bh, 2Ch, 2Dh, 2Eh, 2Fh, 30h, 31h
seg000:A6B2                 db 32h, 33h, 34h, 35h, 36h, 37h, 38h, 39h, 3Ah, 3Bh, 3Ch
seg000:A6BD                 db 3Dh, 3Eh, 3Fh, 5Fh, 60h, 61h, 62h, 63h, 64h, 65h, 66h
seg000:A6C8                 db 67h, 68h, 69h, 6Ah, 28h, 6Bh, 6Ch, 6Dh, 6Eh, 6Fh, 2Eh
seg000:A6D3                 db 70h, 30h, 31h, 52h, 33h, 71h, 72h, 73h, 74h, 75h, 76h
seg000:A6DE                 db 77h, 78h, 79h, 7Ah, 7Bh, 7Ch, 40h, 41h, 42h, 43h, 44h
seg000:A6E9                 db 45h, 46h, 47h, 48h, 49h, 4Ah, 4Bh, 28h, 4Ch, 4Dh, 4Eh
seg000:A6F4                 db 4Fh, 50h, 2Eh, 51h, 30h, 31h, 52h, 53h, 54h, 55h, 56h
seg000:A6FF                 db 37h, 57h, 58h, 59h, 5Ah, 5Bh, 5Ch, 5Dh, 5Eh
seg000:A708
seg000:A708 ; =============== S U B R O U T I N E =======================================
seg000:A708
seg000:A708
seg000:A708 sub_A708        proc near
seg000:A708                 mov     byte ptr ds:0FF1Ah, 0 ; frame_timer
seg000:A70D                 lodsw
seg000:A70E                 cmp     ax, 0FFFFh
seg000:A711                 jnz     short loc_A714
seg000:A713                 retn
seg000:A714 ; ---------------------------------------------------------------------------
seg000:A714
seg000:A714 loc_A714:
seg000:A714                 push    si
seg000:A715                 mov     si, ax
seg000:A717                 mov     bx, 91Fh
seg000:A71A                 mov     cx, 7
seg000:A71D
seg000:A71D loc_A71D:
seg000:A71D                 push    cx
seg000:A71E                 mov     cx, 4
seg000:A721
seg000:A721 loc_A721:
seg000:A721                 push    cx
seg000:A722                 push    bx
seg000:A723                 lodsb
seg000:A724                 call    word ptr cs:3016h ; draw_tile_to_screen_proc
seg000:A729                 pop     bx
seg000:A72A                 inc     bh
seg000:A72C                 pop     cx
seg000:A72D                 loop    loc_A721
seg000:A72F                 sub     bh, 4
seg000:A732                 add     bl, 8
seg000:A735                 pop     cx
seg000:A736                 loop    loc_A71D
seg000:A738
seg000:A738 loc_A738:
seg000:A738                 call    sub_A644
seg000:A73B                 cmp     byte ptr ds:0FF1Ah, 40 ; frame_timer
seg000:A740                 jb      short loc_A738
seg000:A742                 pop     si
seg000:A743                 jmp     short sub_A708
seg000:A743 sub_A708        endp
seg000:A743
seg000:A743 ; ---------------------------------------------------------------------------
seg000:A745 byte_A745       db 69h, 0A7h, 85h, 0A7h, 0A1h, 0A7h, 0BDh, 0A7h, 0FFh
seg000:A74E                 db 0FFh
seg000:A74F byte_A74F       db 0BDh, 0A7h, 0A1h, 0A7h, 85h, 0A7h, 69h, 0A7h, 0FFh
seg000:A758                 db 0FFh
seg000:A759 byte_A759       db 0BDh, 0A7h, 0D9h, 0A7h, 0F5h, 0A7h, 0FFh, 0FFh
seg000:A761 byte_A761       db 0F5h, 0A7h, 0D9h, 0A7h, 0BDh, 0A7h, 0FFh, 0FFh, 7Dh
seg000:A76A                 db 7Eh, 7Fh, 80h, 81h, 82h, 83h, 84h, 85h, 86h, 87h, 88h
seg000:A775                 db 89h, 8Ah, 8Bh, 8Ch, 8Dh, 8Eh, 8Fh, 90h, 91h, 92h, 93h
seg000:A780                 db 94h, 95h, 96h, 97h, 98h, 99h, 9Ah, 7Fh, 80h, 9Bh, 9Ch
seg000:A78B                 db 83h, 84h, 9Dh, 9Eh, 9Fh, 88h, 0A0h, 0A1h, 0A2h, 0A3h
seg000:A795                 db 8Dh, 0A4h, 0A5h, 0A6h, 91h, 92h, 93h, 94h, 95h, 96h
seg000:A79F                 db 97h, 98h, 99h, 9Ah, 7Fh, 80h, 9Bh, 9Ch, 83h, 84h, 9Dh
seg000:A7AA                 db 9Eh, 9Fh, 88h, 0A0h, 0A1h, 0A2h, 0A3h, 8Dh, 0A4h, 0A5h
seg000:A7B4                 db 0A6h, 91h, 92h, 93h, 94h, 95h, 96h, 97h, 98h, 99h, 9Ah
seg000:A7BF                 db 0B8h, 0BFh, 0A7h, 0B3h, 0B9h, 0C0h, 85h, 0A9h, 0BAh
seg000:A7C8                 db 0C1h, 0ACh, 0B4h, 0BBh, 0C2h, 8Dh, 0B5h, 0BCh, 0C3h
seg000:A7D1                 db 91h, 0B6h, 0BDh, 0C4h, 95h, 0B7h, 0BEh, 0C5h, 99h, 9Ah
seg000:A7DB                 db 0C7h, 0C6h, 0A7h, 0CAh, 0C9h, 0C8h, 85h, 0A9h, 0CCh
seg000:A7E4                 db 0CBh, 0ACh, 0B4h, 0BBh, 0C2h, 8Dh, 0B5h, 0BCh, 0C3h
seg000:A7ED                 db 91h, 0B6h, 0BDh, 0C4h, 95h, 0B7h, 0BEh, 0C5h, 99h, 9Ah
seg000:A7F7                 db 0CEh, 0CDh, 0A7h, 0D1h, 0D0h, 0CFh, 85h, 0A9h, 0D3h
seg000:A800                 db 0D2h, 0ACh, 0B4h, 0BBh, 0C2h, 8Dh, 0B5h, 0BCh, 0C3h
seg000:A809                 db 91h, 0B6h, 0BDh, 0C4h, 95h, 0B7h, 0BEh, 0C5h
seg000:A811 vfs_drug_grp    db    1
seg000:A812                 db  18h
seg000:A813 aDrugGrp        db 'DRUG.GRP',0
seg000:A81C unk_A81C        db  0Eh
seg000:A81D                 db 0AFh
seg000:A81E                 db    0
seg000:A81F aWitchcraftImpl db 25,'Witchcraft Implement shop'
seg000:A839 aGoOutside      db 'Go outside',0
seg000:A844 aBuyItem        db 'Buy item',0
seg000:A84D aSellItem       db 'Sell item',0
seg000:A857 aDescriptionOfI db 'Description of item',0
seg000:A86B aOh             db 'Oh... '
seg000:A871                 db 0FFh
seg000:A872                 db    0
seg000:A873 aHelloCanIHelpY db 'hello, can I help you?/'
seg000:A88A                 db 0FFh
seg000:A88B                 db    2
seg000:A88C unk_A88C        db  0Ch
seg000:A88D aWhatAreYouLook_0 db 'What are you looking for?'
seg000:A8A6                 db 0FFh
seg000:A8A7                 db    3
seg000:A8A8 unk_A8A8        db  0Ch
seg000:A8A9 aWhatAreYouLook db 'What are you looking for?'
seg000:A8C2                 db 0FFh
seg000:A8C3                 db    4
seg000:A8C4 unk_A8C4        db  0Ch
seg000:A8C5 aYouDLikeA      db 'You\d like a '
seg000:A8D2                 db 0FFh
seg000:A8D3                 db    0
seg000:A8D4                 db './'
seg000:A8D6                 db 0FFh
seg000:A8D7 unk_A8D7        db  0Ch
seg000:A8D8 aYouDLikeToSell db 'You\d like to sell a '
seg000:A8ED                 db 0FFh
seg000:A8EE                 db    0
seg000:A8EF                 db './'
seg000:A8F1                 db 0FFh
seg000:A8F2 aThatWillBe     db 'That will be '
seg000:A8FF                 db 0FFh
seg000:A900                 db    0
seg000:A901 aGolds          db '&golds.'
seg000:A908                 db 0FFh
seg000:A909 unk_A909        db  0Dh
seg000:A90A aWillThereBeSom db 'Will there be something else?'
seg000:A927                 db 0FFh
seg000:A928 aYouHaveNoMoney db 'You have no money, sir.'
seg000:A93F                 db 0FFh
seg000:A940 aYouCanTPossibl db 'You can\t possibly carry any more./'
seg000:A963                 db 0FFh
seg000:A964                 db    2
seg000:A965 unk_A965        db  0Ch
seg000:A966 aIsThereSomethi db 'Is there something I&can do for you?/'
seg000:A98B                 db 0FFh
seg000:A98C                 db    2
seg000:A98D unk_A98D        db  0Ch
seg000:A98E aWhatWouldYouLi db 'What would you like to sell?/'
seg000:A9AB                 db 0FFh
seg000:A9AC                 db    5
seg000:A9AD unk_A9AD        db  0Ch
seg000:A9AE aThankYouVeryMu db 'Thank you very much./'
seg000:A9C3                 db 0FFh
seg000:A9C4 aILlGiveYou     db 'I\ll give you '
seg000:A9D2                 db 0FFh
seg000:A9D3                 db    0
seg000:A9D4 aGoldsForThatWi db '&golds for that./Will that be all right?'
seg000:A9FC                 db 0FFh
seg000:A9FD                 db    0
seg000:A9FE unk_A9FE        db  0Ch
seg000:A9FF aOhISeeWellThat db 'Oh, I&see. Well, that\s the best I&can do. I\m sorry it is\t sati'
seg000:AA40                 db 'sfactory.'
seg000:AA49                 db 0FFh
seg000:AA4A                 db    2
seg000:AA4B aDoYouHaveAnyth db 'Do you have anything else you\d like to sell?'
seg000:AA78                 db 0FFh
seg000:AA79 unk_AA79        db  0Ch
seg000:AA7A aYouArenTCarryi db 'You aren\t carrying any magic items, sir./'
seg000:AAA4                 db 0FFh
seg000:AAA5                 db    2
seg000:AAA6 unk_AAA6        db  0Ch
seg000:AAA7 aWhichItemCanIT db 'Which item can I tell you about?/'
seg000:AAC8                 db 0FFh
seg000:AAC9                 db    6
seg000:AACA unk_AACA        db  0Ch
seg000:AACB aYouReIntereste db 'You\re interested in the '
seg000:AAE4                 db 0FFh
seg000:AAE5                 db    0
seg000:AAE6                 db './'
seg000:AAE8                 db 0FFh
seg000:AAE9 unk_AAE9        db  0Ch
seg000:AAEA aCanITellYouAbo db 'Can I tell you about anything else?'
seg000:AB0D                 db 0FFh
seg000:AB0E unk_AB0E        db  0Ch
seg000:AB0F                 db 0FFh
seg000:AB10                 db    7
seg000:AB11 aThankYouSir    db 'Thank you, sir. '
seg000:AB21                 db 0FFh
seg000:AB22                 db    8
seg000:AB23 aPleaseComeAgai db 'Please come again.'
seg000:AB35                 db 0FFh
seg000:AB36                 db    1
seg000:AB37                 db  11h
seg000:AB38                 db 0FFh
seg000:AB39                 db 0FFh
seg000:AB3A off_AB3A        dw offset aWellItSASpecia ; "Well, it\\s a special blend of yunkel f"...
seg000:AB3C                 dw offset aThisIsTheFruit ; "This is the fruit of the Juu-en tree wh"...
seg000:AB3E                 dw offset aThisPotionIsMa ; "This potion is made from the broth of m"...
seg000:AB40                 dw offset aThisIsMadeFrom ; "This is made from a mixture of the powd"...
seg000:AB42                 dw offset aThisStoneProte ; "This stone protects the aura that livin"...
seg000:AB44                 dw offset aThisIsALiquifi ; "This is a liquified metal made from mer"...
seg000:AB46                 dw offset aHmmIDonTKnowMu ; "Hmm... I don\\t know much about this on"...
seg000:AB48                 dw offset aThisFeatherRem ; "This feather remembers the voice of the"...
seg000:AB4A aWellItSASpecia db 'Well, it\s a special blend of yunkel fruit and ripodi leaf./It\s '
seg000:AB8B                 db 'low in price and as a mild health tonic, it\s perfect.'
seg000:ABC1                 db  11h
seg000:ABC2                 db  0Ch
seg000:ABC3                 db 0FFh
seg000:ABC4                 db 0FFh
seg000:ABC5 aThisIsTheFruit db 'This is the fruit of the Juu-en tree which bears only once every '
seg000:AC06                 db 'ten years./The price is a bit high, but it provides excellent rel'
seg000:AC47                 db 'ief from wounds and exhaustion -- it\s quite a bit better than th'
seg000:AC88                 db 'e Ken\ko potion.'
seg000:AC98                 db  11h
seg000:AC99                 db  0Ch
seg000:AC9A                 db 0FFh
seg000:AC9B                 db 0FFh
seg000:AC9C aThisPotionIsMa db 'This potion is made from the broth of mistletoe simmered on the n'
seg000:ACDD                 db 'ight of a full moon./It restores magical powers. It\s very bitter'
seg000:AD1E                 db ', but the price is low.'
seg000:AD35                 db  11h
seg000:AD36                 db  0Ch
seg000:AD37                 db 0FFh
seg000:AD38                 db 0FFh
seg000:AD39 aThisIsMadeFrom db 'This is made from a mixture of the powdered dragon scales and cru'
seg000:AD7A                 db 'shed Wise Man\s Stone steamed for one hundred days./It will fully'
seg000:ADBB                 db ' restore your magical powers. The price, however..... is high.'
seg000:ADF9                 db  11h
seg000:ADFA                 db  0Ch
seg000:ADFB                 db 0FFh
seg000:ADFC                 db 0FFh
seg000:ADFD aThisStoneProte db 'This stone protects the aura that living beings exude./It surroun'
seg000:AE3E                 db 'ds the aura to prevent interference from other auras and acts as '
seg000:AE7F                 db 'a protection against enemy attacks.'
seg000:AEA2                 db  11h
seg000:AEA3                 db  0Ch
seg000:AEA4                 db 0FFh
seg000:AEA5                 db 0FFh
seg000:AEA6 aThisIsALiquifi db 'This is a liquified metal made from mercury and iron./If you pain'
seg000:AEE7                 db 't it on a shield weakened by battle, the shield will regain its o'
seg000:AF28                 db 'riginal strength.'
seg000:AF39                 db  11h
seg000:AF3A                 db  0Ch
seg000:AF3B                 db 0FFh
seg000:AF3C                 db 0FFh
seg000:AF3D aHmmIDonTKnowMu db 'Hmm... I don\t know much about this one, but I do know that it in'
seg000:AF7E                 db 'creases the offensive power of a sword./Don\t worry, it hasn\t ki'
seg000:AFBF                 db 'lled anyone yet.'
seg000:AFCF                 db  11h
seg000:AFD0                 db  0Ch
seg000:AFD1                 db 0FFh
seg000:AFD2                 db 0FFh
seg000:AFD3 aThisFeatherRem db 'This feather remembers the voice of the last wise man who spoke t'
seg000:B014                 db 'o you./If you hold it in your right hand and swing it once, you\l'
seg000:B055                 db 'l return to him. It\s never failed anyone I know.'
seg000:B086                 db  11h
seg000:B087                 db  0Ch
seg000:B088                 db 0FFh
seg000:B089                 db 0FFh
seg000:B08A off_B08A        dw offset aKenKoPotion  ; "Ken\\ko Potion"
seg000:B08C                 dw offset aJuuEnFruit   ; "Juu-en Fruit"
seg000:B08E                 dw offset aElixirOfKashi ; "Elixir of Kashi"
seg000:B090                 dw offset aChikaraPowder ; "Chikara Powder"
seg000:B092                 dw offset aMagiaStone   ; "Magia Stone"
seg000:B094                 dw offset aHolyWaterOfAce ; "Holy Water of Acero"
seg000:B096                 dw offset aSabreOil     ; "Sabre Oil"
seg000:B098                 dw offset aKiokuFeather ; "Kioku Feather"
seg000:B09A aKenKoPotion    db 'Ken\ko Potion',0
seg000:B0A8 aJuuEnFruit     db 'Juu-en Fruit',0
seg000:B0B5 aElixirOfKashi  db 'Elixir of Kashi',0
seg000:B0C5 aChikaraPowder  db 'Chikara Powder',0
seg000:B0D4 aMagiaStone     db 'Magia Stone',0
seg000:B0E0 aHolyWaterOfAce db 'Holy Water of Acero',0
seg000:B0F4 aSabreOil       db 'Sabre Oil',0
seg000:B0FE aKiokuFeather   db 'Kioku Feather',0
seg000:B10C prices_by_town  dw offset muralla_prices
seg000:B10E                 dw offset satono_prices
seg000:B110                 dw offset bosque_prices
seg000:B112                 dw offset hellada_prices
seg000:B114                 dw offset tumba_prices
seg000:B116                 dw offset dorado_prices
seg000:B118                 dw offset llama_prices
seg000:B11A                 dw offset pureza_prices
seg000:B11C                 dw offset esco_prices
seg000:B11E muralla_prices  db 0
seg000:B11F                 dw 50
seg000:B121                 db 0
seg000:B122                 dw 240
seg000:B124                 db 0
seg000:B125                 dw 60
seg000:B127                 db 0
seg000:B128                 dw 320
seg000:B12A                 db 0
seg000:B12B                 dw 1000
seg000:B12D                 db 0
seg000:B12E                 dw 100
seg000:B130                 db 0
seg000:B131                 dw 1200
seg000:B133                 db 0
seg000:B134                 dw 350
seg000:B136 satono_prices   db 0
seg000:B137                 dw 50
seg000:B139                 db 0
seg000:B13A                 dw 240
seg000:B13C                 db 0
seg000:B13D                 dw 60
seg000:B13F                 db 0
seg000:B140                 dw 320
seg000:B142                 db 0
seg000:B143                 dw 1000
seg000:B145                 db 0
seg000:B146                 dw 100
seg000:B148                 db 0
seg000:B149                 dw 1200
seg000:B14B                 db 0
seg000:B14C                 dw 350
seg000:B14E bosque_prices   db 0
seg000:B14F                 dw 50
seg000:B151                 db 0
seg000:B152                 dw 240
seg000:B154                 db 0
seg000:B155                 dw 60
seg000:B157                 db 0
seg000:B158                 dw 320
seg000:B15A                 db 0
seg000:B15B                 dw 1500
seg000:B15D                 db 0
seg000:B15E                 dw 100
seg000:B160                 db 0
seg000:B161                 dw 1200
seg000:B163                 db 0
seg000:B164                 dw 350
seg000:B166 hellada_prices  db 0
seg000:B167                 dw 50
seg000:B169                 db 0
seg000:B16A                 dw 300
seg000:B16C                 db 0
seg000:B16D                 dw 120
seg000:B16F                 db 0
seg000:B170                 dw 320
seg000:B172                 db 0
seg000:B173                 dw 1500
seg000:B175                 db 0
seg000:B176                 dw 100
seg000:B178                 db 0
seg000:B179                 dw 1200
seg000:B17B                 db 0
seg000:B17C                 dw 350
seg000:B17E tumba_prices    db 0
seg000:B17F                 dw 5
seg000:B181                 db 0
seg000:B182                 dw 600
seg000:B184                 db 0
seg000:B185                 dw 240
seg000:B187                 db 0
seg000:B188                 dw 480
seg000:B18A                 db 0
seg000:B18B                 dw 2000
seg000:B18D                 db 0
seg000:B18E                 dw 200
seg000:B190                 db 0
seg000:B191                 dw 2000
seg000:B193                 db 0
seg000:B194                 dw 350
seg000:B196 dorado_prices   db 0
seg000:B197                 dw 5
seg000:B199                 db 0
seg000:B19A                 dw 600
seg000:B19C                 db 0
seg000:B19D                 dw 240
seg000:B19F                 db 0
seg000:B1A0                 dw 480
seg000:B1A2                 db 0
seg000:B1A3                 dw 2000
seg000:B1A5                 db 0
seg000:B1A6                 dw 200
seg000:B1A8                 db 0
seg000:B1A9                 dw 2000
seg000:B1AB                 db 0
seg000:B1AC                 dw 350
seg000:B1AE llama_prices    db 0
seg000:B1AF                 dw 5
seg000:B1B1                 db 0
seg000:B1B2                 dw 900
seg000:B1B4                 db 0
seg000:B1B5                 dw 360
seg000:B1B7                 db 0
seg000:B1B8                 dw 960
seg000:B1BA                 db 0
seg000:B1BB                 dw 2500
seg000:B1BD                 db 0
seg000:B1BE                 dw 400
seg000:B1C0                 db 0
seg000:B1C1                 dw 2400
seg000:B1C3                 db 0
seg000:B1C4                 dw 350
seg000:B1C6 pureza_prices   db 0
seg000:B1C7                 dw 5
seg000:B1C9                 db 0
seg000:B1CA                 dw 900
seg000:B1CC                 db 0
seg000:B1CD                 dw 360
seg000:B1CF                 db 0
seg000:B1D0                 dw 960
seg000:B1D2                 db 0
seg000:B1D3                 dw 2500
seg000:B1D5                 db 0
seg000:B1D6                 dw 400
seg000:B1D8                 db 0
seg000:B1D9                 dw 2400
seg000:B1DB                 db 0
seg000:B1DC                 dw 350
seg000:B1DE esco_prices     db 0
seg000:B1DF                 dw 2
seg000:B1E1                 db 0
seg000:B1E2                 dw 200
seg000:B1E4                 db 0
seg000:B1E5                 dw 40
seg000:B1E7                 db 0
seg000:B1E8                 dw 280
seg000:B1EA                 db 0
seg000:B1EB                 dw 800
seg000:B1ED                 db 0
seg000:B1EE                 dw 80
seg000:B1F0                 db 0
seg000:B1F1                 dw 1000
seg000:B1F3                 db 0
seg000:B1F4                 dw 150
seg000:B1F6 byte_B1F6       db 24 dup(0)
seg000:B20E unk_B20E        db    0
seg000:B20F byte_B20F       db 8 dup(0)
seg000:B217 unk_B217        db    0
seg000:B218 unk_B218        db    0
seg000:B219 unk_B219        db    0
seg000:B21A unk_B21A        db    0
seg000:B21B unk_B21B        db    0
seg000:B21C unk_B21C        db    0
seg000:B21D                 db    0
seg000:B21E unk_B21E        db    0
seg000:B21F                 db    0
seg000:B220                 db    0
seg000:B221                 db    0
seg000:B222                 db    0
seg000:B223                 db    0
seg000:B224                 db    0
seg000:B225                 db    0
seg000:B225 seg000          ends
seg000:B225
seg000:B225
seg000:B225                 end
