fight:6000 ;
fight:6000 ; +-------------------------------------------------------------------------+
fight:6000 ; |      This file was generated by The Interactive Disassembler (IDA)      |
fight:6000 ; |           Copyright (c) 2026 Hex-Rays, <support@hex-rays.com>           |
fight:6000 ; |                      License info: 48-2137-ACAB-69                      |
fight:6000 ; |                             hi@hex-rays.com                             |
fight:6000 ; +-------------------------------------------------------------------------+
fight:6000 ;
fight:6000 ; Input SHA256 : 68F1ADB689C1A30DA0D0E7CCCD5631E82B424176AA8D83562DB22A39E2EA7D15
fight:6000 ; Input MD5    : 3A45FB6D83C1753DCC1751A23E2080D8
fight:6000 ; Input CRC32  : AB9E1499
fight:6000
fight:6000
fight:6000                 .286
fight:6000                 .model small
fight:6000
fight:6000 ; ===========================================================================
fight:6000
seg001:A000 ; File Name   : /home/brox/Projects/zeliard/WORK/EAI1.BIN
seg001:A000 ; Format      : Binary file
seg001:A000 ; Base Address: 0000h Range: 0000h - 0737h Loaded length: 0737h
seg001:A000 ; ===========================================================================
seg001:A000
seg001:A000 ; Segment type: Pure code
seg001:A000 seg001          segment byte public 'CODE'
seg001:A000                 assume cs:seg001
seg001:A000                 ;org 0A000h
seg001:A000                 assume es:nothing, ss:nothing, ds:seg001
seg001:A000 Monster_AI_proc dw offset Monster_AI
seg001:A002 word_A002       dw 0
seg001:A004                 db    0
seg001:A005                 db    0
seg001:A006 death_split_table_ptr dw offset death_split_descriptors
seg001:A008                 db    3
seg001:A009                 db    2
seg001:A00A                 db    5
seg001:A00B                 db    3
seg001:A00C                 db    0
seg001:A00D                 db    0
seg001:A00E                 db    0
seg001:A00F                 db    0
seg001:A010 word_A010       dw 505h
seg001:A012                 db  0Fh
seg001:A013                 db    8
seg001:A014                 db    0
seg001:A015                 db    0
seg001:A016                 db    0
seg001:A017                 db    0
seg001:A018                 db    0
seg001:A019                 db    0
seg001:A01A                 db    0
seg001:A01B                 db    0
seg001:A01C                 db    0
seg001:A01D                 db    0
seg001:A01E                 db    0
seg001:A01F                 db    0
seg001:A020                 db    0
seg001:A021                 db    0
seg001:A022                 db    0
seg001:A023                 db    0
seg001:A024                 db    0
seg001:A025                 db    0
seg001:A026                 db    0
seg001:A027                 db    0
seg001:A028                 db    0
seg001:A029                 db    0
seg001:A02A                 db    0
seg001:A02B                 db    0
seg001:A02C                 db    0
seg001:A02D                 db    0
seg001:A02E                 db    0
seg001:A02F                 db    0
seg001:A030                 dw offset slug_walk_right_frames
seg001:A032                 dw offset bat_fly_frames
seg001:A034                 dw offset frog_jump_right_frames
seg001:A036                 dw offset rat_run_right_frames
seg001:A038                 db    0
seg001:A039                 db    0
seg001:A03A                 db    0
seg001:A03B                 db    0
seg001:A03C                 db    0
seg001:A03D                 db    0
seg001:A03E                 db    0
seg001:A03F                 db    0
seg001:A040                 dw offset slug_idle_frames_set0
seg001:A042                 dw offset slug_idle_frames_set1
seg001:A044                 dw offset slug_idle_frames_set2
seg001:A046                 dw offset slug_idle_frames_set3
seg001:A048                 db    0
seg001:A049                 db    0
seg001:A04A                 db    0
seg001:A04B                 db    0
seg001:A04C                 db    0
seg001:A04D                 db    0
seg001:A04E                 db    0
seg001:A04F                 db    0
seg001:A050                 dw offset bat_dive_frames
seg001:A052                 dw offset bat_dive_frames
seg001:A054                 dw offset common_death_frames
seg001:A056                 dw offset frog_land_frames
seg001:A058                 dw offset common_hit_frames
seg001:A05A                 dw offset common_hit_frames_alt
seg001:A05C                 dw offset rat_obstacle_frames
seg001:A05E                 db    0
seg001:A05F                 db    0
seg001:A060                 dw offset rat_jump_up_frames
seg001:A062                 dw offset rat_jump_up_frames_alt
seg001:A064                 db    0
seg001:A065                 db    0
seg001:A066                 db    0
seg001:A067                 db    0
seg001:A068                 db    0
seg001:A069                 db    0
seg001:A06A                 db    0
seg001:A06B                 db    0
seg001:A06C                 db    0
seg001:A06D                 db    0
seg001:A06E                 db    0
seg001:A06F                 db    0
seg001:A070                 dw offset slug_walk_right_alt_frames
seg001:A072                 dw offset bat_fly_alt_frames
seg001:A074                 dw offset frog_jump_left_frames
seg001:A076                 dw offset rat_run_left_frames
seg001:A078                 db    0
seg001:A079                 db    0
seg001:A07A                 db    0
seg001:A07B                 db    0
seg001:A07C                 db    0
seg001:A07D                 db    0
seg001:A07E                 db    0
seg001:A07F                 db    0
seg001:A080                 dw offset slug_idle_frames_set0
seg001:A082                 dw offset slug_idle_frames_set1
seg001:A084                 dw offset slug_idle_frames_set2
seg001:A086                 dw offset slug_idle_frames_set3
seg001:A088                 db    0
seg001:A089                 db    0
seg001:A08A                 db    0
seg001:A08B                 db    0
seg001:A08C                 db    0
seg001:A08D                 db    0
seg001:A08E                 db    0
seg001:A08F                 db    0
seg001:A090                 dw offset bat_dive_frames
seg001:A092                 dw offset bat_dive_frames
seg001:A094                 dw offset common_death_frames
seg001:A096                 dw offset frog_land_frames
seg001:A098                 dw offset common_hit_frames
seg001:A09A                 dw offset common_hit_frames_alt
seg001:A09C                 dw offset rat_obstacle_frames
seg001:A09E                 db    0
seg001:A09F                 db    0
seg001:A0A0                 dw offset rat_jump_up_frames
seg001:A0A2                 dw offset rat_jump_up_frames_alt
seg001:A0A4                 db    0
seg001:A0A5                 db    0
seg001:A0A6                 db    0
seg001:A0A7                 db    0
seg001:A0A8                 db    0
seg001:A0A9                 db    0
seg001:A0AA                 db    0
seg001:A0AB                 db    0
seg001:A0AC                 db    0
seg001:A0AD                 db    0
seg001:A0AE                 db    0
seg001:A0AF                 db    0
seg001:A0B0 slug_walk_right_frames db 0, 19h, 1Ah, 1Bh, 1Ch ; ...
seg001:A0B5                 db 0, 1Dh, 1Eh, 1Fh, 20h
seg001:A0BA                 db 0, 21h, 22h, 23h, 24h
seg001:A0BF                 db 0, 25h, 26h, 27h, 28h
seg001:A0C4                 db 0, 29h, 2Ah, 2Bh, 2Ch
seg001:A0C9                 db 0, 2Dh, 2Eh, 2Fh, 30h
seg001:A0CE                 db 0, 31h, 32h, 33h, 34h
seg001:A0D3 slug_walk_right_alt_frames db 0, 19h, 1Ah, 1Bh, 1Ch ; ...
seg001:A0D8                 db 0, 35h, 36h, 37h, 38h
seg001:A0DD                 db 0, 39h, 3Ah, 3Bh, 3Ch
seg001:A0E2                 db 0, 3Dh, 3Eh, 3Fh, 40h
seg001:A0E7                 db 0, 41h, 42h, 43h, 44h
seg001:A0EC                 db 0, 45h, 46h, 47h, 48h
seg001:A0F1                 db 0, 49h, 4Ah, 4Bh, 4Ch
seg001:A0F6 bat_fly_frames  db 0, 4Dh, 0, 4Fh, 50h  ; ...
seg001:A0FB                 db 0, 51h, 0, 52h, 53h
seg001:A100                 db 0, 54h, 55h, 4Fh, 50h
seg001:A105                 db 0, 56h, 57h, 58h, 59h
seg001:A10A bat_fly_alt_frames db 0, 0, 5Bh, 5Ch, 5Dh ; ...
seg001:A10F                 db 0, 0, 5Eh, 5Fh, 60h
seg001:A114                 db 0, 61h, 62h, 5Ch, 5Dh
seg001:A119                 db 0, 63h, 64h, 65h, 66h
seg001:A11E frog_jump_right_frames db 0, 75h, 76h, 77h, 78h ; ...
seg001:A123                 db 0, 75h, 76h, 79h, 78h
seg001:A128                 db 0, 7Ah, 7Bh, 7Ch, 7Dh
seg001:A12D                 db 0, 7Eh, 7Bh, 7Fh, 80h
seg001:A132                 db 0, 81h, 82h, 83h, 84h
seg001:A137                 db 0, 85h, 86h, 87h, 88h
seg001:A13C                 db 0, 89h, 8Ah, 8Bh, 8Ch
seg001:A141 frog_jump_left_frames db 0, 8Dh, 8Eh, 8Fh, 90h ; ...
seg001:A146                 db 0, 8Dh, 8Eh, 8Fh, 91h
seg001:A14B                 db 0, 92h, 93h, 94h, 95h
seg001:A150                 db 0, 92h, 96h, 97h, 98h
seg001:A155                 db 0, 99h, 9Ah, 9Bh, 9Ch
seg001:A15A                 db 0, 9Dh, 9Eh, 9Fh, 0A0h
seg001:A15F                 db 0, 0A1h, 0A2h, 0A3h, 0A4h
seg001:A164 rat_run_right_frames db 0, 67h, 68h, 69h, 6Ah ; ...
seg001:A169                 db 0, 6Bh, 6Ch, 6Dh, 6Eh
seg001:A16E                 db 0, 6Fh, 70h, 71h, 72h
seg001:A173                 db 0, 73h, 74h, 0E0h, 0E1h
seg001:A178                 db 0, 0F2h, 0F3h, 0F4h, 0F5h
seg001:A17D                 db 0, 0F6h, 0F7h, 0F4h, 0F5h
seg001:A182 rat_run_left_frames db 0, 0E2h, 0E3h, 0E4h, 0E5h ; ...
seg001:A187                 db 0, 0E6h, 0E7h, 0E8h, 0E9h
seg001:A18C                 db 0, 0EAh, 0EBh, 0ECh, 0EDh
seg001:A191                 db 0, 0EEh, 0EFh, 0F0h, 0F1h
seg001:A196                 db 0, 0F2h, 0F3h, 0F4h, 0F5h
seg001:A19B                 db 0, 0F6h, 0F7h, 0F4h, 0F5h
seg001:A1A0 slug_idle_frames_set0 db 0, 0A5h, 0A6h, 0A7h, 0A8h ; ...
seg001:A1A5                 db 0, 0A9h, 0AAh, 0ABh, 0ACh
seg001:A1AA                 db 0, 0ADh, 0AEh, 0AFh, 0B0h
seg001:A1AF slug_idle_frames_set1 db 0, 0B1h, 0B2h, 0B3h, 0B4h ; ...
seg001:A1B4                 db 0, 0B5h, 0B6h, 0B7h, 0B8h
seg001:A1B9                 db 0, 0B9h, 0BAh, 0BBh, 0BCh
seg001:A1BE slug_idle_frames_set2 db 0, 0BDh, 0BEh, 0BFh, 0C0h ; ...
seg001:A1C3                 db 0, 0C1h, 0C2h, 0C3h, 0C4h
seg001:A1C8                 db 0, 0, 0, 0C7h, 0C8h
seg001:A1CD slug_idle_frames_set3 db 0, 0F8h, 0F9h, 0FAh, 0FBh ; ...
seg001:A1D2                 db 0, 0FCh, 0FDh, 5Ah, 4Eh
seg001:A1D7                 db 0, 0, 0, 0C5h, 0C6h
seg001:A1DC common_death_frames db 1, 1, 2, 3, 4    ; ...
seg001:A1E1                 db 1, 5, 6, 7, 8
seg001:A1E6                 db 1, 9, 0Ah, 0Bh, 0Ch
seg001:A1EB common_hit_frames db 0, 0Dh, 0Eh, 0Fh, 10h ; ...
seg001:A1F0                 db 0, 11h, 12h, 13h, 14h
seg001:A1F5                 db 0, 15h, 16h, 17h, 18h
seg001:A1FA                 db 0, 11h, 12h, 13h, 14h
seg001:A1FF common_hit_frames_alt db 2, 0Dh, 0Eh, 0Fh, 10h ; ...
seg001:A204                 db 2, 11h, 12h, 13h, 14h
seg001:A209                 db 2, 15h, 16h, 17h, 18h
seg001:A20E                 db 2, 11h, 12h, 13h, 14h
seg001:A213 frog_land_frames db 0, 0C9h, 0CAh, 0CBh, 0CCh ; ...
seg001:A218                 db 0, 0C9h, 0CAh, 0CBh, 0CCh
seg001:A21D rat_obstacle_frames db 1, 0CDh, 0CEh, 0CFh, 0D0h ; ...
seg001:A222 rat_jump_up_frames db 0, 0D1h, 0D2h, 0D3h, 0D4h ; ...
seg001:A227 rat_jump_up_frames_alt db 2, 0D1h, 0D2h, 0D3h, 0D4h ; ...
seg001:A22C bat_dive_frames db 1, 0D5h, 0D5h, 0D5h, 0D5h ; ...
seg001:A231                 db 1, 0D6h, 0D7h, 0D8h, 0D9h
seg001:A236                 db 1, 0DAh, 0DBh, 0DCh, 0DDh
seg001:A23B                 db 1, 0, 0, 0DEh, 0DFh
seg001:A240 death_split_descriptors dw offset slug_death_desc ; ...
seg001:A242                 dw offset frog_rat_death_desc
seg001:A244                 dw offset frog_rat_death_desc
seg001:A246                 dw offset bat_death_desc
seg001:A248 bat_death_desc  db 5, 0, 0, 0           ; ...
seg001:A24C slug_death_desc db 5, 4, 4, 0           ; ...
seg001:A250 frog_rat_death_desc db 4, 0, 4, 0       ; ...
seg001:A254
seg001:A254 ; =============== S U B R O U T I N E =======================================
seg001:A254
seg001:A254
seg001:A254 Monster_AI      proc near               ; ...
seg001:A254
seg001:A254 ; FUNCTION CHUNK AT seg001:A3E7 SIZE 00000101 BYTES
seg001:A254 ; FUNCTION CHUNK AT seg001:A517 SIZE 000001D9 BYTES
seg001:A254
seg001:A254                 mov     bl, [si+monster.flags]
seg001:A257                 and     bl, 0Fh
seg001:A25A                 xor     bh, bh
seg001:A25C                 add     bx, bx          ; switch 4 cases
seg001:A25E                 jmp     jpt_A25E[bx]    ; switch jump
seg001:A25E ; ---------------------------------------------------------------------------
seg001:A262 jpt_A25E        dw offset flags00       ; ...
seg001:A264                 dw offset flags01       ; jump table for switch statement
seg001:A266                 dw offset flags10
seg001:A268                 dw offset flags11
seg001:A26A ; ---------------------------------------------------------------------------
seg001:A26A
seg001:A26A flags00:                                ; ...
seg001:A26A                 call    cs:Check_Monster_Ids_Two_Rows_Below_Monster_proc ; jumptable 0000A25E case 0
seg001:A26F                 jnz     short loc_A276
seg001:A271                 jmp     cs:Check_Vertical_Distance_Between_Hero_And_Monster_proc
seg001:A276 ; ---------------------------------------------------------------------------
seg001:A276
seg001:A276 loc_A276:                               ; ...
seg001:A276                 test    [si+monster.hp], 0FFh
seg001:A27A                 jnz     short loc_A280
seg001:A27C                 mov     [si+monster.hp], 2
seg001:A280
seg001:A280 loc_A280:                               ; ...
seg001:A280                 test    [si+monster.ai_flags], 20h
seg001:A284                 jz      short loc_A28B
seg001:A286                 jmp     cs:Hero_Hits_monster_proc
seg001:A28B ; ---------------------------------------------------------------------------
seg001:A28B
seg001:A28B loc_A28B:                               ; ...
seg001:A28B                 mov     bl, [si+monster.ai_state]
seg001:A28E                 rol     bl, 1
seg001:A290                 rol     bl, 1
seg001:A292                 and     bl, 3
seg001:A295                 xor     bh, bh
seg001:A297                 add     bx, bx          ; switch 4 cases
seg001:A299                 jmp     jpt_A299[bx]    ; switch jump
seg001:A299 ; ---------------------------------------------------------------------------
seg001:A29D jpt_A299        dw offset ai_state_00   ; ...
seg001:A29F                 dw offset ai_state_40   ; jump table for switch statement
seg001:A2A1                 dw offset ai_state_80
seg001:A2A3                 dw offset ai_state_c0
seg001:A2A5 ; ---------------------------------------------------------------------------
seg001:A2A5
seg001:A2A5 ai_state_00:                            ; ...
seg001:A2A5                 call    cs:move_monster_N_proc ; jumptable 0000A299 case 0
seg001:A2AA                 test    [si+monster.anim_counter], 0FFh
seg001:A2AE                 jz      short loc_A2B5
seg001:A2B0                 sub     [si+monster.anim_counter], 10h
seg001:A2B4                 retn
seg001:A2B5 ; ---------------------------------------------------------------------------
seg001:A2B5
seg001:A2B5 loc_A2B5:                               ; ...
seg001:A2B5                 mov     al, [si+monster.m_x_rel]
seg001:A2B8                 sub     al, 17
seg001:A2BA                 cmp     al, 10
seg001:A2BC                 jb      short loc_A2C7
seg001:A2BE                 mov     al, 17
seg001:A2C0                 sub     al, [si+monster.m_x_rel]
seg001:A2C3                 cmp     al, 7
seg001:A2C5                 jnb     short loc_A2CB
seg001:A2C7
seg001:A2C7 loc_A2C7:                               ; ...
seg001:A2C7                 mov     [si+monster.ai_state], 40h ; '@'
seg001:A2CB
seg001:A2CB loc_A2CB:                               ; ...
seg001:A2CB                 mov     [si+monster.anim_counter], 0
seg001:A2CF                 retn
seg001:A2D0 ; ---------------------------------------------------------------------------
seg001:A2D0
seg001:A2D0 ai_state_40:                            ; ...
seg001:A2D0                 inc     [si+monster.anim_counter] ; jumptable 0000A299 case 1
seg001:A2D3                 and     [si+monster.anim_counter], 7
seg001:A2D7                 cmp     [si+monster.anim_counter], 3
seg001:A2DB                 jz      short loc_A2DE
seg001:A2DD                 retn
seg001:A2DE ; ---------------------------------------------------------------------------
seg001:A2DE
seg001:A2DE loc_A2DE:                               ; ...
seg001:A2DE                 mov     [si+monster.ai_state], 80h
seg001:A2E2                 retn
seg001:A2E3 ; ---------------------------------------------------------------------------
seg001:A2E3
seg001:A2E3 ai_state_80:                            ; ...
seg001:A2E3                 call    bat_step_throttle ; jumptable 0000A299 case 2
seg001:A2E6                 test    ds:hero_damage_this_frame, 0FFh
seg001:A2EB                 jz      short loc_A2F2
seg001:A2ED                 mov     [si+monster.ai_state], 0C0h
seg001:A2F1                 retn
seg001:A2F2 ; ---------------------------------------------------------------------------
seg001:A2F2
seg001:A2F2 loc_A2F2:                               ; ...
seg001:A2F2                 mov     al, ds:hero_y_absolute ; hero_y_absolute
seg001:A2F5                 sub     al, [si+monster.currY]
seg001:A2F8                 add     al, 21
seg001:A2FA                 and     al, 3Fh
seg001:A2FC                 cmp     al, 18
seg001:A2FE                 jb      short loc_A350
seg001:A300                 cmp     al, 24
seg001:A302                 jb      short loc_A32A
seg001:A304                 cmp     [si+monster.m_x_rel], 11h
seg001:A308                 jz      short loc_A376
seg001:A30A                 cmp     [si+monster.m_x_rel], 10h
seg001:A30E                 jz      short loc_A376
seg001:A310                 jnb     short loc_A31E
seg001:A312                 call    cs:move_monster_SE_proc
seg001:A317                 jb      short loc_A338
seg001:A319                 or      [si+monster.ai_flags], 80h
seg001:A31D                 retn
seg001:A31E ; ---------------------------------------------------------------------------
seg001:A31E
seg001:A31E loc_A31E:                               ; ...
seg001:A31E                 call    cs:move_monster_SW_proc
seg001:A323                 jb      short loc_A344
seg001:A325                 and     [si+monster.ai_flags], 7Fh
seg001:A329                 retn
seg001:A32A ; ---------------------------------------------------------------------------
seg001:A32A
seg001:A32A loc_A32A:                               ; ...
seg001:A32A                 cmp     [si+monster.m_x_rel], 11h
seg001:A32E                 jz      short loc_A376
seg001:A330                 cmp     [si+monster.m_x_rel], 10h
seg001:A334                 jz      short loc_A376
seg001:A336                 jnb     short loc_A344
seg001:A338
seg001:A338 loc_A338:                               ; ...
seg001:A338                 call    cs:move_monster_E_proc
seg001:A33D                 jb      short loc_A376
seg001:A33F                 or      [si+monster.ai_flags], 80h
seg001:A343                 retn
seg001:A344 ; ---------------------------------------------------------------------------
seg001:A344
seg001:A344 loc_A344:                               ; ...
seg001:A344                 call    cs:move_monster_W_proc
seg001:A349                 jb      short loc_A376
seg001:A34B                 and     [si+monster.ai_flags], 7Fh
seg001:A34F                 retn
seg001:A350 ; ---------------------------------------------------------------------------
seg001:A350
seg001:A350 loc_A350:                               ; ...
seg001:A350                 cmp     [si+monster.m_x_rel], 11h
seg001:A354                 jz      short loc_A376
seg001:A356                 cmp     [si+monster.m_x_rel], 10h
seg001:A35A                 jz      short loc_A376
seg001:A35C                 jnb     short loc_A36A
seg001:A35E                 call    cs:move_monster_NE_proc
seg001:A363                 jb      short loc_A338
seg001:A365                 or      [si+monster.ai_flags], 80h
seg001:A369                 retn
seg001:A36A ; ---------------------------------------------------------------------------
seg001:A36A
seg001:A36A loc_A36A:                               ; ...
seg001:A36A                 call    cs:move_monster_NW_proc
seg001:A36F                 jb      short loc_A344
seg001:A371                 and     [si+monster.ai_flags], 7Fh
seg001:A375                 retn
seg001:A376 ; ---------------------------------------------------------------------------
seg001:A376
seg001:A376 loc_A376:                               ; ...
seg001:A376                 call    cs:move_monster_S_proc
seg001:A37B                 jb      short loc_A37E
seg001:A37D                 retn
seg001:A37E ; ---------------------------------------------------------------------------
seg001:A37E
seg001:A37E loc_A37E:                               ; ...
seg001:A37E                 mov     [si+monster.ai_state], 0C0h
seg001:A382                 retn
seg001:A383 ; ---------------------------------------------------------------------------
seg001:A383
seg001:A383 ai_state_c0:                            ; ...
seg001:A383                 test    [si+monster.ai_state], 20h ; jumptable 0000A299 case 3
seg001:A387                 jnz     short loc_A3BD
seg001:A389                 call    bat_step_throttle
seg001:A38C                 test    [si+monster.ai_flags], 80h
seg001:A390                 jz      short loc_A3A0
seg001:A392                 call    cs:move_monster_NE_proc
seg001:A397                 jb      short loc_A39A
seg001:A399                 retn
seg001:A39A ; ---------------------------------------------------------------------------
seg001:A39A
seg001:A39A loc_A39A:                               ; ...
seg001:A39A                 and     [si+monster.ai_flags], 7Fh
seg001:A39E                 jmp     short loc_A3AC
seg001:A3A0 ; ---------------------------------------------------------------------------
seg001:A3A0
seg001:A3A0 loc_A3A0:                               ; ...
seg001:A3A0                 call    cs:move_monster_NW_proc
seg001:A3A5                 jb      short loc_A3A8
seg001:A3A7                 retn
seg001:A3A8 ; ---------------------------------------------------------------------------
seg001:A3A8
seg001:A3A8 loc_A3A8:                               ; ...
seg001:A3A8                 or      [si+monster.ai_flags], 80h
seg001:A3AC
seg001:A3AC loc_A3AC:                               ; ...
seg001:A3AC                 call    cs:move_monster_N_proc
seg001:A3B1                 jb      short loc_A3B4
seg001:A3B3                 retn
seg001:A3B4 ; ---------------------------------------------------------------------------
seg001:A3B4
seg001:A3B4 loc_A3B4:                               ; ...
seg001:A3B4                 or      [si+monster.ai_state], 20h
seg001:A3B8                 mov     [si+monster.anim_counter], 2
seg001:A3BC                 retn
seg001:A3BD ; ---------------------------------------------------------------------------
seg001:A3BD
seg001:A3BD loc_A3BD:                               ; ...
seg001:A3BD                 dec     [si+monster.anim_counter]
seg001:A3C0                 and     [si+monster.anim_counter], 7
seg001:A3C4                 test    [si+monster.anim_counter], 0FFh
seg001:A3C8                 jz      short loc_A3CB
seg001:A3CA                 retn
seg001:A3CB ; ---------------------------------------------------------------------------
seg001:A3CB
seg001:A3CB loc_A3CB:                               ; ...
seg001:A3CB                 mov     [si+monster.anim_counter], 70h ; 'p'
seg001:A3CF                 mov     [si+monster.ai_state], 0
seg001:A3D3                 retn
seg001:A3D3 Monster_AI      endp
seg001:A3D3
seg001:A3D4
seg001:A3D4 ; =============== S U B R O U T I N E =======================================
seg001:A3D4
seg001:A3D4
seg001:A3D4 bat_step_throttle proc near             ; ...
seg001:A3D4                 inc     [si+monster.anim_counter]
seg001:A3D7                 and     [si+monster.anim_counter], 7
seg001:A3DB                 cmp     [si+monster.anim_counter], 7
seg001:A3DF                 jnb     short loc_A3E2
seg001:A3E1                 retn
seg001:A3E2 ; ---------------------------------------------------------------------------
seg001:A3E2
seg001:A3E2 loc_A3E2:                               ; ...
seg001:A3E2                 mov     [si+monster.anim_counter], 3
seg001:A3E6                 retn
seg001:A3E6 bat_step_throttle endp
seg001:A3E6
seg001:A3E7 ; ---------------------------------------------------------------------------
seg001:A3E7 ; START OF FUNCTION CHUNK FOR Monster_AI
seg001:A3E7
seg001:A3E7 flags01:                                ; ...
seg001:A3E7                 call    cs:Check_Monster_Ids_Two_Rows_Below_Monster_proc ; jumptable 0000A25E case 1
seg001:A3EC                 jnz     short loc_A3F3
seg001:A3EE                 jmp     cs:Check_Vertical_Distance_Between_Hero_And_Monster_proc
seg001:A3F3 ; ---------------------------------------------------------------------------
seg001:A3F3
seg001:A3F3 loc_A3F3:                               ; ...
seg001:A3F3                 test    [si+monster.hp], 0FFh
seg001:A3F7                 jnz     short loc_A3FD
seg001:A3F9                 mov     [si+monster.hp], 2
seg001:A3FD
seg001:A3FD loc_A3FD:                               ; ...
seg001:A3FD                 test    [si+monster.ai_flags], 20h
seg001:A401                 jz      short loc_A408
seg001:A403                 jmp     cs:Hero_Hits_monster_proc
seg001:A408 ; ---------------------------------------------------------------------------
seg001:A408
seg001:A408 loc_A408:                               ; ...
seg001:A408                 call    cs:move_monster_S_proc
seg001:A40D                 jb      short loc_A410
seg001:A40F                 retn
seg001:A410 ; ---------------------------------------------------------------------------
seg001:A410
seg001:A410 loc_A410:                               ; ...
seg001:A410                 add     [si+monster.anim_counter], 41h ; 'A'
seg001:A414                 and     [si+monster.anim_counter], 11000011b
seg001:A418                 test    [si+monster.anim_counter], 0F0h
seg001:A41C                 jz      short loc_A41F
seg001:A41E                 retn
seg001:A41F ; ---------------------------------------------------------------------------
seg001:A41F
seg001:A41F loc_A41F:                               ; ...
seg001:A41F                 cmp     [si+monster.m_x_rel], 17
seg001:A423                 jnb     short loc_A432
seg001:A425                 call    cs:move_monster_E_proc
seg001:A42A                 jnb     short loc_A42D
seg001:A42C                 retn
seg001:A42D ; ---------------------------------------------------------------------------
seg001:A42D
seg001:A42D loc_A42D:                               ; ...
seg001:A42D                 or      [si+monster.ai_flags], 80h
seg001:A431                 retn
seg001:A432 ; ---------------------------------------------------------------------------
seg001:A432
seg001:A432 loc_A432:                               ; ...
seg001:A432                 call    cs:move_monster_W_proc
seg001:A437                 jnb     short loc_A43A
seg001:A439                 retn
seg001:A43A ; ---------------------------------------------------------------------------
seg001:A43A
seg001:A43A loc_A43A:                               ; ...
seg001:A43A                 and     [si+monster.ai_flags], 7Fh
seg001:A43E                 retn
seg001:A43F ; ---------------------------------------------------------------------------
seg001:A43F
seg001:A43F flags10:                                ; ...
seg001:A43F                 call    cs:Check_Monster_Ids_Two_Rows_Below_Monster_proc ; jumptable 0000A25E case 2
seg001:A444                 jnz     short loc_A44B
seg001:A446                 jmp     cs:Check_Vertical_Distance_Between_Hero_And_Monster_proc
seg001:A44B ; ---------------------------------------------------------------------------
seg001:A44B
seg001:A44B loc_A44B:                               ; ...
seg001:A44B                 test    [si+monster.hp], 0FFh
seg001:A44F                 jnz     short loc_A455
seg001:A451                 mov     [si+monster.hp], 1
seg001:A455
seg001:A455 loc_A455:                               ; ...
seg001:A455                 test    [si+monster.ai_flags], 20h
seg001:A459                 jz      short loc_A460
seg001:A45B                 jmp     cs:Hero_Hits_monster_proc
seg001:A460 ; ---------------------------------------------------------------------------
seg001:A460
seg001:A460 loc_A460:                               ; ...
seg001:A460                 test    [si+monster.ai_state], 8
seg001:A464                 jnz     short loc_A4A2
seg001:A466                 add     [si+monster.anim_counter], 21h ; '!'
seg001:A46A                 and     [si+monster.anim_counter], 11100001b
seg001:A46E                 call    cs:move_monster_S_proc
seg001:A473                 jb      short loc_A476
seg001:A475                 retn
seg001:A476 ; ---------------------------------------------------------------------------
seg001:A476
seg001:A476 loc_A476:                               ; ...
seg001:A476                 call    frog_hero_proximity_and_direction
seg001:A479                 jb      short loc_A49A
seg001:A47B                 mov     al, [si+monster.anim_counter]
seg001:A47E                 and     al, 11100000b
seg001:A480                 jz      short loc_A483
seg001:A482                 retn
seg001:A483 ; ---------------------------------------------------------------------------
seg001:A483
seg001:A483 loc_A483:                               ; ...
seg001:A483                 call    frog_hero_proximity_and_direction
seg001:A486                 cmp     al, 0FFh
seg001:A488                 jz      short loc_A49A
seg001:A48A                 and     [si+monster.ai_flags], 7Fh
seg001:A48E                 or      [si+monster.ai_flags], al
seg001:A491                 mov     [si+monster.anim_counter], 2
seg001:A495                 or      [si+monster.ai_state], 8
seg001:A499                 retn
seg001:A49A ; ---------------------------------------------------------------------------
seg001:A49A
seg001:A49A loc_A49A:                               ; ...
seg001:A49A                 mov     [si+monster.anim_counter], 2
seg001:A49E                 or      [si+monster.ai_state], 8
seg001:A4A2
seg001:A4A2 loc_A4A2:                               ; ...
seg001:A4A2                 mov     al, [si+monster.anim_counter]
seg001:A4A5                 mov     ah, al
seg001:A4A7                 inc     al
seg001:A4A9                 and     al, 7
seg001:A4AB                 cmp     al, 7
seg001:A4AD                 jnb     short loc_A4DB
seg001:A4AF                 mov     ch, ah
seg001:A4B1                 and     ch, 0F0h
seg001:A4B4                 or      al, ch
seg001:A4B6                 mov     [si+monster.anim_counter], al
seg001:A4B9                 mov     bx, offset jump_angles_right
seg001:A4BC                 test    [si+monster.ai_flags], 80h
seg001:A4C0                 jnz     short loc_A4C5
seg001:A4C2                 mov     bx, offset jump_angles_left
seg001:A4C5
seg001:A4C5 loc_A4C5:                               ; ...
seg001:A4C5                 mov     al, ah
seg001:A4C7                 sub     al, 2
seg001:A4C9                 xlat
seg001:A4CA                 call    cs:monster_move_in_direction_proc ; monster_move_in_direction; al=angle starting from right, counter-clockwise
seg001:A4CF                 jb      short loc_A4D2
seg001:A4D1                 retn
seg001:A4D2 ; ---------------------------------------------------------------------------
seg001:A4D2
seg001:A4D2 loc_A4D2:                               ; ...
seg001:A4D2                 call    frog_hero_proximity_and_direction
seg001:A4D5                 jb      short loc_A4DB
seg001:A4D7                 xor     [si+monster.ai_flags], 80h
seg001:A4DB
seg001:A4DB loc_A4DB:                               ; ...
seg001:A4DB                 and     [si+monster.ai_state], 0F7h
seg001:A4DF                 mov     [si+monster.anim_counter], 0
seg001:A4E3                 jmp     cs:move_monster_S_proc
seg001:A4E3 ; END OF FUNCTION CHUNK FOR Monster_AI
seg001:A4E8
seg001:A4E8 ; =============== S U B R O U T I N E =======================================
seg001:A4E8
seg001:A4E8
seg001:A4E8 frog_hero_proximity_and_direction proc near ; ...
seg001:A4E8                 mov     al, ds:hero_y_absolute ; hero_y_absolute
seg001:A4EB                 sub     al, [si+monster.currY]
seg001:A4EE                 jns     short loc_A4F2
seg001:A4F0                 neg     al
seg001:A4F2
seg001:A4F2 loc_A4F2:                               ; ...
seg001:A4F2                 cmp     al, 8
seg001:A4F4                 mov     al, 0FFh
seg001:A4F6                 jb      short loc_A4F9
seg001:A4F8                 retn
seg001:A4F9 ; ---------------------------------------------------------------------------
seg001:A4F9
seg001:A4F9 loc_A4F9:                               ; ...
seg001:A4F9                 cmp     [si+monster.m_x_rel], 11h
seg001:A4FD                 jnb     short loc_A50B
seg001:A4FF                 mov     al, 80h
seg001:A501                 test    [si+monster.ai_flags], 80h
seg001:A505                 stc
seg001:A506                 jz      short loc_A509
seg001:A508                 retn
seg001:A509 ; ---------------------------------------------------------------------------
seg001:A509
seg001:A509 loc_A509:                               ; ...
seg001:A509                 clc
seg001:A50A                 retn
seg001:A50B ; ---------------------------------------------------------------------------
seg001:A50B
seg001:A50B loc_A50B:                               ; ...
seg001:A50B                 xor     al, al
seg001:A50D                 test    [si+monster.ai_flags], 80h
seg001:A511                 stc
seg001:A512                 jnz     short loc_A515
seg001:A514                 retn
seg001:A515 ; ---------------------------------------------------------------------------
seg001:A515
seg001:A515 loc_A515:                               ; ...
seg001:A515                 clc
seg001:A516                 retn
seg001:A516 frog_hero_proximity_and_direction endp
seg001:A516
seg001:A517 ; ---------------------------------------------------------------------------
seg001:A517 ; START OF FUNCTION CHUNK FOR Monster_AI
seg001:A517
seg001:A517 flags11:                                ; ...
seg001:A517                 call    cs:Check_Monster_Ids_Two_Rows_Below_Monster_proc ; jumptable 0000A25E case 3
seg001:A51C                 jnz     short loc_A523
seg001:A51E                 jmp     cs:Check_Vertical_Distance_Between_Hero_And_Monster_proc
seg001:A523 ; ---------------------------------------------------------------------------
seg001:A523
seg001:A523 loc_A523:                               ; ...
seg001:A523                 test    [si+monster.hp], 0FFh
seg001:A527                 jnz     short loc_A52D
seg001:A529                 mov     [si+monster.hp], 1
seg001:A52D
seg001:A52D loc_A52D:                               ; ...
seg001:A52D                 test    [si+monster.ai_flags], 20h
seg001:A531                 jz      short loc_A538
seg001:A533                 jmp     cs:Hero_Hits_monster_proc
seg001:A538 ; ---------------------------------------------------------------------------
seg001:A538
seg001:A538 loc_A538:                               ; ...
seg001:A538                 test    [si+monster.ai_state], 8
seg001:A53C                 jz      short loc_A541
seg001:A53E                 jmp     loc_A649
seg001:A541 ; ---------------------------------------------------------------------------
seg001:A541
seg001:A541 loc_A541:                               ; ...
seg001:A541                 test    [si+monster.ai_state], 10h
seg001:A545                 jz      short loc_A54A
seg001:A547                 jmp     loc_A690
seg001:A54A ; ---------------------------------------------------------------------------
seg001:A54A
seg001:A54A loc_A54A:                               ; ...
seg001:A54A                 call    cs:move_monster_S_proc
seg001:A54F                 jb      short loc_A552
seg001:A551                 retn
seg001:A552 ; ---------------------------------------------------------------------------
seg001:A552
seg001:A552 loc_A552:                               ; ...
seg001:A552                 test    [si+monster.ai_state], 4
seg001:A556                 jz      short loc_A5C5
seg001:A558                 and     [si+monster.anim_counter], 0F1h
seg001:A55C                 or      [si+monster.anim_counter], 4
seg001:A560                 call    rat_hero_proximity_and_direction
seg001:A563                 cmp     al, 0FFh
seg001:A565                 jz      short loc_A57B
seg001:A567                 and     [si+monster.ai_flags], 7Fh
seg001:A56B                 or      [si+monster.ai_flags], al
seg001:A56E                 mov     [si+monster.anim_counter], 0
seg001:A572                 or      [si+monster.ai_state], 2
seg001:A576                 and     [si+monster.ai_state], 11111011b
seg001:A57A                 retn
seg001:A57B ; ---------------------------------------------------------------------------
seg001:A57B
seg001:A57B loc_A57B:                               ; ...
seg001:A57B                 add     [si+monster.anim_counter], 40h ; '@'
seg001:A57F                 jb      short loc_A582
seg001:A581                 retn
seg001:A582 ; ---------------------------------------------------------------------------
seg001:A582
seg001:A582 loc_A582:                               ; ...
seg001:A582                 mov     al, [si+monster.anim_counter]
seg001:A585                 inc     al
seg001:A587                 and     al, 1
seg001:A589                 add     al, 4
seg001:A58B                 mov     [si+monster.anim_counter], al
seg001:A58E                 add     [si+monster.ai_state], 40h ; '@'
seg001:A592                 jb      short loc_A595
seg001:A594                 retn
seg001:A595 ; ---------------------------------------------------------------------------
seg001:A595
seg001:A595 loc_A595:                               ; ...
seg001:A595                 and     [si+monster.ai_state], 0FBh
seg001:A599                 and     [si+monster.ai_flags], 7Fh
seg001:A59D                 call    word ptr cs:11Ah ; Accumulate_folded_ff1b_proc
seg001:A5A2                 and     al, 80h
seg001:A5A4                 or      [si+monster.ai_flags], al
seg001:A5A7                 or      al, al
seg001:A5A9                 jns     short loc_A5B8
seg001:A5AB                 call    cs:check_collision_E2_proc
seg001:A5B0                 jb      short loc_A5B3
seg001:A5B2                 retn
seg001:A5B3 ; ---------------------------------------------------------------------------
seg001:A5B3
seg001:A5B3 loc_A5B3:                               ; ...
seg001:A5B3                 and     [si+monster.ai_flags], 7Fh
seg001:A5B7                 retn
seg001:A5B8 ; ---------------------------------------------------------------------------
seg001:A5B8
seg001:A5B8 loc_A5B8:                               ; ...
seg001:A5B8                 call    cs:check_collision_W2_proc
seg001:A5BD                 jb      short loc_A5C0
seg001:A5BF                 retn
seg001:A5C0 ; ---------------------------------------------------------------------------
seg001:A5C0
seg001:A5C0 loc_A5C0:                               ; ...
seg001:A5C0                 or      [si+monster.ai_flags], 80h
seg001:A5C4                 retn
seg001:A5C5 ; ---------------------------------------------------------------------------
seg001:A5C5
seg001:A5C5 loc_A5C5:                               ; ...
seg001:A5C5                 mov     ax, word ptr [si+monster.currY]
seg001:A5C8                 call    cs:coords_in_ax_to_map_offset_in_di_proc
seg001:A5CD                 mov     ax, 48h ; 'H'
seg001:A5D0                 test    [si+monster.ai_flags], 80h
seg001:A5D4                 jz      short loc_A5D7
seg001:A5D6                 inc     ax
seg001:A5D7
seg001:A5D7 loc_A5D7:                               ; ...
seg001:A5D7                 xchg    si, di
seg001:A5D9                 add     si, ax
seg001:A5DB                 call    cs:wrap_map_from_above_proc
seg001:A5E0                 xchg    si, di
seg001:A5E2                 mov     al, [di]
seg001:A5E4                 call    cs:if_passable_set_ZF_proc
seg001:A5E9                 jnz     short loc_A5F4
seg001:A5EB                 mov     [si+monster.anim_counter], 0
seg001:A5EF                 or      [si+monster.ai_state], 8
seg001:A5F3                 retn
seg001:A5F4 ; ---------------------------------------------------------------------------
seg001:A5F4
seg001:A5F4 loc_A5F4:                               ; ...
seg001:A5F4                 inc     [si+monster.anim_counter]
seg001:A5F7                 and     [si+monster.anim_counter], 3
seg001:A5FB                 test    [si+monster.ai_state], 2
seg001:A5FF                 jnz     short loc_A60C
seg001:A601                 add     [si+monster.ai_timer], 10h
seg001:A605                 jnb     short loc_A60C
seg001:A607                 or      [si+monster.ai_state], 4
seg001:A60B                 retn
seg001:A60C ; ---------------------------------------------------------------------------
seg001:A60C
seg001:A60C loc_A60C:                               ; ...
seg001:A60C                 call    rat_hero_proximity_and_direction
seg001:A60F                 jnb     short loc_A619
seg001:A611                 and     [si+monster.ai_flags], 0FDh
seg001:A615                 mov     [si+monster.ai_timer], 0
seg001:A619
seg001:A619 loc_A619:                               ; ...
seg001:A619                 test    [si+monster.ai_flags], 80h
seg001:A61D                 jz      short loc_A634
seg001:A61F                 call    cs:move_monster_E_proc
seg001:A624                 jb      short loc_A627
seg001:A626                 retn
seg001:A627 ; ---------------------------------------------------------------------------
seg001:A627
seg001:A627 loc_A627:                               ; ...
seg001:A627                 mov     [si+monster.anim_counter], 0
seg001:A62B                 or      [si+monster.ai_state], 10h
seg001:A62F                 and     [si+monster.ai_state], 1Fh
seg001:A633                 retn
seg001:A634 ; ---------------------------------------------------------------------------
seg001:A634
seg001:A634 loc_A634:                               ; ...
seg001:A634                 call    cs:move_monster_W_proc
seg001:A639                 jb      short loc_A63C
seg001:A63B                 retn
seg001:A63C ; ---------------------------------------------------------------------------
seg001:A63C
seg001:A63C loc_A63C:                               ; ...
seg001:A63C                 mov     [si+monster.anim_counter], 0
seg001:A640                 or      [si+monster.ai_state], 10h
seg001:A644                 and     [si+monster.ai_state], 1Fh
seg001:A648                 retn
seg001:A649 ; ---------------------------------------------------------------------------
seg001:A649
seg001:A649 loc_A649:                               ; ...
seg001:A649                 mov     al, [si+monster.anim_counter]
seg001:A64C                 mov     ah, al
seg001:A64E                 inc     al
seg001:A650                 and     al, 3
seg001:A652                 jz      short loc_A683
seg001:A654                 and     ah, 0F0h
seg001:A657                 or      ah, al
seg001:A659                 mov     [si+monster.anim_counter], ah
seg001:A65C                 mov     bx, offset jump_angles_right
seg001:A65F                 test    [si+monster.ai_flags], 80h
seg001:A663                 jnz     short loc_A668
seg001:A665                 mov     bx, offset jump_angles_left
seg001:A668
seg001:A668 loc_A668:                               ; ...
seg001:A668                 mov     al, [si+monster.anim_counter]
seg001:A66B                 xlat
seg001:A66C                 push    ax
seg001:A66D                 call    cs:Check_collision_in_direction_proc
seg001:A672                 pop     ax
seg001:A673                 jb      short loc_A67A
seg001:A675                 jmp     cs:monster_move_in_direction_proc ; monster_move_in_direction; al=angle starting from right, counter-clockwise
seg001:A67A ; ---------------------------------------------------------------------------
seg001:A67A
seg001:A67A loc_A67A:                               ; ...
seg001:A67A                 and     [si+monster.ai_state], 0F7h
seg001:A67E                 or      [si+monster.ai_state], 4
seg001:A682                 retn
seg001:A683 ; ---------------------------------------------------------------------------
seg001:A683
seg001:A683 loc_A683:                               ; ...
seg001:A683                 and     [si+monster.ai_state], 0F7h
seg001:A687                 mov     [si+monster.anim_counter], 3
seg001:A68B                 jmp     cs:move_monster_S_proc
seg001:A690 ; ---------------------------------------------------------------------------
seg001:A690
seg001:A690 loc_A690:                               ; ...
seg001:A690                 add     [si+monster.ai_state], 20h ; ' '
seg001:A694                 test    [si+monster.ai_state], 20h
seg001:A698                 jnz     short loc_A6AD
seg001:A69A                 mov     al, [si+monster.anim_counter]
seg001:A69D                 mov     ah, al
seg001:A69F                 inc     al
seg001:A6A1                 and     al, 3
seg001:A6A3                 jz      short loc_A6E3
seg001:A6A5                 and     ah, 0F0h
seg001:A6A8                 or      ah, al
seg001:A6AA                 mov     [si+monster.anim_counter], ah
seg001:A6AD
seg001:A6AD loc_A6AD:                               ; ...
seg001:A6AD                 mov     al, [si+monster.ai_state]
seg001:A6B0                 rol     al, 1
seg001:A6B2                 rol     al, 1
seg001:A6B4                 rol     al, 1
seg001:A6B6                 dec     al
seg001:A6B8                 and     al, 7
seg001:A6BA                 mov     bx, offset rat_jump_angles_right
seg001:A6BD                 test    [si+monster.ai_flags], 80h
seg001:A6C1                 jnz     short loc_A6C6
seg001:A6C3                 mov     bx, offset rat_jump_angles_left
seg001:A6C6
seg001:A6C6 loc_A6C6:                               ; ...
seg001:A6C6                 xlat
seg001:A6C7                 call    cs:monster_move_in_direction_proc ; monster_move_in_direction; al=angle starting from right, counter-clockwise
seg001:A6CC                 jb      short loc_A6CF
seg001:A6CE                 retn
seg001:A6CF ; ---------------------------------------------------------------------------
seg001:A6CF
seg001:A6CF loc_A6CF:                               ; ...
seg001:A6CF                 and     [si+monster.ai_state], 0EFh
seg001:A6D3                 or      [si+monster.ai_state], 4
seg001:A6D7                 test    [si+monster.anim_counter], 0FFh
seg001:A6DB                 jnz     short loc_A6DE
seg001:A6DD                 retn
seg001:A6DE ; ---------------------------------------------------------------------------
seg001:A6DE
seg001:A6DE loc_A6DE:                               ; ...
seg001:A6DE                 mov     [si+monster.anim_counter], 3
seg001:A6E2                 retn
seg001:A6E3 ; ---------------------------------------------------------------------------
seg001:A6E3
seg001:A6E3 loc_A6E3:                               ; ...
seg001:A6E3                 and     [si+monster.ai_state], 0EFh
seg001:A6E7                 mov     [si+monster.anim_counter], 3
seg001:A6EB                 jmp     cs:move_monster_S_proc
seg001:A6EB ; END OF FUNCTION CHUNK FOR Monster_AI
seg001:A6F0
seg001:A6F0 ; =============== S U B R O U T I N E =======================================
seg001:A6F0
seg001:A6F0
seg001:A6F0 rat_hero_proximity_and_direction proc near ; ...
seg001:A6F0                 mov     al, ds:hero_y_absolute ; hero_y_absolute
seg001:A6F3                 sub     al, [si+monster.currY]
seg001:A6F6                 jns     short loc_A6FA
seg001:A6F8                 neg     al
seg001:A6FA
seg001:A6FA loc_A6FA:                               ; ...
seg001:A6FA                 cmp     al, 6
seg001:A6FC                 mov     al, 0FFh
seg001:A6FE                 jb      short loc_A701
seg001:A700                 retn
seg001:A701 ; ---------------------------------------------------------------------------
seg001:A701
seg001:A701 loc_A701:                               ; ...
seg001:A701                 cmp     [si+monster.m_x_rel], 17
seg001:A705                 jnb     short loc_A713
seg001:A707                 mov     al, 80h
seg001:A709                 test    [si+monster.ai_flags], 80h
seg001:A70D                 stc
seg001:A70E                 jz      short loc_A711
seg001:A710                 retn
seg001:A711 ; ---------------------------------------------------------------------------
seg001:A711
seg001:A711 loc_A711:                               ; ...
seg001:A711                 clc
seg001:A712                 retn
seg001:A713 ; ---------------------------------------------------------------------------
seg001:A713
seg001:A713 loc_A713:                               ; ...
seg001:A713                 xor     al, al
seg001:A715                 test    [si+monster.ai_flags], 80h
seg001:A719                 stc
seg001:A71A                 jnz     short loc_A71D
seg001:A71C                 retn
seg001:A71D ; ---------------------------------------------------------------------------
seg001:A71D
seg001:A71D loc_A71D:                               ; ...
seg001:A71D                 clc
seg001:A71E                 retn
seg001:A71E rat_hero_proximity_and_direction endp
seg001:A71E
seg001:A71E ; ---------------------------------------------------------------------------
seg001:A71F jump_angles_right db 1, 0, 0, 7         ; ...
seg001:A71F                                         ; NE, E, E, SE
seg001:A723 jump_angles_left db 3, 4, 4, 5          ; ...
seg001:A723                                         ; NW, W, W, SW
seg001:A727 rat_jump_angles_right db 2, 1, 1, 0, 0, 7, 7, 6 ; ...
seg001:A727                                         ; N, NE, NE, E, E, SE, SE, S
seg001:A72F rat_jump_angles_left db 2, 3, 3, 4, 4, 5, 5, 6 ; ...
seg001:A72F seg001          ends                    ; N, NW, NW, W, W, SW, SW, S
seg001:A72F
buffers:E000 ; ===========================================================================
buffers:E000
buffers:E000 ; Segment type: Pure data
buffers:E000 buffers         segment byte public 'DATA'
buffers:E000                 assume cs:buffers
buffers:E000                 ;org 0E000h
buffers:E000                 db 0DA1h dup(?)
buffers:E000 buffers         ends
buffers:E000
shared:F000 ; ===========================================================================
shared:F000
shared:F000 ; Segment type: Pure data
shared:F000 shared          segment byte public 'DATA'
shared:F000                 assume cs:shared
shared:F000                 ;org 0F000h
shared:F000                 db 0F35h dup(?)
shared:FF35 hero_y_absolute db ?                    ; ...
shared:FF36 hero_damage_this_frame db ?             ; ...
shared:FF37                 db 0C8h dup(?)
shared:FF37 shared          ends
shared:FF37
shared:FF37
shared:FF37                 end
