seg000:A000 ;
seg000:A000 ; +-------------------------------------------------------------------------+
seg000:A000 ; |      This file was generated by The Interactive Disassembler (IDA)      |
seg000:A000 ; |           Copyright (c) 2026 Hex-Rays, <support@hex-rays.com>           |
seg000:A000 ; |                      License info: 48-2137-ACAB-69                      |
seg000:A000 ; |                             hi@hex-rays.com                             |
seg000:A000 ; +-------------------------------------------------------------------------+
seg000:A000 ;
seg000:A000 ; Input SHA256 : 15B0F46E8113E6F8937D65DF6C94358016FCD56C8DE281506CB73C830978DC4C
seg000:A000 ; Input MD5    : 33419284E2B08BD8CE822729042815EA
seg000:A000 ; Input CRC32  : 84C1721C
seg000:A000
seg000:A000 ; File Name   : /home/brox/Projects/zeliard/WORK/game.bin
seg000:A000 ; Format      : Binary file
seg000:A000 ; Base Address: 0000h Range: 0000h - 0476h Loaded length: 0476h
seg000:A000
seg000:A000                 .286
seg000:A000                 .model small
seg000:A000
seg000:A000 ; ===========================================================================
seg000:A000
seg000:A000 ; Segment type: Pure code
seg000:A000 seg000          segment byte public 'CODE'
seg000:A000                 assume cs:seg000
seg000:A000                 ;org 0A000h
seg000:A000                 assume es:nothing, ss:nothing, ds:seg000
seg000:A000
seg000:A000 ; =============== S U B R O U T I N E =======================================
seg000:A000
seg000:A000
seg000:A000 sub_A000        proc near
seg000:A000                 mov     cs:is_restore_game, ax
seg000:A004                 mov     ax, cs
seg000:A006                 mov     ds, ax
seg000:A008                 assume ds:nothing
seg000:A008                 push    cs
seg000:A009                 pop     es
seg000:A00A                 assume es:nothing
seg000:A00A                 mov     di, 0F500h      ; font.grp buffer
seg000:A00D                 mov     si, offset vfs_font_grp
seg000:A010                 mov     al, 2
seg000:A012                 call    word ptr cs:10Ch ; res_dispatcher_proc
seg000:A017                 add     es:[di], di
seg000:A01A                 add     es:[di+2], di
seg000:A01E                 add     es:[di+4], di
seg000:A022                 call    word ptr cs:120h ; raw_joystick_calibration_read_proc
seg000:A027                 xor     al, al
seg000:A029                 mov     ds:0FF39h, al   ; on_rope_flags
seg000:A02C                 mov     ds:0FF3Ah, al   ; hero_hidden_flag
seg000:A02F                 mov     ds:0FF43h, al   ; sword_swing_flag
seg000:A032                 mov     ds:0FF44h, al   ; ui_element_dirty
seg000:A035                 mov     ds:0FF3Ch, al   ; spell_active_flag
seg000:A038                 mov     ds:0FF3Dh, al   ; jump_phase_flags
seg000:A03B                 mov     ds:0FF38h, al   ; squat_flag
seg000:A03E                 mov     ds:0FF36h, al   ; hero_damage_this_frame
seg000:A041                 mov     ds:0FF3Eh, al   ; byte_FF3E
seg000:A044                 mov     ds:0FF4Bh, al   ; byte_FF4B
seg000:A047                 mov     ds:0FF08h, al   ; heartbeat_volume
seg000:A04A                 mov     ds:0E7h, al
seg000:A04D                 mov     ds:0FF74h, al
seg000:A050                 mov     ds:0FF77h, al
seg000:A053                 mov     ds:0FF40h, al
seg000:A056                 mov     ds:0FF42h, al
seg000:A059                 mov     ax, cs
seg000:A05B                 mov     es, ax
seg000:A05D                 xor     bx, bx
seg000:A05F                 mov     bl, ds:0FF14h
seg000:A063                 add     bx, bx
seg000:A065                 mov     si, ds:off_A31A[bx]
seg000:A069                 mov     di, 3000h
seg000:A06C                 mov     al, 3
seg000:A06E                 call    word ptr cs:10Ch ; res_dispatcher_proc
seg000:A073                 call    word ptr cs:3000h
seg000:A078                 cmp     cs:is_restore_game, 0FFFFh
seg000:A07E                 jz      short loc_A097
seg000:A080                 mov     byte ptr cs:0FF77h, 0FFh
seg000:A086                 mov     si, 0A27Bh
seg000:A089                 mov     di, 6000h
seg000:A08C                 mov     al, 3
seg000:A08E                 call    word ptr cs:10Ch ; res_dispatcher_proc
seg000:A093                 jmp     word ptr ds:6000h
seg000:A097 ; ---------------------------------------------------------------------------
seg000:A097
seg000:A097 loc_A097:
seg000:A097                 call    sub_A3E5
seg000:A09A                 mov     ax, cs
seg000:A09C                 mov     es, ax
seg000:A09E                 xor     bx, bx
seg000:A0A0                 mov     bl, ds:0FF14h
seg000:A0A4                 add     bx, bx
seg000:A0A6                 mov     si, ds:off_A2D1[bx]
seg000:A0AA                 mov     di, 3000h
seg000:A0AD                 mov     al, 3
seg000:A0AF                 call    word ptr cs:10Ch ; res_dispatcher_proc
seg000:A0B4                 mov     si, offset byte_A270
seg000:A0B7                 mov     di, 6000h
seg000:A0BA                 mov     al, 3
seg000:A0BC                 call    word ptr cs:10Ch ; res_dispatcher_proc
seg000:A0C1                 mov     ax, cs
seg000:A0C3                 add     ax, 2000h
seg000:A0C6                 mov     es, ax
seg000:A0C8                 assume es:nothing
seg000:A0C8                 xor     bx, bx
seg000:A0CA                 mov     bl, ds:0FF14h
seg000:A0CE                 add     bx, bx
seg000:A0D0                 mov     si, ds:off_A288[bx]
seg000:A0D4                 mov     di, 9000h
seg000:A0D7                 mov     al, 3
seg000:A0D9                 call    word ptr cs:10Ch ; res_dispatcher_proc
seg000:A0DE                 mov     si, offset byte_A264
seg000:A0E1                 mov     di, 0C000h
seg000:A0E4                 mov     al, 3
seg000:A0E6                 call    word ptr cs:10Ch ; res_dispatcher_proc
seg000:A0EB                 mov     ax, cs
seg000:A0ED                 add     ax, 1000h
seg000:A0F0                 mov     es, ax
seg000:A0F2                 assume es:nothing
seg000:A0F2                 mov     si, offset byte_A23F
seg000:A0F5                 mov     di, 0C000h
seg000:A0F8                 mov     al, 3
seg000:A0FA                 call    word ptr cs:10Ch ; res_dispatcher_proc
seg000:A0FF                 mov     ax, cs
seg000:A101                 add     ax, 1000h
seg000:A104                 mov     es, ax          ; seg1
seg000:A106                 mov     si, offset vfs_itemp_grp
seg000:A109                 mov     di, 0E200h
seg000:A10C                 mov     al, 2
seg000:A10E                 call    word ptr cs:10Ch ; res_dispatcher_proc
seg000:A113                 add     es:[di], di
seg000:A116                 add     es:[di+2], di
seg000:A11A                 add     es:[di+4], di
seg000:A11E                 add     es:[di+6], di
seg000:A122                 add     es:[di+8], di
seg000:A126                 add     es:[di+0Ah], di
seg000:A12A                 add     es:[di+0Ch], di
seg000:A12E                 mov     ax, cs
seg000:A130                 add     ax, 2000h
seg000:A133                 mov     es, ax          ; seg2
seg000:A135                 assume es:nothing
seg000:A135                 mov     di, 0           ; due to dst=0 there is no need to relocate sprite offsets
seg000:A138                 mov     si, offset vfs_magic_grp
seg000:A13B                 mov     al, 2
seg000:A13D                 call    word ptr cs:10Ch ; res_dispatcher_proc
seg000:A142                 mov     ax, cs
seg000:A144                 add     ax, 2000h
seg000:A147                 mov     es, ax
seg000:A149                 mov     si, offset vfs_sword_grp
seg000:A14C                 mov     di, 1800h       ; load to seg2:1800h
seg000:A14F                 mov     al, 2
seg000:A151                 call    word ptr cs:10Ch ; res_dispatcher_proc
seg000:A156                 add     es:[di], di     ; seg2:[1800h]+=1800h
seg000:A159                 add     es:[di+2], di   ; seg2:[1802h]+=1800h
seg000:A15D                 add     es:[di+4], di   ; seg2:[1804h]+=1800h
seg000:A161                 mov     ah, ds:92h      ; sword_type
seg000:A165                 mov     al, 4
seg000:A167                 call    word ptr cs:10Ch ; res_dispatcher_proc
seg000:A16C                 mov     ax, cs
seg000:A16E                 mov     ds, ax
seg000:A170                 add     ax, 3000h
seg000:A173                 mov     ds:InitTitleScreen_seg, ax ; seg3
seg000:A176                 mov     es, ax
seg000:A178                 assume es:nothing
seg000:A178                 mov     di, 0
seg000:A17B                 mov     si, offset vfs_mole_bin
seg000:A17E                 mov     al, 3
seg000:A180                 call    word ptr cs:10Ch ; res_dispatcher_proc
seg000:A185                 mov     al, ds:0FF14h   ; video_drv_id
seg000:A188                 push    ds
seg000:A189                 call    dword ptr ds:InitTitleScreen_proc
seg000:A18D                 pop     ds
seg000:A18E                 assume ds:seg000
seg000:A18E                 call    render_tears_collected
seg000:A191                 mov     ax, cs
seg000:A193                 mov     ds, ax
seg000:A195                 assume ds:nothing
seg000:A195                 test    byte ptr ds:92h, 0FFh ; sword_type
seg000:A19A                 jz      short loc_A1A7
seg000:A19C                 mov     al, ds:92h      ; sword_type
seg000:A19F                 mov     bx, 18ABh
seg000:A1A2                 call    word ptr cs:201Ch ; Render_Sword_Item_Sprite_20x18_proc
seg000:A1A7
seg000:A1A7 loc_A1A7:                               ;
seg000:A1A7                 test    byte ptr ds:93h, 0FFh ; shield_type
seg000:A1AC                 jz      short loc_A1B9
seg000:A1AE                 mov     al, ds:93h      ; shield_type
seg000:A1B1                 mov     bx, 3EA4h
seg000:A1B4                 call    word ptr cs:2020h ; Render_Shield_Item_Sprite_16x16_proc
seg000:A1B9
seg000:A1B9 loc_A1B9:                               ; current_magic_spell
seg000:A1B9                 test    byte ptr ds:9Dh, 0FFh
seg000:A1BE                 jz      short loc_A1CB
seg000:A1C0                 mov     al, ds:9Dh      ; current_magic_spell
seg000:A1C3                 mov     bx, 37A4h
seg000:A1C6                 call    word ptr cs:201Eh ; Render_Magic_Spell_Item_Sprite_16x16_proc
seg000:A1CB
seg000:A1CB loc_A1CB:                               ;
seg000:A1CB                 mov     ah, cs:0C4h     ; place_map_id
seg000:A1D0                 mov     al, 1           ; fn1_load_mdt_idx_ah
seg000:A1D2                 call    word ptr cs:10Ch ; res_dispatcher_proc
seg000:A1D7                 mov     ax, cs
seg000:A1D9                 mov     ds, ax
seg000:A1DB                 add     ax, 1000h
seg000:A1DE                 mov     es, ax          ; seg1
seg000:A1E0                 assume es:nothing
seg000:A1E0                 mov     si, cs:0C000h   ; [c000] -> town descriptor
seg000:A1E5                 lodsb                   ; town descriptor 0: bits 5..1 - msd index
seg000:A1E6                 push    si
seg000:A1E7                 shr     al, 1
seg000:A1E9                 and     al, 1Fh
seg000:A1EB                 mov     cs:0C8h, al     ; msd_index
seg000:A1EF                 mov     cl, 0Bh
seg000:A1F1                 mul     cl
seg000:A1F3                 mov     si, ax
seg000:A1F5                 add     si, offset vfs_4_types_of_town_musics
seg000:A1F9                 mov     di, 3000h       ; to seg1:3000h
seg000:A1FC                 mov     al, 5           ; fn5_load_music
seg000:A1FE                 call    word ptr cs:10Ch ; res_dispatcher_proc
seg000:A203                 pop     si
seg000:A204                 lodsb
seg000:A205                 mov     cl, 0Bh
seg000:A207                 mul     cl
seg000:A209                 mov     si, ax
seg000:A20B                 add     si, offset vfs_2_types_of_town_npcs
seg000:A20F                 mov     di, 4000h       ; to seg1:4000h
seg000:A212                 mov     al, 2
seg000:A214                 call    word ptr cs:10Ch ; res_dispatcher_proc
seg000:A219                 jmp     word ptr ds:6002h ; town_entry_init_proc
seg000:A219 sub_A000        endp
seg000:A219
seg000:A219 ; ---------------------------------------------------------------------------
seg000:A21D vfs_font_grp    db 0
seg000:A21E                 db 0Dh
seg000:A21F aFontGrp        db 'font.grp',0
seg000:A228 vfs_mole_bin    db 1
seg000:A229                 db 8
seg000:A22A aMoleBin        db 'mole.bin',0
seg000:A233 vfs_itemp_grp   db 1
seg000:A234                 db 1Ch
seg000:A235 aItempGrp       db 'itemp.grp',0
seg000:A23F byte_A23F       db 1
seg000:A240                 db 2
seg000:A241 aSelectBin      db 'select.bin',0
seg000:A24C vfs_magic_grp   db 1
seg000:A24D                 db 1Dh
seg000:A24E aMagicGrp       db 'magic.grp',0
seg000:A258 vfs_sword_grp   db 1
seg000:A259                 db 1Bh
seg000:A25A aSwordGrp       db 'sword.grp',0
seg000:A264 byte_A264       db 1
seg000:A265                 db 1
seg000:A266 aFightBin       db 'fight.bin',0
seg000:A270 byte_A270       db 0
seg000:A271                 db 7
seg000:A272 aTownBin        db 'town.bin',0
seg000:A27B                 db 0
seg000:A27C                 db 1
seg000:A27D aOpdemoBin      db 'opdemo.bin',0
seg000:A288 off_A288        dw offset byte_A294
seg000:A28A                 dw offset byte_A2A0
seg000:A28C                 dw offset byte_A2A0
seg000:A28E                 dw offset byte_A2AC
seg000:A290                 dw offset byte_A2B8
seg000:A292                 dw offset byte_A2C5
seg000:A294 byte_A294       db 1
seg000:A295                 db 3
seg000:A296 aGfegaBin       db 'gfega.bin',0
seg000:A2A0 byte_A2A0       db 1
seg000:A2A1                 db 4
seg000:A2A2 aGfcgaBin       db 'gfcga.bin',0
seg000:A2AC byte_A2AC       db 1
seg000:A2AD                 db 5
seg000:A2AE aGfhgcBin       db 'gfhgc.bin',0
seg000:A2B8 byte_A2B8       db 1
seg000:A2B9                 db 7
seg000:A2BA aGfmcgaBin      db 'gfmcga.bin',0
seg000:A2C5 byte_A2C5       db 1
seg000:A2C6                 db 6
seg000:A2C7 aGftgaBin       db 'gftga.bin',0
seg000:A2D1 off_A2D1        dw offset byte_A2DD
seg000:A2D3                 dw offset byte_A2E9
seg000:A2D5                 dw offset byte_A2E9
seg000:A2D7                 dw offset byte_A2F5
seg000:A2D9                 dw offset byte_A301
seg000:A2DB                 dw offset byte_A30E
seg000:A2DD byte_A2DD       db 0
seg000:A2DE                 db 8
seg000:A2DF aGtegaBin       db 'gtega.bin',0
seg000:A2E9 byte_A2E9       db 0
seg000:A2EA                 db 9
seg000:A2EB aGtcgaBin       db 'gtcga.bin',0
seg000:A2F5 byte_A2F5       db 0
seg000:A2F6                 db 0Ah
seg000:A2F7 aGthgcBin       db 'gthgc.bin',0
seg000:A301 byte_A301       db 0
seg000:A302                 db 0Ch
seg000:A303 aGtmcgaBin      db 'gtmcga.bin',0
seg000:A30E byte_A30E       db 0
seg000:A30F                 db 0Bh
seg000:A310 aGttgaBin       db 'gttga.bin',0
seg000:A31A off_A31A        dw offset byte_A326
seg000:A31C                 dw offset byte_A332
seg000:A31E                 dw offset byte_A332
seg000:A320                 dw offset byte_A33E
seg000:A322                 dw offset byte_A34A
seg000:A324                 dw offset byte_A357
seg000:A326 byte_A326       db 0
seg000:A327                 db 2
seg000:A328 aGdegaBin       db 'gdega.bin',0
seg000:A332 byte_A332       db 0
seg000:A333                 db 3
seg000:A334 aGdcgaBin       db 'gdcga.bin',0
seg000:A33E byte_A33E       db 0
seg000:A33F                 db 4
seg000:A340 aGdhgcBin       db 'gdhgc.bin',0
seg000:A34A byte_A34A       db 0
seg000:A34B                 db 6
seg000:A34C aGdmcgaBin      db 'gdmcga.bin',0
seg000:A357 byte_A357       db 0
seg000:A358                 db 5
seg000:A359 aGdtgaBin       db 'gdtga.bin',0
seg000:A363 vfs_4_types_of_town_musics db 1
seg000:A364                 db 2Fh
seg000:A365 aMgt1Msd        db 'MGT1.MSD',0
seg000:A36E                 db 1
seg000:A36F                 db 31h
seg000:A370 aUgm1Msd        db 'UGM1.MSD',0
seg000:A379                 db 1
seg000:A37A                 db 30h
seg000:A37B aMgt2Msd        db 'MGT2.MSD',0
seg000:A384                 db 1
seg000:A385                 db 32h
seg000:A386 aUgm2Msd        db 'UGM2.MSD',0
seg000:A38F vfs_2_types_of_town_npcs db 1
seg000:A390                 db 1Eh
seg000:A391 aMmanGrp        db 'MMAN.GRP',0
seg000:A39A                 db 1
seg000:A39B                 db 1Fh
seg000:A39C aCmanGrp        db 'CMAN.GRP',0
seg000:A3A5
seg000:A3A5 ; =============== S U B R O U T I N E =======================================
seg000:A3A5
seg000:A3A5
seg000:A3A5 render_tears_collected proc near
seg000:A3A5                 test    byte ptr ds:0A0h, 0FFh ; Tears_of_Esmesanti_count
seg000:A3AA                 jnz     short loc_A3AD
seg000:A3AC                 retn
seg000:A3AD ; ---------------------------------------------------------------------------
seg000:A3AD
seg000:A3AD loc_A3AD:                               ;
seg000:A3AD                 mov     cl, ds:0A0h     ; Tears_of_Esmesanti_count
seg000:A3B1                 xor     ch, ch
seg000:A3B3                 xor     bx, bx
seg000:A3B5
seg000:A3B5 loc_A3B5:
seg000:A3B5                 push    cx
seg000:A3B6                 push    bx
seg000:A3B7                 mov     dx, bx
seg000:A3B9                 add     bx, bx
seg000:A3BB                 mov     bx, ds:tears_order_coords[bx]
seg000:A3BF                 xor     al, al
seg000:A3C1                 cmp     dx, 8
seg000:A3C4                 jnz     short loc_A3C8
seg000:A3C6                 mov     al, 1
seg000:A3C8
seg000:A3C8 loc_A3C8:                               ;
seg000:A3C8                 call    word ptr cs:203Eh ; Render_Tear_Icon_proc
seg000:A3CD                 pop     bx
seg000:A3CE                 inc     bx
seg000:A3CF                 pop     cx
seg000:A3D0                 loop    loc_A3B5
seg000:A3D2                 retn
seg000:A3D2 render_tears_collected endp
seg000:A3D2
seg000:A3D2 ; ---------------------------------------------------------------------------
seg000:A3D3 tears_order_coords dw 0F00h
seg000:A3D5                 dw 3D00h
seg000:A3D7                 dw 1500h
seg000:A3D9                 dw 3700h
seg000:A3DB                 dw 1B00h
seg000:A3DD                 dw 3100h
seg000:A3DF                 dw 2100h
seg000:A3E1                 dw 2B00h
seg000:A3E3                 dw 2600h
seg000:A3E5
seg000:A3E5 ; =============== S U B R O U T I N E =======================================
seg000:A3E5
seg000:A3E5
seg000:A3E5 sub_A3E5        proc near
seg000:A3E5
seg000:A3E5 ; FUNCTION CHUNK AT seg000:A3FE SIZE 0000000B BYTES
seg000:A3E5 ; FUNCTION CHUNK AT seg000:A41A SIZE 0000003C BYTES
seg000:A3E5 ; FUNCTION CHUNK AT seg000:A46E SIZE 00000002 BYTES
seg000:A3E5
seg000:A3E5                 mov     bl, ds:0FF14h   ; video_drv_id
seg000:A3E9                 xor     bh, bh
seg000:A3EB                 add     bx, bx          ; switch 6 cases
seg000:A3ED                 jmp     cs:jpt_A3ED[bx] ; switch jump
seg000:A3ED sub_A3E5        endp
seg000:A3ED
seg000:A3ED ; ---------------------------------------------------------------------------
seg000:A3F2 jpt_A3ED        dw offset set_ega_palette ; jump table for switch statement
seg000:A3F4                 dw offset locret_A41A
seg000:A3F6                 dw offset locret_A41A
seg000:A3F8                 dw offset locret_A46F
seg000:A3FA                 dw offset set_mcga_palette
seg000:A3FC                 dw offset locret_A46E
seg000:A3FE ; ---------------------------------------------------------------------------
seg000:A3FE ; START OF FUNCTION CHUNK FOR sub_A3E5
seg000:A3FE
seg000:A3FE set_ega_palette:                        ; jumptable 0000A3ED case 0
seg000:A3FE                 push    cs
seg000:A3FF                 pop     es
seg000:A400                 assume es:nothing
seg000:A400                 mov     dx, offset byte_A409
seg000:A403                 mov     ax, 1002h
seg000:A406                 int     10h             ; - VIDEO - SET ALL PALETTE REGISTERS (Jr, PS, TANDY 1000, EGA, VGA)
seg000:A406                                         ; ES:DX -> 17-byte palette register list
seg000:A408                 retn
seg000:A408 ; END OF FUNCTION CHUNK FOR sub_A3E5
seg000:A408 ; ---------------------------------------------------------------------------
seg000:A409 byte_A409       db 0, 3Fh, 24h, 12h, 1Bh, 9, 36h, 2Dh, 38h, 7, 4, 2, 3
seg000:A416                 db 1, 6, 5, 0
seg000:A41A ; ---------------------------------------------------------------------------
seg000:A41A ; START OF FUNCTION CHUNK FOR sub_A3E5
seg000:A41A
seg000:A41A locret_A41A:                            ; jumptable 0000A3ED cases 1,2
seg000:A41A                 retn
seg000:A41B ; ---------------------------------------------------------------------------
seg000:A41B
seg000:A41B set_mcga_palette:                       ; jumptable 0000A3ED case 4
seg000:A41B                 push    cs
seg000:A41C                 pop     ds
seg000:A41D                 mov     si, offset byte_A456
seg000:A420                 xor     bx, bx
seg000:A422                 mov     cx, 8
seg000:A425
seg000:A425 loc_A425:
seg000:A425                 push    cx
seg000:A426                 lodsb
seg000:A427                 mov     dh, al
seg000:A429                 lodsb
seg000:A42A                 mov     dl, al
seg000:A42C                 lodsb
seg000:A42D                 mov     ah, al
seg000:A42F                 push    si
seg000:A430                 mov     si, offset byte_A456
seg000:A433                 mov     cx, 8
seg000:A436
seg000:A436 loc_A436:
seg000:A436                 push    cx
seg000:A437                 push    ax
seg000:A438                 push    dx
seg000:A439                 lodsb
seg000:A43A                 add     dh, al
seg000:A43C                 lodsb
seg000:A43D                 add     al, dl
seg000:A43F                 mov     ch, al
seg000:A441                 lodsb
seg000:A442                 add     al, ah
seg000:A444                 mov     cl, al
seg000:A446                 mov     ax, 1010h
seg000:A449                 int     10h             ; - VIDEO - SET INDIVIDUAL DAC REGISTER (EGA, VGA/MCGA)
seg000:A449                                         ; BX = register number, CH = new value for green (0-63)
seg000:A449                                         ; CL = new value for blue (0-63), DH = new value for red (0-63)
seg000:A44B                 inc     bx
seg000:A44C                 pop     dx
seg000:A44D                 pop     ax
seg000:A44E                 pop     cx
seg000:A44F                 loop    loc_A436
seg000:A451                 pop     si
seg000:A452                 pop     cx
seg000:A453                 loop    loc_A425
seg000:A455                 retn
seg000:A455 ; END OF FUNCTION CHUNK FOR sub_A3E5
seg000:A455 ; ---------------------------------------------------------------------------
seg000:A456 byte_A456       db 0, 0, 0, 1Fh, 1Fh, 1Fh, 1Fh, 0, 0, 0, 1Fh, 0, 0, 1Fh
seg000:A464                 db 1Fh, 0, 0, 1Fh, 1Fh, 1Fh, 0, 1Fh, 0, 1Fh
seg000:A46E ; ---------------------------------------------------------------------------
seg000:A46E ; START OF FUNCTION CHUNK FOR sub_A3E5
seg000:A46E
seg000:A46E locret_A46E:                            ; jumptable 0000A3ED case 5
seg000:A46E                 retn
seg000:A46F ; ---------------------------------------------------------------------------
seg000:A46F
seg000:A46F locret_A46F:                            ; jumptable 0000A3ED case 3
seg000:A46F                 retn
seg000:A46F ; END OF FUNCTION CHUNK FOR sub_A3E5
seg000:A46F ; ---------------------------------------------------------------------------
seg000:A470 InitTitleScreen_proc dw 0
seg000:A472 InitTitleScreen_seg dw 3000h
seg000:A474 is_restore_game dw 0
seg000:A474 seg000          ends
seg000:A474
seg000:A474
seg000:A474                 end
