seg000:3000 ;
seg000:3000 ; +-------------------------------------------------------------------------+
seg000:3000 ; |      This file was generated by The Interactive Disassembler (IDA)      |
seg000:3000 ; |           Copyright (c) 2026 Hex-Rays, <support@hex-rays.com>           |
seg000:3000 ; |                      License info: 48-2137-ACAB-69                      |
seg000:3000 ; |                             hi@hex-rays.com                             |
seg000:3000 ; +-------------------------------------------------------------------------+
seg000:3000 ;
seg000:3000 ; Input SHA256 : 0EE2A1841E99B904AFBBE66F1AAEE15910426CB92EB5B4772A0658EA186CFCF8
seg000:3000 ; Input MD5    : E00F4043C69F692551F81F7F87209C6C
seg000:3000 ; Input CRC32  : 8055AB61
seg000:3000
seg000:3000 ; File Name   : /home/brox/Projects/zeliard/WORK/GTMCGA.BIN
seg000:3000 ; Format      : Binary file
seg000:3000 ; Base Address: 0000h Range: 0000h - 14EFh Loaded length: 14EFh
seg000:3000
seg000:3000                 .686p
seg000:3000                 .mmx
seg000:3000                 .model small
seg000:3000
seg000:3000 ; ===========================================================================
seg000:3000
seg000:3000 ; Segment type: Pure code
seg000:3000 seg000          segment byte public 'CODE' use16
seg000:3000                 assume cs:seg000
seg000:3000                 ;org 3000h
seg000:3000                 assume es:data, ss:data, ds:data, fs:data, gs:data
seg000:3000                 dw offset apply_screen_xor_grid
seg000:3002                 dw offset backup_upper_town_3_tiles ; skips top 8 tiles (sky, distant mountains)
seg000:3002                                         ; saves town top (3 tiles of 8) to screen buffer
seg000:3004                 dw offset render_town_tiles_28_columns
seg000:3006                 dw offset scroll_hud_right_8px
seg000:3008                 dw offset scroll_hud_right_4px
seg000:300A                 dw offset scroll_hud_left_8px
seg000:300C                 dw offset scroll_hud_left_4px
seg000:300E                 dw offset unpack_to_shadow_memory_six_tiles
seg000:3010                 dw offset ui_draw_routine_dispatcher
seg000:3012                 dw offset blit_6_tiles_to_shadow_memory
seg000:3014                 dw offset get_sprite_vram_address
seg000:3016                 dw offset draw_tile_to_screen ; AL: glyph id
seg000:3016                                         ; seg1:8000 packed 48-byte tiles
seg000:3016                                         ; BH: x in tiles
seg000:3016                                         ; BL: y in screen coords
seg000:3018                 dw offset draw_arrow_icon_or_ui_symbol
seg000:301A                 dw offset format_string_to_buffer
seg000:301C                 dw offset draw_string_buffer_to_screen ; BL=y
seg000:301C                                         ; BH=x
seg000:301E                 dw offset scroll_hud_up
seg000:3020                 dw offset scroll_hud_down
seg000:3022                 dw offset render_numeric_score
seg000:3024                 dw offset decompress_patterns
seg000:3026                 dw offset apply_sprite_mask
seg000:3028
seg000:3028 ; =============== S U B R O U T I N E =======================================
seg000:3028
seg000:3028 ; skips top 8 tiles (sky, distant mountains)
seg000:3028 ; saves town top (3 tiles of 8) to screen buffer
seg000:3028
seg000:3028 backup_upper_town_3_tiles proc near     ; ...
seg000:3028                 push    ds
seg000:3029                 mov     si, 48+78*320   ; 78 = 14+64 => skip 8 top tiles (sky)
seg000:302C                 mov     di, offset screen_buffer
seg000:302F                 push    cs
seg000:3030                 pop     es
seg000:3031                 mov     ax, 0A000h
seg000:3034                 mov     ds, ax          ;
seg000:3034                                         ; Screen dimensions:
seg000:3034                                         ; Vert: 14 + 18*8 + 42
seg000:3034                                         ; Horiz: 48 + 28*8 + 48
seg000:3036                 assume ds:nothing
seg000:3036                 mov     cx, 28          ; entire viewport width = 28 tiles
seg000:3039
seg000:3039 loc_3039:                               ; ...
seg000:3039                 push    cx
seg000:303A                 push    si
seg000:303B                 mov     cx, 24          ; 3 tiles vertically
seg000:303E
seg000:303E next_8pix:                              ; ...
seg000:303E                 movsw
seg000:303F                 movsw
seg000:3040                 movsw
seg000:3041                 movsw
seg000:3042                 add     si, 312
seg000:3046                 loop    next_8pix
seg000:3048                 pop     si
seg000:3049                 pop     cx
seg000:304A                 add     si, 8
seg000:304D                 loop    loc_3039
seg000:304F                 pop     ds
seg000:3050                 assume ds:data
seg000:3050                 retn
seg000:3050 backup_upper_town_3_tiles endp
seg000:3050
seg000:3051
seg000:3051 ; =============== S U B R O U T I N E =======================================
seg000:3051
seg000:3051
seg000:3051 render_town_tiles_28_columns proc near  ; ...
seg000:3051                 push    cs
seg000:3052                 pop     es
seg000:3053                 mov     di, offset blit_cache
seg000:3056                 xor     ax, ax
seg000:3058                 mov     cx, 100h
seg000:305B                 rep stosw
seg000:305D                 mov     si, ds:0FF2Ah   ; proximity_start_tiles
seg000:3061                 cmp     byte ptr [si+29], 0FDh
seg000:3065                 jnz     short loc_306A
seg000:3067                 call    pre_pass_special_column_initializer
seg000:306A
seg000:306A loc_306A:                               ; ...
seg000:306A                 mov     ds:current_column_screen_addr, 61B0h
seg000:3070                 mov     si, ds:0FF2Ah   ; proximity_start_tiles
seg000:3074                 add     si, 20h ; ' '
seg000:3077                 push    cs
seg000:3078                 pop     es
seg000:3079                 mov     di, 0E000h
seg000:307C                 mov     ds:column_counter, 0
seg000:3081
seg000:3081 next_column:                            ; ...
seg000:3081                 call    hero_column_shadow_blitter_guard
seg000:3084                 xor     bl, bl
seg000:3086                 cmpsb
seg000:3087                 jz      short loc_308C
seg000:3089                 call    tile_render_and_animate
seg000:308C
seg000:308C loc_308C:                               ; ...
seg000:308C                 inc     bl
seg000:308E                 cmpsb
seg000:308F                 jz      short loc_3094
seg000:3091                 call    tile_render_and_animate
seg000:3094
seg000:3094 loc_3094:                               ; ...
seg000:3094                 inc     bl
seg000:3096                 cmpsb
seg000:3097                 jz      short loc_309C
seg000:3099                 call    tile_render_and_animate
seg000:309C
seg000:309C loc_309C:                               ; ...
seg000:309C                 inc     bl
seg000:309E                 cmpsb
seg000:309F                 jz      short loc_30A4
seg000:30A1                 call    background_tile_render_with_blit_cache
seg000:30A4
seg000:30A4 loc_30A4:                               ; ...
seg000:30A4                 inc     bl
seg000:30A6                 cmpsb
seg000:30A7                 jz      short loc_30AC
seg000:30A9                 call    background_tile_render_with_blit_cache
seg000:30AC
seg000:30AC loc_30AC:                               ; ...
seg000:30AC                 inc     bl
seg000:30AE                 cmpsb
seg000:30AF                 jz      short loc_30B4
seg000:30B1                 call    special_tile_dispatcher
seg000:30B4
seg000:30B4 loc_30B4:                               ; ...
seg000:30B4                 inc     bl
seg000:30B6                 cmpsb
seg000:30B7                 jz      short loc_30BC
seg000:30B9                 call    background_tile_render_with_blit_cache
seg000:30BC
seg000:30BC loc_30BC:                               ; ...
seg000:30BC                 inc     bl
seg000:30BE                 cmpsb
seg000:30BF                 jz      short loc_30C4
seg000:30C1                 call    background_tile_render_with_blit_cache
seg000:30C4
seg000:30C4 loc_30C4:                               ; ...
seg000:30C4                 add     ds:current_column_screen_addr, 8
seg000:30C9                 inc     ds:column_counter
seg000:30CD                 cmp     ds:column_counter, 28
seg000:30D2                 jnz     short next_column
seg000:30D4                 retn
seg000:30D4 render_town_tiles_28_columns endp
seg000:30D4
seg000:30D5
seg000:30D5 ; =============== S U B R O U T I N E =======================================
seg000:30D5
seg000:30D5
seg000:30D5 hero_column_shadow_blitter_guard proc near ; ...
seg000:30D5                 cmp     ds:column_counter, 27
seg000:30DA                 jnz     short loc_30DD
seg000:30DC                 retn
seg000:30DD ; ---------------------------------------------------------------------------
seg000:30DD
seg000:30DD loc_30DD:                               ; ...
seg000:30DD                 mov     al, ds:83h      ; hero_x_in_viewport
seg000:30E0                 cmp     ds:column_counter, al
seg000:30E4                 jz      short loc_30E7
seg000:30E6                 retn
seg000:30E7 ; ---------------------------------------------------------------------------
seg000:30E7
seg000:30E7 loc_30E7:                               ; ...
seg000:30E7                 push    di
seg000:30E8                 push    es
seg000:30E9                 push    si
seg000:30EA                 push    ds
seg000:30EB                 mov     al, ds:83h      ; hero_x_in_viewport
seg000:30EE                 add     al, al
seg000:30F0                 add     al, al
seg000:30F2                 add     al, al
seg000:30F4                 xor     ah, ah
seg000:30F6                 mov     di, ax
seg000:30F8                 add     di, 48+(14+13*8)*320
seg000:30FC                 mov     ax, 0A000h
seg000:30FF                 mov     es, ax
seg000:3101                 assume es:nothing
seg000:3101                 mov     ds, ax
seg000:3103                 assume ds:nothing
seg000:3103                 mov     si, 0FA00h      ; shadow memory buffer
seg000:3106                 mov     cx, 2
seg000:3109
seg000:3109 loc_3109:                               ; ...
seg000:3109                 push    cx
seg000:310A                 push    di
seg000:310B                 call    copy_3_vert_tiles
seg000:310E                 pop     di
seg000:310F                 add     di, 8
seg000:3112                 pop     cx
seg000:3113                 loop    loc_3109
seg000:3115                 pop     ds
seg000:3116                 assume ds:data
seg000:3116                 pop     si
seg000:3117                 pop     es
seg000:3118                 assume es:data
seg000:3118                 pop     di
seg000:3119                 retn
seg000:3119 hero_column_shadow_blitter_guard endp
seg000:3119
seg000:311A
seg000:311A ; =============== S U B R O U T I N E =======================================
seg000:311A
seg000:311A
seg000:311A special_tile_dispatcher proc near       ; ...
seg000:311A                 cmp     byte ptr [si-1], 0FDh
seg000:311E                 jnz     short background_tile_render_with_blit_cache
seg000:3120                 jmp     special_multi_tile_column_renderer
seg000:3120 special_tile_dispatcher endp
seg000:3120
seg000:3123
seg000:3123 ; =============== S U B R O U T I N E =======================================
seg000:3123
seg000:3123
seg000:3123 background_tile_render_with_blit_cache proc near ; ...
seg000:3123                 mov     al, [di-1]
seg000:3126                 mov     byte ptr [di-1], 0FEh
seg000:312A                 inc     al
seg000:312C                 jnz     short loc_312F
seg000:312E                 retn
seg000:312F ; ---------------------------------------------------------------------------
seg000:312F
seg000:312F loc_312F:                               ; ...
seg000:312F                 dec     di
seg000:3130                 dec     si
seg000:3131                 mov     dl, [si]
seg000:3133                 movsb
seg000:3134                 push    es
seg000:3135                 push    ds
seg000:3136                 push    di
seg000:3137                 push    si
seg000:3138                 push    bx
seg000:3139                 push    dx
seg000:313A                 xor     bh, bh
seg000:313C                 add     bx, bx
seg000:313E                 add     bx, bx
seg000:3140                 add     bx, bx
seg000:3142                 mov     ax, 320
seg000:3145                 mul     bx
seg000:3147                 add     ax, ds:current_column_screen_addr
seg000:314B                 mov     di, ax
seg000:314D                 pop     dx
seg000:314E                 mov     bl, dl
seg000:3150                 xor     bh, bh
seg000:3152                 add     bx, bx
seg000:3154                 test    word ptr ds:blit_cache[bx], 0FFFFh
seg000:315A                 jnz     short loc_31B6
seg000:315C                 mov     word ptr ds:blit_cache[bx], di
seg000:3160                 mov     ax, 48          ; 6 bits per pixel × 8 pixels × 8 rows = 48 bytes
seg000:3163                 mul     dl
seg000:3165                 mov     si, ax
seg000:3167                 add     si, 8100h       ; packed_tile_graphics
seg000:316B                 mov     ds, word ptr cs:0FF2Ch ; seg1
seg000:3170                 mov     ax, 0A000h
seg000:3173                 mov     es, ax
seg000:3175                 assume es:nothing
seg000:3175                 mov     cx, 8
seg000:3178
seg000:3178 loc_3178:                               ; ...
seg000:3178                 push    cx
seg000:3179                 mov     cx, 2
seg000:317C
seg000:317C loc_317C:                               ; ...
seg000:317C                 lodsw
seg000:317D                 mov     dx, ax
seg000:317F                 lodsb
seg000:3180                 mov     bl, al
seg000:3182                 mov     bh, dl
seg000:3184                 shr     dx, 1
seg000:3186                 shr     dx, 1
seg000:3188                 mov     es:[di], dh
seg000:318B                 shr     dl, 1
seg000:318D                 shr     dl, 1
seg000:318F                 mov     es:[di+1], dl
seg000:3193                 add     bx, bx
seg000:3195                 add     bx, bx
seg000:3197                 and     bh, 3Fh
seg000:319A                 mov     es:[di+2], bh
seg000:319E                 and     al, 3Fh
seg000:31A0                 mov     es:[di+3], al
seg000:31A4                 add     di, 4
seg000:31A7                 loop    loc_317C
seg000:31A9                 add     di, 312
seg000:31AD                 pop     cx
seg000:31AE                 loop    loc_3178
seg000:31B0                 pop     bx
seg000:31B1                 pop     si
seg000:31B2                 pop     di
seg000:31B3                 pop     ds
seg000:31B4                 pop     es
seg000:31B5                 assume es:data
seg000:31B5                 retn
seg000:31B6 ; ---------------------------------------------------------------------------
seg000:31B6
seg000:31B6 loc_31B6:                               ; ...
seg000:31B6                 mov     si, word ptr ds:blit_cache[bx]
seg000:31BA                 mov     ax, 0A000h
seg000:31BD                 mov     es, ax
seg000:31BF                 assume es:nothing
seg000:31BF                 mov     ds, ax
seg000:31C1                 assume ds:nothing
seg000:31C1                 mov     cx, 8
seg000:31C4
seg000:31C4 loc_31C4:                               ; ...
seg000:31C4                 movsw
seg000:31C5                 movsw
seg000:31C6                 movsw
seg000:31C7                 movsw
seg000:31C8                 add     di, 312
seg000:31CC                 add     si, 312
seg000:31D0                 loop    loc_31C4
seg000:31D2                 pop     bx
seg000:31D3                 pop     si
seg000:31D4                 pop     di
seg000:31D5                 pop     ds
seg000:31D6                 assume ds:data
seg000:31D6                 pop     es
seg000:31D7                 assume es:data
seg000:31D7                 retn
seg000:31D7 background_tile_render_with_blit_cache endp
seg000:31D7
seg000:31D8
seg000:31D8 ; =============== S U B R O U T I N E =======================================
seg000:31D8
seg000:31D8
seg000:31D8 tile_render_and_animate proc near       ; ...
seg000:31D8                 mov     al, [di-1]
seg000:31DB                 mov     byte ptr [di-1], 0FEh
seg000:31DF                 inc     al
seg000:31E1                 jnz     short loc_31E4
seg000:31E3                 retn
seg000:31E4 ; ---------------------------------------------------------------------------
seg000:31E4
seg000:31E4 loc_31E4:                               ; ...
seg000:31E4                 push    bx
seg000:31E5                 push    es
seg000:31E6                 mov     dl, [si-1]
seg000:31E9                 mov     bl, dl
seg000:31EB                 xor     bh, bh
seg000:31ED                 mov     es, word ptr cs:0FF2Ch ; seg1
seg000:31F2                 add     bx, es:8000h    ; word ptr seg1:8000 -> address of packed tiles
seg000:31F7                 mov     dh, es:[bx]
seg000:31FA                 pop     es
seg000:31FB                 pop     bx
seg000:31FC                 or      dh, dh
seg000:31FE                 jnz     short loc_3203
seg000:3200                 jmp     background_tile_render_with_blit_cache
seg000:3203 ; ---------------------------------------------------------------------------
seg000:3203
seg000:3203 loc_3203:                               ; ...
seg000:3203                 dec     di
seg000:3204                 dec     si
seg000:3205                 movsb
seg000:3206                 push    es
seg000:3207                 push    ds
seg000:3208                 push    di
seg000:3209                 push    si
seg000:320A                 push    bx
seg000:320B                 push    dx
seg000:320C                 xor     bh, bh          ; bx: tile y
seg000:320E                 add     bx, bx
seg000:3210                 add     bx, bx
seg000:3212                 add     bx, bx          ; screen y
seg000:3214                 mov     ax, 320
seg000:3217                 mul     bx
seg000:3219                 add     ax, ds:current_column_screen_addr
seg000:321D                 mov     di, ax
seg000:321F                 pop     dx
seg000:3220                 mov     ax, 8
seg000:3223                 mul     dl
seg000:3225                 mov     bp, ax
seg000:3227                 mov     ax, 48
seg000:322A                 mul     dl
seg000:322C                 mov     si, ax
seg000:322E                 add     si, 8100h       ; packed_tile_graphics in seg1
seg000:3232                 add     bp, 0D000h      ; hero_transparency_masks
seg000:3236                 mov     ax, 192
seg000:3239                 mul     ds:column_counter
seg000:323D                 add     bx, bx
seg000:323F                 add     bx, bx
seg000:3241                 add     bx, bx
seg000:3243                 add     bx, ax
seg000:3245                 add     bx, 0A000h
seg000:3249                 mov     ds, word ptr cs:0FF2Ch ; seg1
seg000:324E                 mov     ax, 0A000h
seg000:3251                 mov     es, ax
seg000:3253                 assume es:nothing
seg000:3253                 mov     cx, 8
seg000:3256
seg000:3256 loc_3256:                               ; ...
seg000:3256                 push    cx
seg000:3257                 mov     ah, ds:[bp+0]
seg000:325B                 inc     bp
seg000:325C                 mov     cx, 2
seg000:325F
seg000:325F loc_325F:                               ; ...
seg000:325F                 push    cx
seg000:3260                 lodsb
seg000:3261                 mov     dl, al
seg000:3263                 lodsb
seg000:3264                 mov     dh, al
seg000:3266                 lodsb
seg000:3267                 mov     cl, al
seg000:3269                 mov     ch, dl
seg000:326B                 shr     dx, 1
seg000:326D                 shr     dx, 1
seg000:326F                 add     ah, ah
seg000:3271                 jnb     short loc_3276
seg000:3273                 mov     dh, cs:[bx]
seg000:3276
seg000:3276 loc_3276:                               ; ...
seg000:3276                 inc     bx
seg000:3277                 mov     es:[di], dh
seg000:327A                 shr     dl, 1
seg000:327C                 shr     dl, 1
seg000:327E                 add     ah, ah
seg000:3280                 jnb     short loc_3285
seg000:3282                 mov     dl, cs:[bx]
seg000:3285
seg000:3285 loc_3285:                               ; ...
seg000:3285                 inc     bx
seg000:3286                 mov     es:[di+1], dl
seg000:328A                 add     cx, cx
seg000:328C                 add     cx, cx
seg000:328E                 and     ch, 3Fh
seg000:3291                 add     ah, ah
seg000:3293                 jnb     short loc_3298
seg000:3295                 mov     ch, cs:[bx]
seg000:3298
seg000:3298 loc_3298:                               ; ...
seg000:3298                 inc     bx
seg000:3299                 mov     es:[di+2], ch
seg000:329D                 and     al, 3Fh
seg000:329F                 add     ah, ah
seg000:32A1                 jnb     short loc_32A6
seg000:32A3                 mov     al, cs:[bx]
seg000:32A6
seg000:32A6 loc_32A6:                               ; ...
seg000:32A6                 inc     bx
seg000:32A7                 mov     es:[di+3], al
seg000:32AB                 add     di, 4
seg000:32AE                 pop     cx
seg000:32AF                 loop    loc_325F
seg000:32B1                 pop     cx
seg000:32B2                 add     di, 312
seg000:32B6                 loop    loc_3256
seg000:32B8                 pop     bx
seg000:32B9                 pop     si
seg000:32BA                 pop     di
seg000:32BB                 pop     ds
seg000:32BC                 pop     es
seg000:32BD                 assume es:data
seg000:32BD                 mov     ah, [di-1]
seg000:32C0                 or      ah, ah
seg000:32C2                 jnz     short loc_32C5
seg000:32C4                 retn
seg000:32C5 ; ---------------------------------------------------------------------------
seg000:32C5
seg000:32C5 loc_32C5:                               ; ...
seg000:32C5                 cmp     ah, 19h
seg000:32C8                 jb      short loc_32CB
seg000:32CA                 retn
seg000:32CB ; ---------------------------------------------------------------------------
seg000:32CB
seg000:32CB loc_32CB:                               ; ...
seg000:32CB                 push    di
seg000:32CC                 push    es
seg000:32CD                 mov     es, word ptr cs:0FF2Ch ; seg1
seg000:32D2                 mov     di, es:8004h
seg000:32D7                 mov     cl, es:[di]
seg000:32DA                 or      cl, cl
seg000:32DC                 jz      short loc_32F9
seg000:32DE                 inc     di
seg000:32DF
seg000:32DF loc_32DF:                               ; ...
seg000:32DF                 mov     al, es:[di]
seg000:32E2                 cmp     al, 0FFh
seg000:32E4                 jz      short loc_32F9
seg000:32E6                 cmp     ah, al
seg000:32E8                 jnz     short loc_32F3
seg000:32EA                 mov     al, es:[di+1]
seg000:32EE                 mov     [si-1], al
seg000:32F1                 jmp     short loc_32F9
seg000:32F3 ; ---------------------------------------------------------------------------
seg000:32F3
seg000:32F3 loc_32F3:                               ; ...
seg000:32F3                 inc     di
seg000:32F4                 inc     di
seg000:32F5                 dec     cl
seg000:32F7                 jnz     short loc_32DF
seg000:32F9
seg000:32F9 loc_32F9:                               ; ...
seg000:32F9                 pop     es
seg000:32FA                 pop     di
seg000:32FB                 retn
seg000:32FB tile_render_and_animate endp
seg000:32FB
seg000:32FC
seg000:32FC ; =============== S U B R O U T I N E =======================================
seg000:32FC
seg000:32FC
seg000:32FC unpack_to_shadow_memory_six_tiles proc near ; ...
seg000:32FC                 mov     di, vram_shadow_addr
seg000:32FC unpack_to_shadow_memory_six_tiles endp
seg000:32FC
seg000:32FF
seg000:32FF ; =============== S U B R O U T I N E =======================================
seg000:32FF
seg000:32FF
seg000:32FF unpack_six_tiles proc near              ; ...
seg000:32FF                 mov     cx, 6
seg000:32FF unpack_six_tiles endp
seg000:32FF
seg000:3302
seg000:3302 ; =============== S U B R O U T I N E =======================================
seg000:3302
seg000:3302
seg000:3302 unpack_cx_tiles proc near               ; ...
seg000:3302                 mov     ax, 0A000h
seg000:3305                 mov     es, ax
seg000:3307                 assume es:nothing
seg000:3307
seg000:3307 loc_3307:                               ; ...
seg000:3307                 push    cx
seg000:3308                 lodsb                   ; tile id points to 48-byte block of packed pixels
seg000:3309                 push    ds
seg000:330A                 push    si
seg000:330B                 mov     cl, 48
seg000:330D                 mul     cl
seg000:330F                 mov     si, ax
seg000:3311                 add     si, 8100h       ; packed_tile_graphics
seg000:3315                 mov     ds, word ptr cs:0FF2Ch ; seg1
seg000:331A                 mov     cx, 16
seg000:331D
seg000:331D unpack_next_3_bytes:                    ; ...
seg000:331D                 lodsw
seg000:331E                 mov     dx, ax
seg000:3320                 lodsb
seg000:3321                 mov     bl, al          ; dh=p23_16, dl=p15_8, bl=al=p7_0
seg000:3323                 mov     bh, dl          ; bh=p15_8
seg000:3325                 shr     dx, 1
seg000:3327                 shr     dx, 1           ; dh=p23_18, dl=p17_10
seg000:3329                 mov     es:[di], dh     ; u0=p23_18
seg000:332C                 shr     dl, 1
seg000:332E                 shr     dl, 1           ; dl=p17_12
seg000:3330                 mov     es:[di+1], dl   ; u1=p17_12
seg000:3334                 add     bx, bx
seg000:3336                 add     bx, bx          ; bh=p13_6, bl=p5_0
seg000:3338                 and     bh, 3Fh         ; bh=p11_6
seg000:333B                 mov     es:[di+2], bh   ; u2=p11_6
seg000:333F                 and     al, 3Fh         ; al=p5_0
seg000:3341                 mov     es:[di+3], al   ; u3=p5_0
seg000:3345                 add     di, 4
seg000:3348                 loop    unpack_next_3_bytes ;
seg000:3348                                         ; tile unpacked to 64 bytes
seg000:334A                 pop     si
seg000:334B                 pop     ds
seg000:334C                 pop     cx
seg000:334D                 loop    loc_3307
seg000:334F                 retn
seg000:334F unpack_cx_tiles endp
seg000:334F
seg000:3350
seg000:3350 ; =============== S U B R O U T I N E =======================================
seg000:3350
seg000:3350
seg000:3350 special_multi_tile_column_renderer proc near ; ...
seg000:3350                 push    ds
seg000:3351                 push    si
seg000:3352                 push    es
seg000:3353                 push    di
seg000:3354                 mov     di, offset word_3C9C
seg000:3357                 movsw
seg000:3358                 add     si, 5
seg000:335B                 movsw
seg000:335C                 movsb
seg000:335D                 mov     dl, cs:column_counter
seg000:3362                 add     dl, 4
seg000:3365                 xor     dh, dh
seg000:3367                 add     dx, cs:80h
seg000:336C                 mov     ds:sprite_x_coord, dx
seg000:3370                 call    sprite_descriptor_table_scanner
seg000:3373                 mov     es:tile_id_staging_buffer, al
seg000:3377                 cmp     es:byte_3C9E, 0FDh
seg000:337D                 jnz     short loc_3387
seg000:337F                 inc     dx
seg000:3380                 call    sprite_descriptor_table_scanner
seg000:3383                 mov     es:byte_3C9E, al
seg000:3387
seg000:3387 loc_3387:                               ; ...
seg000:3387                 mov     si, offset tile_id_staging_buffer
seg000:338A                 mov     di, 64384
seg000:338D                 call    unpack_six_tiles
seg000:3390                 mov     si, cs:0C00Fh   ; NPC array
seg000:3395
seg000:3395 loc_3395:                               ; ...
seg000:3395                 call    sprite_x_coordinate_lookup
seg000:3398                 or      bl, bl
seg000:339A                 jz      short loc_33AE
seg000:339C                 push    si
seg000:339D                 push    bx
seg000:339E                 call    get_sprite_vram_address
seg000:33A1                 pop     bx
seg000:33A2                 mov     es, word ptr cs:0FF2Ch ; seg1
seg000:33A7                 assume es:data
seg000:33A7                 mov     si, offset tile_id_staging_buffer
seg000:33AA                 call    sprite_compositor_dispatcher
seg000:33AD                 pop     si
seg000:33AE
seg000:33AE loc_33AE:                               ; ...
seg000:33AE                 add     si, 8
seg000:33B1                 cmp     word ptr [si], 0FFFFh
seg000:33B4                 jnz     short loc_3395
seg000:33B6                 pop     di
seg000:33B7                 pop     es
seg000:33B8                 mov     ch, es:[di-1]
seg000:33BC                 mov     cl, es:[di+7]
seg000:33C0                 push    es
seg000:33C1                 push    di
seg000:33C2                 push    cx
seg000:33C3                 mov     di, cs:current_column_screen_addr
seg000:33C8                 add     di, 5*8*320
seg000:33CC                 push    di
seg000:33CD                 mov     si, 64384
seg000:33D0                 mov     ax, 0A000h
seg000:33D3                 mov     es, ax
seg000:33D5                 assume es:nothing
seg000:33D5                 mov     ds, ax
seg000:33D7                 assume ds:nothing
seg000:33D7                 inc     ch
seg000:33D9                 jz      short loc_33DE
seg000:33DB                 call    copy_3_vert_tiles
seg000:33DE
seg000:33DE loc_33DE:                               ; ...
seg000:33DE                 pop     di
seg000:33DF                 pop     cx
seg000:33E0                 cmp     cs:column_counter, 1Bh
seg000:33E6                 jz      short loc_33F5
seg000:33E8                 mov     si, 64576
seg000:33EB                 add     di, 8
seg000:33EE                 inc     cl
seg000:33F0                 jz      short loc_33F5
seg000:33F2                 call    copy_3_vert_tiles
seg000:33F5
seg000:33F5 loc_33F5:                               ; ...
seg000:33F5                 pop     di
seg000:33F6                 pop     es
seg000:33F7                 assume es:data
seg000:33F7                 mov     al, 0FFh
seg000:33F9                 mov     byte ptr es:[di-1], 0FEh
seg000:33FE                 mov     es:[di], al
seg000:3401                 mov     es:[di+1], al
seg000:3405                 mov     es:[di+7], al
seg000:3409                 mov     es:[di+8], al
seg000:340D                 mov     es:[di+9], al
seg000:3411                 pop     si
seg000:3412                 pop     ds
seg000:3413                 assume ds:data
seg000:3413                 retn
seg000:3413 special_multi_tile_column_renderer endp
seg000:3413
seg000:3414
seg000:3414 ; =============== S U B R O U T I N E =======================================
seg000:3414
seg000:3414
seg000:3414 pre_pass_special_column_initializer proc near ; ...
seg000:3414                 push    es
seg000:3415                 push    ds
seg000:3416                 mov     si, ds:0FF2Ah   ; proximity_start_tiles
seg000:341A                 add     si, 37
seg000:341D                 mov     di, offset tile_id_staging_buffer
seg000:3420                 movsw
seg000:3421                 movsb
seg000:3422                 mov     dx, ds:80h      ; proximity_map_left_col_x
seg000:3426                 add     dx, 3
seg000:3429                 mov     ds:sprite_x_coord, dx
seg000:342D                 cmp     ds:tile_id_staging_buffer, 0FDh
seg000:3432                 jnz     short loc_343B
seg000:3434                 inc     dx
seg000:3435                 call    sprite_descriptor_table_scanner
seg000:3438                 mov     ds:tile_id_staging_buffer, al
seg000:343B
seg000:343B loc_343B:                               ; ...
seg000:343B                 mov     si, offset tile_id_staging_buffer
seg000:343E                 mov     di, 64384
seg000:3441                 mov     cx, 3
seg000:3444                 call    unpack_cx_tiles
seg000:3447                 mov     si, cs:0C00Fh   ; NPC array
seg000:344C
seg000:344C loc_344C:                               ; ...
seg000:344C                 call    sprite_x_coordinate_lookup
seg000:344F                 or      bl, bl
seg000:3451                 jz      short loc_3472
seg000:3453                 push    si
seg000:3454                 dec     bl
seg000:3456                 mov     al, 3
seg000:3458                 mul     bl
seg000:345A                 push    ax
seg000:345B                 call    get_sprite_vram_address
seg000:345E                 pop     ax
seg000:345F                 add     di, ax
seg000:3461                 mov     bp, di
seg000:3463                 mov     es, word ptr cs:0FF2Ch ; seg1
seg000:3468                 mov     si, offset tile_id_staging_buffer
seg000:346B                 mov     di, 64384
seg000:346E                 call    composite_3_tiles_to_shadow_buffer
seg000:3471                 pop     si
seg000:3472
seg000:3472 loc_3472:                               ; ...
seg000:3472                 add     si, 8
seg000:3475                 cmp     word ptr [si], 0FFFFh
seg000:3478                 jnz     short loc_344C
seg000:347A                 mov     di, 48+(14+13*8)*320 ; skip 13 upper tiles
seg000:347D                 mov     si, 0FB80h
seg000:3480                 mov     ax, 0A000h
seg000:3483                 mov     es, ax
seg000:3485                 assume es:nothing
seg000:3485                 mov     ds, ax
seg000:3487                 assume ds:nothing
seg000:3487                 call    copy_3_vert_tiles
seg000:348A                 pop     ds
seg000:348B                 assume ds:data
seg000:348B                 pop     es
seg000:348C                 assume es:data
seg000:348C                 mov     di, 0E005h
seg000:348F                 mov     al, 0FFh
seg000:3491                 stosb
seg000:3492                 stosb
seg000:3493                 stosb
seg000:3494                 retn
seg000:3494 pre_pass_special_column_initializer endp
seg000:3494
seg000:3495
seg000:3495 ; =============== S U B R O U T I N E =======================================
seg000:3495
seg000:3495
seg000:3495 sprite_descriptor_table_scanner proc near ; ...
seg000:3495                 call    reset_sprite_table_pointer
seg000:3498                 mov     al, [si+3]
seg000:349B                 cmp     al, 0FDh
seg000:349D                 jz      short loc_34A0
seg000:349F                 retn
seg000:34A0 ; ---------------------------------------------------------------------------
seg000:34A0
seg000:34A0 loc_34A0:                               ; ...
seg000:34A0                 add     si, 8
seg000:34A3                 call    advance_sprite_table_to_matching_x
seg000:34A6                 mov     al, [si+3]
seg000:34A9                 cmp     al, 0FDh
seg000:34AB                 jz      short loc_34A0
seg000:34AD                 retn
seg000:34AD sprite_descriptor_table_scanner endp
seg000:34AD
seg000:34AE
seg000:34AE ; =============== S U B R O U T I N E =======================================
seg000:34AE
seg000:34AE
seg000:34AE reset_sprite_table_pointer proc near    ; ...
seg000:34AE                 mov     si, ds:0C00Fh   ; NPC array
seg000:34AE reset_sprite_table_pointer endp
seg000:34AE
seg000:34B2
seg000:34B2 ; =============== S U B R O U T I N E =======================================
seg000:34B2
seg000:34B2
seg000:34B2 advance_sprite_table_to_matching_x proc near ; ...
seg000:34B2                 cmp     dx, [si]
seg000:34B4                 jnz     short loc_34B7
seg000:34B6                 retn
seg000:34B7 ; ---------------------------------------------------------------------------
seg000:34B7
seg000:34B7 loc_34B7:                               ; ...
seg000:34B7                 add     si, 8
seg000:34BA                 jmp     short advance_sprite_table_to_matching_x
seg000:34BA advance_sprite_table_to_matching_x endp
seg000:34BA
seg000:34BC
seg000:34BC ; =============== S U B R O U T I N E =======================================
seg000:34BC
seg000:34BC
seg000:34BC copy_3_vert_tiles proc near             ; ...
seg000:34BC                 mov     cx, 24
seg000:34BF
seg000:34BF next_8pix:                              ; ...
seg000:34BF                 movsw
seg000:34C0                 movsw
seg000:34C1                 movsw
seg000:34C2                 movsw
seg000:34C3                 add     di, 312
seg000:34C7                 loop    next_8pix
seg000:34C9                 retn
seg000:34C9 copy_3_vert_tiles endp
seg000:34C9
seg000:34CA
seg000:34CA ; =============== S U B R O U T I N E =======================================
seg000:34CA
seg000:34CA
seg000:34CA sprite_compositor_dispatcher proc near  ; ...
seg000:34CA                 mov     bp, di
seg000:34CC                 dec     bl
seg000:34CE                 xor     bh, bh
seg000:34D0                 add     bx, bx
seg000:34D2                 call    cs:funcs_34D2[bx]
seg000:34D7                 retn
seg000:34D7 sprite_compositor_dispatcher endp
seg000:34D7
seg000:34D7 ; ---------------------------------------------------------------------------
seg000:34D8 funcs_34D2      dw offset single_sprite_shadow_compositor ; ...
seg000:34DA                 dw offset two_sprite_shadow_compositor
seg000:34DC
seg000:34DC ; =============== S U B R O U T I N E =======================================
seg000:34DC
seg000:34DC
seg000:34DC two_sprite_shadow_compositor proc near  ; ...
seg000:34DC                 mov     di, 0FB80h
seg000:34DF                 call    composite_3_tiles_to_shadow_buffer
seg000:34E2                 jmp     short composite_3_tiles_to_shadow_buffer
seg000:34E2 two_sprite_shadow_compositor endp
seg000:34E2
seg000:34E4
seg000:34E4 ; =============== S U B R O U T I N E =======================================
seg000:34E4
seg000:34E4
seg000:34E4 single_sprite_shadow_compositor proc near ; ...
seg000:34E4                 add     si, 3
seg000:34E7                 mov     di, 0FC40h
seg000:34EA                 jmp     short composite_3_tiles_to_shadow_buffer
seg000:34EA single_sprite_shadow_compositor endp
seg000:34EA
seg000:34EC
seg000:34EC ; =============== S U B R O U T I N E =======================================
seg000:34EC
seg000:34EC
seg000:34EC get_sprite_vram_address proc near       ; ...
seg000:34EC                 mov     al, [si+2]
seg000:34EF                 mov     ch, al
seg000:34F1                 and     al, 7Fh
seg000:34F3                 mov     cl, 30h ; '0'
seg000:34F5                 mul     cl
seg000:34F7                 add     ax, 4000h
seg000:34FA                 mov     di, ax
seg000:34FC                 xor     dl, dl
seg000:34FE                 or      ch, ch
seg000:3500                 js      short loc_3504
seg000:3502                 mov     dl, 4
seg000:3504
seg000:3504 loc_3504:                               ; ...
seg000:3504                 mov     al, [si+4]
seg000:3507                 and     al, 3
seg000:3509                 add     al, dl
seg000:350B                 mov     cl, 6
seg000:350D                 mul     cl
seg000:350F                 add     di, ax
seg000:3511                 retn
seg000:3511 get_sprite_vram_address endp
seg000:3511
seg000:3512
seg000:3512 ; =============== S U B R O U T I N E =======================================
seg000:3512
seg000:3512
seg000:3512 sprite_x_coordinate_lookup proc near    ; ...
seg000:3512                 mov     cx, 2
seg000:3515                 mov     dx, ds:sprite_x_coord
seg000:3519
seg000:3519 loc_3519:                               ; ...
seg000:3519                 mov     bl, cl
seg000:351B                 cmp     [si], dx
seg000:351D                 jnz     short loc_3520
seg000:351F                 retn
seg000:3520 ; ---------------------------------------------------------------------------
seg000:3520
seg000:3520 loc_3520:                               ; ...
seg000:3520                 inc     dx
seg000:3521                 loop    loc_3519
seg000:3523                 mov     bl, cl
seg000:3525                 retn
seg000:3525 sprite_x_coordinate_lookup endp
seg000:3525
seg000:3526
seg000:3526 ; =============== S U B R O U T I N E =======================================
seg000:3526
seg000:3526
seg000:3526 ui_draw_routine_dispatcher proc near    ; ...
seg000:3526                 mov     bp, di
seg000:3528                 dec     bl
seg000:352A                 xor     bh, bh
seg000:352C                 add     bx, bx
seg000:352E                 call    cs:funcs_352E[bx]
seg000:3533                 retn
seg000:3533 ui_draw_routine_dispatcher endp
seg000:3533
seg000:3533 ; ---------------------------------------------------------------------------
seg000:3534 funcs_352E      dw offset sub_354A      ; ...
seg000:3536                 dw offset sub_3542
seg000:3538                 dw offset sub_353A
seg000:353A
seg000:353A ; =============== S U B R O U T I N E =======================================
seg000:353A
seg000:353A
seg000:353A sub_353A        proc near               ; ...
seg000:353A                 add     bp, 3
seg000:353D                 mov     di, vram_shadow_addr
seg000:3540                 jmp     short composite_3_tiles_to_shadow_buffer
seg000:3540 sub_353A        endp
seg000:3540
seg000:3542
seg000:3542 ; =============== S U B R O U T I N E =======================================
seg000:3542
seg000:3542
seg000:3542 sub_3542        proc near               ; ...
seg000:3542                 mov     di, vram_shadow_addr
seg000:3545                 call    composite_3_tiles_to_shadow_buffer
seg000:3548                 jmp     short composite_3_tiles_to_shadow_buffer
seg000:3548 sub_3542        endp
seg000:3548
seg000:354A
seg000:354A ; =============== S U B R O U T I N E =======================================
seg000:354A
seg000:354A
seg000:354A sub_354A        proc near               ; ...
seg000:354A                 mov     di, 64192
seg000:354D                 add     si, 3
seg000:3550                 jmp     short $+2
seg000:3550 sub_354A        endp
seg000:3550
seg000:3552
seg000:3552 ; =============== S U B R O U T I N E =======================================
seg000:3552
seg000:3552
seg000:3552 composite_3_tiles_to_shadow_buffer proc near ; ...
seg000:3552                 mov     cx, 3
seg000:3555
seg000:3555 loc_3555:                               ; ...
seg000:3555                 push    cx
seg000:3556                 mov     byte ptr [si], 0FFh
seg000:3559                 inc     si
seg000:355A                 push    ds
seg000:355B                 push    si
seg000:355C                 mov     al, es:[bp+0]
seg000:3560                 inc     bp
seg000:3561                 push    es
seg000:3562                 push    bp
seg000:3563                 dec     al
seg000:3565                 push    ax
seg000:3566                 mov     cl, 30h ; '0'
seg000:3568                 mul     cl
seg000:356A                 mov     si, ax
seg000:356C                 add     si, 4100h
seg000:3570                 pop     ax
seg000:3571                 mov     cl, 8
seg000:3573                 mul     cl
seg000:3575                 add     ax, 7000h
seg000:3578                 mov     cs:seg2_off, ax
seg000:357C                 mov     ax, cs
seg000:357E                 add     ax, 2000h
seg000:3581                 mov     cs:seg2, ax
seg000:3585                 mov     ds, word ptr cs:0FF2Ch ; seg1
seg000:358A                 mov     ax, 0A000h
seg000:358D                 mov     es, ax
seg000:358F                 assume es:nothing
seg000:358F                 call    blit_tile_to_shadow_buffer
seg000:3592                 pop     bp
seg000:3593                 pop     es
seg000:3594                 assume es:data
seg000:3594                 pop     si
seg000:3595                 pop     ds
seg000:3596                 pop     cx
seg000:3597                 loop    loc_3555
seg000:3599                 retn
seg000:3599 composite_3_tiles_to_shadow_buffer endp
seg000:3599
seg000:359A
seg000:359A ; =============== S U B R O U T I N E =======================================
seg000:359A
seg000:359A
seg000:359A blit_6_tiles_to_shadow_memory proc near ; ...
seg000:359A                 mov     di, vram_shadow_addr
seg000:359D                 mov     cx, 6
seg000:35A0
seg000:35A0 next_tile:                              ; ...
seg000:35A0                 push    cx
seg000:35A1                 lodsb                   ; tile id
seg000:35A2                 push    ds
seg000:35A3                 push    si
seg000:35A4                 push    ax
seg000:35A5                 mov     cl, 48
seg000:35A7                 mul     cl
seg000:35A9                 mov     si, ax
seg000:35AB                 add     si, 6000h       ; OR-blit buffer
seg000:35AF                 pop     ax
seg000:35B0                 mov     cl, 8
seg000:35B2                 mul     cl
seg000:35B4                 add     ax, 8000h       ; and-blit buffer in seg2
seg000:35B7                 mov     cs:seg2_off, ax ; AND-blit buffer
seg000:35BB                 mov     ax, cs
seg000:35BD                 add     ax, 2000h
seg000:35C0                 mov     cs:seg2, ax
seg000:35C4                 mov     ds, word ptr cs:0FF2Ch ; seg1
seg000:35C9                 mov     ax, 0A000h
seg000:35CC                 mov     es, ax
seg000:35CE                 assume es:nothing
seg000:35CE                 call    blit_tile_to_shadow_buffer
seg000:35D1                 pop     si
seg000:35D2                 pop     ds
seg000:35D3                 pop     cx
seg000:35D4                 loop    next_tile
seg000:35D6                 retn
seg000:35D6 blit_6_tiles_to_shadow_memory endp
seg000:35D6
seg000:35D7
seg000:35D7 ; =============== S U B R O U T I N E =======================================
seg000:35D7
seg000:35D7
seg000:35D7 blit_tile_to_shadow_buffer proc near    ; ...
seg000:35D7                 push    ds
seg000:35D8                 push    si
seg000:35D9                 push    di
seg000:35DA                 lds     si, dword ptr cs:seg2_off
seg000:35DF                 mov     cx, 8
seg000:35E2
seg000:35E2 loc_35E2:                               ; ...
seg000:35E2                 push    cx
seg000:35E3                 lodsb
seg000:35E4                 mov     cx, 8
seg000:35E7
seg000:35E7 loc_35E7:                               ; ...
seg000:35E7                 add     al, al
seg000:35E9                 sbb     ah, ah          ; al bit7 -> ah all bits
seg000:35EB                 and     es:[di], ah     ; clear if al bit7 was 0
seg000:35EE                 inc     di
seg000:35EF                 loop    loc_35E7
seg000:35F1                 pop     cx
seg000:35F2                 loop    loc_35E2
seg000:35F4                 pop     di
seg000:35F5                 pop     si
seg000:35F6                 pop     ds
seg000:35F7                 mov     cx, 16
seg000:35FA
seg000:35FA next_4_bytes:                           ; ...
seg000:35FA                 lodsw
seg000:35FB                 mov     dx, ax
seg000:35FD                 lodsb
seg000:35FE                 mov     bl, al          ; dh=p23_16, dl=p15_8, bl=al=p7_0
seg000:3600                 mov     bh, dl
seg000:3602                 shr     dx, 1
seg000:3604                 shr     dx, 1           ; dh=p23_18, dl=p17_10
seg000:3606                 or      es:[di], dh
seg000:3609                 shr     dl, 1
seg000:360B                 shr     dl, 1           ; dl=p17_12
seg000:360D                 or      es:[di+1], dl
seg000:3611                 add     bx, bx
seg000:3613                 add     bx, bx
seg000:3615                 and     bh, 3Fh         ; bh=p11_6
seg000:3618                 or      es:[di+2], bh
seg000:361C                 and     al, 3Fh         ; al=p5_0
seg000:361E                 or      es:[di+3], al
seg000:3622                 add     di, 4
seg000:3625                 loop    next_4_bytes
seg000:3627                 retn
seg000:3627 blit_tile_to_shadow_buffer endp
seg000:3627
seg000:3628
seg000:3628 ; =============== S U B R O U T I N E =======================================
seg000:3628
seg000:3628
seg000:3628 scroll_hud_right_8px proc near          ; ...
seg000:3628                 push    ds
seg000:3629                 mov     ax, 0A000h
seg000:362C                 mov     es, ax
seg000:362E                 mov     ds, ax
seg000:3630                 assume ds:nothing
seg000:3630                 std
seg000:3631                 mov     si, 0B28Eh
seg000:3634                 mov     al, 8
seg000:3636
seg000:3636 loc_3636:                               ; ...
seg000:3636                 push    si
seg000:3637                 mov     di, si
seg000:3639                 sub     si, 8
seg000:363C                 mov     cx, 6Ch ; 'l'
seg000:363F                 rep movsw
seg000:3641                 add     si, 78h ; 'x'
seg000:3644                 mov     cx, 4
seg000:3647                 rep movsw
seg000:3649                 pop     si
seg000:364A                 add     si, 140h
seg000:364E                 dec     al
seg000:3650                 jnz     short loc_3636
seg000:3652                 mov     si, 0BC8Eh
seg000:3655                 mov     al, 8
seg000:3657
seg000:3657 loc_3657:                               ; ...
seg000:3657                 push    si
seg000:3658                 mov     di, si
seg000:365A                 sub     si, 10h
seg000:365D                 mov     cx, 68h ; 'h'
seg000:3660                 rep movsw
seg000:3662                 add     si, 80h
seg000:3666                 mov     cx, 8
seg000:3669                 rep movsw
seg000:366B                 pop     si
seg000:366C                 add     si, 140h
seg000:3670                 dec     al
seg000:3672                 jnz     short loc_3657
seg000:3674                 pop     ds
seg000:3675                 assume ds:data
seg000:3675                 cld
seg000:3676                 retn
seg000:3676 scroll_hud_right_8px endp
seg000:3676
seg000:3677
seg000:3677 ; =============== S U B R O U T I N E =======================================
seg000:3677
seg000:3677
seg000:3677 scroll_hud_right_4px proc near          ; ...
seg000:3677                 push    ds
seg000:3678                 mov     ax, 0A000h
seg000:367B                 mov     es, ax
seg000:367D                 mov     ds, ax
seg000:367F                 assume ds:nothing
seg000:367F                 std
seg000:3680                 mov     si, 128Eh
seg000:3683                 mov     al, 10h
seg000:3685
seg000:3685 loc_3685:                               ; ...
seg000:3685                 push    si
seg000:3686                 mov     di, si
seg000:3688                 sub     si, 4
seg000:368B                 mov     cx, 6Eh ; 'n'
seg000:368E                 rep movsw
seg000:3690                 add     si, 74h ; 't'
seg000:3693                 mov     cx, 2
seg000:3696                 rep movsw
seg000:3698                 pop     si
seg000:3699                 add     si, 140h
seg000:369D                 dec     al
seg000:369F                 jnz     short loc_3685
seg000:36A1                 pop     ds
seg000:36A2                 assume ds:data
seg000:36A2                 cld
seg000:36A3                 retn
seg000:36A3 scroll_hud_right_4px endp
seg000:36A3
seg000:36A4
seg000:36A4 ; =============== S U B R O U T I N E =======================================
seg000:36A4
seg000:36A4
seg000:36A4 scroll_hud_left_8px proc near           ; ...
seg000:36A4                 push    ds
seg000:36A5                 mov     ax, 0A000h
seg000:36A8                 mov     es, ax
seg000:36AA                 mov     ds, ax
seg000:36AC                 assume ds:nothing
seg000:36AC                 mov     si, 0B1B0h
seg000:36AF                 mov     al, 8
seg000:36B1
seg000:36B1 loc_36B1:                               ; ...
seg000:36B1                 push    si
seg000:36B2                 mov     di, si
seg000:36B4                 add     si, 8
seg000:36B7                 mov     cx, 6Ch ; 'l'
seg000:36BA                 rep movsw
seg000:36BC                 sub     si, 78h ; 'x'
seg000:36BF                 mov     cx, 4
seg000:36C2                 rep movsw
seg000:36C4                 pop     si
seg000:36C5                 add     si, 140h
seg000:36C9                 dec     al
seg000:36CB                 jnz     short loc_36B1
seg000:36CD                 mov     si, 0BBB0h
seg000:36D0                 mov     al, 8
seg000:36D2
seg000:36D2 loc_36D2:                               ; ...
seg000:36D2                 push    si
seg000:36D3                 mov     di, si
seg000:36D5                 add     si, 10h
seg000:36D8                 mov     cx, 68h ; 'h'
seg000:36DB                 rep movsw
seg000:36DD                 sub     si, 80h
seg000:36E1                 mov     cx, 8
seg000:36E4                 rep movsw
seg000:36E6                 pop     si
seg000:36E7                 add     si, 140h
seg000:36EB                 dec     al
seg000:36ED                 jnz     short loc_36D2
seg000:36EF                 pop     ds
seg000:36F0                 assume ds:data
seg000:36F0                 retn
seg000:36F0 scroll_hud_left_8px endp
seg000:36F0
seg000:36F1
seg000:36F1 ; =============== S U B R O U T I N E =======================================
seg000:36F1
seg000:36F1
seg000:36F1 scroll_hud_left_4px proc near           ; ...
seg000:36F1                 push    ds
seg000:36F2                 mov     ax, 0A000h
seg000:36F5                 mov     es, ax
seg000:36F7                 mov     ds, ax
seg000:36F9                 assume ds:nothing
seg000:36F9                 mov     si, viewport_top_left_vram_addr
seg000:36FC                 mov     al, 10h
seg000:36FE
seg000:36FE loc_36FE:                               ; ...
seg000:36FE                 push    si
seg000:36FF                 mov     di, si
seg000:3701                 add     si, 4
seg000:3704                 mov     cx, 6Eh ; 'n'
seg000:3707                 rep movsw
seg000:3709                 sub     si, 74h ; 't'
seg000:370C                 mov     cx, 2
seg000:370F                 rep movsw
seg000:3711                 pop     si
seg000:3712                 add     si, 140h
seg000:3716                 dec     al
seg000:3718                 jnz     short loc_36FE
seg000:371A                 pop     ds
seg000:371B                 assume ds:data
seg000:371B                 retn
seg000:371B scroll_hud_left_4px endp
seg000:371B
seg000:371C
seg000:371C ; =============== S U B R O U T I N E =======================================
seg000:371C
seg000:371C ; AL: glyph id
seg000:371C ; seg1:8000 packed 48-byte tiles
seg000:371C ; BH: x in tiles
seg000:371C ; BL: y in screen coords
seg000:371C
seg000:371C draw_tile_to_screen proc near           ; ...
seg000:371C                 push    ds
seg000:371D                 push    si
seg000:371E                 mov     dl, 48          ; packed glyph 48 bytes
seg000:3720                 mul     dl
seg000:3722                 mov     si, ax
seg000:3724                 add     si, 8000h       ; tile_anim_count_table
seg000:3728                 xor     ax, ax
seg000:372A                 mov     al, bh
seg000:372C                 mov     bh, ah
seg000:372E                 push    ax
seg000:372F                 mov     ax, 320
seg000:3732                 mul     bx              ; 320*y
seg000:3734                 pop     di              ; x
seg000:3735                 add     di, di
seg000:3737                 add     di, di
seg000:3739                 add     di, di          ; 8*x
seg000:373B                 add     di, ax
seg000:373D                 mov     ds, word ptr cs:0FF2Ch ; seg1
seg000:3742                 mov     ax, 0A000h
seg000:3745                 mov     es, ax
seg000:3747                 mov     cx, 8
seg000:374A
seg000:374A next_scanline:                          ; ...
seg000:374A                 push    cx
seg000:374B                 mov     cx, 2
seg000:374E
seg000:374E next_3_bytes:                           ; ...
seg000:374E                 lodsw
seg000:374F                 mov     dx, ax          ; dh=p23_p16, dl=p15_p8
seg000:3751                 lodsb
seg000:3752                 mov     bl, al          ; al=p7_p0, bl=p7_p0
seg000:3754                 mov     bh, dl          ; bh=p15_p8
seg000:3756                 shr     dx, 1
seg000:3758                 shr     dx, 1           ; dh=..p23_p18, dl=p17_p10
seg000:375A                 mov     es:[di], dh     ; p23_p18
seg000:375D                 shr     dl, 1
seg000:375F                 shr     dl, 1           ; dl=..p17_p12
seg000:3761                 mov     es:[di+1], dl   ; p17_p12
seg000:3765                 add     bx, bx
seg000:3767                 add     bx, bx          ; bh=p13_p6, bl=p5_p0..
seg000:3769                 and     bh, 3Fh
seg000:376C                 mov     es:[di+2], bh   ; p11_p6
seg000:3770                 and     al, 3Fh
seg000:3772                 mov     es:[di+3], al   ; p5_p0
seg000:3776                 add     di, 4
seg000:3779                 loop    next_3_bytes
seg000:377B                 add     di, 312
seg000:377F                 pop     cx
seg000:3780                 loop    next_scanline
seg000:3782                 pop     si
seg000:3783                 pop     ds
seg000:3784                 retn
seg000:3784 draw_tile_to_screen endp
seg000:3784
seg000:3785
seg000:3785 ; =============== S U B R O U T I N E =======================================
seg000:3785
seg000:3785
seg000:3785 draw_arrow_icon_or_ui_symbol proc near  ; ...
seg000:3785                 push    ds
seg000:3786                 push    si
seg000:3787                 push    di
seg000:3788                 push    cs
seg000:3789                 pop     ds
seg000:378A                 xor     ax, ax
seg000:378C                 mov     al, bh
seg000:378E                 mov     bh, ah
seg000:3790                 push    ax
seg000:3791                 mov     ax, 140h
seg000:3794                 mul     bx
seg000:3796                 pop     di
seg000:3797                 add     di, di
seg000:3799                 add     di, di
seg000:379B                 add     di, ax
seg000:379D                 mov     ax, 0A000h
seg000:37A0                 mov     es, ax
seg000:37A2                 mov     si, offset byte_37C3
seg000:37A5                 mov     cx, 9
seg000:37A8
seg000:37A8 loc_37A8:                               ; ...
seg000:37A8                 push    cx
seg000:37A9                 lodsb
seg000:37AA                 mov     ah, al
seg000:37AC                 mov     cx, 8
seg000:37AF
seg000:37AF loc_37AF:                               ; ...
seg000:37AF                 add     ah, ah
seg000:37B1                 sbb     al, al
seg000:37B3                 and     al, 12h
seg000:37B5                 stosb
seg000:37B6                 loop    loc_37AF
seg000:37B8                 add     di, 138h
seg000:37BC                 pop     cx
seg000:37BD                 loop    loc_37A8
seg000:37BF                 pop     di
seg000:37C0                 pop     si
seg000:37C1                 pop     ds
seg000:37C2                 retn
seg000:37C2 draw_arrow_icon_or_ui_symbol endp
seg000:37C2
seg000:37C2 ; ---------------------------------------------------------------------------
seg000:37C3 byte_37C3       db 0, 60h, 70h, 78h, 7Ch, 78h, 70h, 60h, 0 ; ...
seg000:37CC
seg000:37CC ; =============== S U B R O U T I N E =======================================
seg000:37CC
seg000:37CC ; BL=y
seg000:37CC ; BH=x
seg000:37CC
seg000:37CC draw_string_buffer_to_screen proc near  ; ...
seg000:37CC                 xor     ax, ax
seg000:37CE                 mov     al, bh
seg000:37D0                 mov     bh, ah
seg000:37D2                 push    ax
seg000:37D3                 mov     ax, 320
seg000:37D6                 mul     bx              ; ax=320*y
seg000:37D8                 pop     di              ; x
seg000:37D9                 add     di, di
seg000:37DB                 add     di, di          ; x*4
seg000:37DD                 add     di, ax
seg000:37DF                 mov     si, offset string_render_buffer
seg000:37E2                 mov     ax, 0A000h
seg000:37E5                 mov     es, ax
seg000:37E7                 mov     cx, 9
seg000:37EA
seg000:37EA nine_scanlines:                         ; ...
seg000:37EA                 push    cx
seg000:37EB                 push    di
seg000:37EC                 push    si
seg000:37ED                 mov     cx, ds:0FF6Ah   ; string_width_bytes
seg000:37F1                 add     cx, cx
seg000:37F3                 add     cx, cx
seg000:37F5                 rep movsb
seg000:37F7                 pop     si
seg000:37F8                 add     si, 160
seg000:37FC                 pop     di
seg000:37FD                 add     di, 320
seg000:3801                 pop     cx
seg000:3802                 loop    nine_scanlines
seg000:3804                 retn
seg000:3804 draw_string_buffer_to_screen endp
seg000:3804
seg000:3805
seg000:3805 ; =============== S U B R O U T I N E =======================================
seg000:3805
seg000:3805
seg000:3805 format_string_to_buffer proc near       ; ...
seg000:3805                 push    si
seg000:3806                 push    di
seg000:3807                 push    di
seg000:3808                 xor     ah, ah
seg000:380A                 push    ax
seg000:380B                 push    cs
seg000:380C                 pop     es
seg000:380D                 assume es:data
seg000:380D                 mov     di, offset string_render_buffer
seg000:3810                 xor     ax, ax
seg000:3812                 mov     cx, 800
seg000:3815                 rep stosw
seg000:3817                 pop     ax
seg000:3818                 push    ax
seg000:3819                 add     ax, ax
seg000:381B                 add     si, ax
seg000:381D                 mov     si, [si]
seg000:381F                 call    render_menu_asciiz_to_buffer1
seg000:3822                 pop     ax
seg000:3823                 pop     di
seg000:3824                 test    byte ptr ds:0FF57h, 0FFh ; menu_digits_render_flag
seg000:3829                 jz      short loc_383B
seg000:382B                 mov     bx, ax
seg000:382D                 add     ax, ax
seg000:382F                 add     ax, bx
seg000:3831                 add     di, ax          ; di += 3*ax (points to 24-bit number to display in decimal)
seg000:3833                 mov     dl, [di]
seg000:3835                 mov     ax, [di+1]
seg000:3838                 call    render_dl_ax_to_buffer_as_decimal
seg000:383B
seg000:383B loc_383B:                               ; ...
seg000:383B                 pop     di
seg000:383C                 pop     si
seg000:383D                 retn
seg000:383D format_string_to_buffer endp
seg000:383D
seg000:383E
seg000:383E ; =============== S U B R O U T I N E =======================================
seg000:383E
seg000:383E
seg000:383E render_menu_asciiz_to_buffer1 proc near ; ...
seg000:383E                 push    cs
seg000:383F                 pop     es
seg000:3840                 mov     di, offset string_render_buffer1
seg000:3843                 xor     bl, bl
seg000:3845
seg000:3845 loc_3845:                               ; ...
seg000:3845                 lodsb
seg000:3846                 or      al, al
seg000:3848                 jnz     short loc_384B
seg000:384A                 retn
seg000:384B ; ---------------------------------------------------------------------------
seg000:384B
seg000:384B loc_384B:                               ; ...
seg000:384B                 push    ds
seg000:384C                 push    si
seg000:384D                 call    render_menu_glyph_to_buffer1
seg000:3850                 pop     si
seg000:3851                 pop     ds
seg000:3852                 jmp     short loc_3845
seg000:3852 render_menu_asciiz_to_buffer1 endp
seg000:3852
seg000:3854
seg000:3854 ; =============== S U B R O U T I N E =======================================
seg000:3854
seg000:3854
seg000:3854 render_menu_glyph_to_buffer1 proc near  ; ...
seg000:3854                 sub     al, 20h ; ' '
seg000:3856                 xor     ah, ah
seg000:3858                 shl     ax, 1
seg000:385A                 shl     ax, 1
seg000:385C                 shl     ax, 1
seg000:385E                 mov     si, ax
seg000:3860                 push    cs
seg000:3861                 pop     ds
seg000:3862                 add     si, ds:0F504h   ; thin_font
seg000:3866                 push    di
seg000:3867                 mov     bl, 8
seg000:3869
seg000:3869 next_scanline:                          ; ...
seg000:3869                 push    bx
seg000:386A                 lodsb
seg000:386B                 push    di
seg000:386C                 mov     dh, al
seg000:386E                 mov     dl, 4           ; font 4x8 (town menus)
seg000:3870
seg000:3870 loc_3870:                               ; ...
seg000:3870                 add     dh, dh
seg000:3872                 sbb     bl, bl
seg000:3874                 and     bl, 9
seg000:3877                 mov     es:[di], bl
seg000:387A                 inc     di
seg000:387B                 dec     dl
seg000:387D                 jnz     short loc_3870
seg000:387F                 pop     di
seg000:3880                 add     di, 160
seg000:3884                 pop     bx
seg000:3885                 dec     bl
seg000:3887                 jnz     short next_scanline
seg000:3889                 pop     di
seg000:388A                 add     di, 5           ; 1 px gap between glyphs
seg000:388D                 retn
seg000:388D render_menu_glyph_to_buffer1 endp
seg000:388D
seg000:388E
seg000:388E ; =============== S U B R O U T I N E =======================================
seg000:388E
seg000:388E
seg000:388E render_numeric_score proc near          ; ...
seg000:388E                 push    dx
seg000:388F                 push    ax
seg000:3890                 push    cs
seg000:3891                 pop     es
seg000:3892                 mov     di, offset string_render_buffer
seg000:3895                 xor     ax, ax
seg000:3897                 mov     cx, 320h
seg000:389A                 rep stosw
seg000:389C                 pop     ax
seg000:389D                 pop     dx
seg000:389E                 call    dl_ax_to_decimal ; Input: DL:AX
seg000:389E                                         ; Output: DI points to decimal digits buffer
seg000:38A1                 mov     di, offset generic_display_buffer
seg000:38A4                 mov     si, offset seven_digits_buf
seg000:38A7                 mov     cx, 7
seg000:38AA                 mov     bl, 1
seg000:38AC                 mov     word ptr ds:0FF6Ah, 11 ; string_width_bytes
seg000:38B2                 jmp     short next_digit
seg000:38B2 render_numeric_score endp
seg000:38B2
seg000:38B4
seg000:38B4 ; =============== S U B R O U T I N E =======================================
seg000:38B4
seg000:38B4
seg000:38B4 render_dl_ax_to_buffer_as_decimal proc near ; ...
seg000:38B4                 call    dl_ax_to_decimal ; Input: DL:AX
seg000:38B4                                         ; Output: DI points to decimal digits buffer
seg000:38B7                 push    cs
seg000:38B8                 pop     es
seg000:38B9                 mov     di, offset generic_display_buffer
seg000:38BC                 mov     ax, ds:0FF68h   ; numeric_display_x_offset (relative to generic buffer)
seg000:38BF                 add     ax, ax
seg000:38C1                 add     ax, ax
seg000:38C3                 add     di, ax          ; di=generic_display_buffer + numeric_display_x_offset
seg000:38C5                 mov     si, offset six_digits_buf
seg000:38C8                 mov     cx, 6
seg000:38CB
seg000:38CB next_digit:                             ; ...
seg000:38CB                 push    cx
seg000:38CC                 push    di
seg000:38CD                 lodsb
seg000:38CE                 push    si
seg000:38CF                 call    render_digit_to_buffer
seg000:38D2                 pop     si
seg000:38D3                 pop     di
seg000:38D4                 add     di, 6
seg000:38D7                 pop     cx
seg000:38D8                 loop    next_digit
seg000:38DA                 retn
seg000:38DA render_dl_ax_to_buffer_as_decimal endp
seg000:38DA
seg000:38DB
seg000:38DB ; =============== S U B R O U T I N E =======================================
seg000:38DB
seg000:38DB
seg000:38DB render_digit_to_buffer proc near        ; ...
seg000:38DB                 inc     al
seg000:38DD                 jnz     short loc_38E0
seg000:38DF                 retn                    ; ff are leading zeroes, skip them
seg000:38E0 ; ---------------------------------------------------------------------------
seg000:38E0
seg000:38E0 loc_38E0:                               ; ...
seg000:38E0                 dec     al              ; 0..9 digit
seg000:38E2                 xor     ah, ah
seg000:38E4                 add     ax, ax
seg000:38E6                 add     ax, ax
seg000:38E8                 add     ax, ax          ; each glyph = 8 bytes
seg000:38EA                 add     ax, cs:0F502h   ; digits_font
seg000:38EF                 mov     si, ax
seg000:38F1                 mov     cx, 7
seg000:38F4
seg000:38F4 next_scanline:                          ; ...
seg000:38F4                 lodsb
seg000:38F5                 add     al, al
seg000:38F7                 add     al, al
seg000:38F9                 mov     ah, 6           ; 7x6 font (deposit/withdraw money)
seg000:38FB
seg000:38FB six_pixels:                             ; ...
seg000:38FB                 add     al, al
seg000:38FD                 sbb     bl, bl          ; bit5 of glyph scanline
seg000:38FF                 and     bl, 9
seg000:3902                 mov     es:[di], bl     ; di=generic_display_buffer + numeric_display_x_offset + digit_index (buffer in cs)
seg000:3905                 inc     di
seg000:3906                 dec     ah
seg000:3908                 jnz     short six_pixels
seg000:390A                 add     di, 154         ; buffer is 160 pixels wide
seg000:390E                 loop    next_scanline
seg000:3910                 retn
seg000:3910 render_digit_to_buffer endp
seg000:3910
seg000:3911
seg000:3911 ; =============== S U B R O U T I N E =======================================
seg000:3911
seg000:3911 ; Input: DL:AX
seg000:3911 ; Output: DI points to decimal digits buffer
seg000:3911
seg000:3911 dl_ax_to_decimal proc near              ; ...
seg000:3911                 mov     di, offset seven_digits_buf
seg000:3914                 call    dl_ax_to_seven_digits
seg000:3917                 mov     cx, 6
seg000:391A
seg000:391A skip_leading_zeroes:                    ; ...
seg000:391A                 test    byte ptr cs:[di], 0FFh
seg000:391E                 jz      short loc_3921
seg000:3920                 retn                    ; di points to first non-zero digit
seg000:3921 ; ---------------------------------------------------------------------------
seg000:3921
seg000:3921 loc_3921:                               ; ...
seg000:3921                 mov     byte ptr cs:[di], 0FFh
seg000:3925                 inc     di
seg000:3926                 loop    skip_leading_zeroes
seg000:3928                 retn
seg000:3928 dl_ax_to_decimal endp
seg000:3928
seg000:3928 ; ---------------------------------------------------------------------------
seg000:3929 seven_digits_buf db 0                   ; ...
seg000:392A six_digits_buf  db 0, 0, 0, 0, 0, 0     ; ...
seg000:3930
seg000:3930 ; =============== S U B R O U T I N E =======================================
seg000:3930
seg000:3930
seg000:3930 dl_ax_to_seven_digits proc near         ; ...
seg000:3930                 mov     cl, 15
seg000:3932                 mov     bx, 16960       ; 1000000 - 15*65536
seg000:3935                 call    high_byte_decimal_digit_extractor ; DH = DL:AX / CL:BX
seg000:3935                                         ; AX = DL:AX % CL:BX
seg000:3938                 mov     cs:[di], dh
seg000:393B                 mov     cl, 1
seg000:393D                 mov     bx, 100000-65536
seg000:3940                 call    high_byte_decimal_digit_extractor ; DH = DL:AX / CL:BX
seg000:3940                                         ; AX = DL:AX % CL:BX
seg000:3943                 mov     cs:[di+1], dh
seg000:3947                 xor     cl, cl
seg000:3949                 mov     bx, 10000
seg000:394C                 call    high_byte_decimal_digit_extractor ; DH = DL:AX / CL:BX
seg000:394C                                         ; AX = DL:AX % CL:BX
seg000:394F                 mov     cs:[di+2], dh
seg000:3953                 mov     bx, 1000        ; dl:ax < 10000
seg000:3956                 call    divmod24        ; DH = DL:AX / BX
seg000:3956                                         ; AX = DL:AX % BX
seg000:3959                 mov     cs:[di+3], dh
seg000:395D                 mov     bx, 100         ; dl:ax < 1000
seg000:3960                 call    divmod24        ; DH = DL:AX / BX
seg000:3960                                         ; AX = DL:AX % BX
seg000:3963                 mov     cs:[di+4], dh
seg000:3967                 mov     bx, 10          ; dl:ax < 100
seg000:396A                 call    divmod24        ; DH = DL:AX / BX
seg000:396A                                         ; AX = DL:AX % BX
seg000:396D                 mov     cs:[di+5], dh
seg000:3971                 mov     cs:[di+6], al
seg000:3975                 retn
seg000:3975 dl_ax_to_seven_digits endp
seg000:3975
seg000:3976
seg000:3976 ; =============== S U B R O U T I N E =======================================
seg000:3976
seg000:3976 ; DH = DL:AX / CL:BX
seg000:3976 ; AX = DL:AX % CL:BX
seg000:3976
seg000:3976 high_byte_decimal_digit_extractor proc near ; ...
seg000:3976                 xor     dh, dh
seg000:3978
seg000:3978 next_sub:                               ; ...
seg000:3978                 sub     dl, cl          ; dl:ax -= cl:bx
seg000:397A                 jb      short restore_dl
seg000:397C                 sub     ax, bx
seg000:397E                 jnb     short no_carry
seg000:3980                 or      dl, dl
seg000:3982                 jz      short restore_ax
seg000:3984                 dec     dl
seg000:3986
seg000:3986 no_carry:                               ; ...
seg000:3986                 inc     dh              ; subtractions counter
seg000:3988                 jmp     short next_sub
seg000:398A ; ---------------------------------------------------------------------------
seg000:398A
seg000:398A restore_ax:                             ; ...
seg000:398A                 add     ax, bx
seg000:398C
seg000:398C restore_dl:                             ; ...
seg000:398C                 add     dl, cl
seg000:398E                 retn
seg000:398E high_byte_decimal_digit_extractor endp
seg000:398E
seg000:398F
seg000:398F ; =============== S U B R O U T I N E =======================================
seg000:398F
seg000:398F ; DH = DL:AX / BX
seg000:398F ; AX = DL:AX % BX
seg000:398F
seg000:398F divmod24        proc near               ; ...
seg000:398F                 xor     dh, dh
seg000:3991                 div     bx              ; 00:DL:AX / BX -> AX
seg000:3991                                         ; 00:DL:AX % BX -> DX
seg000:3993                 xchg    ax, dx          ; DX = /, AX = %
seg000:3994                 mov     dh, dl          ; DH = /, AX = %
seg000:3996                 xor     dl, dl
seg000:3998                 retn
seg000:3998 divmod24        endp
seg000:3998
seg000:3999
seg000:3999 ; =============== S U B R O U T I N E =======================================
seg000:3999
seg000:3999
seg000:3999 scroll_hud_up   proc near               ; ...
seg000:3999                 push    ds
seg000:399A                 push    ax
seg000:399B                 add     bl, cl
seg000:399D                 dec     bl
seg000:399F                 xor     ax, ax
seg000:39A1                 mov     al, bh
seg000:39A3                 mov     bh, ah
seg000:39A5                 push    ax
seg000:39A6                 mov     ax, 140h
seg000:39A9                 mul     bx
seg000:39AB                 pop     di
seg000:39AC                 add     di, di
seg000:39AE                 add     di, di
seg000:39B0                 add     di, ax
seg000:39B2                 mov     si, di
seg000:39B4                 sub     si, 140h
seg000:39B8                 mov     ax, 0A000h
seg000:39BB                 mov     es, ax
seg000:39BD                 assume es:nothing
seg000:39BD                 mov     ds, ax
seg000:39BF                 assume ds:nothing
seg000:39BF                 mov     bl, ch
seg000:39C1                 xor     bh, bh
seg000:39C3                 add     bx, bx
seg000:39C5                 add     bx, bx
seg000:39C7                 xor     ch, ch
seg000:39C9
seg000:39C9 loc_39C9:                               ; ...
seg000:39C9                 push    cx
seg000:39CA                 push    di
seg000:39CB                 push    si
seg000:39CC                 mov     cx, bx
seg000:39CE                 rep movsb
seg000:39D0                 pop     si
seg000:39D1                 pop     di
seg000:39D2                 sub     si, 140h
seg000:39D6                 sub     di, 140h
seg000:39DA                 pop     cx
seg000:39DB                 loop    loc_39C9
seg000:39DD                 pop     ax
seg000:39DE                 mov     dl, 0A0h
seg000:39E0                 mul     dl
seg000:39E2                 add     ax, 3CAFh
seg000:39E5                 mov     si, ax
seg000:39E7                 push    cs
seg000:39E8                 pop     ds
seg000:39E9                 assume ds:data
seg000:39E9                 mov     cx, bx
seg000:39EB                 rep movsb
seg000:39ED                 pop     ds
seg000:39EE                 retn
seg000:39EE scroll_hud_up   endp
seg000:39EE
seg000:39EF
seg000:39EF ; =============== S U B R O U T I N E =======================================
seg000:39EF
seg000:39EF
seg000:39EF scroll_hud_down proc near               ; ...
seg000:39EF                 push    ds
seg000:39F0                 push    ax
seg000:39F1                 xor     ax, ax
seg000:39F3                 mov     al, bh
seg000:39F5                 mov     bh, ah
seg000:39F7                 push    ax
seg000:39F8                 mov     ax, 140h
seg000:39FB                 mul     bx
seg000:39FD                 pop     di
seg000:39FE                 add     di, di
seg000:3A00                 add     di, di
seg000:3A02                 add     di, ax
seg000:3A04                 mov     si, di
seg000:3A06                 add     si, 140h
seg000:3A0A                 mov     ax, 0A000h
seg000:3A0D                 mov     es, ax
seg000:3A0F                 mov     ds, ax
seg000:3A11                 assume ds:nothing
seg000:3A11                 mov     bl, ch
seg000:3A13                 xor     bh, bh
seg000:3A15                 add     bx, bx
seg000:3A17                 add     bx, bx
seg000:3A19                 xor     ch, ch
seg000:3A1B
seg000:3A1B loc_3A1B:                               ; ...
seg000:3A1B                 push    cx
seg000:3A1C                 push    di
seg000:3A1D                 push    si
seg000:3A1E                 mov     cx, bx
seg000:3A20                 rep movsb
seg000:3A22                 pop     si
seg000:3A23                 pop     di
seg000:3A24                 add     si, 140h
seg000:3A28                 add     di, 140h
seg000:3A2C                 pop     cx
seg000:3A2D                 loop    loc_3A1B
seg000:3A2F                 pop     ax
seg000:3A30                 mov     dl, 0A0h
seg000:3A32                 mul     dl
seg000:3A34                 add     ax, 3CAFh
seg000:3A37                 mov     si, ax
seg000:3A39                 push    cs
seg000:3A3A                 pop     ds
seg000:3A3B                 assume ds:data
seg000:3A3B                 mov     cx, bx
seg000:3A3D                 rep movsb
seg000:3A3F                 pop     ds
seg000:3A40                 retn
seg000:3A40 scroll_hud_down endp
seg000:3A40
seg000:3A41
seg000:3A41 ; =============== S U B R O U T I N E =======================================
seg000:3A41
seg000:3A41
seg000:3A41 apply_screen_xor_grid proc near         ; ...
seg000:3A41                 mov     ax, 0A000h
seg000:3A44                 mov     es, ax
seg000:3A46                 mov     di, viewport_top_left_vram_addr
seg000:3A49                 mov     cx, 8
seg000:3A4C
seg000:3A4C loc_3A4C:                               ; ...
seg000:3A4C                 push    cx
seg000:3A4D                 push    di
seg000:3A4E                 mov     cx, 12h
seg000:3A51
seg000:3A51 loc_3A51:                               ; ...
seg000:3A51                 push    cx
seg000:3A52                 push    di
seg000:3A53                 mov     ax, 3636h
seg000:3A56                 mov     cx, 70h ; 'p'
seg000:3A59
seg000:3A59 loc_3A59:                               ; ...
seg000:3A59                 xor     es:[di], ax
seg000:3A5C                 inc     di
seg000:3A5D                 inc     di
seg000:3A5E                 loop    loc_3A59
seg000:3A60                 pop     di
seg000:3A61                 add     di, 0A00h
seg000:3A65                 pop     cx
seg000:3A66                 loop    loc_3A51
seg000:3A68                 pop     di
seg000:3A69                 add     di, 140h
seg000:3A6D                 pop     cx
seg000:3A6E                 loop    loc_3A4C
seg000:3A70                 retn
seg000:3A70 apply_screen_xor_grid endp
seg000:3A70
seg000:3A71
seg000:3A71 ; =============== S U B R O U T I N E =======================================
seg000:3A71
seg000:3A71
seg000:3A71 apply_sprite_mask proc near             ; ...
seg000:3A71                 mov     cs:seg2_off, di
seg000:3A76                 mov     cs:seg2, es
seg000:3A7B                 push    cx
seg000:3A7C                 push    ds
seg000:3A7D                 push    si
seg000:3A7E                 mov     ax, cs
seg000:3A80                 add     ax, 3000h
seg000:3A83                 mov     es, ax
seg000:3A85                 assume es:nothing
seg000:3A85                 mov     ax, 48
seg000:3A88                 mul     cx
seg000:3A8A                 mov     cx, ax
seg000:3A8C                 mov     di, 0
seg000:3A8F                 rep movsb
seg000:3A91                 pop     di
seg000:3A92                 pop     es
seg000:3A93                 assume es:data
seg000:3A93                 pop     cx
seg000:3A94                 mov     ax, cs
seg000:3A96                 add     ax, 3000h
seg000:3A99                 mov     ds, ax
seg000:3A9B                 assume ds:nothing
seg000:3A9B                 mov     si, 0
seg000:3A9E
seg000:3A9E loc_3A9E:                               ; ...
seg000:3A9E                 push    cx
seg000:3A9F                 mov     cx, 8
seg000:3AA2
seg000:3AA2 loc_3AA2:                               ; ...
seg000:3AA2                 push    cx
seg000:3AA3                 lodsw
seg000:3AA4                 mov     dx, ax
seg000:3AA6                 lodsw
seg000:3AA7                 mov     cx, ax
seg000:3AA9                 lodsw
seg000:3AAA                 mov     bx, ax
seg000:3AAC                 mov     bp, ax
seg000:3AAE                 or      ax, cx
seg000:3AB0                 or      ax, dx
seg000:3AB2                 and     bp, cx
seg000:3AB4                 and     bp, dx
seg000:3AB6                 not     bp
seg000:3AB8                 and     dx, bp
seg000:3ABA                 and     cx, bp
seg000:3ABC                 and     bx, bp
seg000:3ABE                 xchg    dh, dl
seg000:3AC0                 mov     cs:r_plane_buffer, dx
seg000:3AC5                 xchg    ch, cl
seg000:3AC7                 mov     cs:g_plane_buffer, cx
seg000:3ACC                 xchg    bh, bl
seg000:3ACE                 mov     cs:b_plane_buffer, bx
seg000:3AD3                 xchg    ah, al
seg000:3AD5                 not     ax
seg000:3AD7                 mov     cs:transparency_mask_bitplane, ax
seg000:3ADB                 call    build_48_bits_packed_from_rgb_planes
seg000:3ADE                 push    es
seg000:3ADF                 push    di
seg000:3AE0                 les     di, dword ptr cs:seg2_off
seg000:3AE5                 call    extract_transparency_byte_from_mask_plane
seg000:3AE8                 mov     al, dl
seg000:3AEA                 stosb
seg000:3AEB                 mov     cs:seg2_off, di
seg000:3AF0                 pop     di
seg000:3AF1                 pop     es
seg000:3AF2                 pop     cx
seg000:3AF3                 loop    loc_3AA2
seg000:3AF5                 pop     cx
seg000:3AF6                 loop    loc_3A9E
seg000:3AF8                 retn
seg000:3AF8 apply_sprite_mask endp
seg000:3AF8
seg000:3AF9
seg000:3AF9 ; =============== S U B R O U T I N E =======================================
seg000:3AF9
seg000:3AF9
seg000:3AF9 decompress_patterns proc near             ; ...
seg000:3AF9                 push    ds
seg000:3AFA                 mov     ds, word ptr cs:0FF2Ch ; seg1
seg000:3AFF                 assume ds:data
seg000:3AFF                 mov     si, 8100h       ; packed_tile_graphics
seg000:3B02                 mov     ax, cs
seg000:3B04                 add     ax, 3000h       ; seg3_seg
seg000:3B07                 mov     es, ax
seg000:3B09                 assume es:nothing
seg000:3B09                 mov     cx, 12000
seg000:3B0C                 mov     di, 0
seg000:3B0F                 rep movsb
seg000:3B11                 mov     es, word ptr cs:0FF2Ch ; seg1
seg000:3B16                 assume es:data
seg000:3B16                 mov     ax, cs
seg000:3B18                 add     ax, 3000h
seg000:3B1B                 mov     ds, ax          ; seg3_seg
seg000:3B1D                 assume ds:nothing
seg000:3B1D                 mov     si, 0
seg000:3B20                 mov     di, 8100h       ; packed_tile_graphics
seg000:3B23                 mov     bx, es:8000h    ; seg1:tile_anim_count_table
seg000:3B28                 mov     bp, 0D000h      ; hero_transparency_masks
seg000:3B2B                 mov     cx, 250
seg000:3B2E
seg000:3B2E loc_3B2E:                               ; ...
seg000:3B2E                 push    cx
seg000:3B2F                 mov     al, es:[bx]     ; fn #
seg000:3B32                 cmp     al, 5
seg000:3B34                 jb      short loc_3B38
seg000:3B36                 xor     al, al
seg000:3B38
seg000:3B38 loc_3B38:                               ; ...
seg000:3B38                 push    bx
seg000:3B39                 xor     bx, bx
seg000:3B3B                 mov     bl, al
seg000:3B3D                 add     bx, bx
seg000:3B3F                 call    cs:off_3B4B[bx]
seg000:3B44                 pop     bx
seg000:3B45                 inc     bx
seg000:3B46                 pop     cx
seg000:3B47                 loop    loc_3B2E
seg000:3B49                 pop     ds
seg000:3B4A                 assume ds:data
seg000:3B4A                 retn
seg000:3B4A decompress_patterns endp
seg000:3B4A
seg000:3B4A ; ---------------------------------------------------------------------------
seg000:3B4B off_3B4B        dw offset sprite_plane_decompressor_0 ; ...
seg000:3B4D                 dw offset sprite_plane_decompressor_b
seg000:3B4F                 dw offset sprite_plane_decompressor_g
seg000:3B51                 dw offset sprite_plane_decompressor_r
seg000:3B53                 dw offset build_48_bytes_packed_tile_from_rgb_planes
seg000:3B55
seg000:3B55 ; =============== S U B R O U T I N E =======================================
seg000:3B55
seg000:3B55
seg000:3B55 sprite_plane_decompressor_0 proc near   ; ...
seg000:3B55                 mov     cx, 8
seg000:3B58
seg000:3B58 loc_3B58:                               ; ...
seg000:3B58                 push    cx
seg000:3B59                 lodsw
seg000:3B5A                 xchg    ah, al
seg000:3B5C                 mov     cs:r_plane_buffer, ax
seg000:3B60                 lodsw
seg000:3B61                 xchg    ah, al
seg000:3B63                 mov     cs:g_plane_buffer, ax
seg000:3B67                 lodsw
seg000:3B68                 xchg    ah, al
seg000:3B6A                 mov     cs:b_plane_buffer, ax
seg000:3B6E                 call    build_48_bits_packed_from_rgb_planes
seg000:3B71                 mov     byte ptr es:[bp+0], 0
seg000:3B76                 inc     bp
seg000:3B77                 pop     cx
seg000:3B78                 loop    loc_3B58
seg000:3B7A                 retn
seg000:3B7A sprite_plane_decompressor_0 endp
seg000:3B7A
seg000:3B7B
seg000:3B7B ; =============== S U B R O U T I N E =======================================
seg000:3B7B
seg000:3B7B
seg000:3B7B sprite_plane_decompressor_b proc near   ; ...
seg000:3B7B                 mov     cx, 8
seg000:3B7E
seg000:3B7E loc_3B7E:                               ; ...
seg000:3B7E                 push    cx
seg000:3B7F                 lodsw
seg000:3B80                 xchg    ah, al
seg000:3B82                 mov     cs:r_plane_buffer, ax
seg000:3B86                 lodsw
seg000:3B87                 xchg    ah, al
seg000:3B89                 mov     cs:g_plane_buffer, ax
seg000:3B8D                 mov     cs:b_plane_buffer, 0
seg000:3B94                 lodsw
seg000:3B95                 xchg    ah, al
seg000:3B97                 mov     cs:transparency_mask_bitplane, ax
seg000:3B9B                 call    build_48_bits_packed_from_rgb_planes
seg000:3B9E                 call    extract_transparency_byte_from_mask_plane
seg000:3BA1                 mov     es:[bp+0], dl
seg000:3BA5                 inc     bp
seg000:3BA6                 pop     cx
seg000:3BA7                 loop    loc_3B7E
seg000:3BA9                 retn
seg000:3BA9 sprite_plane_decompressor_b endp
seg000:3BA9
seg000:3BAA
seg000:3BAA ; =============== S U B R O U T I N E =======================================
seg000:3BAA
seg000:3BAA
seg000:3BAA sprite_plane_decompressor_g proc near   ; ...
seg000:3BAA                 mov     cx, 8
seg000:3BAD
seg000:3BAD loc_3BAD:                               ; ...
seg000:3BAD                 push    cx
seg000:3BAE                 lodsw
seg000:3BAF                 xchg    ah, al
seg000:3BB1                 mov     cs:r_plane_buffer, ax
seg000:3BB5                 lodsw
seg000:3BB6                 xchg    ah, al
seg000:3BB8                 mov     cs:transparency_mask_bitplane, ax
seg000:3BBC                 mov     cs:g_plane_buffer, 0
seg000:3BC3                 lodsw
seg000:3BC4                 xchg    ah, al
seg000:3BC6                 mov     cs:b_plane_buffer, ax
seg000:3BCA                 call    build_48_bits_packed_from_rgb_planes
seg000:3BCD                 call    extract_transparency_byte_from_mask_plane
seg000:3BD0                 mov     es:[bp+0], dl
seg000:3BD4                 inc     bp
seg000:3BD5                 pop     cx
seg000:3BD6                 loop    loc_3BAD
seg000:3BD8                 retn
seg000:3BD8 sprite_plane_decompressor_g endp
seg000:3BD8
seg000:3BD9
seg000:3BD9 ; =============== S U B R O U T I N E =======================================
seg000:3BD9
seg000:3BD9
seg000:3BD9 sprite_plane_decompressor_r proc near   ; ...
seg000:3BD9                 mov     cx, 8
seg000:3BDC
seg000:3BDC loc_3BDC:                               ; ...
seg000:3BDC                 push    cx
seg000:3BDD                 lodsw
seg000:3BDE                 xchg    ah, al
seg000:3BE0                 mov     cs:transparency_mask_bitplane, ax
seg000:3BE4                 mov     cs:r_plane_buffer, 0
seg000:3BEB                 lodsw
seg000:3BEC                 xchg    al, ah
seg000:3BEE                 mov     cs:g_plane_buffer, ax
seg000:3BF2                 lodsw
seg000:3BF3                 xchg    al, ah
seg000:3BF5                 mov     cs:b_plane_buffer, ax
seg000:3BF9                 call    build_48_bits_packed_from_rgb_planes
seg000:3BFC                 call    extract_transparency_byte_from_mask_plane
seg000:3BFF                 mov     es:[bp+0], dl
seg000:3C03                 inc     bp
seg000:3C04                 pop     cx
seg000:3C05                 loop    loc_3BDC
seg000:3C07                 retn
seg000:3C07 sprite_plane_decompressor_r endp
seg000:3C07
seg000:3C08
seg000:3C08 ; =============== S U B R O U T I N E =======================================
seg000:3C08
seg000:3C08
seg000:3C08 build_48_bytes_packed_tile_from_rgb_planes proc near ; ...
seg000:3C08                 mov     cx, 8
seg000:3C0B
seg000:3C0B loc_3C0B:                               ; ...
seg000:3C0B                 push    cx
seg000:3C0C                 lodsw
seg000:3C0D                 xchg    ah, al
seg000:3C0F                 mov     cs:r_plane_buffer, ax
seg000:3C13                 lodsw
seg000:3C14                 xchg    ah, al
seg000:3C16                 mov     cs:g_plane_buffer, ax
seg000:3C1A                 lodsw
seg000:3C1B                 xchg    ah, al
seg000:3C1D                 mov     cs:b_plane_buffer, ax
seg000:3C21                 call    build_48_bits_packed_from_rgb_planes
seg000:3C24                 mov     byte ptr es:[bp+0], 0FFh
seg000:3C29                 inc     bp
seg000:3C2A                 pop     cx
seg000:3C2B                 loop    loc_3C0B
seg000:3C2D                 retn
seg000:3C2D build_48_bytes_packed_tile_from_rgb_planes endp
seg000:3C2D
seg000:3C2E
seg000:3C2E ; =============== S U B R O U T I N E =======================================
seg000:3C2E
seg000:3C2E
seg000:3C2E build_48_bits_packed_from_rgb_planes proc near ; ...
seg000:3C2E                 mov     cx, 2
seg000:3C31
seg000:3C31 loc_3C31:                               ; ...
seg000:3C31                 call    extract_3_bits_from_rgb_planes
seg000:3C34                 call    extract_3_bits_from_rgb_planes
seg000:3C37                 call    extract_3_bits_from_rgb_planes
seg000:3C3A                 call    extract_3_bits_from_rgb_planes
seg000:3C3D                 call    extract_3_bits_from_rgb_planes
seg000:3C40                 rol     cs:b_plane_buffer, 1
seg000:3C45                 adc     ax, ax          ; got full 16 bits
seg000:3C47                 stosw
seg000:3C48                 rol     cs:g_plane_buffer, 1
seg000:3C4D                 adc     ax, ax
seg000:3C4F                 rol     cs:r_plane_buffer, 1
seg000:3C54                 adc     ax, ax
seg000:3C56                 call    extract_3_bits_from_rgb_planes
seg000:3C59                 call    extract_3_bits_from_rgb_planes
seg000:3C5C                 stosb                   ; got 8 bits
seg000:3C5D                 loop    loc_3C31
seg000:3C5F                 retn
seg000:3C5F build_48_bits_packed_from_rgb_planes endp
seg000:3C5F
seg000:3C60
seg000:3C60 ; =============== S U B R O U T I N E =======================================
seg000:3C60
seg000:3C60
seg000:3C60 extract_3_bits_from_rgb_planes proc near ; ...
seg000:3C60                 rol     cs:b_plane_buffer, 1
seg000:3C65                 adc     ax, ax
seg000:3C67                 rol     cs:g_plane_buffer, 1
seg000:3C6C                 adc     ax, ax
seg000:3C6E                 rol     cs:r_plane_buffer, 1
seg000:3C73                 adc     ax, ax
seg000:3C75                 retn
seg000:3C75 extract_3_bits_from_rgb_planes endp
seg000:3C75
seg000:3C76
seg000:3C76 ; =============== S U B R O U T I N E =======================================
seg000:3C76
seg000:3C76
seg000:3C76 extract_transparency_byte_from_mask_plane proc near ; ...
seg000:3C76                 mov     cx, 8
seg000:3C79
seg000:3C79 next_bit:                               ; ...
seg000:3C79                 xor     al, al
seg000:3C7B                 rol     cs:transparency_mask_bitplane, 1
seg000:3C80                 adc     al, al
seg000:3C82                 rol     cs:transparency_mask_bitplane, 1
seg000:3C87                 adc     al, al
seg000:3C89                 cmp     al, 11b
seg000:3C8B                 jz      short loc_3C8F
seg000:3C8D                 xor     al, al
seg000:3C8F
seg000:3C8F loc_3C8F:                               ; ...
seg000:3C8F                 and     al, 1
seg000:3C91                 add     dl, dl
seg000:3C93                 or      dl, al
seg000:3C95                 loop    next_bit
seg000:3C97                 retn
seg000:3C97 extract_transparency_byte_from_mask_plane endp
seg000:3C97
seg000:3C97 ; ---------------------------------------------------------------------------
seg000:3C98 current_column_screen_addr dw 0         ; ...
seg000:3C9A column_counter  db 0                    ; ...
seg000:3C9B tile_id_staging_buffer db 0             ; ...
seg000:3C9C word_3C9C       dw 0                    ; ...
seg000:3C9E byte_3C9E       db 0, 0, 0              ; ...
seg000:3CA1 sprite_x_coord  dw 0                    ; ...
seg000:3CA3 r_plane_buffer  dw 0                    ; ...
seg000:3CA5 g_plane_buffer  dw 0                    ; ...
seg000:3CA7 b_plane_buffer  dw 0                    ; ...
seg000:3CA9 transparency_mask_bitplane dw 0         ; ...
seg000:3CAB seg2_off        dw 0                    ; ...
seg000:3CAD seg2            dw 0                    ; ...
seg000:3CAF string_render_buffer db 0A0h dup(0)     ; ...
seg000:3D4F string_render_buffer1 db 0A0h dup(0)    ; ...
seg000:3DEF generic_display_buffer db 500h dup(0)   ; ...
seg000:42EF blit_cache      db 200h dup(0)          ; ...
seg000:42EF seg000          ends
seg000:42EF
data:A000 ; ===========================================================================
data:A000
data:A000 ; Segment type: Pure data
data:A000 data            segment byte public 'DATA' use16
data:A000                 assume cs:data
data:A000                 ;org 0A000h
data:A000 screen_buffer   db 2000h dup(?)
data:A000 data            ends
data:A000
data:A000
data:A000                 end
