seg000:A000 ;
seg000:A000 ; +-------------------------------------------------------------------------+
seg000:A000 ; |      This file was generated by The Interactive Disassembler (IDA)      |
seg000:A000 ; |           Copyright (c) 2026 Hex-Rays, <support@hex-rays.com>           |
seg000:A000 ; |                      License info: 48-2137-ACAB-69                      |
seg000:A000 ; |                             hi@hex-rays.com                             |
seg000:A000 ; +-------------------------------------------------------------------------+
seg000:A000 ;
seg000:A000 ; Input SHA256 : 7B3DEDEB10111D671B0D9245EA457D6235CB620D629EF9F49616348CF8073DA5
seg000:A000 ; Input MD5    : 331AC03DADCCD69E621DCA982FB71EF6
seg000:A000 ; Input CRC32  : 33F94AA8
seg000:A000
seg000:A000 ; File Name   : /home/brox/Projects/zeliard/tools/innapro.bin
seg000:A000 ; Format      : Binary file
seg000:A000 ; Base Address: 0000h Range: 0000h - 0510h Loaded length: 0510h
seg000:A000
seg000:A000                 .286
seg000:A000                 .model small
seg000:A000
seg000:A000 ; ===========================================================================
seg000:A000
seg000:A000 ; Segment type: Pure code
seg000:A000 seg000          segment byte public 'CODE'
seg000:A000                 assume cs:seg000
seg000:A000                 ;org 0A000h
seg000:A000                 assume es:nothing, ss:nothing, ds:seg000
seg000:A000                 dw offset sub_A004
seg000:A002                 dw offset sub_A22F
seg000:A004
seg000:A004 ; =============== S U B R O U T I N E =======================================
seg000:A004
seg000:A004
seg000:A004 sub_A004        proc near
seg000:A004                 mov     es, word ptr ds:0FF2Ch ; seg1
seg000:A008                 mov     di, 8000h
seg000:A00B                 mov     si, offset vfs_inn_grp
seg000:A00E                 mov     al, 2
seg000:A010                 call    word ptr cs:10Ch ; res_dispatcher_proc
seg000:A015                 push    ds
seg000:A016                 mov     ds, word ptr cs:0FF2Ch ; seg1
seg000:A01B                 mov     si, 8000h
seg000:A01E                 mov     cx, 100h
seg000:A021                 call    word ptr cs:2044h ; Reassemble_3_Planes_To_Packed_Bitmap_proc
seg000:A026                 pop     ds
seg000:A027                 mov     byte ptr ds:0FF4Eh, 0 ; dialog_cursor_x
seg000:A02C                 mov     byte ptr ds:0FF4Fh, 0 ; dialog_scroll_counter
seg000:A031                 call    word ptr cs:2002h ; Clear_Viewport_proc
seg000:A036                 call    word ptr cs:2012h ; Clear_Place_Enemy_Bar_proc
seg000:A03B                 mov     si, offset byte_A2EB
seg000:A03E                 call    word ptr cs:2010h ; Render_Pascal_String_1_proc
seg000:A043                 call    sub_A05F
seg000:A046                 mov     word ptr ds:0FF4Ch, offset aWelcomeSir ; dialog_string_ptr
seg000:A04C
seg000:A04C loc_A04C:                               ;
seg000:A04C                 call    word ptr cs:6004h ; render_menu_dialog_proc
seg000:A051                 cmp     al, 0FFh
seg000:A053                 jz      short loc_A05A
seg000:A055                 call    sub_A075
seg000:A058                 jmp     short loc_A04C
seg000:A05A ; ---------------------------------------------------------------------------
seg000:A05A
seg000:A05A loc_A05A:                               ;
seg000:A05A                 jmp     word ptr cs:2040h ; Fade_To_Black_Dithered_proc
seg000:A05A sub_A004        endp
seg000:A05A
seg000:A05F
seg000:A05F ; =============== S U B R O U T I N E =======================================
seg000:A05F
seg000:A05F
seg000:A05F sub_A05F        proc near
seg000:A05F                 call    sub_A1AA
seg000:A062                 mov     bx, 0D60h
seg000:A065                 mov     cx, 3637h
seg000:A068                 mov     al, 0FFh
seg000:A06A                 call    word ptr cs:2000h ; Draw_Bordered_Rectangle_proc
seg000:A06F                 mov     byte_A505, 0FFh
seg000:A074                 retn
seg000:A074 sub_A05F        endp
seg000:A074
seg000:A075
seg000:A075 ; =============== S U B R O U T I N E =======================================
seg000:A075
seg000:A075
seg000:A075 sub_A075        proc near
seg000:A075
seg000:A075 ; FUNCTION CHUNK AT seg000:A08A SIZE 00000034 BYTES
seg000:A075 ; FUNCTION CHUNK AT seg000:A114 SIZE 0000004B BYTES
seg000:A075
seg000:A075                 mov     bl, al
seg000:A077                 xor     bh, bh
seg000:A079                 add     bx, bx          ; switch 5 cases
seg000:A07B                 jmp     cs:jpt_A07B[bx] ; switch jump
seg000:A07B sub_A075        endp
seg000:A07B
seg000:A07B ; ---------------------------------------------------------------------------
seg000:A080 jpt_A07B        dw offset loc_A08A      ; jump table for switch statement
seg000:A082                 dw offset loc_A0BE
seg000:A084                 dw offset loc_A114
seg000:A086                 dw offset loc_A12A
seg000:A088                 dw offset sub_A15F
seg000:A08A ; ---------------------------------------------------------------------------
seg000:A08A ; START OF FUNCTION CHUNK FOR sub_A075
seg000:A08A
seg000:A08A loc_A08A:                               ;
seg000:A08A                 mov     bl, ds:0C006h   ; town_id
seg000:A08E                 dec     bl
seg000:A090                 xor     bh, bh
seg000:A092                 add     bx, bx
seg000:A094                 mov     dx, word ptr byte_A2D1[bx]
seg000:A098                 mov     word ptr byte_A506, dx
seg000:A09C                 mov     ax, dx
seg000:A09E                 xor     dl, dl
seg000:A0A0                 mov     di, offset byte_A508
seg000:A0A3                 call    word ptr cs:6006h ; convert_ax_to_decimal_proc
seg000:A0A8                 mov     si, ds:0FF4Ch   ; dialog_string_ptr
seg000:A0AC                 push    si
seg000:A0AD                 mov     word ptr ds:0FF4Ch, offset byte_A508 ; dialog_string_ptr
seg000:A0B3                 call    word ptr cs:6004h
seg000:A0B8                 pop     si
seg000:A0B9                 mov     ds:0FF4Ch, si   ; dialog_string_ptr
seg000:A0BD                 retn
seg000:A0BD ; END OF FUNCTION CHUNK FOR sub_A075
seg000:A0BE ; ---------------------------------------------------------------------------
seg000:A0BE
seg000:A0BE loc_A0BE:
seg000:A0BE                 mov     bx, 2F2Bh
seg000:A0C1                 mov     cx, 0C19h
seg000:A0C4                 mov     al, 0FFh
seg000:A0C6                 call    word ptr cs:2000h ; Draw_Bordered_Rectangle_proc
seg000:A0CB                 mov     word ptr ds:0FF54h, 302Eh ; menu_base_addr
seg000:A0D1                 call    word ptr cs:6008h ; show_yes_no_dialog_proc
seg000:A0D6                 pushf
seg000:A0D7                 mov     bx, 2F2Bh
seg000:A0DA                 mov     cx, 0C19h
seg000:A0DD                 xor     al, al
seg000:A0DF                 call    word ptr cs:2000h ; Draw_Bordered_Rectangle_proc
seg000:A0E4                 popf
seg000:A0E5                 mov     word ptr ds:0FF4Ch, offset byte_A3BD ; dialog_string_ptr
seg000:A0EB                 jnb     short loc_A0EE
seg000:A0ED                 retn
seg000:A0EE ; ---------------------------------------------------------------------------
seg000:A0EE
seg000:A0EE loc_A0EE:
seg000:A0EE                 mov     ax, word ptr byte_A506
seg000:A0F1                 xor     dl, dl
seg000:A0F3                 call    word ptr cs:600Ah ; check_gold_sufficient_proc
seg000:A0F8                 mov     word ptr ds:0FF4Ch, offset byte_A41A ; dialog_string_ptr
seg000:A0FE                 jnb     short loc_A101
seg000:A100                 retn
seg000:A101 ; ---------------------------------------------------------------------------
seg000:A101
seg000:A101 loc_A101:                               ;
seg000:A101                 mov     ds:85h, dl      ; hero_gold_hi
seg000:A105                 mov     ds:86h, ax      ; hero_gold_lo
seg000:A108                 call    word ptr cs:2016h ; Print_Gold_Decimal_proc
seg000:A10D                 mov     word ptr ds:0FF4Ch, offset byte_A483 ; dialog_string_ptr
seg000:A113                 retn
seg000:A114 ; ---------------------------------------------------------------------------
seg000:A114 ; START OF FUNCTION CHUNK FOR sub_A075
seg000:A114
seg000:A114 loc_A114:                               ; jumptable 0000A07B case 2
seg000:A114                 mov     byte_A505, 0
seg000:A119                 xor     al, al
seg000:A11B
seg000:A11B loc_A11B:
seg000:A11B                 push    ax
seg000:A11C                 call    sub_A17F
seg000:A11F                 call    sub_A16F
seg000:A122                 pop     ax
seg000:A123                 inc     al
seg000:A125                 cmp     al, 4
seg000:A127                 jnz     short loc_A11B
seg000:A129                 retn
seg000:A12A ; ---------------------------------------------------------------------------
seg000:A12A
seg000:A12A loc_A12A:                               ; jumptable 0000A07B case 3
seg000:A12A                 call    sub_A15F
seg000:A12D                 call    word ptr cs:2040h ; Fade_To_Black_Dithered_proc
seg000:A132                 call    sub_A15F
seg000:A135                 call    sub_A15F
seg000:A138                 mov     ax, ds:0B2h     ; heroMaxHp
seg000:A13B                 mov     ds:90h, ax      ; hero_HP
seg000:A13E                 call    word ptr cs:2008h ; Draw_Hero_Health_proc
seg000:A143                 push    cs
seg000:A144                 pop     es
seg000:A145                 assume es:nothing
seg000:A145                 mov     si, 0B4h
seg000:A148                 mov     di, 0ABh
seg000:A14B                 mov     cx, 7
seg000:A14E                 rep movsb
seg000:A150                 test    byte ptr ds:9Dh, 0FFh ; current_magic_spell
seg000:A155                 jz      short loc_A15C
seg000:A157                 call    word ptr cs:2018h ; Print_Magic_Left_Decimal_proc
seg000:A15C
seg000:A15C loc_A15C:
seg000:A15C                 jmp     sub_A05F
seg000:A15C ; END OF FUNCTION CHUNK FOR sub_A075
seg000:A15F
seg000:A15F ; =============== S U B R O U T I N E =======================================
seg000:A15F
seg000:A15F
seg000:A15F sub_A15F        proc near
seg000:A15F                 mov     byte ptr ds:0FF1Ah, 0 ; frame_timer
seg000:A164
seg000:A164 loc_A164:
seg000:A164                 call    sub_A22F
seg000:A167                 cmp     byte ptr ds:0FF1Ah, 150 ; frame_timer
seg000:A16C                 jb      short loc_A164
seg000:A16E                 retn
seg000:A16E sub_A15F        endp
seg000:A16E
seg000:A16F
seg000:A16F ; =============== S U B R O U T I N E =======================================
seg000:A16F
seg000:A16F
seg000:A16F sub_A16F        proc near
seg000:A16F                 mov     byte ptr ds:0FF1Ah, 0 ; frame_timer
seg000:A174
seg000:A174 loc_A174:
seg000:A174                 call    sub_A22F
seg000:A177                 cmp     byte ptr ds:0FF1Ah, 50 ; frame_timer
seg000:A17C                 jb      short loc_A174
seg000:A17E                 retn
seg000:A17E sub_A16F        endp
seg000:A17E
seg000:A17F
seg000:A17F ; =============== S U B R O U T I N E =======================================
seg000:A17F
seg000:A17F
seg000:A17F sub_A17F        proc near
seg000:A17F                 mov     cl, 14h
seg000:A181                 mul     cl
seg000:A183                 add     ax, offset byte_A281
seg000:A186                 mov     si, ax
seg000:A188                 mov     bx, 827h
seg000:A18B                 mov     cx, 4
seg000:A18E
seg000:A18E loc_A18E:
seg000:A18E                 push    cx
seg000:A18F                 mov     cx, 5
seg000:A192
seg000:A192 loc_A192:
seg000:A192                 push    cx
seg000:A193                 push    bx
seg000:A194                 lodsb
seg000:A195                 call    word ptr cs:3016h ; draw_tile_to_screen_proc
seg000:A19A                 pop     bx
seg000:A19B                 inc     bh
seg000:A19D                 pop     cx
seg000:A19E                 loop    loc_A192
seg000:A1A0                 sub     bh, 5
seg000:A1A3                 add     bl, 8
seg000:A1A6                 pop     cx
seg000:A1A7                 loop    loc_A18E
seg000:A1A9                 retn
seg000:A1A9 sub_A17F        endp
seg000:A1A9
seg000:A1AA
seg000:A1AA ; =============== S U B R O U T I N E =======================================
seg000:A1AA
seg000:A1AA
seg000:A1AA sub_A1AA        proc near
seg000:A1AA                 mov     si, offset byte_A1CF
seg000:A1AD                 mov     bx, 717h
seg000:A1B0                 mov     cx, 8
seg000:A1B3
seg000:A1B3 loc_A1B3:
seg000:A1B3                 push    cx
seg000:A1B4                 mov     cx, 0Ch
seg000:A1B7
seg000:A1B7 loc_A1B7:
seg000:A1B7                 push    cx
seg000:A1B8                 push    bx
seg000:A1B9                 lodsb
seg000:A1BA                 call    word ptr cs:3016h ; draw_tile_to_screen_proc
seg000:A1BF                 pop     bx
seg000:A1C0                 inc     bh
seg000:A1C2                 pop     cx
seg000:A1C3                 loop    loc_A1B7
seg000:A1C5                 sub     bh, 0Ch
seg000:A1C8                 add     bl, 8
seg000:A1CB                 pop     cx
seg000:A1CC                 loop    loc_A1B3
seg000:A1CE                 retn
seg000:A1CE sub_A1AA        endp
seg000:A1CE
seg000:A1CE ; ---------------------------------------------------------------------------
seg000:A1CF byte_A1CF       db 0, 1, 2, 3, 4, 5, 6, 7, 8, 9, 0Ah, 0Bh, 0Ch, 0Dh, 0Eh
seg000:A1DE                 db 0Fh, 10h, 11h, 12h, 13h, 14h, 15h, 16h, 17h, 18h, 19h
seg000:A1E9                 db 1Ah, 1Bh, 10h, 1Ch, 1Dh, 1Eh, 1Fh, 20h, 21h, 22h, 23h
seg000:A1F4                 db 24h, 25h, 26h, 10h, 27h, 28h, 29h, 2Ah, 2Bh, 2Ch, 2Dh
seg000:A1FF                 db 2Eh, 2Fh, 30h, 31h, 32h, 33h, 34h, 35h, 36h, 37h, 38h
seg000:A20A                 db 39h, 3Ah, 3Bh, 3Ch, 3Dh, 3Eh, 3Fh, 40h, 41h, 42h, 43h
seg000:A215                 db 44h, 45h, 46h, 47h, 48h, 49h, 4Ah, 4Bh, 4Ch, 4Dh, 4Eh
seg000:A220                 db 4Fh, 50h, 51h, 52h, 53h, 54h, 55h, 56h, 57h, 58h, 59h
seg000:A22B                 db 5Ah, 5Bh, 5Ch, 5Dh
seg000:A22F
seg000:A22F ; =============== S U B R O U T I N E =======================================
seg000:A22F
seg000:A22F
seg000:A22F sub_A22F        proc near
seg000:A22F                 test    byte_A505, 0FFh
seg000:A234                 jnz     short loc_A237
seg000:A236                 retn
seg000:A237 ; ---------------------------------------------------------------------------
seg000:A237
seg000:A237 loc_A237:                               ;
seg000:A237                 cmp     word ptr ds:0FF50h, 28h ; '(' ; byte_FF50
seg000:A23C                 jnb     short loc_A23F
seg000:A23E                 retn
seg000:A23F ; ---------------------------------------------------------------------------
seg000:A23F
seg000:A23F loc_A23F:                               ;
seg000:A23F                 mov     word ptr ds:0FF50h, 0 ; byte_FF50
seg000:A245                 call    word ptr cs:11Ah ; get_random_proc
seg000:A24A                 and     al, 1
seg000:A24C                 add     al, al
seg000:A24E                 add     al, al
seg000:A250                 xor     ah, ah
seg000:A252                 add     ax, offset byte_A279
seg000:A255                 mov     si, ax
seg000:A257                 mov     bx, 827h
seg000:A25A                 mov     cx, 2
seg000:A25D
seg000:A25D loc_A25D:
seg000:A25D                 push    cx
seg000:A25E                 mov     cx, 2
seg000:A261
seg000:A261 loc_A261:
seg000:A261                 push    cx
seg000:A262                 push    bx
seg000:A263                 lodsb
seg000:A264                 call    word ptr cs:3016h ; draw_tile_to_screen_proc
seg000:A269                 pop     bx
seg000:A26A                 inc     bh
seg000:A26C                 pop     cx
seg000:A26D                 loop    loc_A261
seg000:A26F                 sub     bh, 2
seg000:A272                 add     bl, 8
seg000:A275                 pop     cx
seg000:A276                 loop    loc_A25D
seg000:A278                 retn
seg000:A278 sub_A22F        endp
seg000:A278
seg000:A278 ; ---------------------------------------------------------------------------
seg000:A279 byte_A279       db 19h, 1Ah, 24h, 25h, 5Eh, 5Fh, 24h, 60h
seg000:A281 byte_A281       db 19h, 1Ah, 1Bh, 10h, 1Ch, 24h, 25h, 26h, 10h, 27h, 2Fh
seg000:A28C                 db 30h, 31h, 32h, 33h, 3Bh, 3Ch, 3Dh, 3Eh, 3Fh, 19h, 1Ah
seg000:A297                 db 1Bh, 10h, 1Ch, 24h, 25h, 26h, 10h, 27h, 2Fh, 30h, 31h
seg000:A2A2                 db 32h, 33h, 3Bh, 3Ch, 3Dh, 3Eh, 3Fh, 19h, 1Ah, 1Bh, 10h
seg000:A2AD                 db 1Ch, 24h, 61h, 62h, 10h, 27h, 2Fh, 63h, 64h, 32h, 33h
seg000:A2B8                 db 3Bh, 65h, 66h, 3Eh, 3Fh, 19h, 1Ah, 1Bh, 10h, 1Ch, 24h
seg000:A2C3                 db 25h, 26h, 67h, 68h, 2Fh, 69h, 6Ah, 6Bh, 6Ch, 3Bh, 6Dh
seg000:A2CE                 db 6Eh, 6Fh, 3Fh
seg000:A2D1 byte_A2D1       db 0
seg000:A2D2                 db    0
seg000:A2D3                 db  1Eh
seg000:A2D4                 db    0
seg000:A2D5                 db  32h ; 2
seg000:A2D6                 db    0
seg000:A2D7                 db  46h ; F
seg000:A2D8                 db    0
seg000:A2D9                 db  64h ; d
seg000:A2DA                 db    0
seg000:A2DB                 db  96h
seg000:A2DC                 db    0
seg000:A2DD                 db 0C8h
seg000:A2DE                 db    0
seg000:A2DF                 db  90h
seg000:A2E0                 db    1
seg000:A2E1 vfs_inn_grp     db 1
seg000:A2E2                 db 19h
seg000:A2E3 aInnGrp         db 'INN.GRP',0
seg000:A2EB byte_A2EB       db 19h
seg000:A2EC                 db 0AFh
seg000:A2ED                 db    0
seg000:A2EE aTheInn         db 7,'The Inn'
seg000:A2F6 aWelcomeSir     db 12,'Welcome, sir'
seg000:A303                 db  21h ; !
seg000:A304                 db  2Fh ; /
seg000:A305 aYouLookLikeYou db 'You look like you\ve come a long way./One night of rest in my inn'
seg000:A346                 db ' is all you need to recover your strength. You can have the best '
seg000:A387                 db 'room in the house for only '
seg000:A3A2                 db 0FFh
seg000:A3A3                 db    0
seg000:A3A4 aGoldsWillYouSt db '&golds. Will you stay? '
seg000:A3BB                 db 0FFh
seg000:A3BC                 db    1
seg000:A3BD byte_A3BD       db 0Ch
seg000:A3BE aOhIMSorryToHea db 'Oh, I\m sorry to hear that./Well, if you should ever need a place'
seg000:A3FF                 db ' to rest, do come back. '
seg000:A417                 db  11h
seg000:A418                 db 0FFh
seg000:A419                 db 0FFh
seg000:A41A byte_A41A       db 0Ch
seg000:A41B aIMSorrySirButI db 'I\m sorry sir, but I can\t accommodate you without funds./'
seg000:A455                 db 0FFh
seg000:A456                 db    4
seg000:A457 aPleaseComeBack db 'Please come back when you can afford it. '
seg000:A480                 db  11h
seg000:A481                 db 0FFh
seg000:A482                 db 0FFh
seg000:A483 byte_A483       db 0Ch
seg000:A484 aThankYouSirEnj db 'Thank you, sir. Enjoy your stay. '
seg000:A4A5                 db 0FFh
seg000:A4A6                 db    2
seg000:A4A7                 db 0FFh
seg000:A4A8                 db    4
seg000:A4A9                 db 0FFh
seg000:A4AA                 db    3
seg000:A4AB                 db  0Ch
seg000:A4AC                 db 0FFh
seg000:A4AD                 db    4
seg000:A4AE aITrustYouHadAG db 'I trust you had a good night\s sleep. We\ll be looking forward to'
seg000:A4EF                 db ' seeing you again./'
seg000:A502                 db  11h
seg000:A503                 db 0FFh
seg000:A504                 db 0FFh
seg000:A505 byte_A505       db 0
seg000:A506 byte_A506       db 0
seg000:A507                 db    0
seg000:A508 byte_A508       db 0
seg000:A509                 db    0
seg000:A50A                 db    0
seg000:A50B                 db    0
seg000:A50C                 db    0
seg000:A50D                 db    0
seg000:A50E                 db    0
seg000:A50F                 db    0
seg000:A50F seg000          ends
seg000:A50F
seg000:A50F
seg000:A50F                 end
