seg000:A000 ;
seg000:A000 ; +-------------------------------------------------------------------------+
seg000:A000 ; |      This file was generated by The Interactive Disassembler (IDA)      |
seg000:A000 ; |           Copyright (c) 2026 Hex-Rays, <support@hex-rays.com>           |
seg000:A000 ; |                      License info: 48-2137-ACAB-69                      |
seg000:A000 ; |                             hi@hex-rays.com                             |
seg000:A000 ; +-------------------------------------------------------------------------+
seg000:A000 ;
seg000:A000 ; Input SHA256 : AB2A46C7B6918B360A3DB214935E73477B6EC7E9B04AE84F4790685CC7E86E9F
seg000:A000 ; Input MD5    : B51DBF4E48023D2B39462BF5FF165408
seg000:A000 ; Input CRC32  : CA0B5341
seg000:A000
seg000:A000 ; File Name   : /home/brox/Projects/zeliard/WORK/kenjpro.bin
seg000:A000 ; Format      : Binary file
seg000:A000 ; Base Address: 0000h Range: 0000h - 1B3Dh Loaded length: 1B3Dh
seg000:A000
seg000:A000                 .286
seg000:A000                 .model small
seg000:A000
seg000:A000 ; ===========================================================================
seg000:A000
seg000:A000 ; Segment type: Pure code
seg000:A000 seg000          segment byte public 'CODE'
seg000:A000                 assume cs:seg000
seg000:A000                 ;org 0A000h
seg000:A000                 assume es:nothing, ss:nothing, ds:seg000
seg000:A000                 dw offset loc_A027
seg000:A002                 dw offset sub_AB47
seg000:A004                 dw offset sub_A006
seg000:A006
seg000:A006 ; =============== S U B R O U T I N E =======================================
seg000:A006
seg000:A006
seg000:A006 sub_A006        proc near
seg000:A006                 call    sub_A05A
seg000:A009                 mov     word_BB12, 0E17h
seg000:A00F                 call    sub_A990
seg000:A012                 mov     bx, 0D60h
seg000:A015                 mov     cx, 3637h
seg000:A018                 mov     al, 0FFh
seg000:A01A                 call    word ptr cs:2000h ; Draw_Bordered_Rectangle_proc
seg000:A01F                 mov     word ptr ds:0FF4Ch, offset byte_BA67 ; dialog_string_ptr
seg000:A025                 jmp     short loc_A047
seg000:A027 ; ---------------------------------------------------------------------------
seg000:A027
seg000:A027 loc_A027:
seg000:A027                 call    sub_A05A
seg000:A02A                 mov     word_BB12, 717h
seg000:A030                 call    sub_A990
seg000:A033                 mov     bx, 0D60h
seg000:A036                 mov     cx, 3637h
seg000:A039                 mov     al, 0FFh
seg000:A03B                 call    word ptr cs:2000h ; Draw_Bordered_Rectangle_proc
seg000:A040                 call    sub_AC07
seg000:A043                 mov     ds:0FF4Ch, si   ; dialog_string_ptr
seg000:A047
seg000:A047 loc_A047:                               ;
seg000:A047                 call    word ptr cs:6004h ; render_menu_dialog_proc
seg000:A04C                 cmp     al, 0FFh
seg000:A04E                 jz      short loc_A055
seg000:A050                 call    sub_A0A4
seg000:A053                 jmp     short loc_A047
seg000:A055 ; ---------------------------------------------------------------------------
seg000:A055
seg000:A055 loc_A055:                               ;
seg000:A055                 jmp     word ptr cs:2040h ; Fade_To_Black_Dithered_proc
seg000:A055 sub_A006        endp
seg000:A055
seg000:A05A
seg000:A05A ; =============== S U B R O U T I N E =======================================
seg000:A05A
seg000:A05A
seg000:A05A sub_A05A        proc near
seg000:A05A                 mov     es, word ptr ds:0FF2Ch ; seg1
seg000:A05E                 mov     di, 8000h
seg000:A061                 mov     si, offset vfs_kenjya_grp
seg000:A064                 mov     al, 2
seg000:A066                 call    word ptr cs:10Ch ; res_dispatcher_proc
seg000:A06B                 push    ds
seg000:A06C                 mov     ds, word ptr cs:0FF2Ch ; seg1
seg000:A071                 mov     si, 8000h
seg000:A074                 mov     cx, 100h
seg000:A077                 call    word ptr cs:2044h ; Reassemble_3_Planes_To_Packed_Bitmap_proc
seg000:A07C                 pop     ds
seg000:A07D                 mov     byte ptr ds:0FF4Eh, 0 ; dialog_cursor_x
seg000:A082                 mov     byte ptr ds:0FF4Fh, 0 ; dialog_scroll_counter
seg000:A087                 call    word ptr cs:2002h ; Clear_Viewport_proc
seg000:A08C                 call    word ptr cs:2012h ; Clear_Place_Enemy_Bar_proc
seg000:A091                 mov     bl, ds:0C006h   ; town_id
seg000:A095                 dec     bl
seg000:A097                 xor     bh, bh
seg000:A099                 add     bx, bx
seg000:A09B                 mov     si, sage_names[bx]
seg000:A09F                 jmp     word ptr cs:2010h ; Render_Pascal_String_1_proc
seg000:A09F sub_A05A        endp
seg000:A09F
seg000:A0A4
seg000:A0A4 ; =============== S U B R O U T I N E =======================================
seg000:A0A4
seg000:A0A4
seg000:A0A4 sub_A0A4        proc near
seg000:A0A4
seg000:A0A4 ; FUNCTION CHUNK AT seg000:A0CB SIZE 00000041 BYTES
seg000:A0A4 ; FUNCTION CHUNK AT seg000:A178 SIZE 00000059 BYTES
seg000:A0A4 ; FUNCTION CHUNK AT seg000:A420 SIZE 00000007 BYTES
seg000:A0A4 ; FUNCTION CHUNK AT seg000:A862 SIZE 000000A5 BYTES
seg000:A0A4
seg000:A0A4                 mov     bl, al
seg000:A0A6                 xor     bh, bh
seg000:A0A8                 add     bx, bx          ; switch 14 cases
seg000:A0AA                 jmp     cs:jpt_A0AA[bx] ; switch jump
seg000:A0AA sub_A0A4        endp
seg000:A0AA
seg000:A0AA ; ---------------------------------------------------------------------------
seg000:A0AF jpt_A0AA        dw offset loc_A0CB      ; jump table for switch statement
seg000:A0B1                 dw offset loc_A18E
seg000:A0B3                 dw offset sub_A914
seg000:A0B5                 dw offset loc_A862
seg000:A0B7                 dw offset sub_A410
seg000:A0B9                 dw offset sub_A2B4
seg000:A0BB                 dw offset loc_A420
seg000:A0BD                 dw offset sub_A93B
seg000:A0BF                 dw offset loc_A93F
seg000:A0C1                 dw offset loc_A943
seg000:A0C3                 dw offset loc_A947
seg000:A0C5                 dw offset loc_A94B
seg000:A0C7                 dw offset loc_A94F
seg000:A0C9                 dw offset loc_A953
seg000:A0CB ; ---------------------------------------------------------------------------
seg000:A0CB ; START OF FUNCTION CHUNK FOR sub_A0A4
seg000:A0CB
seg000:A0CB loc_A0CB:
seg000:A0CB                 call    sub_A983
seg000:A0CE                 mov     bx, 2722h
seg000:A0D1                 mov     cx, 1C2Dh
seg000:A0D4                 mov     al, 0FFh
seg000:A0D6                 call    word ptr cs:2000h ; Draw_Bordered_Rectangle_proc
seg000:A0DB                 mov     word ptr ds:0FF54h, 2725h ; menu_base_addr
seg000:A0E1                 mov     byte ptr ds:0FF52h, 4 ; menu_item_count
seg000:A0E6                 mov     byte ptr ds:0FF53h, 4 ; menu_max_items
seg000:A0EB                 mov     cx, 4           ; number of menu items
seg000:A0EE                 mov     si, offset aGoOutside ; "Go outside"
seg000:A0F1                 call    word ptr cs:600Eh ; render_menu_string_list_proc
seg000:A0F6                 mov     byte ptr ds:0FF56h, 0 ; menu_cursor_pos
seg000:A0FB                 mov     bl, menu_item_selected
seg000:A0FF                 call    word ptr cs:6010h ; select_from_menu_proc
seg000:A104                 jnb     short loc_A108
seg000:A106                 xor     bl, bl
seg000:A108
seg000:A108 loc_A108:
seg000:A108                 mov     menu_item_selected, bl
seg000:A108 ; END OF FUNCTION CHUNK FOR sub_A0A4
seg000:A10C                 xor     bh, bh
seg000:A10E                 add     bx, bx          ; switch 4 cases
seg000:A110                 jmp     jpt_A110[bx]    ; switch jump
seg000:A110 ; ---------------------------------------------------------------------------
seg000:A114 jpt_A110        dw offset on_go_outside ; jump table for switch statement
seg000:A116                 dw offset on_see_power
seg000:A118                 dw offset on_listen_knowledge
seg000:A11A                 dw offset on_record_experience
seg000:A11C
seg000:A11C ; =============== S U B R O U T I N E =======================================
seg000:A11C
seg000:A11C ; jumptable 0000A110 case 0
seg000:A11C
seg000:A11C on_go_outside   proc near
seg000:A11C                 call    sub_A983
seg000:A11F                 mov     word ptr ds:0FF4Ch, offset byte_ADEB ; dialog_string_ptr
seg000:A125                 retn
seg000:A125 on_go_outside   endp
seg000:A125
seg000:A126
seg000:A126 ; =============== S U B R O U T I N E =======================================
seg000:A126
seg000:A126 ; jumptable 0000A110 case 1
seg000:A126
seg000:A126 on_see_power    proc near
seg000:A126                 call    sub_A983
seg000:A129                 test    byte_BB15, 0FFh
seg000:A12E                 jnz     short loc_A137
seg000:A130                 mov     word ptr ds:0FF4Ch, offset byte_AE08 ; dialog_string_ptr
seg000:A136                 retn
seg000:A137 ; ---------------------------------------------------------------------------
seg000:A137
seg000:A137 loc_A137:
seg000:A137                 test    byte_BB16, 0FFh
seg000:A13C                 jnz     short loc_A150
seg000:A13E                 mov     di, offset byte_AEA7
seg000:A141                 test    byte_BB17, 0FFh
seg000:A146                 jz      short loc_A14B
seg000:A148                 mov     di, offset byte_AF03
seg000:A14B
seg000:A14B loc_A14B:                               ;
seg000:A14B                 mov     ds:0FF4Ch, di   ; dialog_string_ptr
seg000:A14F                 retn
seg000:A150 ; ---------------------------------------------------------------------------
seg000:A150
seg000:A150 loc_A150:                               ;
seg000:A150                 mov     word ptr ds:0FF4Ch, offset byte_AE42 ; dialog_string_ptr
seg000:A156                 retn
seg000:A156 on_see_power    endp
seg000:A156
seg000:A157
seg000:A157 ; =============== S U B R O U T I N E =======================================
seg000:A157
seg000:A157 ; jumptable 0000A110 case 2
seg000:A157
seg000:A157 on_listen_knowledge proc near
seg000:A157                 call    sub_A983
seg000:A15A                 mov     bl, ds:0C006h   ; town_id
seg000:A15E                 dec     bl
seg000:A160                 xor     bh, bh
seg000:A162                 add     bx, bx
seg000:A164                 mov     si, off_B5EB[bx]
seg000:A168                 mov     ds:0FF4Ch, si   ; dialog_string_ptr
seg000:A16C                 call    word ptr cs:6004h ; render_menu_dialog_proc
seg000:A171                 mov     word ptr ds:0FF4Ch, offset byte_ADBF ; dialog_string_ptr
seg000:A177                 retn
seg000:A177 on_listen_knowledge endp
seg000:A177
seg000:A178 ; ---------------------------------------------------------------------------
seg000:A178 ; START OF FUNCTION CHUNK FOR sub_A0A4
seg000:A178
seg000:A178 on_record_experience:                   ; jumptable 0000A110 case 3
seg000:A178                 call    sub_A983
seg000:A17B                 call    sub_A427
seg000:A17E                 mov     word ptr ds:0FF4Ch, offset byte_ADBF ; dialog_string_ptr
seg000:A184                 jnb     short loc_A187
seg000:A186                 retn
seg000:A187 ; ---------------------------------------------------------------------------
seg000:A187
seg000:A187 loc_A187:                               ;
seg000:A187                 mov     word ptr ds:0FF4Ch, offset byte_AF7C ; dialog_string_ptr
seg000:A18D                 retn
seg000:A18E ; ---------------------------------------------------------------------------
seg000:A18E
seg000:A18E loc_A18E:                               ; jumptable 0000A0AA case 1
seg000:A18E                 mov     byte_BB15, 0FFh
seg000:A193                 call    sub_A1D1
seg000:A196                 call    sub_A410
seg000:A199                 mov     byte_BB18, 0FFh
seg000:A19E                 mov     byte_BB19, 0FFh
seg000:A1A3                 mov     word ptr ds:0FF4Ch, offset unk_AFDE ; dialog_string_ptr
seg000:A1A9
seg000:A1A9 loc_A1A9:
seg000:A1A9                 call    sub_A410
seg000:A1AC                 call    word ptr cs:6004h ; render_menu_dialog_proc
seg000:A1B1                 cmp     al, 4
seg000:A1B3                 jz      short loc_A1A9
seg000:A1B5                 mov     byte_BB1A, 0FFh
seg000:A1BA                 call    sub_A200
seg000:A1BD                 call    word ptr cs:6004h ; render_menu_dialog_proc
seg000:A1C2                 call    sub_A22E
seg000:A1C5                 add     ax, ax
seg000:A1C7                 mov     bx, ax
seg000:A1C9                 mov     ax, off_B029[bx] ; "Your experience is lacking. Persevere i"...
seg000:A1CD                 mov     ds:0FF4Ch, ax   ; dialog_string_ptr
seg000:A1D0                 retn
seg000:A1D0 ; END OF FUNCTION CHUNK FOR sub_A0A4
seg000:A1D1
seg000:A1D1 ; =============== S U B R O U T I N E =======================================
seg000:A1D1
seg000:A1D1
seg000:A1D1 sub_A1D1        proc near
seg000:A1D1                 mov     si, offset byte_A1FD
seg000:A1D4                 mov     byte_BB19, 0FFh
seg000:A1D9                 mov     byte_BB1B, 0FFh
seg000:A1DE                 mov     cx, 3
seg000:A1E1
seg000:A1E1 loc_A1E1:
seg000:A1E1                 push    cx
seg000:A1E2                 mov     byte ptr ds:0FF1Ah, 0 ; frame_timer
seg000:A1E7                 lodsb
seg000:A1E8                 push    si
seg000:A1E9                 call    sub_AA16
seg000:A1EC
seg000:A1EC loc_A1EC:                               ;
seg000:A1EC                 cmp     byte ptr ds:0FF1Ah, 25 ; frame_timer
seg000:A1F1                 jb      short loc_A1EC
seg000:A1F3                 pop     si
seg000:A1F4                 pop     cx
seg000:A1F5                 loop    loc_A1E1
seg000:A1F7                 mov     byte_BB19, 0
seg000:A1FC                 retn
seg000:A1FC sub_A1D1        endp
seg000:A1FC
seg000:A1FC ; ---------------------------------------------------------------------------
seg000:A1FD byte_A1FD       db 0
seg000:A1FE byte_A1FE       db 1
seg000:A1FF                 db 2
seg000:A200
seg000:A200 ; =============== S U B R O U T I N E =======================================
seg000:A200
seg000:A200
seg000:A200 sub_A200        proc near
seg000:A200                 mov     si, offset byte_A1FE
seg000:A203                 mov     byte_BB19, 0FFh
seg000:A208                 mov     cx, 2
seg000:A20B
seg000:A20B loc_A20B:
seg000:A20B                 push    cx
seg000:A20C                 mov     byte ptr ds:0FF1Ah, 0 ; frame_timer
seg000:A211                 mov     al, [si]
seg000:A213                 dec     si
seg000:A214                 push    si
seg000:A215                 call    sub_AA16
seg000:A218
seg000:A218 loc_A218:                               ;
seg000:A218                 cmp     byte ptr ds:0FF1Ah, 25 ; frame_timer
seg000:A21D                 jb      short loc_A218
seg000:A21F                 pop     si
seg000:A220                 pop     cx
seg000:A221                 loop    loc_A20B
seg000:A223                 mov     byte_BB19, 0
seg000:A228                 mov     byte_BB1B, 0
seg000:A22D                 retn
seg000:A22D sub_A200        endp
seg000:A22D
seg000:A22E
seg000:A22E ; =============== S U B R O U T I N E =======================================
seg000:A22E
seg000:A22E
seg000:A22E sub_A22E        proc near
seg000:A22E                 xor     bx, bx
seg000:A230                 mov     bl, ds:8Dh      ; hero_level
seg000:A234                 cmp     bl, 0Fh
seg000:A237                 jb      short loc_A23B
seg000:A239                 mov     bl, 0Fh
seg000:A23B
seg000:A23B loc_A23B:
seg000:A23B                 add     bx, bx
seg000:A23D                 add     bx, offset word_A28C
seg000:A241                 mov     dx, [bx]
seg000:A243                 mov     cx, dx
seg000:A245                 xor     ax, ax
seg000:A247                 shr     cx, 1
seg000:A249                 cmp     ds:8Eh, cx      ; hero_xp
seg000:A24D                 jnb     short loc_A250
seg000:A24F                 retn
seg000:A250 ; ---------------------------------------------------------------------------
seg000:A250
seg000:A250 loc_A250:
seg000:A250                 mov     ax, dx
seg000:A252                 shr     cx, 1
seg000:A254                 sub     ax, cx
seg000:A256                 mov     cx, ax
seg000:A258                 mov     ax, 1
seg000:A25B                 cmp     ds:8Eh, cx      ; hero_xp
seg000:A25F                 jnb     short loc_A262
seg000:A261                 retn
seg000:A262 ; ---------------------------------------------------------------------------
seg000:A262
seg000:A262 loc_A262:
seg000:A262                 mov     ax, 2
seg000:A265                 cmp     ds:8Eh, dx      ; hero_xp
seg000:A269                 jnb     short loc_A26C
seg000:A26B                 retn
seg000:A26C ; ---------------------------------------------------------------------------
seg000:A26C
seg000:A26C loc_A26C:
seg000:A26C                 xor     bx, bx
seg000:A26E                 mov     bl, ds:0C006h   ; town_id
seg000:A272                 dec     bx
seg000:A273                 add     bx, offset byte_A2AC
seg000:A277                 mov     ax, 3
seg000:A27A                 mov     cl, ds:8Dh      ; hero_level
seg000:A27E                 cmp     cl, [bx]
seg000:A280                 jnb     short loc_A283
seg000:A282                 retn
seg000:A283 ; ---------------------------------------------------------------------------
seg000:A283
seg000:A283 loc_A283:
seg000:A283                 mov     byte_BB17, 0FFh
seg000:A288                 mov     ax, 4
seg000:A28B                 retn
seg000:A28B sub_A22E        endp
seg000:A28B
seg000:A28B ; ---------------------------------------------------------------------------
seg000:A28C word_A28C       dw 32h, 96h, 12Ch, 1A4h, 3E8h, 5DCh, 0BB8h, 1388h, 1770h
seg000:A29E                 dw 1F40h, 2710h, 3A98h, 4E20h, 9C40h, 0C350h, 0EA60h
seg000:A2AC byte_A2AC       db 3, 6, 9, 0Bh, 0Dh, 0Fh, 12h, 0FFh
seg000:A2B4
seg000:A2B4 ; =============== S U B R O U T I N E =======================================
seg000:A2B4
seg000:A2B4
seg000:A2B4 sub_A2B4        proc near
seg000:A2B4                 mov     byte_BB16, 0FFh
seg000:A2B9                 mov     cx, 8
seg000:A2BC
seg000:A2BC loc_A2BC:
seg000:A2BC                 push    cx
seg000:A2BD                 call    word ptr cs:3000h ; apply_screen_xor_grid_proc
seg000:A2C2                 mov     byte ptr ds:0FF1Ah, 0 ; frame_timer
seg000:A2C7
seg000:A2C7 loc_A2C7:                               ;
seg000:A2C7                 cmp     byte ptr ds:0FF1Ah, 10 ; frame_timer
seg000:A2CC                 jb      short loc_A2C7
seg000:A2CE                 pop     cx
seg000:A2CF                 loop    loc_A2BC
seg000:A2D1                 push    cs
seg000:A2D2                 pop     es
seg000:A2D3                 assume es:nothing
seg000:A2D3                 mov     al, ds:8Dh      ; hero_level
seg000:A2D6                 cmp     al, 10h
seg000:A2D8                 jb      short loc_A2F5
seg000:A2DA                 mov     word_BB34, 320h
seg000:A2E0                 mov     cx, 7
seg000:A2E3                 mov     si, 0B4h        ; espada_count
seg000:A2E6                 mov     di, offset byte_BB36
seg000:A2E9
seg000:A2E9 loc_A2E9:
seg000:A2E9                 lodsb
seg000:A2EA                 add     al, 2
seg000:A2EC                 jnb     short loc_A2F0
seg000:A2EE                 mov     al, 0FFh
seg000:A2F0
seg000:A2F0 loc_A2F0:
seg000:A2F0                 stosb
seg000:A2F1                 loop    loc_A2E9
seg000:A2F3                 jmp     short loc_A306
seg000:A2F5 ; ---------------------------------------------------------------------------
seg000:A2F5
seg000:A2F5 loc_A2F5:
seg000:A2F5                 mov     bl, 9
seg000:A2F7                 mul     bl
seg000:A2F9                 mov     si, offset byte_A380
seg000:A2FC                 add     si, ax
seg000:A2FE                 mov     di, offset word_BB34
seg000:A301                 mov     cx, 9
seg000:A304                 rep movsb
seg000:A306
seg000:A306 loc_A306:                               ;
seg000:A306                 mov     al, ds:8Dh      ; hero_level
seg000:A309                 inc     al
seg000:A30B                 jnz     short loc_A30F
seg000:A30D                 mov     al, 0FFh
seg000:A30F
seg000:A30F loc_A30F:                               ;
seg000:A30F                 mov     ds:8Dh, al      ; hero_level
seg000:A312                 mov     ax, word_BB34
seg000:A315                 mov     ds:0B2h, ax     ; heroMaxHp
seg000:A318                 mov     ds:90h, ax      ; hero_HP
seg000:A31B                 call    word ptr cs:2006h ; Draw_Hero_Max_Health_proc
seg000:A320                 call    word ptr cs:2008h ; Draw_Hero_Health_proc
seg000:A325                 push    cs
seg000:A326                 pop     es
seg000:A327                 mov     di, 0B4h        ; espada_count
seg000:A32A                 mov     si, offset byte_BB36
seg000:A32D                 mov     cx, 7
seg000:A330                 rep movsb
seg000:A332                 mov     di, 0ABh        ; spells_espada
seg000:A335                 mov     si, offset byte_BB36
seg000:A338                 mov     cx, 7
seg000:A33B                 rep movsb
seg000:A33D                 test    byte ptr ds:9Dh, 0FFh ; current_magic_spell
seg000:A342                 jz      short loc_A349
seg000:A344                 call    word ptr cs:2018h ; Print_Magic_Left_Decimal_proc
seg000:A349
seg000:A349 loc_A349:
seg000:A349                 xor     bx, bx
seg000:A34B                 mov     bl, ds:8Dh      ; hero_level
seg000:A34F                 dec     bl
seg000:A351                 cmp     bl, 0Fh
seg000:A354                 jb      short loc_A358
seg000:A356                 mov     bl, 0Fh
seg000:A358
seg000:A358 loc_A358:
seg000:A358                 add     bx, bx
seg000:A35A                 mov     ax, word_A28C[bx]
seg000:A35E                 sub     ds:8Eh, ax      ; hero_xp
seg000:A362                 xor     bx, bx
seg000:A364                 mov     bl, ds:8Dh      ; hero_level
seg000:A368                 cmp     bl, 0Fh
seg000:A36B                 jb      short loc_A36F
seg000:A36D                 mov     bl, 0Fh
seg000:A36F
seg000:A36F loc_A36F:
seg000:A36F                 add     bx, bx
seg000:A371                 mov     ax, word_A28C[bx]
seg000:A375                 cmp     ds:8Eh, ax      ; hero_xp
seg000:A379                 jb      short locret_A37F
seg000:A37B                 dec     ax
seg000:A37C                 mov     ds:8Eh, ax      ; hero_xp
seg000:A37F
seg000:A37F locret_A37F:
seg000:A37F                 retn
seg000:A37F sub_A2B4        endp
seg000:A37F
seg000:A37F ; ---------------------------------------------------------------------------
seg000:A380 byte_A380       db 78h, 0, 0Ch, 6, 8, 8, 3, 4, 3
seg000:A389                 db 0A0h, 0, 0Ch, 6, 8, 8, 3, 4, 3
seg000:A392                 db 0C8h, 0, 0Ch, 6, 8, 8, 3, 4, 3
seg000:A39B                 db 0F0h, 0, 0Ch, 6, 8, 8, 3, 4, 3
seg000:A3A4                 db 18h, 1, 10h, 6, 8, 8, 3, 4, 3
seg000:A3AD                 db 40h, 1, 14h, 6, 8, 8, 3, 4, 3
seg000:A3B6                 db 7Ch, 1, 18h, 6, 8, 8, 3, 4, 3
seg000:A3BF                 db 0CCh, 1, 1Ch, 0Ch, 8, 8, 3, 4, 3
seg000:A3C8                 db 1Ch, 2, 20h, 12h, 0Ch, 8, 3, 4, 3
seg000:A3D1                 db 58h, 2, 24h, 18h, 10h, 8, 3, 4, 3
seg000:A3DA                 db 80h, 2, 28h, 1Eh, 14h, 10h, 3, 4, 3
seg000:A3E3                 db 0A8h, 2, 2Ch, 24h, 18h, 18h, 3, 4, 3
seg000:A3EC                 db 0D0h, 2, 30h, 2Ah, 1Ch, 20h, 3, 4, 3
seg000:A3F5                 db 0F8h, 2, 34h, 30h, 24h, 30h, 9, 8, 6
seg000:A3FE                 db 0Ch, 3, 38h, 36h, 2Ch, 36h, 0Fh, 0Ch, 9
seg000:A407                 db 20h, 3, 3Ch, 3Ch, 3Ch, 48h, 15h, 10h, 0Ch
seg000:A410
seg000:A410 ; =============== S U B R O U T I N E =======================================
seg000:A410
seg000:A410
seg000:A410 sub_A410        proc near
seg000:A410                 mov     byte ptr ds:0FF1Ah, 0 ; frame_timer
seg000:A415
seg000:A415 loc_A415:
seg000:A415                 call    sub_AB47
seg000:A418                 cmp     byte ptr ds:0FF1Ah, 140 ; frame_timer
seg000:A41D                 jb      short loc_A415
seg000:A41F                 retn
seg000:A41F sub_A410        endp
seg000:A41F
seg000:A420 ; ---------------------------------------------------------------------------
seg000:A420 ; START OF FUNCTION CHUNK FOR sub_A0A4
seg000:A420
seg000:A420 loc_A420:                               ;
seg000:A420                 mov     word ptr ds:0FF4Ch, offset byte_ADBF ; dialog_string_ptr
seg000:A426                 retn
seg000:A426 ; END OF FUNCTION CHUNK FOR sub_A0A4
seg000:A427
seg000:A427 ; =============== S U B R O U T I N E =======================================
seg000:A427
seg000:A427
seg000:A427 sub_A427        proc near
seg000:A427                 push    cs
seg000:A428                 pop     es
seg000:A429                 mov     si, offset vfs_stdply_bin
seg000:A42C                 mov     al, 6
seg000:A42E                 call    word ptr cs:10Ch ; res_dispatcher_proc
seg000:A433                 mov     ax, cs
seg000:A435                 mov     es, ax
seg000:A437                 mov     ds, ax
seg000:A439                 assume ds:nothing
seg000:A439                 mov     di, 0E000h
seg000:A43C                 mov     dx, 0A516h
seg000:A43F                 call    word ptr cs:11Ch ; Scan_Saved_Games_proc
seg000:A444                 mov     bx, 0D60h
seg000:A447                 mov     cx, 3637h
seg000:A44A                 mov     al, 0FFh
seg000:A44C                 call    word ptr cs:2000h ; Draw_Bordered_Rectangle_proc
seg000:A451                 mov     bx, 0D60h
seg000:A454                 mov     cx, 2637h
seg000:A457                 mov     al, 0FFh
seg000:A459                 call    word ptr cs:2000h ; Draw_Bordered_Rectangle_proc
seg000:A45E                 push    cs
seg000:A45F                 pop     es
seg000:A460                 mov     di, offset byte_BB27
seg000:A463                 mov     al, 60h ; '`'
seg000:A465                 mov     cx, 8
seg000:A468                 rep stosb
seg000:A46A                 mov     al, 0FFh
seg000:A46C                 stosb
seg000:A46D                 mov     ds:byte_BB25, 0
seg000:A472                 mov     si, 0FF6Ch      ; save_name
seg000:A475                 mov     di, offset byte_BB27
seg000:A478                 mov     cx, 8
seg000:A47B
seg000:A47B loc_A47B:
seg000:A47B                 lodsb
seg000:A47C                 or      al, al
seg000:A47E                 jz      short loc_A487
seg000:A480                 inc     ds:byte_BB25
seg000:A484                 stosb
seg000:A485                 loop    loc_A47B
seg000:A487
seg000:A487 loc_A487:
seg000:A487                 mov     al, ds:byte_BB25
seg000:A48A                 mov     ds:byte_BB26, al
seg000:A48D                 mov     bx, 3Ch ; '<'
seg000:A490                 mov     cl, 6Ch ; 'l'
seg000:A492                 mov     si, offset aInputName ; "Input name:"
seg000:A495                 call    word ptr cs:202Ah ; Render_String_FF_Terminated_proc
seg000:A49A                 mov     ds:word_BB21, 60h ; '`'
seg000:A4A0                 mov     ds:byte_BB23, 7Eh ; '~'
seg000:A4A5                 mov     word ptr ds:0FF54h, 3463h ; menu_base_addr
seg000:A4AB                 mov     word ptr ds:0FF6Ah, 0Ah ; string_width_bytes
seg000:A4B1                 mov     al, ds:0E000h
seg000:A4B4                 cmp     al, 5
seg000:A4B6                 jb      short loc_A4BA
seg000:A4B8                 mov     al, 5
seg000:A4BA
seg000:A4BA loc_A4BA:
seg000:A4BA                 xor     ah, ah
seg000:A4BC                 mov     cx, ax
seg000:A4BE                 xor     al, al
seg000:A4C0                 mov     si, 0E001h
seg000:A4C3                 jcxz    short loc_A4C8
seg000:A4C5                 call    sub_A528
seg000:A4C8
seg000:A4C8 loc_A4C8:
seg000:A4C8                 mov     si, 0E001h
seg000:A4CB                 mov     al, ds:0E000h
seg000:A4CE                 mov     ds:0FF53h, al   ; menu_max_items
seg000:A4D1                 mov     byte ptr ds:0FF52h, 5 ; menu_item_count
seg000:A4D6                 call    sub_A559
seg000:A4D9                 pushf
seg000:A4DA                 mov     bx, 0D60h
seg000:A4DD                 mov     cx, 3637h
seg000:A4E0                 mov     al, 0FFh
seg000:A4E2                 call    word ptr cs:2000h ; Draw_Bordered_Rectangle_proc
seg000:A4E7                 popf
seg000:A4E8                 jnb     short loc_A4EB
seg000:A4EA                 retn
seg000:A4EB ; ---------------------------------------------------------------------------
seg000:A4EB
seg000:A4EB loc_A4EB:
seg000:A4EB                 push    cs
seg000:A4EC                 pop     es
seg000:A4ED                 mov     di, 0FF6Ch      ; save_name
seg000:A4F0                 mov     cx, 8
seg000:A4F3                 xor     al, al
seg000:A4F5                 rep stosb
seg000:A4F7                 cmp     ds:byte_BB26, 0
seg000:A4FC                 stc
seg000:A4FD                 jnz     short loc_A500
seg000:A4FF                 retn
seg000:A500 ; ---------------------------------------------------------------------------
seg000:A500
seg000:A500 loc_A500:
seg000:A500                 mov     si, offset byte_BB27
seg000:A503                 mov     di, 0FF6Ch      ; save_name
seg000:A506
seg000:A506 loc_A506:
seg000:A506                 lodsb
seg000:A507                 cmp     al, 0FFh
seg000:A509                 clc
seg000:A50A                 jnz     short loc_A50D
seg000:A50C                 retn
seg000:A50D ; ---------------------------------------------------------------------------
seg000:A50D
seg000:A50D loc_A50D:
seg000:A50D                 cmp     al, 60h ; '`'
seg000:A50F                 clc
seg000:A510                 jnz     short loc_A513
seg000:A512                 retn
seg000:A513 ; ---------------------------------------------------------------------------
seg000:A513
seg000:A513 loc_A513:
seg000:A513                 stosb
seg000:A514                 jmp     short loc_A506
seg000:A514 sub_A427        endp
seg000:A514
seg000:A514 ; ---------------------------------------------------------------------------
seg000:A516 aUsr            db '*.usr',0
seg000:A51C aInputName      db 'Input name:'
seg000:A527                 db 0FFh
seg000:A528
seg000:A528 ; =============== S U B R O U T I N E =======================================
seg000:A528
seg000:A528
seg000:A528 sub_A528        proc near
seg000:A528                 xor     ah, ah
seg000:A52A
seg000:A52A loc_A52A:
seg000:A52A                 push    cx
seg000:A52B                 push    si
seg000:A52C                 push    ax
seg000:A52D                 call    word ptr cs:301Ah ; format_string_to_buffer_proc
seg000:A532                 pop     ax
seg000:A533                 push    ax
seg000:A534                 mov     al, ah
seg000:A536                 xor     ah, ah
seg000:A538                 add     ax, ax
seg000:A53A                 mov     bx, ax
seg000:A53C                 add     ax, ax
seg000:A53E                 add     ax, ax
seg000:A540                 add     bx, ax
seg000:A542                 add     bx, ds:0FF54h   ; menu_base_addr
seg000:A546                 add     bx, 300h
seg000:A54A                 call    word ptr cs:301Ch ; draw_string_buffer_to_screen_proc
seg000:A54F                 pop     ax
seg000:A550                 inc     al
seg000:A552                 inc     ah
seg000:A554                 pop     si
seg000:A555                 pop     cx
seg000:A556                 loop    loc_A52A
seg000:A558                 retn
seg000:A558 sub_A528        endp ; sp-analysis failed
seg000:A558
seg000:A559
seg000:A559 ; =============== S U B R O U T I N E =======================================
seg000:A559
seg000:A559
seg000:A559 sub_A559        proc near
seg000:A559
seg000:A559 ; FUNCTION CHUNK AT seg000:A827 SIZE 0000003B BYTES
seg000:A559
seg000:A559                 mov     byte ptr ds:0FF74h, 0FFh ; keyboard_alt_mode_flag
seg000:A55E                 mov     byte ptr ds:0FF29h, 0 ; Current_ASCII_Char
seg000:A563                 mov     byte ptr ds:0FF29h, 0 ; Current_ASCII_Char
seg000:A568                 mov     byte ptr ds:0FF1Dh, 0 ; spacebar_latch
seg000:A56D                 mov     byte ptr ds:0FF1Eh, 0 ; altkey_latch
seg000:A572                 mov     byte ptr ds:0FF56h, 0 ; menu_cursor_pos
seg000:A577                 mov     ds:byte_BB24, 0
seg000:A57C                 xor     bl, bl
seg000:A57E                 test    byte ptr ds:0FF53h, 0FFh ; menu_max_items
seg000:A583                 jz      short loc_A58A
seg000:A585                 call    word ptr cs:6014h ; houseCursorShow_proc
seg000:A58A
seg000:A58A loc_A58A:
seg000:A58A                 call    sub_A7FD
seg000:A58D                 xor     al, al
seg000:A58F                 call    sub_A790
seg000:A592
seg000:A592 loc_A592:                               ;
seg000:A592                 call    word ptr cs:6016h ; npcAnimation_proc
seg000:A597                 mov     byte ptr ds:0FF1Ah, 0 ; frame_timer
seg000:A59C                 test    byte ptr ds:0FF1Eh, 0FFh ; altkey_latch
seg000:A5A1                 stc
seg000:A5A2                 jnz     short loc_A5AE
seg000:A5A4                 test    word ptr cs:0FF18h, 1 ; F9_F7_F2_F1_KREJSNYQ_Esc_Ctrl_Shift_Enter
seg000:A5AB                 jz      short loc_A5B9
seg000:A5AD                 clc
seg000:A5AE
seg000:A5AE loc_A5AE:                               ;
seg000:A5AE                 mov     byte ptr ds:0FF74h, 0 ; keyboard_alt_mode_flag
seg000:A5B3                 mov     byte ptr ds:0FF1Eh, 0 ; altkey_latch
seg000:A5B8                 retn
seg000:A5B9 ; ---------------------------------------------------------------------------
seg000:A5B9
seg000:A5B9 loc_A5B9:                               ;
seg000:A5B9                 test    byte ptr ds:0FF1Dh, 0FFh ; spacebar_latch
seg000:A5BE                 jz      short loc_A623
seg000:A5C0                 push    si
seg000:A5C1                 xor     bh, bh
seg000:A5C3                 mov     bl, ds:0FF56h   ; menu_cursor_pos
seg000:A5C7                 add     bl, ds:byte_BB24
seg000:A5CB                 add     bx, bx
seg000:A5CD                 mov     si, [bx+si]
seg000:A5CF                 push    cs
seg000:A5D0                 pop     es
seg000:A5D1                 mov     di, offset byte_BB27
seg000:A5D4                 mov     al, 60h ; '`'
seg000:A5D6                 mov     cx, 8
seg000:A5D9                 rep stosb
seg000:A5DB                 mov     al, 0FFh
seg000:A5DD                 stosb
seg000:A5DE                 mov     ds:byte_BB25, 0
seg000:A5E3                 mov     di, offset byte_BB27
seg000:A5E6                 mov     cx, 8
seg000:A5E9
seg000:A5E9 loc_A5E9:
seg000:A5E9                 lodsb
seg000:A5EA                 or      al, al
seg000:A5EC                 jz      short loc_A5F5
seg000:A5EE                 inc     ds:byte_BB25
seg000:A5F2                 stosb
seg000:A5F3                 loop    loc_A5E9
seg000:A5F5
seg000:A5F5 loc_A5F5:
seg000:A5F5                 mov     al, ds:byte_BB25
seg000:A5F8                 mov     ds:byte_BB26, al
seg000:A5FB                 pop     si
seg000:A5FC                 mov     byte ptr ds:0FF1Dh, 0 ; spacebar_latch
seg000:A601                 mov     ax, ds:word_BB21
seg000:A604                 shr     ax, 1
seg000:A606                 shr     ax, 1
seg000:A608                 mov     bh, al
seg000:A60A                 mov     bl, ds:byte_BB23
seg000:A60E                 mov     cx, 1010h
seg000:A611                 xor     al, al
seg000:A613                 call    word ptr cs:2000h ; Draw_Bordered_Rectangle_proc
seg000:A618                 call    sub_A7FD
seg000:A61B                 xor     al, al
seg000:A61D                 call    sub_A790
seg000:A620                 jmp     loc_A592
seg000:A623 ; ---------------------------------------------------------------------------
seg000:A623
seg000:A623 loc_A623:
seg000:A623                 mov     cx, offset loc_A592
seg000:A626                 push    cx
seg000:A627                 test    byte ptr ds:0FF29h, 0FFh ; Current_ASCII_Char
seg000:A62C                 jz      short loc_A65F
seg000:A62E                 mov     al, ds:0FF29h   ; Current_ASCII_Char
seg000:A631                 mov     byte ptr ds:0FF29h, 0 ; Current_ASCII_Char
seg000:A636                 cmp     al, 0Dh
seg000:A638                 jnz     short loc_A63B
seg000:A63A                 retn
seg000:A63B ; ---------------------------------------------------------------------------
seg000:A63B
seg000:A63B loc_A63B:
seg000:A63B                 cmp     al, 8
seg000:A63D                 jnz     short loc_A642
seg000:A63F                 jmp     loc_A827
seg000:A642 ; ---------------------------------------------------------------------------
seg000:A642
seg000:A642 loc_A642:
seg000:A642                 xor     bx, bx
seg000:A644                 mov     bl, ds:byte_BB25
seg000:A648                 cmp     ds:byte_BB27[bx], 60h ; '`'
seg000:A64D                 jnz     short loc_A653
seg000:A64F                 inc     ds:byte_BB26
seg000:A653
seg000:A653 loc_A653:
seg000:A653                 mov     ds:byte_BB27[bx], al
seg000:A657                 call    sub_A7FD
seg000:A65A                 mov     al, 1
seg000:A65C                 jmp     sub_A790
seg000:A65F ; ---------------------------------------------------------------------------
seg000:A65F
seg000:A65F loc_A65F:                               ;
seg000:A65F                 int     61h             ; check input keys buffer
seg000:A65F                                         ; ah: ____Alt_Space
seg000:A65F                                         ; al: ____right_left_down_up
seg000:A661                 test    al, 8
seg000:A663                 jz      short loc_A676
seg000:A665                 mov     al, 1
seg000:A667                 call    sub_A790
seg000:A66A
seg000:A66A loc_A66A:                               ;
seg000:A66A                 int     61h             ; check input keys buffer
seg000:A66A                                         ; ah: ____Alt_Space
seg000:A66A                                         ; al: ____right_left_down_up
seg000:A66C                 test    al, 8
seg000:A66E                 jnz     short loc_A66A
seg000:A670                 mov     byte ptr ds:0FF29h, 0 ; Current_ASCII_Char
seg000:A675                 retn
seg000:A676 ; ---------------------------------------------------------------------------
seg000:A676
seg000:A676 loc_A676:
seg000:A676                 test    al, 4
seg000:A678                 jz      short loc_A68B
seg000:A67A                 mov     al, 0FFh
seg000:A67C                 call    sub_A790
seg000:A67F
seg000:A67F loc_A67F:                               ;
seg000:A67F                 int     61h             ; check input keys buffer
seg000:A67F                                         ; ah: ____Alt_Space
seg000:A67F                                         ; al: ____right_left_down_up
seg000:A681                 test    al, 4
seg000:A683                 jnz     short loc_A67F
seg000:A685                 mov     byte ptr ds:0FF29h, 0 ; Current_ASCII_Char
seg000:A68A                 retn
seg000:A68B ; ---------------------------------------------------------------------------
seg000:A68B
seg000:A68B loc_A68B:                               ;
seg000:A68B                 test    byte ptr ds:0FF53h, 0FFh ; menu_max_items
seg000:A690                 jnz     short loc_A693
seg000:A692                 retn
seg000:A693 ; ---------------------------------------------------------------------------
seg000:A693
seg000:A693 loc_A693:
seg000:A693                 and     al, 3
seg000:A695                 cmp     al, 1
seg000:A697                 jnz     short loc_A709
seg000:A699                 test    ds:byte_BB24, 0FFh
seg000:A69E                 jz      short loc_A6AE
seg000:A6A0                 mov     bl, ds:byte_BB24
seg000:A6A4                 call    word ptr cs:6018h ; houseCursorUp_proc
seg000:A6A9                 dec     ds:byte_BB24
seg000:A6AD                 retn
seg000:A6AE ; ---------------------------------------------------------------------------
seg000:A6AE
seg000:A6AE loc_A6AE:                               ;
seg000:A6AE                 test    byte ptr ds:0FF56h, 0FFh ; menu_cursor_pos
seg000:A6B3                 jnz     short loc_A6B6
seg000:A6B5                 retn
seg000:A6B6 ; ---------------------------------------------------------------------------
seg000:A6B6
seg000:A6B6 loc_A6B6:
seg000:A6B6                 push    di
seg000:A6B7                 push    si
seg000:A6B8                 dec     byte ptr ds:0FF56h ; menu_cursor_pos
seg000:A6BC                 mov     al, ds:0FF56h   ; menu_cursor_pos
seg000:A6BF                 add     al, ds:byte_BB24
seg000:A6C3                 call    word ptr cs:301Ah ; format_string_to_buffer_proc
seg000:A6C8                 mov     cx, 0Ah
seg000:A6CB
seg000:A6CB loc_A6CB:
seg000:A6CB                 push    cx
seg000:A6CC                 mov     bx, ds:0FF54h   ; menu_base_addr
seg000:A6D0                 add     bx, 301h
seg000:A6D4                 mov     al, cl
seg000:A6D6                 dec     al
seg000:A6D8                 mov     cl, ds:0FF52h   ; menu_item_count
seg000:A6DC                 add     cl, cl
seg000:A6DE                 mov     dl, cl
seg000:A6E0                 add     cl, cl
seg000:A6E2                 add     cl, cl
seg000:A6E4                 add     cl, dl
seg000:A6E6                 sub     cl, 2
seg000:A6E9                 mov     ch, ds:0FF6Ah   ; string_width_bytes
seg000:A6ED                 call    word ptr cs:301Eh ; scroll_hud_up_proc
seg000:A6F2
seg000:A6F2 loc_A6F2:                               ;
seg000:A6F2                 call    word ptr cs:6016h ; npcAnimation_proc
seg000:A6F7                 cmp     byte ptr ds:0FF1Ah, 4 ; frame_timer
seg000:A6FC                 jb      short loc_A6F2
seg000:A6FE                 mov     byte ptr ds:0FF1Ah, 0 ; frame_timer
seg000:A703                 pop     cx
seg000:A704                 loop    loc_A6CB
seg000:A706                 pop     si
seg000:A707                 pop     di
seg000:A708                 retn
seg000:A709 ; ---------------------------------------------------------------------------
seg000:A709
seg000:A709 loc_A709:
seg000:A709                 cmp     al, 2
seg000:A70B                 jz      short loc_A70E
seg000:A70D                 retn
seg000:A70E ; ---------------------------------------------------------------------------
seg000:A70E
seg000:A70E loc_A70E:
seg000:A70E                 mov     al, ds:byte_BB24
seg000:A711                 add     al, ds:0FF56h   ; menu_cursor_pos
seg000:A715                 inc     al
seg000:A717                 mov     ah, ds:0FF53h   ; menu_max_items
seg000:A71B                 dec     ah
seg000:A71D                 cmp     ah, al
seg000:A71F                 jnb     short loc_A722
seg000:A721                 retn
seg000:A722 ; ---------------------------------------------------------------------------
seg000:A722
seg000:A722 loc_A722:                               ;
seg000:A722                 mov     al, ds:0FF52h   ; menu_item_count
seg000:A725                 dec     al
seg000:A727                 cmp     ds:byte_BB24, al
seg000:A72B                 jnb     short loc_A73B
seg000:A72D                 mov     bl, ds:byte_BB24
seg000:A731                 call    word ptr cs:601Ah ; houseCursorDown_proc
seg000:A736                 inc     ds:byte_BB24
seg000:A73A                 retn
seg000:A73B ; ---------------------------------------------------------------------------
seg000:A73B
seg000:A73B loc_A73B:
seg000:A73B                 push    di
seg000:A73C                 push    si
seg000:A73D                 inc     byte ptr ds:0FF56h ; menu_cursor_pos
seg000:A741                 mov     al, ds:0FF56h   ; menu_cursor_pos
seg000:A744                 add     al, ds:byte_BB24
seg000:A748                 call    word ptr cs:301Ah ; format_string_to_buffer_proc
seg000:A74D                 mov     cx, 0Ah
seg000:A750
seg000:A750 loc_A750:
seg000:A750                 push    cx
seg000:A751                 mov     bx, ds:0FF54h   ; menu_base_addr
seg000:A755                 add     bx, 301h
seg000:A759                 mov     al, cl
seg000:A75B                 neg     al
seg000:A75D                 add     al, 0Ah
seg000:A75F                 mov     cl, ds:0FF52h   ; menu_item_count
seg000:A763                 add     cl, cl
seg000:A765                 mov     dl, cl
seg000:A767                 add     cl, cl
seg000:A769                 add     cl, cl
seg000:A76B                 add     cl, dl
seg000:A76D                 sub     cl, 2
seg000:A770                 mov     ch, ds:0FF6Ah   ; string_width_bytes
seg000:A774                 call    word ptr cs:3020h ; scroll_hud_down_proc
seg000:A779
seg000:A779 loc_A779:                               ;
seg000:A779                 call    word ptr cs:6016h ; npcAnimation_proc
seg000:A77E                 cmp     byte ptr ds:0FF1Ah, 4 ; frame_timer
seg000:A783                 jb      short loc_A779
seg000:A785                 mov     byte ptr ds:0FF1Ah, 0 ; frame_timer
seg000:A78A                 pop     cx
seg000:A78B                 loop    loc_A750
seg000:A78D                 pop     si
seg000:A78E                 pop     di
seg000:A78F                 retn
seg000:A78F sub_A559        endp ; sp-analysis failed
seg000:A78F
seg000:A790
seg000:A790 ; =============== S U B R O U T I N E =======================================
seg000:A790
seg000:A790
seg000:A790 sub_A790        proc near
seg000:A790                 push    si
seg000:A791                 push    ax
seg000:A792                 mov     ax, ds:word_BB21
seg000:A795                 shr     ax, 1
seg000:A797                 shr     ax, 1
seg000:A799                 mov     bh, al
seg000:A79B                 mov     al, ds:byte_BB25
seg000:A79E                 add     al, al
seg000:A7A0                 add     bh, al
seg000:A7A2                 mov     bl, ds:byte_BB23
seg000:A7A6                 add     bl, 8
seg000:A7A9                 mov     cx, 208h
seg000:A7AC                 xor     al, al
seg000:A7AE                 call    word ptr cs:2000h ; Draw_Bordered_Rectangle_proc
seg000:A7B3                 pop     ax
seg000:A7B4                 add     ds:byte_BB25, al
seg000:A7B8                 test    ds:byte_BB25, 80h
seg000:A7BD                 jz      short loc_A7C4
seg000:A7BF                 mov     ds:byte_BB25, 0
seg000:A7C4
seg000:A7C4 loc_A7C4:
seg000:A7C4                 cmp     ds:byte_BB25, 8
seg000:A7C9                 jb      short loc_A7CF
seg000:A7CB                 dec     ds:byte_BB25
seg000:A7CF
seg000:A7CF loc_A7CF:
seg000:A7CF                 mov     al, ds:byte_BB26
seg000:A7D2                 cmp     ds:byte_BB25, al
seg000:A7D6                 jb      short loc_A7DB
seg000:A7D8                 mov     ds:byte_BB25, al
seg000:A7DB
seg000:A7DB loc_A7DB:
seg000:A7DB                 mov     bx, ds:word_BB21
seg000:A7DF                 mov     cl, ds:byte_BB23
seg000:A7E3                 xor     ax, ax
seg000:A7E5                 mov     al, ds:byte_BB25
seg000:A7E8                 add     ax, ax
seg000:A7EA                 add     ax, ax
seg000:A7EC                 add     ax, ax
seg000:A7EE                 add     bx, ax
seg000:A7F0                 add     cl, 8
seg000:A7F3                 mov     ax, 67Fh
seg000:A7F6                 call    word ptr cs:2022h ; Render_Font_Glyph_proc
seg000:A7FB                 pop     si
seg000:A7FC                 retn
seg000:A7FC sub_A790        endp
seg000:A7FC
seg000:A7FD
seg000:A7FD ; =============== S U B R O U T I N E =======================================
seg000:A7FD
seg000:A7FD
seg000:A7FD sub_A7FD        proc near
seg000:A7FD                 push    si
seg000:A7FE                 mov     ax, ds:word_BB21
seg000:A801                 shr     ax, 1
seg000:A803                 shr     ax, 1
seg000:A805                 mov     bh, al
seg000:A807                 mov     bl, ds:byte_BB23
seg000:A80B                 mov     cx, 1008h
seg000:A80E                 xor     al, al
seg000:A810                 call    word ptr cs:2000h ; Draw_Bordered_Rectangle_proc
seg000:A815                 mov     bx, ds:word_BB21
seg000:A819                 mov     cl, ds:byte_BB23
seg000:A81D                 mov     si, offset byte_BB27
seg000:A820                 call    word ptr cs:202Ah ; Render_String_FF_Terminated_proc
seg000:A825                 pop     si
seg000:A826                 retn
seg000:A826 sub_A7FD        endp
seg000:A826
seg000:A827 ; ---------------------------------------------------------------------------
seg000:A827 ; START OF FUNCTION CHUNK FOR sub_A559
seg000:A827
seg000:A827 loc_A827:
seg000:A827                 push    si
seg000:A828                 mov     bl, ds:byte_BB25
seg000:A82C                 or      bl, bl
seg000:A82E                 jnz     short loc_A832
seg000:A830                 inc     bl
seg000:A832
seg000:A832 loc_A832:
seg000:A832                 xor     bh, bh
seg000:A834                 push    cs
seg000:A835                 pop     es
seg000:A836                 mov     si, offset byte_BB27
seg000:A839                 add     si, bx
seg000:A83B                 mov     di, si
seg000:A83D                 dec     di
seg000:A83E                 mov     al, 8
seg000:A840                 sub     al, bl
seg000:A842                 mov     cl, al
seg000:A844                 xor     ch, ch
seg000:A846                 rep movsb
seg000:A848                 test    ds:byte_BB26, 0FFh
seg000:A84D                 jz      short loc_A853
seg000:A84F                 dec     ds:byte_BB26
seg000:A853
seg000:A853 loc_A853:
seg000:A853                 mov     ds:byte_BB2E, 60h ; '`'
seg000:A858                 mov     al, 0FFh
seg000:A85A                 call    sub_A790
seg000:A85D                 call    sub_A7FD
seg000:A860                 pop     si
seg000:A861                 retn
seg000:A861 ; END OF FUNCTION CHUNK FOR sub_A559
seg000:A862 ; ---------------------------------------------------------------------------
seg000:A862 ; START OF FUNCTION CHUNK FOR sub_A0A4
seg000:A862
seg000:A862 loc_A862:                               ; jumptable 0000A0AA case 3
seg000:A862                 push    cs
seg000:A863                 pop     es
seg000:A864                 mov     si, 0FF6Ch      ; save_name
seg000:A867                 mov     di, offset byte_BB27
seg000:A86A                 mov     cx, 8
seg000:A86D
seg000:A86D loc_A86D:
seg000:A86D                 lodsb
seg000:A86E                 or      al, al
seg000:A870                 jz      short loc_A875
seg000:A872                 stosb
seg000:A873                 loop    loc_A86D
seg000:A875
seg000:A875 loc_A875:
seg000:A875                 mov     byte ptr es:[di], 2Eh ; '.'
seg000:A879                 mov     byte ptr es:[di+1], 75h ; 'u'
seg000:A87E                 mov     byte ptr es:[di+2], 73h ; 's'
seg000:A883                 mov     byte ptr es:[di+3], 72h ; 'r'
seg000:A888                 mov     byte ptr es:[di+4], 0
seg000:A88D                 mov     dx, offset byte_BB27
seg000:A890                 mov     cx, 0
seg000:A893                 mov     ah, 3Ch
seg000:A895                 int     21h             ; DOS - 2+ - CREATE A FILE WITH HANDLE (CREAT)
seg000:A895                                         ; CX = attributes for file
seg000:A895                                         ; DS:DX -> ASCIZ filename (may include drive and path)
seg000:A897                 jb      short loc_A8B2
seg000:A899                 push    ax
seg000:A89A                 mov     dx, 0
seg000:A89D                 mov     cx, 100h
seg000:A8A0                 mov     bx, ax
seg000:A8A2                 mov     ah, 40h
seg000:A8A4                 int     21h             ; DOS - 2+ - WRITE TO FILE WITH HANDLE
seg000:A8A4                                         ; BX = file handle, CX = number of bytes to write, DS:DX -> buffer
seg000:A8A6                 pop     ax
seg000:A8A7                 pushf
seg000:A8A8                 mov     bx, ax
seg000:A8AA                 mov     ah, 3Eh
seg000:A8AC                 int     21h             ; DOS - 2+ - CLOSE A FILE WITH HANDLE
seg000:A8AC                                         ; BX = file handle
seg000:A8AE                 popf
seg000:A8AF                 jb      short loc_A8B2
seg000:A8B1                 retn
seg000:A8B2 ; ---------------------------------------------------------------------------
seg000:A8B2
seg000:A8B2 loc_A8B2:
seg000:A8B2                 mov     ax, 849h
seg000:A8B5                 mov     cx, 1926h
seg000:A8B8                 xor     di, di
seg000:A8BA                 call    word ptr cs:2026h ; Capture_Screen_Rect_to_seg3_proc
seg000:A8BF                 mov     bx, 1049h
seg000:A8C2                 mov     cx, 3226h
seg000:A8C5                 mov     al, 0FFh
seg000:A8C7                 call    word ptr cs:2000h ; Draw_Bordered_Rectangle_proc
seg000:A8CC                 mov     bx, 4Ch ; 'L'
seg000:A8CF                 mov     cl, 50h ; 'P'
seg000:A8D1                 mov     si, offset aDiskErrorPleas ; "      Disk error.\rPlease check your di"...
seg000:A8D4                 call    word ptr cs:202Ah ; Render_String_FF_Terminated_proc
seg000:A8D9                 mov     byte ptr ds:0FF1Dh, 0 ; spacebar_latch
seg000:A8DE
seg000:A8DE loc_A8DE:                               ;
seg000:A8DE                 test    byte ptr ds:0FF1Dh, 0FFh ; spacebar_latch
seg000:A8E3                 jz      short loc_A8DE
seg000:A8E5                 mov     byte ptr ds:0FF1Dh, 0 ; spacebar_latch
seg000:A8EA                 mov     ax, 849h
seg000:A8ED                 mov     cx, 1926h
seg000:A8F0                 xor     di, di
seg000:A8F2                 call    word ptr cs:2028h ; Put_Image_proc
seg000:A8F7                 mov     bx, 0D60h
seg000:A8FA                 mov     cx, 3637h
seg000:A8FD                 mov     al, 0FFh
seg000:A8FF                 call    word ptr cs:2000h ; Draw_Bordered_Rectangle_proc
seg000:A904                 jmp     on_record_experience ; jumptable 0000A110 case 3
seg000:A904 ; END OF FUNCTION CHUNK FOR sub_A0A4
seg000:A904 ; ---------------------------------------------------------------------------
seg000:A907 vfs_stdply_bin  db    0
seg000:A908                 db    0
seg000:A909 aStdplyBin      db 'STDPLY.BIN',0
seg000:A914
seg000:A914 ; =============== S U B R O U T I N E =======================================
seg000:A914
seg000:A914
seg000:A914 sub_A914        proc near
seg000:A914                 mov     bx, 2F2Bh
seg000:A917                 mov     cx, 0C19h
seg000:A91A                 mov     al, 0FFh
seg000:A91C                 call    word ptr cs:2000h ; Draw_Bordered_Rectangle_proc
seg000:A921                 mov     word ptr ds:0FF54h, 302Eh ; menu_base_addr
seg000:A927                 call    word ptr cs:6008h ; show_yes_no_dialog_proc
seg000:A92C                 pushf
seg000:A92D                 call    sub_A983
seg000:A930                 popf
seg000:A931                 jb      short loc_A934
seg000:A933                 retn
seg000:A934 ; ---------------------------------------------------------------------------
seg000:A934
seg000:A934 loc_A934:
seg000:A934                 xor     ax, ax
seg000:A936                 jmp     dword ptr cs:0FF00h ; fn_exit_far_ptr
seg000:A936 sub_A914        endp
seg000:A936
seg000:A93B
seg000:A93B ; =============== S U B R O U T I N E =======================================
seg000:A93B
seg000:A93B
seg000:A93B sub_A93B        proc near
seg000:A93B                 mov     al, 1
seg000:A93D                 jmp     short loc_A957
seg000:A93F ; ---------------------------------------------------------------------------
seg000:A93F
seg000:A93F loc_A93F:
seg000:A93F                 mov     al, 2
seg000:A941                 jmp     short loc_A957
seg000:A943 ; ---------------------------------------------------------------------------
seg000:A943
seg000:A943 loc_A943:
seg000:A943                 mov     al, 3
seg000:A945                 jmp     short loc_A957
seg000:A947 ; ---------------------------------------------------------------------------
seg000:A947
seg000:A947 loc_A947:
seg000:A947                 mov     al, 4
seg000:A949                 jmp     short loc_A957
seg000:A94B ; ---------------------------------------------------------------------------
seg000:A94B
seg000:A94B loc_A94B:
seg000:A94B                 mov     al, 5
seg000:A94D                 jmp     short loc_A957
seg000:A94F ; ---------------------------------------------------------------------------
seg000:A94F
seg000:A94F loc_A94F:
seg000:A94F                 mov     al, 6
seg000:A951                 jmp     short loc_A957
seg000:A953 ; ---------------------------------------------------------------------------
seg000:A953
seg000:A953 loc_A953:
seg000:A953                 mov     al, 7
seg000:A955                 jmp     short $+2
seg000:A957 ; ---------------------------------------------------------------------------
seg000:A957
seg000:A957 loc_A957:
seg000:A957                 push    ax
seg000:A958                 mov     bx, 0AA1Ch
seg000:A95B                 xor     al, al
seg000:A95D                 mov     ch, 17h
seg000:A95F                 call    word ptr cs:2004h ; Clear_HUD_Bar_proc
seg000:A964                 pop     ax
seg000:A965                 mov     ds:9Dh, al      ; current_magic_spell
seg000:A968                 mov     bl, al
seg000:A96A                 dec     bl
seg000:A96C                 xor     bh, bh
seg000:A96E                 mov     byte ptr [bx+0BBh], 0FFh ; espada_active
seg000:A973                 mov     al, ds:9Dh      ; current_magic_spell
seg000:A976                 mov     bx, 37A4h
seg000:A979                 call    word ptr cs:201Eh ; Render_Magic_Spell_Item_Sprite_16x16_proc
seg000:A97E                 jmp     word ptr cs:2018h ; Print_Magic_Left_Decimal_proc
seg000:A97E sub_A93B        endp
seg000:A97E
seg000:A983
seg000:A983 ; =============== S U B R O U T I N E =======================================
seg000:A983
seg000:A983
seg000:A983 sub_A983        proc near
seg000:A983                 mov     bx, 2717h
seg000:A986                 mov     cx, 1D41h
seg000:A989                 xor     al, al
seg000:A98B                 jmp     word ptr cs:2000h ; Draw_Bordered_Rectangle_proc
seg000:A98B sub_A983        endp
seg000:A98B
seg000:A990
seg000:A990 ; =============== S U B R O U T I N E =======================================
seg000:A990
seg000:A990
seg000:A990 sub_A990        proc near
seg000:A990                 mov     si, offset byte_A9B6
seg000:A993                 mov     bx, ds:word_BB12
seg000:A997                 mov     cx, 8
seg000:A99A
seg000:A99A loc_A99A:
seg000:A99A                 push    cx
seg000:A99B                 mov     cx, 0Ch
seg000:A99E
seg000:A99E loc_A99E:
seg000:A99E                 push    cx
seg000:A99F                 push    bx
seg000:A9A0                 lodsb
seg000:A9A1                 call    word ptr cs:3016h ; draw_tile_to_screen_proc
seg000:A9A6                 pop     bx
seg000:A9A7                 inc     bh
seg000:A9A9                 pop     cx
seg000:A9AA                 loop    loc_A99E
seg000:A9AC                 sub     bh, 0Ch
seg000:A9AF                 add     bl, 8
seg000:A9B2                 pop     cx
seg000:A9B3                 loop    loc_A99A
seg000:A9B5                 retn
seg000:A9B5 sub_A990        endp
seg000:A9B5
seg000:A9B5 ; ---------------------------------------------------------------------------
seg000:A9B6 byte_A9B6       db 0, 1, 2, 3, 4, 5, 6, 7, 8, 9, 0Ah, 0Bh
seg000:A9C2                 db 0Ch, 0Dh, 0Eh, 0Fh, 10h, 11h, 12h, 13h, 14h, 15h, 16h, 17h
seg000:A9CE                 db 18h, 19h, 1Ah, 1Bh, 1Ch, 1Dh, 1Eh, 1Fh, 1Bh, 20h, 21h, 22h
seg000:A9DA                 db 23h, 24h, 25h, 1Bh, 26h, 27h, 28h, 29h, 1Bh, 2Bh, 2Ch, 2Dh
seg000:A9E6                 db 2Eh, 2Fh, 30h, 31h, 32h, 33h, 34h, 35h, 36h, 37h, 38h, 39h
seg000:A9F2                 db 3Ah, 3Bh, 3Ch, 3Dh, 3Eh, 3Fh, 40h, 41h, 42h, 43h, 44h, 45h
seg000:A9FE                 db 46h, 47h, 48h, 49h, 4Ah, 4Bh, 4Ch, 4Dh, 4Eh, 4Fh, 50h, 51h
seg000:AA0A                 db 52h, 53h, 54h, 55h, 56h, 57h, 58h, 59h, 5Ah, 5Bh, 5Ch, 5Dh
seg000:AA16
seg000:AA16 ; =============== S U B R O U T I N E =======================================
seg000:AA16
seg000:AA16
seg000:AA16 sub_AA16        proc near
seg000:AA16                 mov     cl, 32
seg000:AA18                 mul     cl
seg000:AA1A                 mov     bx, ds:word_BB12
seg000:AA1E                 add     bx, 210h
seg000:AA22                 mov     si, ax
seg000:AA24                 add     si, offset byte_AA47
seg000:AA28                 mov     cx, 4
seg000:AA2B
seg000:AA2B loc_AA2B:
seg000:AA2B                 push    cx
seg000:AA2C                 mov     cx, 8
seg000:AA2F
seg000:AA2F loc_AA2F:
seg000:AA2F                 push    cx
seg000:AA30                 push    bx
seg000:AA31                 lodsb
seg000:AA32                 call    word ptr cs:3016h ; draw_tile_to_screen_proc
seg000:AA37                 pop     bx
seg000:AA38                 inc     bh
seg000:AA3A                 pop     cx
seg000:AA3B                 loop    loc_AA2F
seg000:AA3D                 sub     bh, 8
seg000:AA40                 add     bl, 8
seg000:AA43                 pop     cx
seg000:AA44                 loop    loc_AA2B
seg000:AA46                 retn
seg000:AA46 sub_AA16        endp
seg000:AA46
seg000:AA46 ; ---------------------------------------------------------------------------
seg000:AA47 byte_AA47       db 1Ah, 1Bh, 1Ch, 1Dh, 1Eh, 1Fh, 1Bh, 20h, 25h, 1Bh, 26h, 27h, 28h, 29h, 1Bh, 2Bh
seg000:AA57                 db 30h, 31h, 32h, 33h, 34h, 35h, 36h, 37h, 3Ch, 3Dh, 3Eh, 3Fh, 40h, 41h, 42h, 43h
seg000:AA67                 db 1Ah, 1Bh, 1Ch, 1Dh, 1Eh, 1Fh, 1Bh, 20h, 25h, 1Bh, 71h, 27h, 28h, 74h, 1Bh, 2Bh
seg000:AA77                 db 30h, 31h, 75h, 33h, 34h, 76h, 36h, 37h, 3Ch, 3Dh, 3Eh, 3Fh, 40h, 41h, 42h, 43h
seg000:AA87                 db 5Eh, 5Fh, 1Ch, 1Dh, 1Eh, 1Fh, 60h, 61h, 62h, 63h, 64h, 65h, 66h, 67h, 69h, 6Ah
seg000:AA97                 db 30h, 6Bh, 6Ch, 6Dh, 6Eh, 6Fh, 70h, 37h, 3Ch, 3Dh, 3Eh, 3Fh, 40h, 41h, 42h, 43h
seg000:AAA7                 db 1Ah, 1Bh, 1Ch, 1Dh, 1Eh, 77h, 78h, 20h, 25h, 1Bh, 79h, 65h, 7Ah, 72h, 73h, 2Bh
seg000:AAB7                 db 30h, 7Bh, 7Ch, 7Dh, 7Eh, 7Fh, 36h, 37h, 3Ch, 80h, 81h, 3Fh, 40h, 41h, 42h, 43h
seg000:AAC7                 db 1Ah, 1Bh, 1Ch, 1Dh, 1Eh, 1Fh, 1Bh, 20h, 25h, 82h, 83h, 65h, 7Ah, 84h, 85h, 2Bh
seg000:AAD7                 db 30h, 86h, 87h, 7Dh, 88h, 89h, 36h, 37h, 3Ch, 3Dh, 3Eh, 3Fh, 40h, 41h, 42h, 43h
seg000:AAE7                 db 1Ah, 1Bh, 1Ch, 1Dh, 1Eh, 1Fh, 1Bh, 20h, 25h, 8Ah, 8Bh, 65h, 66h, 8Ch, 8Dh, 2Bh
seg000:AAF7                 db 30h, 8Eh, 8Fh, 7Dh, 90h, 91h, 92h, 37h, 3Ch, 3Dh, 3Eh, 3Fh, 40h, 41h, 42h, 43h
seg000:AB07                 db 1Ah, 1Bh, 1Ch, 1Dh, 1Eh, 1Fh, 1Bh, 20h, 25h, 93h, 94h, 65h, 95h, 96h, 97h, 2Bh
seg000:AB17                 db 30h, 31h, 98h, 7Dh, 88h, 99h, 9Ah, 37h, 3Ch, 3Dh, 3Eh, 3Fh, 40h, 41h, 42h, 43h
seg000:AB27                 db 1Ah, 9Bh, 9Ch, 1Dh, 1Eh, 1Fh, 1Bh, 20h, 25h, 9Dh, 9Eh, 65h, 95h, 9Fh, 1Bh, 2Bh
seg000:AB37                 db 30h, 0A0h, 0A1h, 7Dh, 6Eh, 0A2h, 0A3h, 37h, 3Ch, 3Dh, 3Eh, 3Fh, 40h, 0A4h, 0A5h, 43h
seg000:AB47
seg000:AB47 ; =============== S U B R O U T I N E =======================================
seg000:AB47
seg000:AB47
seg000:AB47 sub_AB47        proc near
seg000:AB47                 cmp     word ptr ds:0FF50h, 2 ; byte_FF50
seg000:AB4C                 jnb     short loc_AB4F
seg000:AB4E                 retn
seg000:AB4F ; ---------------------------------------------------------------------------
seg000:AB4F
seg000:AB4F loc_AB4F:                               ;
seg000:AB4F                 mov     word ptr ds:0FF50h, 0 ; byte_FF50
seg000:AB55                 test    ds:byte_BB18, 0FFh
seg000:AB5A                 jz      short loc_ABB9
seg000:AB5C                 test    ds:byte_BB1A, 0FFh
seg000:AB61                 jz      short loc_AB89
seg000:AB63                 inc     ds:byte_BB1C
seg000:AB67                 and     ds:byte_BB1C, 0Fh
seg000:AB6C                 cmp     ds:byte_BB1C, 1
seg000:AB71                 jnz     short loc_ABB9
seg000:AB73                 mov     ds:byte_BB18, 0
seg000:AB78                 mov     ds:byte_BB1A, 0
seg000:AB7D                 mov     ds:byte_BB1C, 0
seg000:AB82                 mov     ds:byte_BB1D, 0
seg000:AB87                 jmp     short loc_ABB9
seg000:AB89 ; ---------------------------------------------------------------------------
seg000:AB89
seg000:AB89 loc_AB89:
seg000:AB89                 inc     ds:byte_BB20
seg000:AB8D                 cmp     ds:byte_BB20, 20
seg000:AB92                 jnb     short loc_AB95
seg000:AB94                 retn
seg000:AB95 ; ---------------------------------------------------------------------------
seg000:AB95
seg000:AB95 loc_AB95:
seg000:AB95                 mov     ds:byte_BB20, 0
seg000:AB9A                 inc     ds:byte_BB1D
seg000:AB9E                 mov     bl, ds:byte_BB1D
seg000:ABA2                 dec     bl
seg000:ABA4                 and     bl, 7
seg000:ABA7                 xor     bh, bh
seg000:ABA9                 mov     al, ds:byte_ABFF[bx]
seg000:ABAD                 call    sub_AA16
seg000:ABB0                 inc     ds:byte_BB1C
seg000:ABB4                 and     ds:byte_BB1C, 0Fh
seg000:ABB9
seg000:ABB9 loc_ABB9:
seg000:ABB9                 test    ds:byte_BB19, 0FFh
seg000:ABBE                 jz      short loc_ABC1
seg000:ABC0                 retn
seg000:ABC1 ; ---------------------------------------------------------------------------
seg000:ABC1
seg000:ABC1 loc_ABC1:
seg000:ABC1                 inc     ds:byte_BB1F
seg000:ABC5                 cmp     ds:byte_BB1F, 20
seg000:ABCA                 jnb     short loc_ABCD
seg000:ABCC                 retn
seg000:ABCD ; ---------------------------------------------------------------------------
seg000:ABCD
seg000:ABCD loc_ABCD:
seg000:ABCD                 mov     ds:byte_BB1F, 0
seg000:ABD2                 mov     bl, ds:byte_BB1E
seg000:ABD6                 not     ds:byte_BB1E
seg000:ABDA                 and     bl, 1
seg000:ABDD                 xor     bh, bh
seg000:ABDF                 mov     di, offset byte_ABFB
seg000:ABE2                 test    ds:byte_BB1B, 0FFh
seg000:ABE7                 jz      short loc_ABEC
seg000:ABE9                 mov     di, offset byte_ABFD
seg000:ABEC
seg000:ABEC loc_ABEC:
seg000:ABEC                 mov     al, [bx+di]
seg000:ABEE                 mov     bx, ds:word_BB12
seg000:ABF2                 add     bx, 718h
seg000:ABF6                 jmp     word ptr cs:3016h ; draw_tile_to_screen_proc
seg000:ABF6 sub_AB47        endp
seg000:ABF6
seg000:ABF6 ; ---------------------------------------------------------------------------
seg000:ABFB byte_ABFB       db 29h, 2Ah
seg000:ABFD byte_ABFD       db 67h, 68h
seg000:ABFF byte_ABFF       db 5, 6, 7, 6, 5, 4, 3, 4
seg000:AC07
seg000:AC07 ; =============== S U B R O U T I N E =======================================
seg000:AC07
seg000:AC07
seg000:AC07 sub_AC07        proc near
seg000:AC07
seg000:AC07 ; FUNCTION CHUNK AT seg000:AC28 SIZE 00000088 BYTES
seg000:AC07
seg000:AC07                 mov     si, offset byte_AD9D
seg000:AC0A                 mov     bl, ds:0C006h   ; town_id
seg000:AC0E                 dec     bl
seg000:AC10                 xor     bh, bh
seg000:AC12                 add     bx, bx          ; switch 8 cases
seg000:AC14                 jmp     ds:jpt_AC14[bx] ; switch jump
seg000:AC14 sub_AC07        endp
seg000:AC14
seg000:AC14 ; ---------------------------------------------------------------------------
seg000:AC18 jpt_AC14        dw offset loc_AC28      ; jump table for switch statement
seg000:AC1A                 dw offset loc_AC39
seg000:AC1C                 dw offset loc_AC4A
seg000:AC1E                 dw offset loc_AC5B
seg000:AC20                 dw offset loc_AC6C
seg000:AC22                 dw offset loc_AC7D
seg000:AC24                 dw offset loc_AC8E
seg000:AC26                 dw offset loc_AC9F
seg000:AC28 ; ---------------------------------------------------------------------------
seg000:AC28 ; START OF FUNCTION CHUNK FOR sub_AC07
seg000:AC28
seg000:AC28 loc_AC28:                               ;
seg000:AC28                 test    byte ptr ds:0E5h, 80h ; sages_spoken_to_hero
seg000:AC2D                 jz      short loc_AC30
seg000:AC2F                 retn
seg000:AC30 ; ---------------------------------------------------------------------------
seg000:AC30
seg000:AC30 loc_AC30:
seg000:AC30                 mov     si, offset aIAmTheSageMari ; "I am the Sage Marid./You are very brave"...
seg000:AC33                 or      byte ptr ds:0E5h, 80h ; sages_spoken_to_hero
seg000:AC38                 retn
seg000:AC39 ; ---------------------------------------------------------------------------
seg000:AC39
seg000:AC39 loc_AC39:                               ;
seg000:AC39                 test    byte ptr ds:0E5h, 40h ; sages_spoken_to_hero
seg000:AC3E                 jz      short loc_AC41
seg000:AC40                 retn
seg000:AC41 ; ---------------------------------------------------------------------------
seg000:AC41
seg000:AC41 loc_AC41:
seg000:AC41                 mov     si, offset aIAmTheSageYasm ; "I am the Sage Yasmin./I have been expec"...
seg000:AC44                 or      byte ptr ds:0E5h, 40h ; sages_spoken_to_hero
seg000:AC49                 retn
seg000:AC4A ; ---------------------------------------------------------------------------
seg000:AC4A
seg000:AC4A loc_AC4A:                               ;
seg000:AC4A                 test    byte ptr ds:0E5h, 20h ; sages_spoken_to_hero
seg000:AC4F                 jz      short loc_AC52
seg000:AC51                 retn
seg000:AC52 ; ---------------------------------------------------------------------------
seg000:AC52
seg000:AC52 loc_AC52:
seg000:AC52                 mov     si, offset aIAmTheSageHajj ; "I am the Sage Hajjar./I am happy to see"...
seg000:AC55                 or      byte ptr ds:0E5h, 20h ; sages_spoken_to_hero
seg000:AC5A                 retn
seg000:AC5B ; ---------------------------------------------------------------------------
seg000:AC5B
seg000:AC5B loc_AC5B:                               ;
seg000:AC5B                 test    byte ptr ds:0E5h, 10h ; sages_spoken_to_hero
seg000:AC60                 jz      short loc_AC63
seg000:AC62                 retn
seg000:AC63 ; ---------------------------------------------------------------------------
seg000:AC63
seg000:AC63 loc_AC63:
seg000:AC63                 mov     si, offset aIAmTheSageChir ; "I am the Sage Chiriga./You have come fa"...
seg000:AC66                 or      byte ptr ds:0E5h, 10h ; sages_spoken_to_hero
seg000:AC6B                 retn
seg000:AC6C ; ---------------------------------------------------------------------------
seg000:AC6C
seg000:AC6C loc_AC6C:                               ;
seg000:AC6C                 test    byte ptr ds:0E5h, 8 ; sages_spoken_to_hero
seg000:AC71                 jz      short loc_AC74
seg000:AC73                 retn
seg000:AC74 ; ---------------------------------------------------------------------------
seg000:AC74
seg000:AC74 loc_AC74:
seg000:AC74                 mov     si, offset aIAmTheSageHish ; "I am the Sage Hisham./You are doing wel"...
seg000:AC77                 or      byte ptr ds:0E5h, 8 ; sages_spoken_to_hero
seg000:AC7C                 retn
seg000:AC7D ; ---------------------------------------------------------------------------
seg000:AC7D
seg000:AC7D loc_AC7D:                               ;
seg000:AC7D                 test    byte ptr ds:0E5h, 4 ; sages_spoken_to_hero
seg000:AC82                 jz      short loc_AC85
seg000:AC84                 retn
seg000:AC85 ; ---------------------------------------------------------------------------
seg000:AC85
seg000:AC85 loc_AC85:
seg000:AC85                 mov     si, offset aIAmTheSageMary ; "I am the Sage Maryam./You have made the"...
seg000:AC88                 or      byte ptr ds:0E5h, 4 ; sages_spoken_to_hero
seg000:AC8D                 retn
seg000:AC8E ; ---------------------------------------------------------------------------
seg000:AC8E
seg000:AC8E loc_AC8E:                               ;
seg000:AC8E                 test    byte ptr ds:0E5h, 2 ; sages_spoken_to_hero
seg000:AC93                 jz      short loc_AC96
seg000:AC95                 retn
seg000:AC96 ; ---------------------------------------------------------------------------
seg000:AC96
seg000:AC96 loc_AC96:
seg000:AC96                 mov     si, offset aIAmTheSageSaie ; "I am the Sage Saied./You have lived thr"...
seg000:AC99                 or      byte ptr ds:0E5h, 2 ; sages_spoken_to_hero
seg000:AC9E                 retn
seg000:AC9F ; ---------------------------------------------------------------------------
seg000:AC9F
seg000:AC9F loc_AC9F:                               ;
seg000:AC9F                 test    byte ptr ds:0E5h, 1 ; sages_spoken_to_hero
seg000:ACA4                 jz      short loc_ACA7
seg000:ACA6                 retn
seg000:ACA7 ; ---------------------------------------------------------------------------
seg000:ACA7
seg000:ACA7 loc_ACA7:
seg000:ACA7                 mov     si, offset aIAmTheSageOfAl ; "I am the Sage of All Sages, Indihar./Br"...
seg000:ACAA                 or      byte ptr ds:0E5h, 1 ; sages_spoken_to_hero
seg000:ACAF                 retn
seg000:ACAF ; END OF FUNCTION CHUNK FOR sub_AC07
seg000:ACAF ; ---------------------------------------------------------------------------
seg000:ACB0 vfs_kenjya_grp  db    1
seg000:ACB1                 db  1Ah
seg000:ACB2 aKenjyaGrp      db 'KENJYA.GRP',0
seg000:ACBD sage_names      dw offset byte_ACCD
seg000:ACBF                 dw offset byte_ACDF
seg000:ACC1                 dw offset byte_ACF2
seg000:ACC3                 dw offset byte_AD05
seg000:ACC5                 dw offset byte_AD19
seg000:ACC7                 dw offset byte_AD2C
seg000:ACC9                 dw offset byte_AD3F
seg000:ACCB                 dw offset byte_AD51
seg000:ACCD byte_ACCD       db 16h
seg000:ACCE                 db 0AFh
seg000:ACCF                 db    0
seg000:ACD0 aTheSageMarid   db 14,'The Sage Marid'
seg000:ACDF byte_ACDF       db 15h
seg000:ACE0                 db 0AFh
seg000:ACE1                 db    0
seg000:ACE2 aTheSageYasmin  db 15,'The Sage Yasmin'
seg000:ACF2 byte_ACF2       db 14h
seg000:ACF3                 db 0AFh
seg000:ACF4                 db    0
seg000:ACF5 aTheSageHajjar  db 15,'The Sage Hajjar'
seg000:AD05 byte_AD05       db 14h
seg000:AD06                 db 0AFh
seg000:AD07                 db    2
seg000:AD08 aTheSageChiriga db 16,'The Sage Chiriga'
seg000:AD19 byte_AD19       db 14h
seg000:AD1A                 db 0AFh
seg000:AD1B                 db    0
seg000:AD1C aTheSageHisham  db 15,'The Sage Hisham'
seg000:AD2C byte_AD2C       db 14h
seg000:AD2D                 db 0AFh
seg000:AD2E                 db    0
seg000:AD2F aTheSageMaryam  db 15,'The Sage Maryam'
seg000:AD3F byte_AD3F       db 15h
seg000:AD40                 db 0AFh
seg000:AD41                 db    0
seg000:AD42 aTheSageSaied   db 14,'The Sage Saied'
seg000:AD51 byte_AD51       db 14h
seg000:AD52                 db 0AFh
seg000:AD53                 db    0
seg000:AD54 aTheSageIndihar db 16,'The Sage Indihar'
seg000:AD65 aGoOutside      db 'Go outside',0
seg000:AD70 aSeePower       db 'See Power',0
seg000:AD7A aListenKnowledg db 'Listen Knowledge',0
seg000:AD8B aRecordExperien db 'Record Experience',0
seg000:AD9D byte_AD9D       db 0Ch
seg000:AD9E aHowCanIHelpYou db 'How can I help you, Brave One?/'
seg000:ADBD                 db 0FFh
seg000:ADBE                 db    0
seg000:ADBF byte_ADBF       db 0Ch
seg000:ADC0 aIsThereAnythin db 'Is there anything else I can do for you?/'
seg000:ADE9                 db 0FFh
seg000:ADEA                 db    0
seg000:ADEB byte_ADEB       db 0Ch
seg000:ADEC aTheSpiritsAreW db 'The Spirits are with you.'
seg000:AE05                 db  11h
seg000:AE06                 db 0FFh
seg000:AE07                 db 0FFh
seg000:AE08 byte_AE08       db 0Ch
seg000:AE09 aIShallCallUpon db 'I shall call upon the Spirits and their powers..... /'
seg000:AE3E                 db 0FFh
seg000:AE3F                 db    4
seg000:AE40                 db 0FFh
seg000:AE41                 db    1
seg000:AE42 byte_AE42       db 0Ch
seg000:AE43 aIFearTheSpirit db 'I fear the spirits are no longer with you. No matter how many tim'
seg000:AE84                 db 'es I try, it comes out the same. '
seg000:AEA5                 db 0FFh
seg000:AEA6                 db    0
seg000:AEA7 byte_AEA7       db 0Ch
seg000:AEA8 aYouAreBraveBut db 'You are brave, but your experience is lacking. Come back when you'
seg000:AEE9                 db ' have accomplished more.'
seg000:AF01                 db 0FFh
seg000:AF02                 db    0
seg000:AF03 byte_AF03       db 0Ch
seg000:AF04 aICanNoLongerIm db 'I can no longer impart the power of the Spirits to you. Continue '
seg000:AF45                 db 'on your quest. You will soon find others to help you.'
seg000:AF7A                 db 0FFh
seg000:AF7B                 db    0
seg000:AF7C byte_AF7C       db 0Ch
seg000:AF7D aIShallRecordYo db 'I shall record your experiences./'
seg000:AF9E                 db 0FFh
seg000:AF9F                 db    3
seg000:AFA0 aPlaceIsSavedOn db 'Place is saved on user disk. Will you continue your quest?'
seg000:AFDA                 db 0FFh
seg000:AFDB                 db    2
seg000:AFDC                 db 0FFh
seg000:AFDD                 db    6
seg000:AFDE unk_AFDE        db  13h
seg000:AFDF                 db 0FFh
seg000:AFE0                 db    4
seg000:AFE1 aOhHolySpiritsP db 'Oh, Holy Spirits, purify my thoughts and grant me strength. '
seg000:B01D                 db 0FFh
seg000:B01E                 db    4
seg000:B01F                 db 0FFh
seg000:B020                 db    4
seg000:B021                 db  0Dh
seg000:B022                 db  15h
seg000:B023                 db 0FFh
seg000:B024                 db    0
seg000:B025                 db 0FFh
seg000:B026                 db    0
seg000:B027                 db 0FFh
seg000:B028                 db 0FFh
seg000:B029 off_B029        dw offset aYourExperience ; "Your experience is lacking. Persevere i"...
seg000:B02B                 dw offset aYouMustAccumul ; "You must accumulate more experience."
seg000:B02D                 dw offset aICanSeeTheFain ; "I can see the faint light of the Spirit"...
seg000:B02F                 dw offset aTheLightOfTheS ; "The light of the Spirits is bursting fo"...
seg000:B031                 dw offset aICanNoLongerIm_0 ; "I can no longer impart the power of the"...
seg000:B033 aYourExperience db 'Your experience is lacking. Persevere in your quest.'
seg000:B067                 db 0FFh
seg000:B068                 db    0
seg000:B069 aYouMustAccumul db 'You must accumulate more experience.'
seg000:B08D                 db 0FFh
seg000:B08E                 db    0
seg000:B08F aICanSeeTheFain db 'I can see the faint light of the Spirits in you. You must endure '
seg000:B0D0                 db 'a little longer.'
seg000:B0E0                 db 0FFh
seg000:B0E1                 db    0
seg000:B0E2 aTheLightOfTheS db 'The light of the Spirits is bursting forth within you. '
seg000:B119                 db 0FFh
seg000:B11A                 db    4
seg000:B11B                 db  0Dh
seg000:B11C aIndeedYourPowe db 'Indeed, your power has grown.'
seg000:B139                 db 0FFh
seg000:B13A                 db    5
seg000:B13B                 db 0FFh
seg000:B13C                 db    4
seg000:B13D                 db 0FFh
seg000:B13E                 db    0
seg000:B13F aICanNoLongerIm_0 db 'I can no longer impart the power of the Spirits to you. Continue '
seg000:B180                 db 'on your quest. You will soon find others to help you. '
seg000:B1B6                 db 0FFh
seg000:B1B7                 db    0
seg000:B1B8 aIAmTheSageMari db 'I am the Sage Marid./You are very brave to embark on such a dange'
seg000:B1F9                 db 'rous journey. I&shall assist you in your travels. '
seg000:B22B                 db 0FFh
seg000:B22C                 db    0
seg000:B22D aIAmTheSageYasm db 'I am the Sage Yasmin./I have been expecting you. I&shall teach yo'
seg000:B26E                 db 'u the Magic Spell of Throwing Swords: Espada.'
seg000:B29B                 db 0FFh
seg000:B29C                 db    7
seg000:B29D                 db 0FFh
seg000:B29E                 db    0
seg000:B29F aIAmTheSageHajj db 'I am the Sage Hajjar./I am happy to see you\ve made it this far. '
seg000:B2E0                 db 'I&shall teach you the Magic Spell of Arrows: Saeta.'
seg000:B313                 db 0FFh
seg000:B314                 db    8
seg000:B315                 db 0FFh
seg000:B316                 db    0
seg000:B317 aIAmTheSageChir db 'I am the Sage Chiriga./You have come far, and you must be cold. I'
seg000:B358                 db '&shall teach you the Magic Spell of Fire: Fuego.'
seg000:B388                 db 0FFh
seg000:B389                 db    9
seg000:B38A                 db 0FFh
seg000:B38B                 db    0
seg000:B38C aIAmTheSageHish db 'I am the Sage Hisham./You are doing well to stand before me. I&sh'
seg000:B3CD                 db 'all teach you the Magic Spell of Flame: Lanzar.'
seg000:B3FC                 db 0FFh
seg000:B3FD                 db  0Ah
seg000:B3FE                 db 0FFh
seg000:B3FF                 db    0
seg000:B400 aIAmTheSageMary db 'I am the Sage Maryam./You have made the Spirits proud with your b'
seg000:B441                 db 'ravery. I&shall teach you the Magic Spell of Falling Rocks: Rasca'
seg000:B482                 db 'r.'
seg000:B484                 db 0FFh
seg000:B485                 db  0Bh
seg000:B486                 db 0FFh
seg000:B487                 db    0
seg000:B488 aIAmTheSageSaie db 'I am the Sage Saied./You have lived through much, but your journe'
seg000:B4C9                 db 'y is not over. You must be hot. I&shall teach you the Magic Spell'
seg000:B50A                 db ' of Water: Agua.'
seg000:B51A                 db 0FFh
seg000:B51B                 db  0Ch
seg000:B51C                 db 0FFh
seg000:B51D                 db    0
seg000:B51E aIAmTheSageOfAl db 'I am the Sage of All Sages, Indihar./Brave lad, you\ve done well '
seg000:B55F                 db 'to get this far./'
seg000:B570                 db  0Fh
seg000:B571 aIShallTeachYou db 'I&shall teach you the Magic Spell of Lightning: Guerra.'
seg000:B5A8                 db 0FFh
seg000:B5A9                 db  0Dh
seg000:B5AA                 db 0FFh
seg000:B5AB                 db    0
seg000:B5AC aDiskErrorPleas db '      Disk error.',0Dh,'Please check your disk',0Dh,'  and press '
seg000:B5E1                 db 'spacebar.'
seg000:B5EA                 db 0FFh
seg000:B5EB off_B5EB        dw offset byte_B5FB
seg000:B5ED                 dw offset byte_B670
seg000:B5EF                 dw offset byte_B6EB
seg000:B5F1                 dw offset byte_B76D
seg000:B5F3                 dw offset byte_B81C
seg000:B5F5                 dw offset byte_B8B2
seg000:B5F7                 dw offset byte_B954
seg000:B5F9                 dw offset byte_B9AF
seg000:B5FB byte_B5FB       db 0Ch
seg000:B5FC aMyMasterTheSag db 'My master, the Sage Yasmin, resides in the underground town. She '
seg000:B63D                 db 'is a person you can turn to if you are in need. '
seg000:B66D                 db  11h
seg000:B66E                 db 0FFh
seg000:B66F                 db    0
seg000:B670 byte_B670       db 0Ch
seg000:B671 aWhenYouLeaveTh db 'When you leave the city, climb to the plateau on the left. You\ll'
seg000:B6B2                 db ' see a door that looks like the exit from this world. '
seg000:B6E8                 db  11h
seg000:B6E9                 db 0FFh
seg000:B6EA                 db    0
seg000:B6EB byte_B6EB       db 0Ch
seg000:B6EC aTheExitFromThi db 'The exit from this world is very near the exit from the village. '
seg000:B72D                 db 'However, before you go there you must have the Hero\s Crest. '
seg000:B76A                 db  11h
seg000:B76B                 db 0FFh
seg000:B76C                 db    0
seg000:B76D byte_B76D       db 0Ch
seg000:B76E aThisIsAMessage db 'This is a message from the Spirits: Bend when you walk a low road'
seg000:B7AF                 db '. Walk not on the steep path with the needles of ice, choose anot'
seg000:B7F0                 db 'her path instead. Heed well these words. '
seg000:B819                 db  11h
seg000:B81A                 db 0FFh
seg000:B81B                 db    0
seg000:B81C byte_B81C       db 0Ch
seg000:B81D aYouCanTDefeatT db 'You can\t defeat the demons at the edge of the badlands without t'
seg000:B85E                 db 'he Knight\s Sword. Until you get that sword, do not open the door'
seg000:B89F                 db ' of the demons. '
seg000:B8AF                 db  11h
seg000:B8B0                 db 0FFh
seg000:B8B1                 db    0
seg000:B8B2 byte_B8B2       db 0Ch
seg000:B8B3 aOnceYouLeaveTh db 'Once you leave this world, get the Silkarn shoes made by the spir'
seg000:B8F4                 db 'its at the behest of Percel. If you do not get those, you cannot '
seg000:B935                 db 'travel far from this world. '
seg000:B951                 db  11h
seg000:B952                 db 0FFh
seg000:B953                 db    0
seg000:B954 byte_B954       db 0Ch
seg000:B955 aThatWorldIsCon db 'That world is controlled by dragons. To get there, you have to op'
seg000:B996                 db 'en three closed doors.'
seg000:B9AC                 db  11h
seg000:B9AD                 db 0FFh
seg000:B9AE                 db    0
seg000:B9AF byte_B9AF       db 0Ch
seg000:B9B0 aAtTheEdgeOfThi db 'At the edge of this world is the final foe, Jashiin./To fight Jas'
seg000:B9F1                 db 'hiin, you must have the Sword of the Fairy Flame. And to get ther'
seg000:BA32                 db 'e, you must topple the invincible monster Alguien.'
seg000:BA64                 db  11h
seg000:BA65                 db 0FFh
seg000:BA66                 db    0
seg000:BA67 byte_BA67       db 0Ch
seg000:BA68 aWhileYouWereUn db 'While you were unconscious, the spirits brought you here./'
seg000:BAA2                 db 0FFh
seg000:BAA3                 db    4
seg000:BAA4                 db 0FFh
seg000:BAA5                 db    4
seg000:BAA6 aBeCarefulNotTo db 'Be careful not to exhaust yourself in battle./'
seg000:BAD4                 db 0FFh
seg000:BAD5                 db    4
seg000:BAD6 aNowBeOnYourWay db 'Now be on your way. '
seg000:BAEA                 db 0FFh
seg000:BAEB                 db    4
seg000:BAEC aTheSpiritsAreL db 'The spirits are looking after you. '
seg000:BB0F                 db  11h
seg000:BB10                 db 0FFh
seg000:BB11                 db 0FFh
seg000:BB12 word_BB12       dw 0
seg000:BB14 menu_item_selected db 0
seg000:BB15 byte_BB15       db 0
seg000:BB16 byte_BB16       db 0
seg000:BB17 byte_BB17       db 0
seg000:BB18 byte_BB18       db 0
seg000:BB19 byte_BB19       db 0
seg000:BB1A byte_BB1A       db 0
seg000:BB1B byte_BB1B       db 0
seg000:BB1C byte_BB1C       db 0
seg000:BB1D byte_BB1D       db 0
seg000:BB1E byte_BB1E       db 0
seg000:BB1F byte_BB1F       db 0
seg000:BB20 byte_BB20       db 0
seg000:BB21 word_BB21       dw 0
seg000:BB23 byte_BB23       db 0
seg000:BB24 byte_BB24       db 0
seg000:BB25 byte_BB25       db 0
seg000:BB26 byte_BB26       db 0
seg000:BB27 byte_BB27       db 0, 0, 0, 0, 0, 0, 0
seg000:BB2E byte_BB2E       db 0
seg000:BB2F                 db    0
seg000:BB30                 db    0
seg000:BB31                 db    0
seg000:BB32                 db    0
seg000:BB33                 db    0
seg000:BB34 word_BB34       dw 0
seg000:BB36 byte_BB36       db 0, 0, 0, 0, 0, 0, 0
seg000:BB36 seg000          ends
seg000:BB36
seg000:BB36
seg000:BB36                 end
