seg000:A000 ;
seg000:A000 ; +-------------------------------------------------------------------------+
seg000:A000 ; |      This file was generated by The Interactive Disassembler (IDA)      |
seg000:A000 ; |           Copyright (c) 2026 Hex-Rays, <support@hex-rays.com>           |
seg000:A000 ; |                      License info: 48-2137-ACAB-69                      |
seg000:A000 ; |                             hi@hex-rays.com                             |
seg000:A000 ; +-------------------------------------------------------------------------+
seg000:A000 ;
seg000:A000 ; Input SHA256 : B4242E989D584274BEF37C29E4F6367D36300BD5BD7638F2181FD51F1ED859D8
seg000:A000 ; Input MD5    : 4EC3A3A4AF801C0033D0B14CD532E2A7
seg000:A000 ; Input CRC32  : E2D14F96
seg000:A000
seg000:A000 ; File Name   : /home/brox/Projects/zeliard/WORK/kingpro.bin
seg000:A000 ; Format      : Binary file
seg000:A000 ; Base Address: 0000h Range: 0000h - 07A2h Loaded length: 07A2h
seg000:A000
seg000:A000                 .286
seg000:A000                 .model small
seg000:A000
seg000:A000 ; ===========================================================================
seg000:A000
seg000:A000 ; Segment type: Pure code
seg000:A000 seg000          segment byte public 'CODE'
seg000:A000                 assume cs:seg000
seg000:A000                 ;org 0A000h
seg000:A000                 assume es:nothing, ss:nothing, ds:seg000
seg000:A000                 dw offset sub_A004
seg000:A002                 dw offset sub_A302
seg000:A004
seg000:A004 ; =============== S U B R O U T I N E =======================================
seg000:A004
seg000:A004
seg000:A004 sub_A004        proc near
seg000:A004                 mov     es, word ptr ds:0FF2Ch ; seg1
seg000:A008                 mov     di, 8000h
seg000:A00B                 mov     si, offset vfs_king_grp
seg000:A00E                 mov     al, 2
seg000:A010                 call    word ptr cs:10Ch
seg000:A015                 push    ds
seg000:A016                 mov     ds, word ptr cs:0FF2Ch ; seg1
seg000:A01B                 mov     si, 8000h
seg000:A01E                 mov     cx, 100h
seg000:A021                 call    word ptr cs:2044h ; Reassemble_3_Planes_To_Packed_Bitmap
seg000:A026                 pop     ds
seg000:A027                 mov     byte ptr ds:0FF4Eh, 0 ; dialog_cursor_x
seg000:A02C                 mov     byte ptr ds:0FF4Fh, 0 ; dialog_scroll_counter
seg000:A031                 call    word ptr cs:2002h ; Clear_Viewport
seg000:A036                 call    word ptr cs:2012h ; Clear_Place_Enemy_Bar
seg000:A03B                 mov     si, offset place_name
seg000:A03E                 call    word ptr cs:2010h ; Render_Pascal_String_1
seg000:A043                 call    sub_A114
seg000:A046                 mov     bx, 0D60h
seg000:A049                 mov     cx, 3637h
seg000:A04C                 mov     al, 0FFh
seg000:A04E                 call    word ptr cs:2000h ; Draw_Bordered_Rectangle
seg000:A053                 call    sub_A3E8
seg000:A056                 mov     ds:0FF4Ch, si   ; dialog_string_ptr
seg000:A05A
seg000:A05A loc_A05A:                               ;
seg000:A05A                 call    word ptr cs:6004h ; render_menu_dialog
seg000:A05F                 cmp     al, 0FFh
seg000:A061                 jz      short loc_A068
seg000:A063                 call    sub_A06D
seg000:A066                 jmp     short loc_A05A
seg000:A068 ; ---------------------------------------------------------------------------
seg000:A068
seg000:A068 loc_A068:                               ;
seg000:A068                 jmp     word ptr cs:2040h ; Fade_To_Black_Dithered
seg000:A068 sub_A004        endp
seg000:A068
seg000:A06D
seg000:A06D ; =============== S U B R O U T I N E =======================================
seg000:A06D
seg000:A06D
seg000:A06D sub_A06D        proc near
seg000:A06D
seg000:A06D ; FUNCTION CHUNK AT seg000:A092 SIZE 00000066 BYTES
seg000:A06D
seg000:A06D                 mov     bl, al
seg000:A06F                 xor     bh, bh
seg000:A071                 add     bx, bx          ; switch 5 cases
seg000:A073                 jmp     cs:jpt_A073[bx] ; switch jump
seg000:A073 sub_A06D        endp
seg000:A073
seg000:A073 ; ---------------------------------------------------------------------------
seg000:A078 jpt_A073        dw offset loc_A0E4      ; jump table for switch statement
seg000:A07A                 dw offset loc_A09A
seg000:A07C                 dw offset loc_A0D4
seg000:A07E                 dw offset loc_A092
seg000:A080                 dw offset loc_A084
seg000:A082                 dw offset loc_A08A
seg000:A084 ; ---------------------------------------------------------------------------
seg000:A084
seg000:A084 loc_A084:
seg000:A084                 mov     byte_A79D, 0FFh
seg000:A089                 retn
seg000:A08A ; ---------------------------------------------------------------------------
seg000:A08A
seg000:A08A loc_A08A:
seg000:A08A                 xor     al, al
seg000:A08C                 mov     byte_A79D, al
seg000:A08F                 jmp     loc_A3A6
seg000:A092 ; ---------------------------------------------------------------------------
seg000:A092 ; START OF FUNCTION CHUNK FOR sub_A06D
seg000:A092
seg000:A092 loc_A092:                               ; jumptable 0000A073 case 3
seg000:A092                 mov     al, 0FFh
seg000:A094                 mov     byte_A7A0, al
seg000:A097                 jmp     loc_A3A6
seg000:A09A ; ---------------------------------------------------------------------------
seg000:A09A
seg000:A09A loc_A09A:                               ; jumptable 0000A073 case 1
seg000:A09A                 mov     cx, 0Ah
seg000:A09D
seg000:A09D loc_A09D:
seg000:A09D                 push    cx
seg000:A09E                 mov     ax, ds:86h      ; hero_gold_lo
seg000:A0A1                 mov     dl, ds:85h      ; hero_gold_hi
seg000:A0A5                 add     ax, 100
seg000:A0A8                 adc     dl, 0
seg000:A0AB                 mov     ds:86h, ax      ; hero_gold_lo
seg000:A0AE                 mov     ds:85h, dl      ; hero_gold_hi
seg000:A0B2                 call    word ptr cs:2016h ; Print_Gold_Decimal
seg000:A0B7                 mov     byte ptr ds:0FF75h, 13h ; soundFX_request
seg000:A0BC                 mov     byte ptr ds:0FF1Ah, 0 ; frame_timer
seg000:A0C1
seg000:A0C1 loc_A0C1:
seg000:A0C1                 call    sub_A302
seg000:A0C4                 cmp     byte ptr ds:0FF1Ah, 0Fh ; frame_timer
seg000:A0C9                 jb      short loc_A0C1
seg000:A0CB                 pop     cx
seg000:A0CC                 loop    loc_A09D
seg000:A0CE                 mov     byte ptr ds:5, 0FFh ; spoke_to_king
seg000:A0D3                 retn
seg000:A0D4 ; ---------------------------------------------------------------------------
seg000:A0D4
seg000:A0D4 loc_A0D4:                               ;
seg000:A0D4                 mov     byte ptr ds:0FF1Ah, 0 ; frame_timer
seg000:A0D9
seg000:A0D9 loc_A0D9:
seg000:A0D9                 call    sub_A302
seg000:A0DC                 cmp     byte ptr ds:0FF1Ah, 150 ; frame_timer
seg000:A0E1                 jb      short loc_A0D9
seg000:A0E3                 retn
seg000:A0E4 ; ---------------------------------------------------------------------------
seg000:A0E4
seg000:A0E4 loc_A0E4:                               ; jumptable 0000A073 case 0
seg000:A0E4                 mov     si, offset byte_A0F8
seg000:A0E7                 mov     cx, 0Ch
seg000:A0EA
seg000:A0EA loc_A0EA:
seg000:A0EA                 push    cx
seg000:A0EB                 lodsb
seg000:A0EC                 push    si
seg000:A0ED                 call    loc_A142
seg000:A0F0                 call    loc_A104
seg000:A0F3                 pop     si
seg000:A0F4                 pop     cx
seg000:A0F5                 loop    loc_A0EA
seg000:A0F7                 retn
seg000:A0F7 ; END OF FUNCTION CHUNK FOR sub_A06D
seg000:A0F7 ; ---------------------------------------------------------------------------
seg000:A0F8 byte_A0F8       db 0, 0, 1, 2, 2, 1, 0, 3, 4, 4, 5, 6
seg000:A104 ; ---------------------------------------------------------------------------
seg000:A104
seg000:A104 loc_A104:                               ;
seg000:A104                 mov     byte ptr ds:0FF1Ah, 0 ; frame_timer
seg000:A109
seg000:A109 loc_A109:
seg000:A109                 call    sub_A302
seg000:A10C                 cmp     byte ptr ds:0FF1Ah, 25 ; frame_timer
seg000:A111                 jb      short loc_A109
seg000:A113                 retn
seg000:A114
seg000:A114 ; =============== S U B R O U T I N E =======================================
seg000:A114
seg000:A114
seg000:A114 sub_A114        proc near
seg000:A114                 mov     si, offset byte_A16E
seg000:A117                 mov     bx, 0E17h
seg000:A11A                 mov     cx, 8
seg000:A11D
seg000:A11D loc_A11D:
seg000:A11D                 push    cx
seg000:A11E                 mov     cx, 0Ch
seg000:A121
seg000:A121 loc_A121:
seg000:A121                 push    cx
seg000:A122                 push    bx
seg000:A123                 lodsb
seg000:A124                 call    word ptr cs:3016h ; draw_tile_to_screen
seg000:A129                 pop     bx
seg000:A12A                 inc     bh
seg000:A12C                 pop     cx
seg000:A12D                 loop    loc_A121
seg000:A12F                 sub     bh, 0Ch
seg000:A132                 add     bl, 8
seg000:A135                 pop     cx
seg000:A136                 loop    loc_A11D
seg000:A138                 test    byte ptr ds:49h, 0FFh ; is_death_already_processed
seg000:A13D                 jnz     short loc_A140
seg000:A13F                 retn
seg000:A140 ; ---------------------------------------------------------------------------
seg000:A140
seg000:A140 loc_A140:
seg000:A140                 mov     al, 6
seg000:A142
seg000:A142 loc_A142:
seg000:A142                 mov     bl, al
seg000:A144                 xor     bh, bh
seg000:A146                 add     bx, bx
seg000:A148                 mov     si, off_A1CE[bx]
seg000:A14C                 mov     bx, 1117h
seg000:A14F                 mov     cx, 7
seg000:A152
seg000:A152 loc_A152:
seg000:A152                 push    cx
seg000:A153                 mov     cx, 6
seg000:A156
seg000:A156 loc_A156:
seg000:A156                 push    cx
seg000:A157                 push    bx
seg000:A158                 lodsb
seg000:A159                 call    word ptr cs:3016h ; gtmcga::draw_tile_to_screen
seg000:A15E                 pop     bx
seg000:A15F                 inc     bh
seg000:A161                 pop     cx
seg000:A162                 loop    loc_A156
seg000:A164                 sub     bh, 6
seg000:A167                 add     bl, 8
seg000:A16A                 pop     cx
seg000:A16B                 loop    loc_A152
seg000:A16D                 retn
seg000:A16D sub_A114        endp
seg000:A16D
seg000:A16D ; ---------------------------------------------------------------------------
seg000:A16E byte_A16E       db 0, 1, 2, 3, 3Eh, 3Fh, 40h, 41h, 18h, 19h, 1Ah, 1Bh
seg000:A17A                 db 4, 5, 6, 7, 42h, 43h, 44h, 45h, 1Ch, 1Dh, 1Eh, 1Fh
seg000:A186                 db 8, 9, 0Ah, 46h, 47h, 48h, 49h, 4Ah, 4Bh, 20h, 21h, 22h
seg000:A192                 db 0Bh, 0Ch, 0Dh, 4Ch, 4Dh, 4Eh, 4Fh, 50h, 51h, 23h, 24h, 25h
seg000:A19E                 db 0Eh, 0Fh, 10h, 52h, 53h, 54h, 55h, 56h, 57h, 26h, 27h, 28h
seg000:A1AA                 db 11h, 12h, 13h, 58h, 59h, 5Ah, 5Bh, 5Ch, 29h, 2Ah, 2Bh, 2Ch
seg000:A1B6                 db 14h, 15h, 16h, 17h, 5Dh, 5Eh, 5Fh, 2Dh, 2Eh, 2Fh, 30h, 31h
seg000:A1C2                 db 32h, 33h, 34h, 35h, 36h, 37h, 38h, 39h, 3Ah, 3Bh, 3Ch, 3Dh
seg000:A1CE off_A1CE        dw offset byte_A1DC
seg000:A1D0                 dw offset byte_A206
seg000:A1D2                 dw offset byte_A230
seg000:A1D4                 dw offset byte_A25A
seg000:A1D6                 dw offset byte_A284
seg000:A1D8                 dw offset byte_A2AE
seg000:A1DA                 dw offset byte_A2D8
seg000:A1DC byte_A1DC       db 3, 3Eh, 3Fh, 40h, 41h, 18h
seg000:A1E2                 db 7, 42h, 43h, 44h, 45h, 1Ch
seg000:A1E8                 db 46h, 47h, 48h, 49h, 4Ah, 4Bh
seg000:A1EE                 db 4Ch, 4Dh, 4Eh, 4Fh, 50h, 51h
seg000:A1F4                 db 52h, 53h, 54h, 55h, 56h, 57h
seg000:A1FA                 db 58h, 59h, 5Ah, 5Bh, 5Ch, 29h
seg000:A200                 db 17h, 5Dh, 5Eh, 5Fh, 2Dh, 2Eh
seg000:A206 byte_A206       db 3, 3Eh, 3Fh, 40h, 41h, 18h
seg000:A20C                 db 7, 42h, 43h, 44h, 45h, 1Ch
seg000:A212                 db 46h, 47h, 48h, 49h, 4Ah, 4Bh
seg000:A218                 db 4Ch, 4Dh, 4Eh, 4Fh, 50h, 51h
seg000:A21E                 db 52h, 60h, 61h, 62h, 56h, 57h
seg000:A224                 db 58h, 59h, 5Ah, 5Bh, 5Ch, 29h
seg000:A22A                 db 17h, 5Dh, 5Eh, 5Fh, 2Dh, 2Eh
seg000:A230 byte_A230       db 3, 3Eh, 3Fh, 40h, 41h, 18h
seg000:A236                 db 7, 42h, 43h, 44h, 45h, 1Ch
seg000:A23C                 db 46h, 47h, 48h, 49h, 4Ah, 4Bh
seg000:A242                 db 4Ch, 4Dh, 4Eh, 4Fh, 50h, 51h
seg000:A248                 db 52h, 63h, 64h, 65h, 56h, 57h
seg000:A24E                 db 58h, 59h, 5Ah, 5Bh, 5Ch, 29h
seg000:A254                 db 17h, 5Dh, 5Eh, 5Fh, 2Dh, 2Eh
seg000:A25A byte_A25A       db 3, 66h, 67h, 68h, 69h, 18h
seg000:A260                 db 7, 6Ah, 6Bh, 6Ch, 6Dh, 1Ch
seg000:A266                 db 6Eh, 6Fh, 70h, 71h, 72h, 73h
seg000:A26C                 db 74h, 75h, 76h, 77h, 78h, 79h
seg000:A272                 db 7Ah, 7Bh, 7Ch, 7Dh, 7Eh, 7Fh
seg000:A278                 db 80h, 81h, 82h, 83h, 84h, 29h
seg000:A27E                 db 17h, 85h, 86h, 87h, 2Dh, 2Eh
seg000:A284 byte_A284       db 3, 88h, 89h, 8Ah, 8Bh, 18h
seg000:A28A                 db 7, 8Ch, 8Dh, 8Eh, 8Fh, 1Ch
seg000:A290                 db 90h, 91h, 92h, 93h, 94h, 95h
seg000:A296                 db 96h, 0ADh, 0ABh, 0AEh, 9Ah, 9Bh
seg000:A29C                 db 9Ch, 9Dh, 9Eh, 9Fh, 0A0h, 0A1h
seg000:A2A2                 db 0A2h, 0A3h, 0A4h, 0A5h, 0A6h, 29h
seg000:A2A8                 db 17h, 0A7h, 0A8h, 0A9h, 2Dh, 2Eh
seg000:A2AE byte_A2AE       db 3, 88h, 89h, 8Ah, 8Bh, 18h
seg000:A2B4                 db 7, 8Ch, 8Dh, 8Eh, 8Fh, 1Ch
seg000:A2BA                 db 90h, 91h, 92h, 93h, 94h, 95h
seg000:A2C0                 db 96h, 0AAh, 0ABh, 0ACh, 9Ah, 9Bh
seg000:A2C6                 db 9Ch, 9Dh, 9Eh, 9Fh, 0A0h, 0A1h
seg000:A2CC                 db 0A2h, 0A3h, 0A4h, 0A5h, 0A6h, 29h
seg000:A2D2                 db 17h, 0A7h, 0A8h, 0A9h, 2Dh, 2Eh
seg000:A2D8 byte_A2D8       db 3, 88h, 89h, 8Ah, 8Bh, 18h
seg000:A2DE                 db 7, 8Ch, 8Dh, 8Eh, 8Fh, 1Ch
seg000:A2E4                 db 90h, 91h, 92h, 93h, 94h, 95h
seg000:A2EA                 db 96h, 97h, 98h, 99h, 9Ah, 9Bh
seg000:A2F0                 db 9Ch, 9Dh, 9Eh, 9Fh, 0A0h, 0A1h
seg000:A2F6                 db 0A2h, 0A3h, 0A4h, 0A5h, 0A6h, 29h
seg000:A2FC                 db 17h, 0A7h, 0A8h, 0A9h, 2Dh, 2Eh
seg000:A302
seg000:A302 ; =============== S U B R O U T I N E =======================================
seg000:A302
seg000:A302
seg000:A302 sub_A302        proc near
seg000:A302
seg000:A302 ; FUNCTION CHUNK AT seg000:A386 SIZE 0000004E BYTES
seg000:A302
seg000:A302                 cmp     word ptr ds:0FF50h, 4 ; tick_counter
seg000:A307                 jnb     short loc_A30A
seg000:A309                 retn
seg000:A30A ; ---------------------------------------------------------------------------
seg000:A30A
seg000:A30A loc_A30A:                               ;
seg000:A30A                 mov     word ptr ds:0FF50h, 0 ; tick_counter
seg000:A310                 call    sub_A315
seg000:A313                 jmp     short loc_A386
seg000:A313 sub_A302        endp
seg000:A313
seg000:A315
seg000:A315 ; =============== S U B R O U T I N E =======================================
seg000:A315
seg000:A315
seg000:A315 sub_A315        proc near
seg000:A315                 test    byte_A7A0, 0FFh
seg000:A31A                 jnz     short loc_A31D
seg000:A31C                 retn
seg000:A31D ; ---------------------------------------------------------------------------
seg000:A31D
seg000:A31D loc_A31D:
seg000:A31D                 inc     byte_A7A1
seg000:A321                 cmp     byte_A7A1, 1Ah
seg000:A326                 jb      short loc_A338
seg000:A328                 call    word ptr cs:11Ah ; Accumulate_folded_ff1b
seg000:A32D                 or      al, al
seg000:A32F                 jz      short loc_A332
seg000:A331                 retn
seg000:A332 ; ---------------------------------------------------------------------------
seg000:A332
seg000:A332 loc_A332:
seg000:A332                 mov     byte_A7A1, 0FFh
seg000:A337                 retn
seg000:A338 ; ---------------------------------------------------------------------------
seg000:A338
seg000:A338 loc_A338:
seg000:A338                 mov     bx, offset byte_A360
seg000:A33B                 mov     al, byte_A7A1
seg000:A33E                 xlat
seg000:A33F                 xor     ah, ah
seg000:A341                 add     ax, ax
seg000:A343                 add     ax, ax
seg000:A345                 mov     si, ax
seg000:A347                 add     si, offset byte_A37A
seg000:A34B                 mov     bx, 112Fh
seg000:A34E                 mov     cx, 4
seg000:A351
seg000:A351 loc_A351:
seg000:A351                 push    cx
seg000:A352                 push    bx
seg000:A353                 lodsb
seg000:A354                 call    word ptr cs:3016h
seg000:A359                 pop     bx
seg000:A35A                 inc     bh
seg000:A35C                 pop     cx
seg000:A35D                 loop    loc_A351
seg000:A35F                 retn
seg000:A35F sub_A315        endp
seg000:A35F
seg000:A35F ; ---------------------------------------------------------------------------
seg000:A360 byte_A360       db 0, 0, 0, 0, 0, 0, 1, 1, 1, 1, 1, 2, 2, 2, 2, 2, 1, 1
seg000:A372                 db 1, 1, 1, 0, 0, 0, 0, 0
seg000:A37A byte_A37A       db 96h, 97h, 98h, 99h, 96h, 0AAh, 0ABh, 0ACh, 96h, 0ADh, 0ABh, 0AEh
seg000:A386 ; ---------------------------------------------------------------------------
seg000:A386 ; START OF FUNCTION CHUNK FOR sub_A302
seg000:A386
seg000:A386 loc_A386:
seg000:A386                 test    byte_A79D, 0FFh
seg000:A38B                 jnz     short loc_A38E
seg000:A38D                 retn
seg000:A38E ; ---------------------------------------------------------------------------
seg000:A38E
seg000:A38E loc_A38E:
seg000:A38E                 inc     byte_A79E
seg000:A392                 cmp     byte_A79E, 6
seg000:A397                 jnb     short loc_A39A
seg000:A399                 retn
seg000:A39A ; ---------------------------------------------------------------------------
seg000:A39A
seg000:A39A loc_A39A:
seg000:A39A                 mov     byte_A79E, 0
seg000:A39F                 inc     byte_A79F
seg000:A3A3                 mov     al, byte_A79F
seg000:A3A6
seg000:A3A6 loc_A3A6:
seg000:A3A6                 and     al, 1
seg000:A3A8                 mov     cl, 10
seg000:A3AA                 mul     cl
seg000:A3AC                 mov     si, ax
seg000:A3AE                 add     si, offset byte_A3D4
seg000:A3B2                 mov     bx, 113Fh
seg000:A3B5                 mov     cx, 2
seg000:A3B8
seg000:A3B8 loc_A3B8:
seg000:A3B8                 push    cx
seg000:A3B9                 mov     cx, 5
seg000:A3BC
seg000:A3BC loc_A3BC:
seg000:A3BC                 push    cx
seg000:A3BD                 push    bx
seg000:A3BE                 lodsb
seg000:A3BF                 call    word ptr cs:3016h ; draw_tile_to_screen
seg000:A3C4                 pop     bx
seg000:A3C5                 inc     bh
seg000:A3C7                 pop     cx
seg000:A3C8                 loop    loc_A3BC
seg000:A3CA                 sub     bh, 5
seg000:A3CD                 add     bl, 8
seg000:A3D0                 pop     cx
seg000:A3D1                 loop    loc_A3B8
seg000:A3D3                 retn
seg000:A3D3 ; END OF FUNCTION CHUNK FOR sub_A302
seg000:A3D3 ; ---------------------------------------------------------------------------
seg000:A3D4 byte_A3D4       db 0A2h, 0A3h, 0A4h, 0A5h, 0A6h
seg000:A3D9                 db 17h, 0A7h, 0A8h, 0A9h, 2Dh
seg000:A3DE                 db 0AFh, 0B0h, 0B1h, 0B2h, 0B3h
seg000:A3E3                 db 17h, 0B4h, 0B5h, 0B6h, 2Dh
seg000:A3E8
seg000:A3E8 ; =============== S U B R O U T I N E =======================================
seg000:A3E8
seg000:A3E8
seg000:A3E8 sub_A3E8        proc near
seg000:A3E8                 mov     si, offset byte_A42F
seg000:A3EB                 mov     al, ds:5        ; spoke_to_king
seg000:A3EE                 or      al, ds:6        ; entered_cavern_first_time
seg000:A3F2                 jnz     short loc_A3F5
seg000:A3F4                 retn
seg000:A3F5 ; ---------------------------------------------------------------------------
seg000:A3F5
seg000:A3F5 loc_A3F5:
seg000:A3F5                 mov     si, offset byte_A53C
seg000:A3F8                 test    byte ptr ds:6, 0FFh ; entered_cavern_first_time
seg000:A3FD                 jnz     short loc_A400
seg000:A3FF                 retn
seg000:A400 ; ---------------------------------------------------------------------------
seg000:A400
seg000:A400 loc_A400:
seg000:A400                 mov     si, offset byte_A5D2
seg000:A403                 test    byte ptr ds:49h, 0FFh ; is_death_already_processed
seg000:A408                 jnz     short loc_A40B
seg000:A40A                 retn
seg000:A40B ; ---------------------------------------------------------------------------
seg000:A40B
seg000:A40B loc_A40B:
seg000:A40B                 mov     si, offset byte_A6C1
seg000:A40E                 retn
seg000:A40E sub_A3E8        endp
seg000:A40E
seg000:A40E ; ---------------------------------------------------------------------------
seg000:A40F vfs_king_grp    db    1
seg000:A410                 db  13h
seg000:A411 aKingGrp        db 'KING.GRP',0
seg000:A41A place_name      db  13h
seg000:A41B                 db 0AFh
seg000:A41C                 db    0
seg000:A41D aKingOfFelishik db 17,'King of Felishika'
seg000:A42F byte_A42F       db 0Ch
seg000:A430                 db 0FFh
seg000:A431                 db    0
seg000:A432                 db 0FFh
seg000:A433                 db    3
seg000:A434                 db 0FFh
seg000:A435                 db    4
seg000:A436 aBraveDukeGarla db 'Brave Duke Garland, '
seg000:A44A                 db 0FFh
seg000:A44B                 db    5
seg000:A44C                 db 0FFh
seg000:A44D                 db    2
seg000:A44E                 db 0FFh
seg000:A44F                 db    4
seg000:A450 aYouLlNeedMoney db 'you\ll need money for your journey./I&hereby bestow upon you 1000'
seg000:A491                 db '&Golds.'
seg000:A498                 db 0FFh
seg000:A499                 db    5
seg000:A49A                 db 0FFh
seg000:A49B                 db    2
seg000:A49C                 db 0FFh
seg000:A49D                 db    1
seg000:A49E                 db  0Dh
seg000:A49F                 db 0FFh
seg000:A4A0                 db    4
seg000:A4A1 aGoToTownAndOut db 'Go to town and outfit yourself, then make haste to the labyrinth '
seg000:A4E2                 db 'to defeat the forces of Jashiin. My kingdom and the life of my da'
seg000:A523                 db 'ughter are at stake.'
seg000:A537                 db 0FFh
seg000:A538                 db    5
seg000:A539                 db  11h
seg000:A53A                 db 0FFh
seg000:A53B                 db 0FFh
seg000:A53C byte_A53C       db 0Ch
seg000:A53D                 db 0FFh
seg000:A53E                 db    0
seg000:A53F                 db 0FFh
seg000:A540                 db    3
seg000:A541                 db 0FFh
seg000:A542                 db    4
seg000:A543 aBraveDukeDidYo db 'Brave Duke, did you forget something?'
seg000:A568                 db 0FFh
seg000:A569                 db    5
seg000:A56A                 db 0FFh
seg000:A56B                 db    2
seg000:A56C                 db  0Dh
seg000:A56D                 db 0FFh
seg000:A56E                 db    4
seg000:A56F aTheEntranceToT db 'The entrance to the labyrinth is at the edge of town.'
seg000:A5A4                 db 0FFh
seg000:A5A5                 db    5
seg000:A5A6                 db  0Dh
seg000:A5A7                 db 0FFh
seg000:A5A8                 db    4
seg000:A5A9 aPleaseHurryBef db 'Please hurry, before it\s too late! '
seg000:A5CD                 db 0FFh
seg000:A5CE                 db    5
seg000:A5CF                 db  11h
seg000:A5D0                 db 0FFh
seg000:A5D1                 db 0FFh
seg000:A5D2 byte_A5D2       db 0Ch
seg000:A5D3                 db 0FFh
seg000:A5D4                 db    0
seg000:A5D5                 db 0FFh
seg000:A5D6                 db    3
seg000:A5D7                 db 0FFh
seg000:A5D8                 db    4
seg000:A5D9 aDukeGarland    db 'Duke Garland, '
seg000:A5E7                 db 0FFh
seg000:A5E8                 db    5
seg000:A5E9                 db 0FFh
seg000:A5EA                 db    2
seg000:A5EB                 db 0FFh
seg000:A5EC                 db    4
seg000:A5ED aIAmInDebtToYou db 'I am in debt to you for your efforts. '
seg000:A613                 db 0FFh
seg000:A614                 db    5
seg000:A615                 db 0FFh
seg000:A616                 db    2
seg000:A617                 db 0FFh
seg000:A618                 db    4
seg000:A619 aHaveYouNotYetS db 'Have you not yet succeeded in vanquishing Jashiin? '
seg000:A64C                 db 0FFh
seg000:A64D                 db    5
seg000:A64E                 db 0FFh
seg000:A64F                 db    2
seg000:A650                 db  0Dh
seg000:A651                 db 0FFh
seg000:A652                 db    4
seg000:A653 aIPrayThatTheSp db 'I pray that the spirits will guide you. Please don\t give up, the'
seg000:A694                 db ' people of Zeliard are depending on you!'
seg000:A6BC                 db 0FFh
seg000:A6BD                 db    5
seg000:A6BE                 db  11h
seg000:A6BF                 db 0FFh
seg000:A6C0                 db 0FFh
seg000:A6C1 byte_A6C1       db 0Ch
seg000:A6C2                 db 0FFh
seg000:A6C3                 db    3
seg000:A6C4                 db 0FFh
seg000:A6C5                 db    4
seg000:A6C6 aDukeGarland_0  db 'Duke Garland, '
seg000:A6D4                 db 0FFh
seg000:A6D5                 db    5
seg000:A6D6                 db 0FFh
seg000:A6D7                 db    2
seg000:A6D8                 db 0FFh
seg000:A6D9                 db    4
seg000:A6DA aYouAreABraveMa db 'you are a brave man. You have conquered Jashiin and returned the '
seg000:A71B                 db 'nine Tears of Esmesanti. '
seg000:A734                 db 0FFh
seg000:A735                 db    5
seg000:A736                 db 0FFh
seg000:A737                 db    2
seg000:A738                 db  0Dh
seg000:A739                 db 0FFh
seg000:A73A                 db    4
seg000:A73B aNowGoQuicklyTo db 'Now go quickly to the chamber of Princess Felicia. The&crystals w'
seg000:A77C                 db 'ill bring her back to life. '
seg000:A798                 db 0FFh
seg000:A799                 db    5
seg000:A79A                 db  11h
seg000:A79B                 db 0FFh
seg000:A79C                 db 0FFh
seg000:A79D byte_A79D       db 0
seg000:A79E byte_A79E       db 0
seg000:A79F byte_A79F       db 0
seg000:A7A0 byte_A7A0       db 0
seg000:A7A1 byte_A7A1       db 0
seg000:A7A1 seg000          ends
seg000:A7A1
seg000:A7A1
seg000:A7A1                 end
