seg000:0100 ;
seg000:0100 ; +-------------------------------------------------------------------------+
seg000:0100 ; |      This file was generated by The Interactive Disassembler (IDA)      |
seg000:0100 ; |           Copyright (c) 2026 Hex-Rays, <support@hex-rays.com>           |
seg000:0100 ; |                      License info: 48-2137-ACAB-69                      |
seg000:0100 ; |                             hi@hex-rays.com                             |
seg000:0100 ; +-------------------------------------------------------------------------+
seg000:0100 ;
seg000:0100 ; Input SHA256 : 3D972D619E94071C38C4B810F17054957AFF46AD21B25A65F519A43F16158D4D
seg000:0100 ; Input MD5    : 87D208A64E0A3E132063D1F703BCCDCC
seg000:0100 ; Input CRC32  : 3624ABD1
seg000:0100 ; Compiler     : Visual C++ (guessed)
seg000:0100
seg000:0100 ; File Name   : /home/brox/Projects/zeliard/WORK/mscadlib.drv
seg000:0100 ; Format      : MS-DOS SYS-file (perhaps device driver)
seg000:0100 ; Base Address: 0h Range: 0h-BC7h Loaded length: BC7h
seg000:0100
seg000:0100                 .286
seg000:0100                 .model small
seg000:0100
seg000:0100 ; ===========================================================================
seg000:0100
seg000:0100 ; Segment type: Pure code
seg000:0100 seg000          segment byte public 'CODE'
seg000:0100                 assume cs:seg000
seg000:0100                 org 100h
seg000:0100                 assume es:nothing, ss:seg000, ds:nothing
seg000:0100
seg000:0100 ; =============== S U B R O U T I N E =======================================
seg000:0100
seg000:0100 ; Attributes: thunk
seg000:0100
seg000:0100 sub_100         proc far
seg000:0100                 jmp     near ptr sub_3E5
seg000:0100 sub_100         endp
seg000:0100
seg000:0103
seg000:0103 ; =============== S U B R O U T I N E =======================================
seg000:0103
seg000:0103
seg000:0103 sub_103         proc far
seg000:0103                 push    ax
seg000:0104                 push    bx
seg000:0105                 push    cx
seg000:0106                 push    dx
seg000:0107                 push    di
seg000:0108                 push    si
seg000:0109                 push    bp
seg000:010A                 push    ds
seg000:010B                 push    es
seg000:010C                 push    cs
seg000:010D                 pop     es
seg000:010E                 assume es:seg000
seg000:010E                 cld
seg000:010F                 cmp     ax, 8
seg000:0112                 jnb     short loc_11D
seg000:0114                 mov     bx, ax
seg000:0116                 shl     bx, 1
seg000:0118                 call    cs:off_127[bx]
seg000:011D
seg000:011D loc_11D:
seg000:011D                 pop     es
seg000:011E                 assume es:nothing
seg000:011E                 pop     ds
seg000:011F                 pop     bp
seg000:0120                 pop     si
seg000:0121                 pop     di
seg000:0122                 pop     dx
seg000:0123                 pop     cx
seg000:0124                 pop     bx
seg000:0125                 pop     ax
seg000:0126                 iret
seg000:0126 sub_103         endp
seg000:0126
seg000:0126 ; ---------------------------------------------------------------------------
seg000:0127 off_127         dw offset music_fn0
seg000:0129                 dw offset music_fn1
seg000:012B                 dw offset music_fn2
seg000:012D                 dw offset music_fn3
seg000:012F                 dw offset music_fn4
seg000:0131                 dw offset music_fn5
seg000:0133                 dw offset music_fn6
seg000:0135                 dw offset music_fn7
seg000:0137
seg000:0137 ; =============== S U B R O U T I N E =======================================
seg000:0137
seg000:0137
seg000:0137 music_fn2       proc near
seg000:0137
seg000:0137 ; FUNCTION CHUNK AT seg000:0386 SIZE 0000002B BYTES
seg000:0137
seg000:0137                 or      cl, cl
seg000:0139                 jnz     short loc_145
seg000:013B                 call    sub_3D2
seg000:013E                 mov     byte ptr cs:28h, 0FFh ; music_channel_param - 0ff00h
seg000:0144                 retn
seg000:0145 ; ---------------------------------------------------------------------------
seg000:0145
seg000:0145 loc_145:                                ; music_channel_param - 0ff00h
seg000:0145                 mov     byte ptr cs:28h, 0
seg000:014B                 jmp     loc_386
seg000:014B music_fn2       endp
seg000:014B
seg000:014E
seg000:014E ; =============== S U B R O U T I N E =======================================
seg000:014E
seg000:014E
seg000:014E music_fn3       proc near
seg000:014E
seg000:014E ; FUNCTION CHUNK AT seg000:0386 SIZE 0000002B BYTES
seg000:014E
seg000:014E                 or      cl, cl
seg000:0150                 jz      short loc_15C
seg000:0152                 call    sub_3D2
seg000:0155                 mov     byte ptr cs:0Bh, 0FFh
seg000:015B                 retn
seg000:015C ; ---------------------------------------------------------------------------
seg000:015C
seg000:015C loc_15C:                                ; byte_FF0B - 0ff00h
seg000:015C                 mov     byte ptr cs:0Bh, 0
seg000:0162                 jmp     loc_386
seg000:0162 music_fn3       endp
seg000:0162
seg000:0165
seg000:0165 ; =============== S U B R O U T I N E =======================================
seg000:0165
seg000:0165
seg000:0165 music_fn4       proc near
seg000:0165                 xor     ah, ah
seg000:0167                 jmp     word ptr cs:1102h
seg000:0167 music_fn4       endp
seg000:0167
seg000:016C
seg000:016C ; =============== S U B R O U T I N E =======================================
seg000:016C
seg000:016C
seg000:016C music_fn5       proc near
seg000:016C                 test    cl, 38h
seg000:016F                 jnz     short loc_178
seg000:0171                 mov     al, 0FFh
seg000:0173                 call    word ptr cs:1102h
seg000:0178
seg000:0178 loc_178:
seg000:0178                 mov     ch, cl
seg000:017A                 mov     dl, 3
seg000:017C                 xor     dh, dh
seg000:017E
seg000:017E loc_17E:
seg000:017E                 shr     ch, 1
seg000:0180                 sbb     al, al
seg000:0182                 jnz     short loc_199
seg000:0184                 mov     al, dh
seg000:0186                 add     al, al
seg000:0188                 inc     al
seg000:018A                 add     al, al
seg000:018C                 add     al, al
seg000:018E                 add     al, al
seg000:0190                 add     al, al
seg000:0192                 or      al, 8Fh
seg000:0194                 call    word ptr cs:1102h
seg000:0199
seg000:0199 loc_199:
seg000:0199                 inc     dh
seg000:019B                 dec     dl
seg000:019D                 jnz     short loc_17E
seg000:019F                 retn
seg000:019F music_fn5       endp
seg000:019F
seg000:01A0
seg000:01A0 ; =============== S U B R O U T I N E =======================================
seg000:01A0
seg000:01A0
seg000:01A0 music_fn6       proc near
seg000:01A0
seg000:01A0 ; FUNCTION CHUNK AT seg000:01F6 SIZE 00000017 BYTES
seg000:01A0
seg000:01A0                 or      cl, cl
seg000:01A2                 jnz     short loc_1F6
seg000:01A4                 mov     di, offset byte_C49
seg000:01A7                 test    byte ptr es:[di+2Bh], 0FFh
seg000:01AC                 jz      short loc_1B1
seg000:01AE                 call    sub_1EE
seg000:01B1
seg000:01B1 loc_1B1:
seg000:01B1                 add     di, 44
seg000:01B4                 test    byte ptr es:[di+2Bh], 0FFh
seg000:01B9                 jz      short loc_1BE
seg000:01BB                 call    sub_1EE
seg000:01BE
seg000:01BE loc_1BE:
seg000:01BE                 test    byte ptr es:26h, 0FFh
seg000:01C4                 jz      short loc_1C9
seg000:01C6                 jmp     sub_3D2
seg000:01C9 ; ---------------------------------------------------------------------------
seg000:01C9
seg000:01C9 loc_1C9:
seg000:01C9                 test    byte ptr es:0Bh, 0FFh
seg000:01CF                 jz      short loc_1D4
seg000:01D1                 jmp     sub_3D2
seg000:01D4 ; ---------------------------------------------------------------------------
seg000:01D4
seg000:01D4 loc_1D4:
seg000:01D4                 test    byte ptr es:28h, 0FFh
seg000:01DA                 jz      short loc_1DF
seg000:01DC                 jmp     sub_3D2
seg000:01DF ; ---------------------------------------------------------------------------
seg000:01DF
seg000:01DF loc_1DF:
seg000:01DF                 mov     ds, es:word_CBF
seg000:01E4                 mov     al, 4
seg000:01E6                 call    sub_3B1
seg000:01E9                 mov     al, 5
seg000:01EB                 jmp     sub_3B1
seg000:01EB music_fn6       endp
seg000:01EB
seg000:01EE
seg000:01EE ; =============== S U B R O U T I N E =======================================
seg000:01EE
seg000:01EE
seg000:01EE sub_1EE         proc near
seg000:01EE
seg000:01EE ; FUNCTION CHUNK AT seg000:0778 SIZE 0000002E BYTES
seg000:01EE
seg000:01EE                 mov     byte ptr es:[di+2Bh], 0
seg000:01F3                 jmp     loc_778
seg000:01F3 sub_1EE         endp
seg000:01F3
seg000:01F6 ; ---------------------------------------------------------------------------
seg000:01F6 ; START OF FUNCTION CHUNK FOR music_fn6
seg000:01F6
seg000:01F6 loc_1F6:
seg000:01F6                 mov     di, offset byte_C49
seg000:01F9                 shr     cl, 1
seg000:01FB                 sbb     al, al
seg000:01FD                 mov     es:[di+2Bh], al
seg000:0201                 add     di, 2Ch ; ','
seg000:0204                 shr     cl, 1
seg000:0206                 sbb     al, al
seg000:0208                 mov     es:[di+2Bh], al
seg000:020C                 retn
seg000:020C ; END OF FUNCTION CHUNK FOR music_fn6
seg000:020D
seg000:020D ; =============== S U B R O U T I N E =======================================
seg000:020D
seg000:020D
seg000:020D music_fn7       proc near
seg000:020D                 not     cl
seg000:020F                 mov     cs:76h, cl
seg000:0214                 mov     al, cl
seg000:0216                 and     al, 3Fh
seg000:0218                 mov     ah, 7
seg000:021A                 jmp     word ptr cs:1102h
seg000:021A music_fn7       endp
seg000:021A
seg000:021F
seg000:021F ; =============== S U B R O U T I N E =======================================
seg000:021F
seg000:021F
seg000:021F sub_21F         proc near
seg000:021F                 cld
seg000:0220                 push    cs
seg000:0221                 pop     es
seg000:0222                 assume es:seg000
seg000:0222                 mov     di, offset byte_B99
seg000:0225                 mov     cx, 302
seg000:0228                 xor     al, al
seg000:022A                 rep stosb
seg000:022C                 mov     es:21h, al
seg000:0230                 mov     es:22h, al
seg000:0234                 mov     es:23h, al
seg000:0238                 mov     es:24h, al
seg000:023C                 mov     es:25h, al
seg000:0240                 not     al
seg000:0242                 mov     es:26h, al
seg000:0246                 retn
seg000:0246 sub_21F         endp
seg000:0246
seg000:0247
seg000:0247 ; =============== S U B R O U T I N E =======================================
seg000:0247
seg000:0247
seg000:0247 music_fn0       proc near
seg000:0247                 call    sub_21F
seg000:024A                 call    sub_3D2
seg000:024D                 mov     ax, 120h
seg000:0250                 call    loc_B11
seg000:0253                 mov     es:word_CBD, si
seg000:0258                 mov     es:word_CBF, ds
seg000:025D                 mov     dx, si
seg000:025F                 inc     si
seg000:0260                 mov     di, offset byte_B99
seg000:0263                 mov     cx, 6
seg000:0266                 xor     bl, bl
seg000:0268
seg000:0268 loc_268:
seg000:0268                 call    sub_350
seg000:026B                 add     di, 44
seg000:026E                 inc     bl
seg000:0270                 loop    loc_268
seg000:0272                 add     si, 6
seg000:0275                 mov     di, offset byte_CA1
seg000:0278                 call    sub_376
seg000:027B                 mov     byte ptr es:[di+0Ch], 80h
seg000:0280                 lodsw
seg000:0281                 add     ax, dx
seg000:0283                 mov     es:word_CC1, ax
seg000:0287                 lodsw
seg000:0288                 lodsw
seg000:0289                 add     ax, dx
seg000:028B                 mov     es:word_CC3, ax
seg000:028F                 mov     ax, 0BD20h
seg000:0292                 call    loc_B11
seg000:0295                 xor     al, al
seg000:0297                 mov     es:24h, al
seg000:029B                 mov     es:26h, al
seg000:029F                 mov     es:byte_CBB, al
seg000:02A3                 mov     es:byte_CBC, al
seg000:02A7                 inc     al
seg000:02A9                 mov     es:byte_CB9, al
seg000:02AD                 mov     es:byte_CC6, al
seg000:02B1                 mov     es:byte_CB7, 7Fh
seg000:02B7                 mov     es:byte_CB8, 0
seg000:02BD                 mov     es:byte_CC5, 0
seg000:02C3                 push    cs
seg000:02C4                 pop     ds
seg000:02C5                 assume ds:seg000
seg000:02C5                 mov     si, offset byte_B7E
seg000:02C8                 mov     bl, 6
seg000:02CA                 call    sub_30D
seg000:02CD                 mov     bl, 7
seg000:02CF                 call    sub_30D
seg000:02D2                 mov     bl, 8
seg000:02D4                 call    sub_30D
seg000:02D7                 mov     cx, 520h
seg000:02DA                 add     ah, 0A6h
seg000:02DD                 mov     al, cl
seg000:02DF                 call    loc_B11
seg000:02E2                 mov     ah, 0B6h
seg000:02E4                 mov     al, ch
seg000:02E6                 call    loc_B11
seg000:02E9                 mov     cx, 550h
seg000:02EC                 mov     ah, 0A7h
seg000:02EE                 mov     al, cl
seg000:02F0                 call    loc_B11
seg000:02F3                 add     ah, 0B7h
seg000:02F6                 mov     al, ch
seg000:02F8                 call    loc_B11
seg000:02FB                 mov     cx, 3C0h
seg000:02FE                 mov     ah, 0A8h
seg000:0300                 mov     al, cl
seg000:0302                 call    loc_B11
seg000:0305                 add     ah, 0B8h
seg000:0308                 mov     al, ch
seg000:030A                 jmp     loc_B11
seg000:030A music_fn0       endp
seg000:030A
seg000:030D
seg000:030D ; =============== S U B R O U T I N E =======================================
seg000:030D
seg000:030D
seg000:030D sub_30D         proc near
seg000:030D                 push    bx
seg000:030E                 xor     bh, bh
seg000:0310                 mov     ah, byte_B75[bx]
seg000:0314                 add     ah, 20h ; ' '
seg000:0317                 mov     cx, 4
seg000:031A
seg000:031A loc_31A:
seg000:031A                 lodsb
seg000:031B                 call    loc_B11
seg000:031E                 add     ah, 3
seg000:0321                 lodsb
seg000:0322                 call    loc_B11
seg000:0325                 add     ah, 1Dh
seg000:0328                 loop    loc_31A
seg000:032A                 add     ah, 40h ; '@'
seg000:032D                 lodsb
seg000:032E                 rol     al, 1
seg000:0330                 rol     al, 1
seg000:0332                 call    loc_B11
seg000:0335                 add     ah, 3
seg000:0338                 rol     al, 1
seg000:033A                 rol     al, 1
seg000:033C                 call    loc_B11
seg000:033F                 pop     bx
seg000:0340                 mov     ah, bl
seg000:0342                 ror     al, 1
seg000:0344                 ror     al, 1
seg000:0346                 ror     al, 1
seg000:0348                 ror     al, 1
seg000:034A                 add     ah, 0C0h
seg000:034D                 jmp     loc_B11
seg000:034D sub_30D         endp
seg000:034D
seg000:0350
seg000:0350 ; =============== S U B R O U T I N E =======================================
seg000:0350
seg000:0350
seg000:0350 sub_350         proc near
seg000:0350                 call    sub_376
seg000:0353                 mov     byte ptr es:[di+10h], 3
seg000:0358                 mov     es:[di+0Ch], bl
seg000:035C                 mov     byte ptr es:[di+12h], 1
seg000:0361                 mov     byte ptr es:[di+0Fh], 7Fh
seg000:0366                 mov     byte ptr es:[di+18h], 0
seg000:036B                 and     byte ptr es:[di+0Dh], 0BFh
seg000:0370                 mov     byte ptr es:[di+11h], 0
seg000:0375                 retn
seg000:0375 sub_350         endp
seg000:0375
seg000:0376
seg000:0376 ; =============== S U B R O U T I N E =======================================
seg000:0376
seg000:0376
seg000:0376 sub_376         proc near
seg000:0376                 lodsw
seg000:0377                 add     ax, dx
seg000:0379                 mov     es:[di], ax
seg000:037C                 mov     es:[di+2], ax
seg000:0380                 mov     byte ptr es:[di+0Eh], 1
seg000:0385                 retn
seg000:0385 sub_376         endp
seg000:0385
seg000:0386 ; ---------------------------------------------------------------------------
seg000:0386 ; START OF FUNCTION CHUNK FOR music_fn2
seg000:0386 ;   ADDITIONAL PARENT FUNCTION music_fn3
seg000:0386
seg000:0386 loc_386:
seg000:0386                 push    cs
seg000:0387                 pop     ds
seg000:0388                 mov     si, offset byte_B7E
seg000:038B                 mov     bl, 6
seg000:038D                 call    sub_30D
seg000:0390                 mov     bl, 7
seg000:0392                 call    sub_30D
seg000:0395                 mov     bl, 8
seg000:0397                 call    sub_30D
seg000:039A                 mov     di, offset byte_CA1
seg000:039D                 call    sub_988
seg000:03A0                 xor     al, al
seg000:03A2                 mov     cx, 6
seg000:03A5
seg000:03A5 loc_3A5:
seg000:03A5                 push    cx
seg000:03A6                 push    ax
seg000:03A7                 call    sub_3B1
seg000:03AA                 pop     ax
seg000:03AB                 inc     al
seg000:03AD                 pop     cx
seg000:03AE                 loop    loc_3A5
seg000:03B0                 retn
seg000:03B0 ; END OF FUNCTION CHUNK FOR music_fn2
seg000:03B1
seg000:03B1 ; =============== S U B R O U T I N E =======================================
seg000:03B1
seg000:03B1
seg000:03B1 sub_3B1         proc near
seg000:03B1                 push    cs
seg000:03B2                 pop     es
seg000:03B3                 mov     ds, es:word_CBF
seg000:03B8                 assume ds:nothing
seg000:03B8                 mov     cl, 2Ch ; ','
seg000:03BA                 mul     cl
seg000:03BC                 add     ax, offset byte_B99
seg000:03BF                 mov     di, ax
seg000:03C1                 mov     si, es:[di+29h]
seg000:03C5                 jmp     sub_5AF
seg000:03C5 sub_3B1         endp
seg000:03C5
seg000:03C8
seg000:03C8 ; =============== S U B R O U T I N E =======================================
seg000:03C8
seg000:03C8
seg000:03C8 music_fn1       proc near
seg000:03C8                 call    sub_3D2
seg000:03CB                 mov     byte ptr es:26h, 0FFh
seg000:03D1                 retn
seg000:03D1 music_fn1       endp
seg000:03D1
seg000:03D2
seg000:03D2 ; =============== S U B R O U T I N E =======================================
seg000:03D2
seg000:03D2
seg000:03D2 sub_3D2         proc near
seg000:03D2                 mov     ax, 0BD00h
seg000:03D5                 call    loc_B11
seg000:03D8                 mov     cx, 9
seg000:03DB                 mov     ah, 0B0h
seg000:03DD
seg000:03DD loc_3DD:
seg000:03DD                 call    loc_B11
seg000:03E0                 inc     ah
seg000:03E2                 loop    loc_3DD
seg000:03E4                 retn
seg000:03E4 sub_3D2         endp
seg000:03E4
seg000:03E5
seg000:03E5 ; =============== S U B R O U T I N E =======================================
seg000:03E5
seg000:03E5
seg000:03E5 sub_3E5         proc far
seg000:03E5                 cld
seg000:03E6                 call    sub_3EA
seg000:03E9                 retf
seg000:03E9 sub_3E5         endp
seg000:03E9
seg000:03EA
seg000:03EA ; =============== S U B R O U T I N E =======================================
seg000:03EA
seg000:03EA
seg000:03EA sub_3EA         proc near
seg000:03EA
seg000:03EA ; FUNCTION CHUNK AT seg000:08A9 SIZE 000000DF BYTES
seg000:03EA ; FUNCTION CHUNK AT seg000:09C6 SIZE 0000013A BYTES
seg000:03EA
seg000:03EA                 test    byte ptr cs:26h, 0FFh
seg000:03F0                 jz      short loc_3F3
seg000:03F2                 retn
seg000:03F3 ; ---------------------------------------------------------------------------
seg000:03F3
seg000:03F3 loc_3F3:
seg000:03F3                 test    byte ptr cs:0Bh, 0FFh
seg000:03F9                 jz      short loc_3FC
seg000:03FB                 retn
seg000:03FC ; ---------------------------------------------------------------------------
seg000:03FC
seg000:03FC loc_3FC:
seg000:03FC                 dec     cs:byte_CC6
seg000:0401                 jz      short loc_404
seg000:0403                 retn
seg000:0404 ; ---------------------------------------------------------------------------
seg000:0404
seg000:0404 loc_404:
seg000:0404                 mov     cs:byte_CC6, 2
seg000:040A                 push    cs
seg000:040B                 pop     es
seg000:040C                 mov     ds, es:word_CBF
seg000:0411                 test    byte ptr es:24h, 0FFh ; byte_FF24 - 0FF00h
seg000:0417                 jz      short loc_425
seg000:0419                 call    sub_463
seg000:041C                 test    byte ptr es:26h, 0FFh ; byte_FF26 - 0FF00h
seg000:0422                 jz      short loc_425
seg000:0424                 retn
seg000:0425 ; ---------------------------------------------------------------------------
seg000:0425
seg000:0425 loc_425:
seg000:0425                 not     es:byte_CBB
seg000:042A                 mov     al, es:byte_CB7
seg000:042E                 add     es:byte_CB8, al
seg000:0433                 sbb     al, al
seg000:0435                 mov     es:byte_CBA, al
seg000:0439                 mov     di, offset byte_B99
seg000:043C                 call    sub_49D
seg000:043F                 mov     di, offset byte_BC5
seg000:0442                 call    sub_49D
seg000:0445                 mov     di, offset byte_BF1
seg000:0448                 call    sub_49D
seg000:044B                 mov     di, offset byte_C1D
seg000:044E                 call    sub_49D
seg000:0451                 mov     di, offset byte_C49
seg000:0454                 call    sub_49D
seg000:0457                 mov     di, offset byte_C75
seg000:045A                 call    sub_49D
seg000:045D                 mov     di, offset byte_CA1
seg000:0460                 jmp     loc_8A9
seg000:0460 sub_3EA         endp ; sp-analysis failed
seg000:0460
seg000:0463
seg000:0463 ; =============== S U B R O U T I N E =======================================
seg000:0463
seg000:0463
seg000:0463 sub_463         proc near
seg000:0463                 mov     es:byte_CBC, 0
seg000:0469                 dec     es:byte_CB9
seg000:046E                 jz      short loc_471
seg000:0470                 retn
seg000:0471 ; ---------------------------------------------------------------------------
seg000:0471
seg000:0471 loc_471:
seg000:0471                 mov     al, es:24h
seg000:0475                 mov     es:byte_CB9, al
seg000:0479                 mov     es:byte_CBC, 0FFh
seg000:047F                 mov     al, es:25h
seg000:0483                 add     al, 4
seg000:0485                 jnb     short loc_498
seg000:0487                 mov     byte ptr es:24h, 0
seg000:048D                 mov     byte ptr es:26h, 0FFh
seg000:0493                 call    sub_3D2
seg000:0496                 mov     al, 0FFh
seg000:0498
seg000:0498 loc_498:
seg000:0498                 mov     es:25h, al
seg000:049C                 retn
seg000:049C sub_463         endp
seg000:049C
seg000:049D
seg000:049D ; =============== S U B R O U T I N E =======================================
seg000:049D
seg000:049D
seg000:049D sub_49D         proc near
seg000:049D
seg000:049D ; FUNCTION CHUNK AT seg000:0546 SIZE 0000000C BYTES
seg000:049D ; FUNCTION CHUNK AT seg000:0574 SIZE 0000000F BYTES
seg000:049D ; FUNCTION CHUNK AT seg000:0591 SIZE 0000001E BYTES
seg000:049D ; FUNCTION CHUNK AT seg000:0699 SIZE 000000B5 BYTES
seg000:049D ; FUNCTION CHUNK AT seg000:0778 SIZE 0000002E BYTES
seg000:049D ; FUNCTION CHUNK AT seg000:09C6 SIZE 0000013A BYTES
seg000:049D
seg000:049D                 test    byte ptr es:[di+0Dh], 1
seg000:04A2                 jz      short loc_4A5
seg000:04A4                 retn
seg000:04A5 ; ---------------------------------------------------------------------------
seg000:04A5
seg000:04A5 loc_4A5:
seg000:04A5                 mov     ax, offset sub_7A6
seg000:04A8                 push    ax
seg000:04A9                 test    es:byte_CBA, 0FFh
seg000:04AF                 jz      short loc_4B2
seg000:04B1                 retn
seg000:04B2 ; ---------------------------------------------------------------------------
seg000:04B2
seg000:04B2 loc_4B2:
seg000:04B2                 dec     byte ptr es:[di+0Eh]
seg000:04B6                 jz      short loc_4CE
seg000:04B8                 mov     al, es:[di+12h]
seg000:04BC                 cmp     al, es:[di+0Eh]
seg000:04C0                 jnb     short loc_4C3
seg000:04C2                 retn
seg000:04C3 ; ---------------------------------------------------------------------------
seg000:04C3
seg000:04C3 loc_4C3:
seg000:04C3                 test    byte ptr es:[di+11h], 10h
seg000:04C8                 jz      short loc_4CB
seg000:04CA                 retn
seg000:04CB ; ---------------------------------------------------------------------------
seg000:04CB
seg000:04CB loc_4CB:
seg000:04CB                 jmp     loc_778
seg000:04CE ; ---------------------------------------------------------------------------
seg000:04CE
seg000:04CE loc_4CE:
seg000:04CE                 mov     si, es:[di]
seg000:04D1                 lodsb
seg000:04D2                 or      al, al
seg000:04D4                 js      short loc_4D9
seg000:04D6                 jmp     loc_6E8
seg000:04D9 ; ---------------------------------------------------------------------------
seg000:04D9
seg000:04D9 loc_4D9:
seg000:04D9                 mov     bx, 4D1h
seg000:04DC                 push    bx
seg000:04DD                 test    al, 40h
seg000:04DF                 jnz     short loc_4E4
seg000:04E1                 jmp     loc_598
seg000:04E4 ; ---------------------------------------------------------------------------
seg000:04E4
seg000:04E4 loc_4E4:
seg000:04E4                 cmp     al, 0D0h
seg000:04E6                 jnb     short loc_4EB
seg000:04E8                 jmp     loc_699
seg000:04EB ; ---------------------------------------------------------------------------
seg000:04EB
seg000:04EB loc_4EB:
seg000:04EB                 cmp     al, 0D8h
seg000:04ED                 jnb     short loc_4F2
seg000:04EF                 jmp     loc_6CC
seg000:04F2 ; ---------------------------------------------------------------------------
seg000:04F2
seg000:04F2 loc_4F2:
seg000:04F2                 cmp     al, 0E0h
seg000:04F4                 jnb     short loc_4F9
seg000:04F6                 jmp     loc_6D3
seg000:04F9 ; ---------------------------------------------------------------------------
seg000:04F9
seg000:04F9 loc_4F9:
seg000:04F9                 and     al, 1Fh
seg000:04FB                 add     al, al
seg000:04FD                 mov     bl, al
seg000:04FF                 xor     bh, bh
seg000:0501                 jmp     es:off_506[bx]
seg000:0501 sub_49D         endp ; sp-analysis failed
seg000:0501
seg000:0501 ; ---------------------------------------------------------------------------
seg000:0506 off_506         dw offset loc_546
seg000:0508                 dw offset loc_54C
seg000:050A                 dw offset sub_552
seg000:050C                 dw offset loc_574
seg000:050E                 dw offset loc_579
seg000:0510                 dw offset loc_57E
seg000:0512                 dw offset locret_597
seg000:0514                 dw offset loc_591
seg000:0516                 dw offset locret_597
seg000:0518                 dw offset locret_597
seg000:051A                 dw offset locret_597
seg000:051C                 dw offset locret_597
seg000:051E                 dw offset locret_597
seg000:0520                 dw offset locret_597
seg000:0522                 dw offset locret_597
seg000:0524                 dw offset locret_597
seg000:0526 off_526         dw offset loc_9C6
seg000:0528                 dw offset loc_9D9
seg000:052A                 dw offset loc_9E3
seg000:052C                 dw offset loc_9ED
seg000:052E                 dw offset loc_9F7
seg000:0530                 dw offset loc_A0D
seg000:0532                 dw offset loc_A1E
seg000:0534                 dw offset loc_A3B
seg000:0536                 dw offset loc_A58
seg000:0538                 dw offset loc_A78
seg000:053A                 dw offset loc_A82
seg000:053C                 dw offset loc_A8C
seg000:053E                 dw offset loc_A95
seg000:0540                 dw offset loc_AAA
seg000:0542                 dw offset loc_AD6
seg000:0544                 dw offset loc_AE3
seg000:0546 ; ---------------------------------------------------------------------------
seg000:0546 ; START OF FUNCTION CHUNK FOR sub_49D
seg000:0546
seg000:0546 loc_546:
seg000:0546                 lodsb
seg000:0547                 mov     es:byte_CB7, al
seg000:054B                 retn
seg000:054C ; ---------------------------------------------------------------------------
seg000:054C
seg000:054C loc_54C:
seg000:054C                 lodsb
seg000:054D                 mov     es:[di+18h], al
seg000:0551                 retn
seg000:0551 ; END OF FUNCTION CHUNK FOR sub_49D
seg000:0552
seg000:0552 ; =============== S U B R O U T I N E =======================================
seg000:0552
seg000:0552
seg000:0552 sub_552         proc near
seg000:0552                 and     byte ptr es:[di+0Dh], 0BFh
seg000:0557                 lodsb
seg000:0558                 or      al, al
seg000:055A                 jnz     short loc_55D
seg000:055C                 retn
seg000:055D ; ---------------------------------------------------------------------------
seg000:055D
seg000:055D loc_55D:
seg000:055D                 or      byte ptr es:[di+0Dh], 40h
seg000:0562                 push    di
seg000:0563                 add     di, 23h ; '#'
seg000:0566                 mov     es:[di-1], al
seg000:056A                 movsw
seg000:056B                 movsw
seg000:056C                 movsb
seg000:056D                 pop     di
seg000:056E                 and     byte ptr es:[di+11h], 0FDh
seg000:0573                 retn
seg000:0573 sub_552         endp
seg000:0573
seg000:0574 ; ---------------------------------------------------------------------------
seg000:0574 ; START OF FUNCTION CHUNK FOR sub_49D
seg000:0574
seg000:0574 loc_574:
seg000:0574                 dec     byte ptr es:[di+10h]
seg000:0578                 retn
seg000:0579 ; ---------------------------------------------------------------------------
seg000:0579
seg000:0579 loc_579:
seg000:0579                 inc     byte ptr es:[di+10h]
seg000:057D                 retn
seg000:057E ; ---------------------------------------------------------------------------
seg000:057E
seg000:057E loc_57E:
seg000:057E                 lodsb
seg000:057F                 mov     es:[di+0Fh], al
seg000:057F ; END OF FUNCTION CHUNK FOR sub_49D
seg000:0583
seg000:0583 ; =============== S U B R O U T I N E =======================================
seg000:0583
seg000:0583
seg000:0583 sub_583         proc near
seg000:0583                 mov     al, es:[di+0Ch]
seg000:0587                 add     al, al
seg000:0589                 jnb     short loc_58E
seg000:058B                 jmp     sub_988
seg000:058E ; ---------------------------------------------------------------------------
seg000:058E
seg000:058E loc_58E:
seg000:058E                 jmp     loc_630
seg000:058E sub_583         endp
seg000:058E
seg000:0591 ; ---------------------------------------------------------------------------
seg000:0591 ; START OF FUNCTION CHUNK FOR sub_49D
seg000:0591
seg000:0591 loc_591:
seg000:0591                 or      byte ptr es:[di+11h], 20h
seg000:0596                 retn
seg000:0597 ; ---------------------------------------------------------------------------
seg000:0597
seg000:0597 locret_597:
seg000:0597                 retn
seg000:0598 ; ---------------------------------------------------------------------------
seg000:0598
seg000:0598 loc_598:
seg000:0598                 and     al, 3Fh
seg000:059A                 push    si
seg000:059B                 mov     cl, 0Fh
seg000:059D                 mul     cl
seg000:059F                 add     ax, es:word_CC1
seg000:05A4                 mov     si, ax
seg000:05A6                 mov     es:[di+29h], si
seg000:05AA                 call    sub_5AF
seg000:05AD                 pop     si
seg000:05AE                 retn
seg000:05AE ; END OF FUNCTION CHUNK FOR sub_49D
seg000:05AF
seg000:05AF ; =============== S U B R O U T I N E =======================================
seg000:05AF
seg000:05AF
seg000:05AF sub_5AF         proc near
seg000:05AF                 push    si
seg000:05B0                 call    sub_552
seg000:05B3                 pop     si
seg000:05B4                 add     si, 6
seg000:05B7                 mov     bl, es:[di+0Ch]
seg000:05BB                 xor     bh, bh
seg000:05BD                 mov     ah, es:byte_B75[bx]
seg000:05C2                 mov     al, 0FFh
seg000:05C4                 add     ah, 80h
seg000:05C7                 call    sub_B00
seg000:05CA                 add     ah, 3
seg000:05CD                 call    sub_B00
seg000:05D0                 sub     ah, 43h ; 'C'
seg000:05D3                 mov     al, 0FFh
seg000:05D5                 call    sub_B00
seg000:05D8                 add     ah, 3
seg000:05DB                 call    sub_B00
seg000:05DE                 sub     ah, 23h ; '#'
seg000:05E1                 lodsb
seg000:05E2                 call    sub_B00
seg000:05E5                 add     ah, 3
seg000:05E8                 lodsb
seg000:05E9                 call    sub_B00
seg000:05EC                 add     ah, 1Dh
seg000:05EF                 lodsb
seg000:05F0                 lodsb
seg000:05F1                 add     ah, 20h ; ' '
seg000:05F4                 mov     cx, 2
seg000:05F7
seg000:05F7 loc_5F7:
seg000:05F7                 lodsb
seg000:05F8                 call    sub_B00
seg000:05FB                 add     ah, 3
seg000:05FE                 lodsb
seg000:05FF                 call    sub_B00
seg000:0602                 add     ah, 1Dh
seg000:0605                 loop    loc_5F7
seg000:0607                 add     ah, 40h ; '@'
seg000:060A                 lodsb
seg000:060B                 mov     bl, al
seg000:060D                 rol     al, 1
seg000:060F                 rol     al, 1
seg000:0611                 call    sub_B00
seg000:0614                 add     ah, 3
seg000:0617                 rol     al, 1
seg000:0619                 rol     al, 1
seg000:061B                 call    sub_B00
seg000:061E                 mov     ah, es:[di+0Ch]
seg000:0622                 mov     al, bl
seg000:0624                 and     al, 0Fh
seg000:0626                 mov     es:[di+13h], al
seg000:062A                 add     ah, 0C0h
seg000:062D                 call    sub_B00
seg000:0630
seg000:0630 loc_630:
seg000:0630                 push    si
seg000:0631                 mov     si, es:[di+29h]
seg000:0635                 mov     bl, es:[di+0Ch]
seg000:0639                 xor     bh, bh
seg000:063B                 mov     ah, es:byte_B75[bx]
seg000:0640                 add     ah, 40h ; '@'
seg000:0643                 mov     bl, es:[di+0Fh]
seg000:0647                 shr     bl, 1
seg000:0649                 mov     al, [si+8]
seg000:064C                 test    byte ptr es:[di+13h], 1
seg000:0651                 jz      short loc_66F
seg000:0653                 mov     bh, al
seg000:0655                 and     al, 3Fh
seg000:0657                 add     al, bl
seg000:0659                 mov     dl, es:25h
seg000:065E                 shr     dl, 1
seg000:0660                 shr     dl, 1
seg000:0662                 add     al, dl
seg000:0664                 cmp     al, 40h ; '@'
seg000:0666                 jb      short loc_66A
seg000:0668                 mov     al, 3Fh ; '?'
seg000:066A
seg000:066A loc_66A:
seg000:066A                 and     bh, 0C0h
seg000:066D                 or      al, bh
seg000:066F
seg000:066F loc_66F:
seg000:066F                 call    sub_B00
seg000:0672                 add     ah, 3
seg000:0675                 mov     al, [si+9]
seg000:0678                 mov     bh, al
seg000:067A                 and     al, 3Fh
seg000:067C                 add     al, bl
seg000:067E                 mov     dl, es:25h
seg000:0683                 shr     dl, 1
seg000:0685                 shr     dl, 1
seg000:0687                 add     al, dl
seg000:0689                 cmp     al, 40h ; '@'
seg000:068B                 jb      short loc_68F
seg000:068D                 mov     al, 3Fh ; '?'
seg000:068F
seg000:068F loc_68F:
seg000:068F                 and     bh, 0C0h
seg000:0692                 or      al, bh
seg000:0694                 call    sub_B00
seg000:0697                 pop     si
seg000:0698                 retn
seg000:0698 sub_5AF         endp
seg000:0698
seg000:0699 ; ---------------------------------------------------------------------------
seg000:0699 ; START OF FUNCTION CHUNK FOR sub_49D
seg000:0699
seg000:0699 loc_699:
seg000:0699                 mov     bl, es:[di+0Fh]
seg000:069D                 and     al, 0Fh
seg000:069F                 shl     al, 1
seg000:06A1                 shl     al, 1
seg000:06A3                 shl     al, 1
seg000:06A5                 shl     al, 1
seg000:06A7                 sar     al, 1
seg000:06A9                 sar     al, 1
seg000:06AB                 or      al, al
seg000:06AD                 js      short loc_6BC
seg000:06AF                 add     al, 4
seg000:06B1                 sub     bl, al
seg000:06B3                 test    bl, 0C0h
seg000:06B6                 jz      short loc_6C5
seg000:06B8                 xor     bl, bl
seg000:06BA                 jmp     short loc_6C5
seg000:06BC ; ---------------------------------------------------------------------------
seg000:06BC
seg000:06BC loc_6BC:
seg000:06BC                 sub     bl, al
seg000:06BE                 test    bl, 0C0h
seg000:06C1                 jz      short loc_6C5
seg000:06C3                 mov     bl, 3Fh ; '?'
seg000:06C5
seg000:06C5 loc_6C5:
seg000:06C5                 mov     es:[di+0Fh], bl
seg000:06C9                 jmp     loc_630
seg000:06CC ; ---------------------------------------------------------------------------
seg000:06CC
seg000:06CC loc_6CC:
seg000:06CC                 and     al, 7
seg000:06CE                 mov     es:[di+10h], al
seg000:06D2                 retn
seg000:06D3 ; ---------------------------------------------------------------------------
seg000:06D3
seg000:06D3 loc_6D3:
seg000:06D3                 xor     bx, bx
seg000:06D5                 and     al, 7
seg000:06D7                 mov     bl, al
seg000:06D9                 mov     ax, es:[di+0Ah]
seg000:06DD                 push    di
seg000:06DE                 mov     di, ax
seg000:06E0                 mov     al, [bx+di]
seg000:06E2                 pop     di
seg000:06E3                 mov     es:[di+12h], al
seg000:06E7                 retn
seg000:06E8 ; ---------------------------------------------------------------------------
seg000:06E8
seg000:06E8 loc_6E8:
seg000:06E8                 mov     es:[di], si
seg000:06EB                 and     byte ptr es:[di+11h], 0EFh
seg000:06F0                 cmp     byte ptr [si], 0E7h
seg000:06F3                 jnz     short loc_6FA
seg000:06F5                 or      byte ptr es:[di+11h], 10h
seg000:06FA
seg000:06FA loc_6FA:
seg000:06FA                 mov     dl, al
seg000:06FC                 mov     bx, es:[di+0Ah]
seg000:0700                 shr     dl, 1
seg000:0702                 shr     dl, 1
seg000:0704                 shr     dl, 1
seg000:0706                 shr     dl, 1
seg000:0708                 xor     dh, dh
seg000:070A                 add     bx, dx
seg000:070C                 mov     dl, [bx]
seg000:070E                 mov     es:[di+0Eh], dl
seg000:0712                 mov     dl, al
seg000:0714                 and     al, 0Fh
seg000:0716                 jz      short loc_778
seg000:0718                 cmp     al, 0Fh
seg000:071A                 jnz     short loc_71D
seg000:071C                 retn
seg000:071D ; ---------------------------------------------------------------------------
seg000:071D
seg000:071D loc_71D:
seg000:071D                 call    sub_74E
seg000:0720                 mov     al, es:[di+11h]
seg000:0724                 and     byte ptr es:[di+11h], 0DFh
seg000:0729                 test    al, 20h
seg000:072B                 jnz     short loc_74C
seg000:072D                 push    dx
seg000:072E                 mov     al, es:[di+22h]
seg000:0732                 mov     es:[di+1Ch], al
seg000:0736                 mov     word ptr es:[di+19h], 0
seg000:073C                 mov     byte ptr es:[di+1Bh], 80h
seg000:0741                 and     byte ptr es:[di+11h], 0FDh
seg000:0746                 pop     dx
seg000:0747                 or      byte ptr es:[di+11h], 40h
seg000:074C
seg000:074C loc_74C:
seg000:074C                 jmp     short loc_77D
seg000:074C ; END OF FUNCTION CHUNK FOR sub_49D
seg000:074E
seg000:074E ; =============== S U B R O U T I N E =======================================
seg000:074E
seg000:074E
seg000:074E sub_74E         proc near
seg000:074E                 dec     al
seg000:0750                 xor     ah, ah
seg000:0752                 mov     bx, ax
seg000:0754                 mov     al, es:byte_B69[bx]
seg000:0759                 mov     es:[di+21h], al
seg000:075D                 add     bx, bx
seg000:075F                 mov     al, es:[di+18h]
seg000:0763                 cbw
seg000:0764                 add     ax, es:word_B51[bx]
seg000:0769                 mov     ch, es:[di+10h]
seg000:076D                 shl     ch, 1
seg000:076F                 shl     ch, 1
seg000:0771                 or      ah, ch
seg000:0773                 mov     es:[di+16h], ax
seg000:0777                 retn
seg000:0777 sub_74E         endp
seg000:0777
seg000:0778 ; ---------------------------------------------------------------------------
seg000:0778 ; START OF FUNCTION CHUNK FOR sub_49D
seg000:0778 ;   ADDITIONAL PARENT FUNCTION sub_1EE
seg000:0778
seg000:0778 loc_778:
seg000:0778                 and     byte ptr es:[di+11h], 0BFh
seg000:077D
seg000:077D loc_77D:
seg000:077D                 mov     cx, es:[di+16h]
seg000:0781                 add     cx, es:[di+19h]
seg000:0785                 and     ch, 1Fh
seg000:0788                 mov     al, es:[di+11h]
seg000:078C                 and     al, 40h
seg000:078E                 shr     al, 1
seg000:0790                 or      ch, al
seg000:0792                 mov     ah, es:[di+0Ch]
seg000:0796                 add     ah, 0A0h
seg000:0799                 mov     al, cl
seg000:079B                 call    sub_B00
seg000:079E                 add     ah, 10h
seg000:07A1                 mov     al, ch
seg000:07A3                 jmp     sub_B00
seg000:07A3 ; END OF FUNCTION CHUNK FOR sub_49D
seg000:07A6
seg000:07A6 ; =============== S U B R O U T I N E =======================================
seg000:07A6
seg000:07A6
seg000:07A6 sub_7A6         proc near
seg000:07A6                 test    es:byte_CBC, 0FFh
seg000:07AC                 jz      short loc_7B1
seg000:07AE                 call    loc_630
seg000:07B1
seg000:07B1 loc_7B1:
seg000:07B1                 test    es:byte_CBB, 0FFh
seg000:07B7                 jnz     short loc_7BA
seg000:07B9                 retn
seg000:07BA ; ---------------------------------------------------------------------------
seg000:07BA
seg000:07BA loc_7BA:
seg000:07BA                 test    byte ptr es:[di+0Dh], 40h
seg000:07BF                 jnz     short loc_7C2
seg000:07C1                 retn
seg000:07C2 ; ---------------------------------------------------------------------------
seg000:07C2
seg000:07C2 loc_7C2:
seg000:07C2                 dec     byte ptr es:[di+1Ch]
seg000:07C6                 jz      short loc_7C9
seg000:07C8                 retn
seg000:07C9 ; ---------------------------------------------------------------------------
seg000:07C9
seg000:07C9 loc_7C9:
seg000:07C9                 test    byte ptr es:[di+11h], 2
seg000:07CE                 jnz     short loc_83D
seg000:07D0                 test    byte ptr es:[di+0Ch], 20h
seg000:07D5                 jnz     short loc_7F1
seg000:07D7                 mov     al, es:[di+23h]
seg000:07DB                 mul     byte ptr es:[di+21h]
seg000:07DF                 mov     es:[di+1Dh], ax
seg000:07E3                 mov     al, es:[di+24h]
seg000:07E7                 mul     byte ptr es:[di+21h]
seg000:07EB                 mov     es:[di+1Fh], ax
seg000:07EF                 jmp     short loc_813
seg000:07F1 ; ---------------------------------------------------------------------------
seg000:07F1
seg000:07F1 loc_7F1:
seg000:07F1                 mov     al, es:[di+23h]
seg000:07F5                 mul     byte ptr es:[di+21h]
seg000:07F9                 mov     dx, ax
seg000:07FB                 mov     al, es:[di+24h]
seg000:07FF                 mul     byte ptr es:[di+21h]
seg000:0803                 mov     cl, es:[di+10h]
seg000:0807                 shr     ax, cl
seg000:0809                 shr     dx, cl
seg000:080B                 mov     es:[di+1Fh], ax
seg000:080F                 mov     es:[di+1Dh], dx
seg000:0813
seg000:0813 loc_813:
seg000:0813                 mov     al, es:[di+25h]
seg000:0817                 mov     ah, es:[di+27h]
seg000:081B                 and     ah, 80h
seg000:081E                 jz      short loc_824
seg000:0820                 mov     al, es:[di+26h]
seg000:0824
seg000:0824 loc_824:
seg000:0824                 shr     al, 1
seg000:0826                 mov     es:[di+28h], al
seg000:082A                 mov     byte ptr es:[di+1Bh], 80h
seg000:082F                 and     byte ptr es:[di+0Dh], 7Fh
seg000:0834                 or      es:[di+0Dh], ah
seg000:0838                 or      byte ptr es:[di+11h], 2
seg000:083D
seg000:083D loc_83D:
seg000:083D                 mov     al, es:[di+27h]
seg000:0841                 and     al, 1Fh
seg000:0843                 mov     es:[di+1Ch], al
seg000:0847                 dec     byte ptr es:[di+28h]
seg000:084B                 jnz     short loc_870
seg000:084D                 test    byte ptr es:[di+0Dh], 80h
seg000:0852                 jz      short loc_863
seg000:0854                 mov     al, es:[di+25h]
seg000:0858                 mov     es:[di+28h], al
seg000:085C                 and     byte ptr es:[di+0Dh], 7Fh
seg000:0861                 jmp     short loc_870
seg000:0863 ; ---------------------------------------------------------------------------
seg000:0863
seg000:0863 loc_863:
seg000:0863                 mov     al, es:[di+26h]
seg000:0867                 mov     es:[di+28h], al
seg000:086B                 or      byte ptr es:[di+0Dh], 80h
seg000:0870
seg000:0870 loc_870:
seg000:0870                 test    byte ptr es:[di+0Dh], 80h
seg000:0875                 jnz     short loc_890
seg000:0877                 mov     cx, es:[di+1Dh]
seg000:087B                 add     es:[di+1Bh], cl
seg000:087F                 adc     ch, 0
seg000:0882                 jnz     short loc_885
seg000:0884                 retn
seg000:0885 ; ---------------------------------------------------------------------------
seg000:0885
seg000:0885 loc_885:
seg000:0885                 mov     cl, ch
seg000:0887                 xor     ch, ch
seg000:0889                 add     es:[di+19h], cx
seg000:088D                 jmp     loc_77D
seg000:0890 ; ---------------------------------------------------------------------------
seg000:0890
seg000:0890 loc_890:
seg000:0890                 mov     cx, es:[di+1Fh]
seg000:0894                 sub     es:[di+1Bh], cl
seg000:0898                 adc     ch, 0
seg000:089B                 jnz     short loc_89E
seg000:089D                 retn
seg000:089E ; ---------------------------------------------------------------------------
seg000:089E
seg000:089E loc_89E:
seg000:089E                 mov     cl, ch
seg000:08A0                 xor     ch, ch
seg000:08A2                 sub     es:[di+19h], cx
seg000:08A6                 jmp     loc_77D
seg000:08A6 sub_7A6         endp
seg000:08A6
seg000:08A9 ; ---------------------------------------------------------------------------
seg000:08A9 ; START OF FUNCTION CHUNK FOR sub_3EA
seg000:08A9
seg000:08A9 loc_8A9:
seg000:08A9                 test    byte ptr es:[di+0Dh], 1
seg000:08AE                 jz      short loc_8B1
seg000:08B0                 retn
seg000:08B1 ; ---------------------------------------------------------------------------
seg000:08B1
seg000:08B1 loc_8B1:
seg000:08B1                 test    byte ptr es:24h, 0FFh
seg000:08B7                 jz      short loc_8BC
seg000:08B9                 call    sub_583
seg000:08BC
seg000:08BC loc_8BC:
seg000:08BC                 test    es:byte_CBA, 0FFh
seg000:08C2                 jz      short loc_8C5
seg000:08C4                 retn
seg000:08C5 ; ---------------------------------------------------------------------------
seg000:08C5
seg000:08C5 loc_8C5:
seg000:08C5                 dec     byte ptr es:[di+0Eh]
seg000:08C9                 jz      short loc_8CC
seg000:08CB                 retn
seg000:08CC ; ---------------------------------------------------------------------------
seg000:08CC
seg000:08CC loc_8CC:
seg000:08CC                 mov     si, es:[di]
seg000:08CF                 lodsb
seg000:08D0                 or      al, al
seg000:08D2                 jns     short loc_8F8
seg000:08D4                 mov     cx, 8CFh
seg000:08D7                 push    cx
seg000:08D8                 cmp     al, 0A0h
seg000:08DA                 jb      short loc_932
seg000:08DC                 cmp     al, 0C8h
seg000:08DE                 jb      short loc_945
seg000:08E0                 cmp     al, 0CDh
seg000:08E2                 jb      short loc_956
seg000:08E4                 cmp     al, 0D2h
seg000:08E6                 jnb     short loc_8EB
seg000:08E8                 jmp     loc_979
seg000:08EB ; ---------------------------------------------------------------------------
seg000:08EB
seg000:08EB loc_8EB:
seg000:08EB                 and     al, 0Fh
seg000:08ED                 add     al, al
seg000:08EF                 mov     bl, al
seg000:08F1                 xor     bh, bh
seg000:08F3                 jmp     es:off_526[bx]
seg000:08F8 ; ---------------------------------------------------------------------------
seg000:08F8
seg000:08F8 loc_8F8:
seg000:08F8                 mov     dl, al
seg000:08FA                 and     al, 1Fh
seg000:08FC                 jz      short loc_91E
seg000:08FE                 not     al
seg000:0900                 and     al, 1Fh
seg000:0902                 and     al, es:[di+15h]
seg000:0906                 or      al, 20h
seg000:0908                 mov     ah, 0BDh
seg000:090A                 call    sub_B08
seg000:090D                 mov     al, dl
seg000:090F                 and     al, 1Fh
seg000:0911                 or      al, 20h
seg000:0913                 or      es:[di+15h], al
seg000:0917                 mov     al, es:[di+15h]
seg000:091B                 call    sub_B08
seg000:091E
seg000:091E loc_91E:
seg000:091E                 test    dl, 20h
seg000:0921                 jz      short loc_926
seg000:0923                 lodsb
seg000:0924                 jmp     short loc_92A
seg000:0926 ; ---------------------------------------------------------------------------
seg000:0926
seg000:0926 loc_926:
seg000:0926                 mov     al, es:[di+14h]
seg000:092A
seg000:092A loc_92A:
seg000:092A                 mov     es:[di+0Eh], al
seg000:092E                 mov     es:[di], si
seg000:0931                 retn
seg000:0932 ; ---------------------------------------------------------------------------
seg000:0932
seg000:0932 loc_932:
seg000:0932                 not     al
seg000:0934                 and     al, 1Fh
seg000:0936                 and     al, es:[di+15h]
seg000:093A                 or      al, 20h
seg000:093C                 mov     es:[di+15h], al
seg000:0940                 mov     ah, 0BDh
seg000:0942                 jmp     sub_B08
seg000:0945 ; ---------------------------------------------------------------------------
seg000:0945
seg000:0945 loc_945:
seg000:0945                 and     al, 7
seg000:0947                 mov     bx, es:[di+0Ah]
seg000:094B                 xor     ah, ah
seg000:094D                 add     bx, ax
seg000:094F                 mov     al, [bx]
seg000:0951                 mov     es:[di+14h], al
seg000:0955                 retn
seg000:0956 ; ---------------------------------------------------------------------------
seg000:0956
seg000:0956 loc_956:
seg000:0956                 sub     al, 0C8h
seg000:0958                 mov     bl, al
seg000:095A                 xor     bh, bh
seg000:095C                 lodsb
seg000:095D                 mov     ah, es:[bx+di+0Fh]
seg000:0961                 and     ah, 3Fh
seg000:0964                 add     ah, al
seg000:0966                 or      ah, ah
seg000:0968                 jns     short loc_96C
seg000:096A                 xor     ah, ah
seg000:096C
seg000:096C loc_96C:
seg000:096C                 cmp     ah, 40h ; '@'
seg000:096F                 jb      short loc_973
seg000:0971                 mov     ah, 3Fh ; '?'
seg000:0973
seg000:0973 loc_973:
seg000:0973                 mov     es:[bx+di+0Fh], ah
seg000:0977                 jmp     short sub_988
seg000:0979 ; ---------------------------------------------------------------------------
seg000:0979
seg000:0979 loc_979:
seg000:0979                 sub     al, 0CDh
seg000:097B                 mov     bl, al
seg000:097D                 xor     bh, bh
seg000:097F                 lodsb
seg000:0980                 add     al, al
seg000:0982                 add     al, al
seg000:0984                 mov     es:[bx+di+0Fh], al
seg000:0984 ; END OF FUNCTION CHUNK FOR sub_3EA
seg000:0988
seg000:0988 ; =============== S U B R O U T I N E =======================================
seg000:0988
seg000:0988
seg000:0988 sub_988         proc near
seg000:0988                 mov     dl, es:25h
seg000:098D                 shr     dl, 1
seg000:098F                 shr     dl, 1
seg000:0991                 mov     al, es:[di+0Fh]
seg000:0995                 mov     ah, 53h ; 'S'
seg000:0997                 call    sub_9BB
seg000:099A                 mov     al, es:[di+10h]
seg000:099E                 mov     ah, 51h ; 'Q'
seg000:09A0                 call    sub_9BB
seg000:09A3                 mov     al, es:[di+11h]
seg000:09A7                 mov     ah, 54h ; 'T'
seg000:09A9                 call    sub_9BB
seg000:09AC                 mov     al, es:[di+12h]
seg000:09B0                 mov     ah, 52h ; 'R'
seg000:09B2                 call    sub_9BB
seg000:09B5                 mov     al, es:[di+13h]
seg000:09B9                 mov     ah, 55h ; 'U'
seg000:09B9 sub_988         endp
seg000:09B9
seg000:09BB
seg000:09BB ; =============== S U B R O U T I N E =======================================
seg000:09BB
seg000:09BB
seg000:09BB sub_9BB         proc near
seg000:09BB                 add     al, dl
seg000:09BD                 cmp     al, 40h ; '@'
seg000:09BF                 jb      short loc_9C3
seg000:09C1                 mov     al, 3Fh ; '?'
seg000:09C3
seg000:09C3 loc_9C3:
seg000:09C3                 jmp     sub_B08
seg000:09C3 sub_9BB         endp
seg000:09C3
seg000:09C6 ; ---------------------------------------------------------------------------
seg000:09C6 ; START OF FUNCTION CHUNK FOR sub_49D
seg000:09C6 ;   ADDITIONAL PARENT FUNCTION sub_3EA
seg000:09C6
seg000:09C6 loc_9C6:
seg000:09C6                 lodsb
seg000:09C7                 shl     al, 1
seg000:09C9                 shl     al, 1
seg000:09CB                 shl     al, 1
seg000:09CD                 xor     ah, ah
seg000:09CF                 add     ax, es:word_CC3
seg000:09D4                 mov     es:[di+0Ah], ax
seg000:09D8                 retn
seg000:09D9 ; ---------------------------------------------------------------------------
seg000:09D9
seg000:09D9 loc_9D9:
seg000:09D9                 lodsb
seg000:09DA                 xor     ah, ah
seg000:09DC                 mov     bx, ax
seg000:09DE                 inc     byte ptr es:[bx+21h]
seg000:09E2                 retn
seg000:09E3 ; ---------------------------------------------------------------------------
seg000:09E3
seg000:09E3 loc_9E3:
seg000:09E3                 lodsb
seg000:09E4                 xor     ah, ah
seg000:09E6                 mov     bx, ax
seg000:09E8                 dec     byte ptr es:[bx+21h]
seg000:09EC                 retn
seg000:09ED ; ---------------------------------------------------------------------------
seg000:09ED
seg000:09ED loc_9ED:
seg000:09ED                 lodsw
seg000:09EE                 mov     bx, ax
seg000:09F0                 xor     bh, bh
seg000:09F2                 mov     es:[bx+21h], ah
seg000:09F6                 retn
seg000:09F7 ; ---------------------------------------------------------------------------
seg000:09F7
seg000:09F7 loc_9F7:
seg000:09F7                 lodsw
seg000:09F8                 mov     bx, ax
seg000:09FA                 mov     dl, ah
seg000:09FC                 xor     bh, bh
seg000:09FE                 lodsw
seg000:09FF                 cmp     es:[bx+21h], dl
seg000:0A03                 jnz     short locret_A0C
seg000:0A05                 add     ax, es:word_CBD
seg000:0A0A                 mov     si, ax
seg000:0A0C
seg000:0A0C locret_A0C:
seg000:0A0C                 retn
seg000:0A0D ; ---------------------------------------------------------------------------
seg000:0A0D
seg000:0A0D loc_A0D:
seg000:0A0D                 lodsb
seg000:0A0E                 xor     bh, bh
seg000:0A10                 mov     bl, al
seg000:0A12                 and     bl, 3
seg000:0A15                 shr     al, 1
seg000:0A17                 shr     al, 1
seg000:0A19                 mov     es:[bx+di+6], al
seg000:0A1D                 retn
seg000:0A1E ; ---------------------------------------------------------------------------
seg000:0A1E
seg000:0A1E loc_A1E:
seg000:0A1E                 lodsw
seg000:0A1F                 mov     bl, ah
seg000:0A21                 rol     bl, 1
seg000:0A23                 rol     bl, 1
seg000:0A25                 and     bl, 3
seg000:0A28                 xor     bh, bh
seg000:0A2A                 dec     byte ptr es:[bx+di+6]
seg000:0A2E                 jz      short locret_A3A
seg000:0A30                 and     ax, 3FFFh
seg000:0A33                 add     ax, es:word_CBD
seg000:0A38                 mov     si, ax
seg000:0A3A
seg000:0A3A locret_A3A:
seg000:0A3A                 retn
seg000:0A3B ; ---------------------------------------------------------------------------
seg000:0A3B
seg000:0A3B loc_A3B:
seg000:0A3B                 lodsw
seg000:0A3C                 mov     bl, ah
seg000:0A3E                 rol     bl, 1
seg000:0A40                 rol     bl, 1
seg000:0A42                 and     bl, 3
seg000:0A45                 xor     bh, bh
seg000:0A47                 dec     byte ptr es:[bx+di+6]
seg000:0A4B                 jnz     short locret_A57
seg000:0A4D                 and     ax, 3FFFh
seg000:0A50                 add     ax, es:word_CBD
seg000:0A55                 mov     si, ax
seg000:0A57
seg000:0A57 locret_A57:
seg000:0A57                 retn
seg000:0A58 ; ---------------------------------------------------------------------------
seg000:0A58
seg000:0A58 loc_A58:
seg000:0A58                 lodsb
seg000:0A59                 mov     cl, al
seg000:0A5B                 lodsw
seg000:0A5C                 mov     bl, ah
seg000:0A5E                 rol     bl, 1
seg000:0A60                 rol     bl, 1
seg000:0A62                 and     bl, 3
seg000:0A65                 xor     bh, bh
seg000:0A67                 cmp     es:[bx+di+6], cl
seg000:0A6B                 jnz     short locret_A77
seg000:0A6D                 and     ax, 3FFFh
seg000:0A70                 add     ax, es:word_CBD
seg000:0A75                 mov     si, ax
seg000:0A77
seg000:0A77 locret_A77:
seg000:0A77                 retn
seg000:0A78 ; ---------------------------------------------------------------------------
seg000:0A78
seg000:0A78 loc_A78:
seg000:0A78                 lodsb
seg000:0A79                 mov     bl, al
seg000:0A7B                 xor     bh, bh
seg000:0A7D                 inc     byte ptr es:[bx+di+6]
seg000:0A81                 retn
seg000:0A82 ; ---------------------------------------------------------------------------
seg000:0A82
seg000:0A82 loc_A82:
seg000:0A82                 lodsb
seg000:0A83                 mov     bl, al
seg000:0A85                 xor     bh, bh
seg000:0A87                 dec     byte ptr es:[bx+di+6]
seg000:0A8B                 retn
seg000:0A8C ; ---------------------------------------------------------------------------
seg000:0A8C
seg000:0A8C loc_A8C:
seg000:0A8C                 lodsw
seg000:0A8D                 add     ax, es:word_CBD
seg000:0A92                 mov     si, ax
seg000:0A94                 retn
seg000:0A95 ; ---------------------------------------------------------------------------
seg000:0A95
seg000:0A95 loc_A95:
seg000:0A95                 lodsw
seg000:0A96                 mov     es:[di+2], si
seg000:0A9A                 mov     cx, es:[di+0Ah]
seg000:0A9E                 mov     es:[di+4], cx
seg000:0AA2                 add     ax, es:word_CBD
seg000:0AA7                 mov     si, ax
seg000:0AA9                 retn
seg000:0AAA ; ---------------------------------------------------------------------------
seg000:0AAA
seg000:0AAA loc_AAA:
seg000:0AAA                 lodsb
seg000:0AAB                 mov     cl, al
seg000:0AAD                 lodsw
seg000:0AAE                 mov     bl, ah
seg000:0AB0                 rol     bl, 1
seg000:0AB2                 rol     bl, 1
seg000:0AB4                 and     bl, 3
seg000:0AB7                 xor     bh, bh
seg000:0AB9                 cmp     es:[bx+di+6], cl
seg000:0ABD                 jnz     short locret_AD5
seg000:0ABF                 mov     es:[di+2], si
seg000:0AC3                 mov     cx, es:[di+0Ah]
seg000:0AC7                 mov     es:[di+4], cx
seg000:0ACB                 and     ax, 3FFFh
seg000:0ACE                 add     ax, es:word_CBD
seg000:0AD3                 mov     si, ax
seg000:0AD5
seg000:0AD5 locret_AD5:
seg000:0AD5                 retn
seg000:0AD6 ; ---------------------------------------------------------------------------
seg000:0AD6
seg000:0AD6 loc_AD6:
seg000:0AD6                 mov     si, es:[di+2]
seg000:0ADA                 mov     cx, es:[di+4]
seg000:0ADE                 mov     es:[di+0Ah], cx
seg000:0AE2                 retn
seg000:0AE3 ; ---------------------------------------------------------------------------
seg000:0AE3
seg000:0AE3 loc_AE3:
seg000:0AE3                 pop     cx
seg000:0AE4                 or      byte ptr es:[di+0Dh], 1
seg000:0AE9                 inc     es:byte_CC5
seg000:0AEE                 cmp     es:byte_CC5, 7
seg000:0AF4                 jz      short loc_AF7
seg000:0AF6                 retn
seg000:0AF7 ; ---------------------------------------------------------------------------
seg000:0AF7
seg000:0AF7 loc_AF7:
seg000:0AF7                 mov     byte ptr es:26h, 3Fh ; '?'
seg000:0AFD                 jmp     sub_3D2
seg000:0AFD ; END OF FUNCTION CHUNK FOR sub_49D
seg000:0B00
seg000:0B00 ; =============== S U B R O U T I N E =======================================
seg000:0B00
seg000:0B00
seg000:0B00 sub_B00         proc near
seg000:0B00                 test    byte ptr cs:[di+2Bh], 0FFh
seg000:0B05                 jz      short sub_B08
seg000:0B07                 retn
seg000:0B07 sub_B00         endp
seg000:0B07
seg000:0B08
seg000:0B08 ; =============== S U B R O U T I N E =======================================
seg000:0B08
seg000:0B08
seg000:0B08 sub_B08         proc near
seg000:0B08                 test    byte ptr cs:28h, 0FFh
seg000:0B0E                 jz      short loc_B11
seg000:0B10                 retn
seg000:0B11 ; ---------------------------------------------------------------------------
seg000:0B11
seg000:0B11 loc_B11:
seg000:0B11                 push    dx
seg000:0B12                 push    ax
seg000:0B13                 mov     dx, 388h
seg000:0B16                 xchg    ah, al
seg000:0B18                 out     dx, al
seg000:0B19                 in      al, dx
seg000:0B1A                 in      al, dx
seg000:0B1B                 in      al, dx
seg000:0B1C                 in      al, dx
seg000:0B1D                 in      al, dx
seg000:0B1E                 in      al, dx
seg000:0B1F                 in      al, dx
seg000:0B20                 in      al, dx
seg000:0B21                 in      al, dx
seg000:0B22                 in      al, dx
seg000:0B23                 mov     dx, 389h
seg000:0B26                 xchg    ah, al
seg000:0B28                 out     dx, al
seg000:0B29                 mov     dx, 388h
seg000:0B2C                 in      al, dx
seg000:0B2D                 in      al, dx
seg000:0B2E                 in      al, dx
seg000:0B2F                 in      al, dx
seg000:0B30                 in      al, dx
seg000:0B31                 in      al, dx
seg000:0B32                 in      al, dx
seg000:0B33                 in      al, dx
seg000:0B34                 in      al, dx
seg000:0B35                 in      al, dx
seg000:0B36                 in      al, dx
seg000:0B37                 in      al, dx
seg000:0B38                 in      al, dx
seg000:0B39                 in      al, dx
seg000:0B3A                 in      al, dx
seg000:0B3B                 in      al, dx
seg000:0B3C                 in      al, dx
seg000:0B3D                 in      al, dx
seg000:0B3E                 in      al, dx
seg000:0B3F                 in      al, dx
seg000:0B40                 in      al, dx
seg000:0B41                 in      al, dx
seg000:0B42                 in      al, dx
seg000:0B43                 in      al, dx
seg000:0B44                 in      al, dx
seg000:0B45                 in      al, dx
seg000:0B46                 in      al, dx
seg000:0B47                 in      al, dx
seg000:0B48                 in      al, dx
seg000:0B49                 in      al, dx
seg000:0B4A                 in      al, dx
seg000:0B4B                 in      al, dx
seg000:0B4C                 in      al, dx
seg000:0B4D                 in      al, dx
seg000:0B4E                 pop     ax
seg000:0B4F                 pop     dx
seg000:0B50                 retn
seg000:0B50 sub_B08         endp
seg000:0B50
seg000:0B50 ; ---------------------------------------------------------------------------
seg000:0B51 word_B51        dw 156h
seg000:0B53                 dw 16Bh
seg000:0B55                 dw 180h
seg000:0B57                 dw 197h
seg000:0B59                 dw 1B0h
seg000:0B5B                 dw 1C9h
seg000:0B5D                 dw 1E4h
seg000:0B5F                 dw 201h
seg000:0B61                 dw 220h
seg000:0B63                 dw 240h
seg000:0B65                 dw 263h
seg000:0B67                 dw 287h
seg000:0B69 byte_B69        db 13h, 14h, 15h, 16h, 18h, 19h, 1Bh, 1Ch, 1Eh, 20h, 22h
seg000:0B74                 db 24h
seg000:0B75 byte_B75        db 0, 1, 2, 8, 9, 0Ah, 10h, 11h, 12h
seg000:0B7E byte_B7E        db 0, 0, 0Bh, 40h, 0A8h, 0D6h, 0BCh, 0BFh, 0, 1, 0Ch, 0
seg000:0B8A                 db 0, 0D8h, 0C7h, 68h, 46h, 0Fh, 2, 88h, 0, 0, 0C8h, 0F5h
seg000:0B96                 db 67h, 65h, 0
seg000:0B99 byte_B99        db 0, 0, 0, 0, 0, 0, 0, 0, 0, 0, 0, 0, 0, 0, 0, 0, 0, 0
seg000:0BAB                 db 0, 0, 0, 0, 0, 0, 0, 0, 0, 0, 0, 0, 0, 0, 0, 0, 0, 0
seg000:0BBD                 db 0, 0, 0, 0, 0, 0, 0, 0
seg000:0BC5 byte_BC5        db 0, 0, 0, 0, 0, 0, 0, 0, 0, 0, 0, 0, 0, 0, 0, 0, 0, 0
seg000:0BD7                 db 0, 0, 0, 0, 0, 0, 0, 0, 0, 0, 0, 0, 0, 0, 0, 0, 0, 0
seg000:0BE9                 db 0, 0, 0, 0, 0, 0, 0, 0
seg000:0BF1 byte_BF1        db 0, 0, 0, 0, 0, 0, 0, 0, 0, 0, 0, 0, 0, 0, 0, 0, 0, 0
seg000:0C03                 db 0, 0, 0, 0, 0, 0, 0, 0, 0, 0, 0, 0, 0, 0, 0, 0, 0, 0
seg000:0C15                 db 0, 0, 0, 0, 0, 0, 0, 0
seg000:0C1D byte_C1D        db 0, 0, 0, 0, 0, 0, 0, 0, 0, 0, 0, 0, 0, 0, 0, 0, 0, 0
seg000:0C2F                 db 0, 0, 0, 0, 0, 0, 0, 0, 0, 0, 0, 0, 0, 0, 0, 0, 0, 0
seg000:0C41                 db 0, 0, 0, 0, 0, 0, 0, 0
seg000:0C49 byte_C49        db 0, 0, 0, 0, 0, 0, 0, 0, 0, 0, 0, 0, 0, 0, 0, 0, 0, 0
seg000:0C5B                 db 0, 0, 0, 0, 0, 0, 0, 0, 0, 0, 0, 0, 0, 0, 0, 0, 0, 0
seg000:0C6D                 db 0, 0, 0, 0, 0, 0, 0, 0
seg000:0C75 byte_C75        db 0, 0, 0, 0, 0, 0, 0, 0, 0, 0, 0, 0, 0, 0, 0, 0, 0, 0
seg000:0C87                 db 0, 0, 0, 0, 0, 0, 0, 0, 0, 0, 0, 0, 0, 0, 0, 0, 0, 0
seg000:0C99                 db 0, 0, 0, 0, 0, 0, 0, 0
seg000:0CA1 byte_CA1        db 0, 0, 0, 0, 0, 0, 0, 0, 0, 0, 0, 0, 0, 0, 0, 0, 0, 0
seg000:0CB3                 db 0, 0, 0, 0
seg000:0CB7 byte_CB7        db 0
seg000:0CB8 byte_CB8        db 0
seg000:0CB9 byte_CB9        db 0
seg000:0CBA byte_CBA        db 0
seg000:0CBB byte_CBB        db 0
seg000:0CBC byte_CBC        db 0
seg000:0CBD word_CBD        dw 0
seg000:0CBF word_CBF        dw 0
seg000:0CC1 word_CC1        dw 0
seg000:0CC3 word_CC3        dw 0
seg000:0CC5 byte_CC5        db 0
seg000:0CC6 byte_CC6        db 0
seg000:0CC6 seg000          ends
seg000:0CC6
seg000:0CC6
seg000:0CC6                 end
