seg000:A000 ;
seg000:A000 ; +-------------------------------------------------------------------------+
seg000:A000 ; |      This file was generated by The Interactive Disassembler (IDA)      |
seg000:A000 ; |           Copyright (c) 2026 Hex-Rays, <support@hex-rays.com>           |
seg000:A000 ; |                      License info: 48-2137-ACAB-69                      |
seg000:A000 ; |                             hi@hex-rays.com                             |
seg000:A000 ; +-------------------------------------------------------------------------+
seg000:A000 ;
seg000:A000 ; Input SHA256 : 738F6FF33E36685AE0908605D4DB50E4F5DF7486E098401B0BC5E033972AEE37
seg000:A000 ; Input MD5    : A1ABE114B8434AC701A1F6A02767E56C
seg000:A000 ; Input CRC32  : 1F283AEA
seg000:A000
seg000:A000 ; File Name   : /home/brox/Projects/zeliard/WORK/omoypro.bin
seg000:A000 ; Format      : Binary file
seg000:A000 ; Base Address: 0000h Range: 0000h - 0253h Loaded length: 0253h
seg000:A000
seg000:A000                 .286
seg000:A000                 .model small
seg000:A000
seg000:A000 ; ===========================================================================
seg000:A000
seg000:A000 ; Segment type: Pure code
seg000:A000 seg000          segment byte public 'CODE'
seg000:A000                 assume cs:seg000
seg000:A000                 ;org 0A000h
seg000:A000                 assume es:nothing, ss:nothing, ds:seg000
seg000:A000                 dw offset sub_A005
seg000:A002                 dw offset nullsub_1
seg000:A004
seg000:A004 ; =============== S U B R O U T I N E =======================================
seg000:A004
seg000:A004
seg000:A004 nullsub_1       proc near
seg000:A004                 retn
seg000:A004 nullsub_1       endp
seg000:A004
seg000:A005
seg000:A005 ; =============== S U B R O U T I N E =======================================
seg000:A005
seg000:A005
seg000:A005 sub_A005        proc near
seg000:A005                 mov     es, word ptr ds:0FF2Ch ; seg1
seg000:A009                 mov     di, 8000h
seg000:A00C                 mov     si, offset vfs_omoya_grp
seg000:A00F                 mov     al, 2
seg000:A011                 call    word ptr cs:10Ch ; res_dispatcher_proc
seg000:A016                 push    ds
seg000:A017                 mov     ds, word ptr cs:0FF2Ch ; seg1
seg000:A01C                 mov     si, 8000h
seg000:A01F                 mov     cx, 100h
seg000:A022                 call    word ptr cs:2044h ; Reassemble_3_Planes_To_Packed_Bitmap_proc
seg000:A027                 pop     ds
seg000:A028                 call    word ptr cs:2002h ; Clear_Viewport_proc
seg000:A02D                 call    word ptr cs:2012h ; Clear_Place_Enemy_Bar_proc
seg000:A032                 mov     si, offset in_the_hut_str
seg000:A035                 call    word ptr cs:2010h ; Render_Pascal_String_1_proc
seg000:A03A                 call    sub_A104
seg000:A03D                 test    byte ptr ds:49h, 0FFh ; is_death_already_processed
seg000:A042                 jnz     short loc_A05A
seg000:A044                 mov     byte ptr ds:0FF1Dh, 0 ; spacebar_latch
seg000:A049
seg000:A049 loc_A049:                               ;
seg000:A049                 call    word ptr cs:6016h ; npcAnimation_proc
seg000:A04E                 test    byte ptr ds:0FF1Dh, 0FFh ; spacebar_latch
seg000:A053                 jz      short loc_A049
seg000:A055                 jmp     word ptr cs:2040h ; Fade_To_Black_Dithered_proc
seg000:A05A ; ---------------------------------------------------------------------------
seg000:A05A
seg000:A05A loc_A05A:
seg000:A05A                 pop     ax
seg000:A05B                 mov     ax, cs
seg000:A05D                 mov     ds, ax
seg000:A05F                 assume ds:nothing
seg000:A05F                 mov     es, ax
seg000:A061                 assume es:nothing
seg000:A061                 mov     si, offset vfs_enddemo_bin
seg000:A064                 mov     di, 6000h
seg000:A067                 mov     al, 3
seg000:A069                 call    word ptr cs:10Ch ; res_dispatcher_proc
seg000:A06E                 mov     ax, cs
seg000:A070                 mov     es, ax
seg000:A072                 xor     bx, bx
seg000:A074                 mov     bl, ds:0FF14h   ; video_drv_id
seg000:A078                 add     bx, bx
seg000:A07A                 mov     si, ds:off_A0BB[bx]
seg000:A07E                 mov     di, 3000h
seg000:A081                 mov     al, 3
seg000:A083                 call    word ptr cs:10Ch ; res_dispatcher_proc
seg000:A088                 mov     word ptr cs:0FF50h, 0 ; tick_counter
seg000:A08F
seg000:A08F loc_A08F:                               ;
seg000:A08F                 cmp     word ptr cs:0FF50h, 300 ; tick_counter
seg000:A096                 jb      short loc_A08F
seg000:A098                 mov     bx, 0
seg000:A09B                 mov     cx, 50C8h
seg000:A09E                 call    word ptr cs:3006h ; gdmcga::Render_With_MaskErase_Callback
seg000:A0A3                 mov     byte ptr cs:0FF77h, 0FFh ; font_highlight_flag
seg000:A0A9                 jmp     word ptr ds:6000h ; go to end demo
seg000:A0A9 sub_A005        endp ; sp-analysis failed
seg000:A0A9
seg000:A0A9 ; ---------------------------------------------------------------------------
seg000:A0AD vfs_enddemo_bin db    1
seg000:A0AE                 db  33h ; 3
seg000:A0AF aEnddemoBin     db 'enddemo.bin',0
seg000:A0BB off_A0BB        dw offset unk_A0C7
seg000:A0BD                 dw offset unk_A0D3
seg000:A0BF                 dw offset unk_A0D3
seg000:A0C1                 dw offset unk_A0DF
seg000:A0C3                 dw offset unk_A0EB
seg000:A0C5                 dw offset unk_A0F8
seg000:A0C7 unk_A0C7        db    0
seg000:A0C8                 db    2
seg000:A0C9 aGdegaBin       db 'gdega.bin',0
seg000:A0D3 unk_A0D3        db    0
seg000:A0D4                 db    3
seg000:A0D5 aGdcgaBin       db 'gdcga.bin',0
seg000:A0DF unk_A0DF        db    0
seg000:A0E0                 db    4
seg000:A0E1 aGdhgcBin       db 'gdhgc.bin',0
seg000:A0EB unk_A0EB        db    0
seg000:A0EC                 db    6
seg000:A0ED aGdmcgaBin      db 'gdmcga.bin',0
seg000:A0F8 unk_A0F8        db    0
seg000:A0F9                 db    5
seg000:A0FA aGdtgaBin       db 'gdtga.bin',0
seg000:A104
seg000:A104 ; =============== S U B R O U T I N E =======================================
seg000:A104
seg000:A104
seg000:A104 sub_A104        proc near
seg000:A104                 mov     si, offset byte_A129
seg000:A107                 mov     bx, 0C1Eh
seg000:A10A                 mov     cx, 16
seg000:A10D
seg000:A10D loc_A10D:
seg000:A10D                 push    cx
seg000:A10E                 mov     cx, 17
seg000:A111
seg000:A111 loc_A111:
seg000:A111                 push    cx
seg000:A112                 push    bx
seg000:A113                 lodsb
seg000:A114                 call    word ptr cs:3016h
seg000:A119                 pop     bx
seg000:A11A                 inc     bh
seg000:A11C                 pop     cx
seg000:A11D                 loop    loc_A111
seg000:A11F                 sub     bh, 17
seg000:A122                 add     bl, 8
seg000:A125                 pop     cx
seg000:A126                 loop    loc_A10D
seg000:A128                 retn
seg000:A128 sub_A104        endp
seg000:A128
seg000:A128 ; ---------------------------------------------------------------------------
seg000:A129 byte_A129       db 0, 0, 0, 0, 0, 0, 0, 1, 2, 0, 0, 0, 0, 0, 0, 0, 0
seg000:A13A                 db 0, 0, 0, 0, 0, 0, 3, 4, 5, 6, 0, 0, 0, 0, 0, 0, 0
seg000:A14B                 db 0, 0, 0, 0, 0, 0, 7, 8, 9, 0Ah, 0, 0, 0, 0, 0, 0, 0
seg000:A15C                 db 0, 0, 0, 0, 0, 0, 0Bh, 0Ch, 0Dh, 0Eh, 0, 0, 0, 0, 0, 0, 0
seg000:A16D                 db 0, 0, 0, 0, 0, 0, 0Fh, 10h, 11h, 12h, 0, 0, 0, 0, 0, 0, 0
seg000:A17E                 db 0, 0, 0, 0, 0, 0, 13h, 14h, 15h, 16h, 0, 0, 0, 0, 0, 0, 0
seg000:A18F                 db 0, 0, 0, 0, 0, 0, 17h, 18h, 19h, 1Ah, 0, 0, 0, 0, 0, 0, 0
seg000:A1A0                 db 0, 1Bh, 1Ch, 1Dh, 1Eh, 1Fh, 20h, 21h, 22h, 23h, 0, 0, 0, 0, 0, 0, 0
seg000:A1B1                 db 24h, 25h, 26h, 27h, 28h, 29h, 2Ah, 2Bh, 2Ch, 2Dh, 0, 0, 0, 0, 0, 0, 0
seg000:A1C2                 db 2Eh, 2Fh, 30h, 31h, 32h, 33h, 34h, 35h, 36h, 37h, 38h, 0, 0, 0, 0, 0, 0
seg000:A1D3                 db 39h, 3Ah, 3Bh, 3Ch, 3Dh, 3Eh, 3Fh, 40h, 41h, 42h, 43h, 0, 0, 0, 0, 0, 0
seg000:A1E4                 db 44h, 45h, 46h, 47h, 0, 48h, 49h, 4Ah, 4Bh, 4Ch, 4Dh, 0, 0, 0, 0, 0, 0
seg000:A1F5                 db 4Eh, 4Fh, 50h, 51h, 0, 52h, 53h, 54h, 55h, 56h, 57h, 58h, 0, 0, 0, 0, 0
seg000:A206                 db 59h, 5Ah, 5Bh, 5Ch, 5Dh, 5Eh, 5Fh, 60h, 61h, 62h, 63h, 64h, 65h, 66h, 0, 0, 0
seg000:A217                 db 67h, 68h, 69h, 6Ah, 6Bh, 6Ch, 6Dh, 6Eh, 6Fh, 70h, 71h, 72h, 73h, 74h, 75h, 0, 0
seg000:A228                 db 76h, 77h, 78h, 79h, 7Ah, 7Bh, 7Ch, 7Dh, 7Eh, 7Fh, 80h, 81h, 82h, 83h, 84h, 85h, 86h
seg000:A239 vfs_omoya_grp   db    1
seg000:A23A                 db  14h
seg000:A23B aOmoyaGrp       db 'OMOYA.GRP',0
seg000:A245 in_the_hut_str  db  16h
seg000:A246                 db 0AFh
seg000:A247                 db    2
seg000:A248 aInTheHut       db 10,'In the Hut'
seg000:A248 seg000          ends
seg000:A248
seg000:A248
seg000:A248                 end
