seg000:A000 ;
seg000:A000 ; +-------------------------------------------------------------------------+
seg000:A000 ; |      This file was generated by The Interactive Disassembler (IDA)      |
seg000:A000 ; |           Copyright (c) 2026 Hex-Rays, <support@hex-rays.com>           |
seg000:A000 ; |                      License info: 48-2137-ACAB-69                      |
seg000:A000 ; |                             hi@hex-rays.com                             |
seg000:A000 ; +-------------------------------------------------------------------------+
seg000:A000 ;
seg000:A000 ; Input SHA256 : 5EE01BD482AA2C77AFE9DA52152A9637163745FFFDF0CD3EBF17778855F526A9
seg000:A000 ; Input MD5    : 4A90759D7B5A6BAF192DB1B41EC163D3
seg000:A000 ; Input CRC32  : AB6E0EC1
seg000:A000
seg000:A000 ; File Name   : /home/brox/Projects/zeliard/WORK/rokademo.bin
seg000:A000 ; Format      : Binary file
seg000:A000 ; Base Address: 0000h Range: 0000h - 05A8h Loaded length: 05A8h
seg000:A000
seg000:A000                 .286
seg000:A000                 .model small
seg000:A000
seg000:A000 ; ===========================================================================
seg000:A000
seg000:A000 ; Segment type: Pure code
seg000:A000 seg000          segment byte public 'CODE'
seg000:A000                 assume cs:seg000
seg000:A000                 ;org 0A000h
seg000:A000                 assume es:nothing, ss:nothing, ds:seg000
seg000:A000                 dw offset sub_A002
seg000:A002
seg000:A002 ; =============== S U B R O U T I N E =======================================
seg000:A002
seg000:A002
seg000:A002 sub_A002        proc near
seg000:A002                 mov     si, offset vfs_mfan_msd
seg000:A005                 mov     es, word ptr cs:0FF2Ch ; seg1
seg000:A00A                 mov     di, 3000h
seg000:A00D                 mov     al, 5           ; fn_5_load_music
seg000:A00F                 call    word ptr cs:10Ch
seg000:A014                 mov     es, word ptr cs:0FF2Ch ; seg1
seg000:A019                 mov     si, offset vfs_dman_grp
seg000:A01C                 mov     di, 6000h
seg000:A01F                 mov     al, 2
seg000:A021                 call    word ptr cs:10Ch ; fn2_segmented_load
seg000:A026                 push    ds
seg000:A027                 mov     ds, word ptr cs:0FF2Ch ; seg1
seg000:A02C                 mov     si, 6000h
seg000:A02F                 mov     bp, 0D000h
seg000:A032                 mov     cx, 100h
seg000:A035                 call    word ptr cs:3028h ; Decompress_Tile_Data
seg000:A035                                         ;  DS:SI - compressed data (will be unpacked in place)
seg000:A035                                         ;  BP - transparency masks buffer
seg000:A035                                         ;  CX - number of 8x8 tiles to decompress
seg000:A03A                 pop     ds
seg000:A03B                 inc     byte ptr ds:0A0h ; Tears_of_Esmesanti_count
seg000:A03F                 mov     al, 0           ; small blue Tear
seg000:A041                 cmp     byte ptr ds:0A0h, 9 ; Tears_of_Esmesanti_count
seg000:A046                 jb      short loc_A04F
seg000:A048                 mov     byte ptr ds:0A0h, 9 ; Tears_of_Esmesanti_count
seg000:A04D                 mov     al, 1           ; big red Tear
seg000:A04F
seg000:A04F loc_A04F:
seg000:A04F                 mov     byte_A5A4, al
seg000:A052                 mov     bx, 2552h
seg000:A055                 call    word ptr cs:203Eh ; Render_Tear_Icon
seg000:A055                                         ; ; AL: tear index (0-small blue Tear, 1-large red Tear)
seg000:A055                                         ; ; BH: left margin
seg000:A055                                         ; ; BL: top margin
seg000:A05A                 and     byte ptr ds:0C2h, 0FEh
seg000:A05F                 mov     bx, 0C6Eh
seg000:A062                 mov     cx, 0Dh
seg000:A065
seg000:A065 loc_A065:
seg000:A065                 test    cx, 1
seg000:A069                 jnz     short loc_A070
seg000:A06B                 mov     byte ptr ds:0FF75h, 1Ah ; soundFX_request
seg000:A070
seg000:A070 loc_A070:
seg000:A070                 push    cx
seg000:A071                 push    bx
seg000:A072                 inc     byte ptr ds:0E7h ; hero_animation_phase
seg000:A076                 and     byte ptr ds:0E7h, 3 ; hero_animation_phase
seg000:A07B                 call    sub_A407
seg000:A07E                 call    sub_A48F
seg000:A081                 pop     bx
seg000:A082                 cmp     bh, 24h ; '$'
seg000:A085                 jz      short loc_A096
seg000:A087                 push    bx
seg000:A088                 mov     cx, 218h
seg000:A08B                 xor     al, al
seg000:A08D                 call    word ptr cs:2000h ; Draw_Bordered_Rectangle
seg000:A092                 pop     bx
seg000:A093                 add     bh, 2
seg000:A096
seg000:A096 loc_A096:
seg000:A096                 pop     cx
seg000:A097                 loop    loc_A065
seg000:A099                 mov     byte ptr ds:0E7h, 4 ; hero_animation_phase
seg000:A09E                 mov     bx, 246Eh
seg000:A0A1                 call    sub_A407
seg000:A0A4                 mov     cx, 5
seg000:A0A7
seg000:A0A7 loc_A0A7:
seg000:A0A7                 push    cx
seg000:A0A8                 call    sub_A48F
seg000:A0AB                 pop     cx
seg000:A0AC                 loop    loc_A0A7
seg000:A0AE                 mov     byte ptr ds:0E7h, 5 ; hero_animation_phase
seg000:A0B3
seg000:A0B3 loc_A0B3:
seg000:A0B3                 mov     bx, 246Eh
seg000:A0B6                 call    sub_A407
seg000:A0B9                 call    sub_A48F
seg000:A0BC                 call    sub_A48F
seg000:A0BF                 inc     byte ptr ds:0E7h ; hero_animation_phase
seg000:A0C3                 cmp     byte ptr ds:0E7h, 9 ; hero_animation_phase
seg000:A0C8                 jb      short loc_A0B3
seg000:A0CA                 mov     bx, 246Eh
seg000:A0CD                 call    sub_A407
seg000:A0D0                 call    word ptr cs:3024h ; Render_Status_Indicator
seg000:A0D5                 xor     bh, bh
seg000:A0D7                 mov     bl, ds:0A0h     ; Tears_of_Esmesanti_count
seg000:A0DB                 dec     bx
seg000:A0DC                 mov     al, byte_A569[bx]
seg000:A0E0                 mov     byte_A59A, al
seg000:A0E3                 mov     byte_A59B, 2
seg000:A0E8                 call    sub_A4A3
seg000:A0EB                 mov     ah, byte_A59C
seg000:A0EF                 shr     ah, 1
seg000:A0F1                 shr     ah, 1
seg000:A0F3                 shr     ah, 1
seg000:A0F5                 mov     al, byte_A59D
seg000:A0F8                 mov     cx, 310h
seg000:A0FB                 xor     di, di
seg000:A0FD                 call    word ptr cs:2026h ; Capture_Screen_Rect_to_seg3
seg000:A102                 mov     byte_A5A5, 0
seg000:A107
seg000:A107 loc_A107:
seg000:A107                 mov     al, byte_A5A5
seg000:A10A                 mov     bl, byte_A59C
seg000:A10E                 xor     bh, bh
seg000:A110                 mov     cl, byte_A59D
seg000:A114                 call    word ptr cs:3026h ; Render_Entity_Sprite
seg000:A119                 call    sub_A48F
seg000:A11C                 mov     ah, byte_A59C
seg000:A120                 shr     ah, 1
seg000:A122                 shr     ah, 1
seg000:A124                 shr     ah, 1
seg000:A126                 mov     al, byte_A59D
seg000:A129                 mov     cx, 310h
seg000:A12C                 xor     di, di
seg000:A12E                 call    word ptr cs:2028h ; Put_Image
seg000:A133                 inc     byte_A5A5
seg000:A137                 cmp     byte_A5A5, 2
seg000:A13C                 jb      short loc_A107
seg000:A13E                 mov     ah, byte_A59C
seg000:A142                 shr     ah, 1
seg000:A144                 shr     ah, 1
seg000:A146                 shr     ah, 1
seg000:A148                 sub     ah, 6
seg000:A14B                 mov     al, byte_A59D
seg000:A14E                 mov     cx, 1110h
seg000:A151                 xor     di, di
seg000:A153                 call    word ptr cs:2026h ; Capture_Screen_Rect_to_seg3
seg000:A158                 mov     byte ptr ds:0FF75h, 1Bh ; soundFX_request
seg000:A15D                 mov     byte_A5A5, 0
seg000:A162
seg000:A162 loc_A162:
seg000:A162                 mov     al, byte_A5A5
seg000:A165                 or      al, 80h
seg000:A167                 mov     bl, byte_A59C
seg000:A16B                 xor     bh, bh
seg000:A16D                 sub     bx, 18h
seg000:A170                 mov     cl, byte_A59D
seg000:A174                 call    word ptr cs:3026h ; Render_Entity_Sprite
seg000:A179                 call    sub_A48F
seg000:A17C                 call    sub_A48F
seg000:A17F                 mov     ah, byte_A59C
seg000:A183                 shr     ah, 1
seg000:A185                 shr     ah, 1
seg000:A187                 shr     ah, 1
seg000:A189                 sub     ah, 6
seg000:A18C                 mov     al, byte_A59D
seg000:A18F                 mov     cx, 1110h
seg000:A192                 xor     di, di
seg000:A194                 call    word ptr cs:2028h ; Put_Image
seg000:A199                 inc     byte_A5A5
seg000:A19D                 cmp     byte_A5A5, 2
seg000:A1A2                 jb      short loc_A162
seg000:A1A4                 mov     bx, 2552h
seg000:A1A7                 mov     cx, 410h
seg000:A1AA                 xor     al, al
seg000:A1AC                 call    word ptr cs:2000h ; Draw_Bordered_Rectangle
seg000:A1B1                 call    word ptr cs:3024h ; Render_Status_Indicator
seg000:A1B6                 mov     ah, byte_A59C
seg000:A1BA                 shr     ah, 1
seg000:A1BC                 shr     ah, 1
seg000:A1BE                 shr     ah, 1
seg000:A1C0                 mov     al, byte_A59D
seg000:A1C3                 mov     cx, 310h
seg000:A1C6                 xor     di, di
seg000:A1C8                 call    word ptr cs:2026h ; Capture_Screen_Rect_to_seg3
seg000:A1CD                 mov     byte_A5A5, 0
seg000:A1D2
seg000:A1D2 loc_A1D2:
seg000:A1D2                 mov     al, byte_A5A5
seg000:A1D5                 mov     bl, byte_A59C
seg000:A1D9                 xor     bh, bh
seg000:A1DB                 mov     cl, byte_A59D
seg000:A1DF                 call    word ptr cs:3026h ; Render_Entity_Sprite
seg000:A1E4                 call    sub_A48F
seg000:A1E7                 mov     ah, byte_A59C
seg000:A1EB                 shr     ah, 1
seg000:A1ED                 shr     ah, 1
seg000:A1EF                 shr     ah, 1
seg000:A1F1                 mov     al, byte_A59D
seg000:A1F4                 mov     cx, 310h
seg000:A1F7                 xor     di, di
seg000:A1F9                 call    word ptr cs:2028h ; Put_Image
seg000:A1FE                 inc     byte_A5A5
seg000:A202                 cmp     byte_A5A5, 4
seg000:A207                 jb      short loc_A1D2
seg000:A209                 mov     byte_A5A7, 0C8h
seg000:A20E
seg000:A20E loc_A20E:
seg000:A20E                 inc     byte_A5A6
seg000:A212                 test    byte_A5A6, 1
seg000:A217                 jnz     short loc_A232
seg000:A219                 inc     byte_A5A5
seg000:A21D                 inc     byte_A5A7
seg000:A221                 cmp     byte_A5A7, 3
seg000:A226                 jb      short loc_A232
seg000:A228                 mov     byte_A5A7, 0
seg000:A22D                 mov     byte ptr ds:0FF75h, 1Ch ; soundFX_request
seg000:A232
seg000:A232 loc_A232:
seg000:A232                 mov     ah, byte_A59C
seg000:A236                 shr     ah, 1
seg000:A238                 shr     ah, 1
seg000:A23A                 shr     ah, 1
seg000:A23C                 mov     al, byte_A59D
seg000:A23F                 mov     cx, 310h
seg000:A242                 xor     di, di
seg000:A244                 call    word ptr cs:2028h ; Put_Image
seg000:A249                 call    sub_A50A
seg000:A24C                 pushf
seg000:A24D                 mov     ah, byte_A59C
seg000:A251                 shr     ah, 1
seg000:A253                 shr     ah, 1
seg000:A255                 shr     ah, 1
seg000:A257                 mov     al, byte_A59D
seg000:A25A                 mov     cx, 310h
seg000:A25D                 xor     di, di
seg000:A25F                 call    word ptr cs:2026h ; Capture_Screen_Rect_to_seg3
seg000:A264                 mov     al, byte_A5A5
seg000:A267                 and     al, 1
seg000:A269                 add     al, 2
seg000:A26B                 mov     bl, byte_A59C
seg000:A26F                 xor     bh, bh
seg000:A271                 mov     cl, byte_A59D
seg000:A275                 call    word ptr cs:3026h ; Render_Entity_Sprite
seg000:A27A                 call    sub_A48F
seg000:A27D                 popf
seg000:A27E                 jnb     short loc_A20E
seg000:A280                 mov     ah, byte_A59C
seg000:A284                 shr     ah, 1
seg000:A286                 shr     ah, 1
seg000:A288                 shr     ah, 1
seg000:A28A                 mov     al, byte_A59D
seg000:A28D                 mov     cx, 310h
seg000:A290                 xor     di, di
seg000:A292                 call    word ptr cs:2028h ; Put_Image
seg000:A297                 mov     ah, byte_A59C
seg000:A29B                 shr     ah, 1
seg000:A29D                 shr     ah, 1
seg000:A29F                 shr     ah, 1
seg000:A2A1                 sub     ah, 6
seg000:A2A4                 mov     al, byte_A59D
seg000:A2A7                 mov     cx, 1110h
seg000:A2AA                 xor     di, di
seg000:A2AC                 call    word ptr cs:2026h ; Capture_Screen_Rect_to_seg3
seg000:A2B1                 mov     byte ptr ds:0FF75h, 1Bh ; soundFX_request
seg000:A2B6                 mov     byte_A5A5, 0
seg000:A2BB
seg000:A2BB loc_A2BB:
seg000:A2BB                 mov     al, byte_A5A5
seg000:A2BE                 or      al, 80h
seg000:A2C0                 mov     bl, byte_A59C
seg000:A2C4                 xor     bh, bh
seg000:A2C6                 sub     bx, 18h
seg000:A2C9                 mov     cl, byte_A59D
seg000:A2CD                 call    word ptr cs:3026h ; Render_Entity_Sprite
seg000:A2D2                 call    sub_A48F
seg000:A2D5                 call    sub_A48F
seg000:A2D8                 mov     ah, byte_A59C
seg000:A2DC                 shr     ah, 1
seg000:A2DE                 shr     ah, 1
seg000:A2E0                 shr     ah, 1
seg000:A2E2                 sub     ah, 6
seg000:A2E5                 mov     al, byte_A59D
seg000:A2E8                 mov     cx, 1110h
seg000:A2EB                 xor     di, di
seg000:A2ED                 call    word ptr cs:2028h ; Put_Image
seg000:A2F2                 inc     byte_A5A5
seg000:A2F6                 cmp     byte_A5A5, 2
seg000:A2FB                 jb      short loc_A2BB
seg000:A2FD                 mov     al, byte_A5A4
seg000:A300                 mov     bl, ds:0A0h     ; Tears_of_Esmesanti_count
seg000:A304                 dec     bl
seg000:A306                 xor     bh, bh
seg000:A308                 add     bx, bx
seg000:A30A                 mov     bx, tears_coords[bx]
seg000:A30E                 call    word ptr cs:203Eh ; Render_Tear_Icon
seg000:A313                 mov     ah, byte_A59C
seg000:A317                 shr     ah, 1
seg000:A319                 shr     ah, 1
seg000:A31B                 shr     ah, 1
seg000:A31D                 mov     al, byte_A59D
seg000:A320                 mov     cx, 310h
seg000:A323                 xor     di, di
seg000:A325                 call    word ptr cs:2026h ; Capture_Screen_Rect_to_seg3
seg000:A32A                 mov     byte_A5A5, 4
seg000:A32F
seg000:A32F loc_A32F:
seg000:A32F                 mov     al, byte_A5A5
seg000:A332                 dec     al
seg000:A334                 mov     bl, byte_A59C
seg000:A338                 xor     bh, bh
seg000:A33A                 mov     cl, byte_A59D
seg000:A33E                 call    word ptr cs:3026h ; Render_Entity_Sprite
seg000:A343                 call    sub_A48F
seg000:A346                 mov     ah, byte_A59C
seg000:A34A                 shr     ah, 1
seg000:A34C                 shr     ah, 1
seg000:A34E                 shr     ah, 1
seg000:A350                 mov     al, byte_A59D
seg000:A353                 mov     cx, 310h
seg000:A356                 xor     di, di
seg000:A358                 call    word ptr cs:2028h ; Put_Image
seg000:A35D                 dec     byte_A5A5
seg000:A361                 jnz     short loc_A32F
seg000:A363                 push    ds
seg000:A364                 mov     ds, word ptr cs:0FF2Ch ; seg1
seg000:A369                 mov     si, 3000h
seg000:A36C                 xor     ax, ax
seg000:A36E                 int     60h             ; adlib fn 0
seg000:A370                 pop     ds
seg000:A371
seg000:A371 loc_A371:                               ;
seg000:A371                 test    byte ptr ds:0FF26h, 0FFh ; music_status_flag
seg000:A376                 jz      short loc_A371
seg000:A378                 mov     ax, 1
seg000:A37B                 int     60h             ; adlib fn_1
seg000:A37D                 mov     bx, 2456h
seg000:A380                 mov     cx, 618h
seg000:A383                 xor     al, al
seg000:A385                 call    word ptr cs:2000h ; Draw_Bordered_Rectangle
seg000:A38A                 mov     byte ptr ds:0E7h, 8 ; hero_animation_phase
seg000:A38F
seg000:A38F loc_A38F:
seg000:A38F                 mov     bx, 246Eh
seg000:A392                 call    sub_A407
seg000:A395                 call    sub_A48F
seg000:A398                 call    sub_A48F
seg000:A39B                 dec     byte ptr ds:0E7h ; hero_animation_phase
seg000:A39F                 cmp     byte ptr ds:0E7h, 5 ; hero_animation_phase
seg000:A3A4                 jnb     short loc_A38F
seg000:A3A6                 mov     bx, 246Eh
seg000:A3A9                 call    sub_A407
seg000:A3AC                 mov     cx, 5
seg000:A3AF
seg000:A3AF loc_A3AF:
seg000:A3AF                 push    cx
seg000:A3B0                 call    sub_A48F
seg000:A3B3                 pop     cx
seg000:A3B4                 loop    loc_A3AF
seg000:A3B6                 mov     bx, 246Eh
seg000:A3B9                 mov     cx, 218h
seg000:A3BC                 xor     al, al
seg000:A3BE                 call    word ptr cs:2000h ; Draw_Bordered_Rectangle
seg000:A3C3                 mov     bx, 266Eh
seg000:A3C6                 mov     cx, 0Dh
seg000:A3C9
seg000:A3C9 loc_A3C9:
seg000:A3C9                 test    cx, 1
seg000:A3CD                 jnz     short loc_A3D4
seg000:A3CF                 mov     byte ptr ds:0FF75h, 1Ah ; soundFX_request
seg000:A3D4
seg000:A3D4 loc_A3D4:
seg000:A3D4                 push    cx
seg000:A3D5                 push    bx
seg000:A3D6                 inc     byte ptr ds:0E7h ; hero_animation_phase
seg000:A3DA                 and     byte ptr ds:0E7h, 3 ; hero_animation_phase
seg000:A3DF                 call    sub_A407
seg000:A3E2                 call    sub_A48F
seg000:A3E5                 pop     bx
seg000:A3E6                 cmp     bh, 3Eh ; '>'
seg000:A3E9                 jz      short loc_A3FA
seg000:A3EB                 push    bx
seg000:A3EC                 mov     cx, 218h
seg000:A3EF                 xor     al, al
seg000:A3F1                 call    word ptr cs:2000h ; Draw_Bordered_Rectangle
seg000:A3F6                 pop     bx
seg000:A3F7                 add     bh, 2
seg000:A3FA
seg000:A3FA loc_A3FA:
seg000:A3FA                 pop     cx
seg000:A3FB                 loop    loc_A3C9
seg000:A3FD                 mov     cx, 618h
seg000:A400                 xor     al, al
seg000:A402                 jmp     word ptr cs:2000h ; Draw_Bordered_Rectangle
seg000:A402 sub_A002        endp
seg000:A402
seg000:A407
seg000:A407 ; =============== S U B R O U T I N E =======================================
seg000:A407
seg000:A407
seg000:A407 sub_A407        proc near
seg000:A407                 mov     al, ds:0E7h     ; hero_animation_phase
seg000:A40A                 mov     cl, 9
seg000:A40C                 mul     cl
seg000:A40E                 add     ax, offset tiles_grouping3x3
seg000:A411                 mov     si, ax
seg000:A413                 mov     cx, 3
seg000:A416
seg000:A416 loc_A416:
seg000:A416                 push    cx
seg000:A417                 mov     cx, 3
seg000:A41A
seg000:A41A loc_A41A:
seg000:A41A                 push    cx
seg000:A41B                 lodsb
seg000:A41C                 push    si
seg000:A41D                 push    bx
seg000:A41E                 call    word ptr cs:3022h ; Render_16x16_Sprite
seg000:A423                 pop     bx
seg000:A424                 pop     si
seg000:A425                 add     bl, 8
seg000:A428                 pop     cx
seg000:A429                 loop    loc_A41A
seg000:A42B                 sub     bl, 18h
seg000:A42E                 add     bh, 2
seg000:A431                 pop     cx
seg000:A432                 loop    loc_A416
seg000:A434                 retn
seg000:A434 sub_A407        endp
seg000:A434
seg000:A434 ; ---------------------------------------------------------------------------
seg000:A435 tiles_grouping3x3 db 0, 2, 4, 1, 3, 5, 0, 0, 6
seg000:A43E                 db 7, 9, 11, 8, 10, 12, 0, 0, 0
seg000:A447                 db 0, 2, 14, 1, 13, 15, 0, 0, 16
seg000:A450                 db 7, 9, 17, 8, 10, 18, 0, 0, 0
seg000:A459                 db 0, 20, 22, 19, 21, 23, 0, 0, 24
seg000:A462                 db 25, 0, 28, 26, 27, 29, 0, 0, 30
seg000:A46B                 db 31, 0, 35, 32, 33, 36, 0, 34, 37
seg000:A474                 db 31, 0, 35, 32, 38, 40, 0, 39, 41
seg000:A47D                 db 31, 0, 35, 42, 44, 40, 43, 45, 41
seg000:A486                 db 46, 49, 35, 47, 50, 52, 48, 51, 53
seg000:A48F
seg000:A48F ; =============== S U B R O U T I N E =======================================
seg000:A48F
seg000:A48F
seg000:A48F sub_A48F        proc near
seg000:A48F                 mov     cl, ds:0FF33h   ; speed_const
seg000:A493                 mov     al, 4
seg000:A495                 mul     cl
seg000:A497
seg000:A497 loc_A497:                               ;
seg000:A497                 cmp     ds:0FF1Ah, al   ; frame_timer
seg000:A49B                 jb      short loc_A497
seg000:A49D                 mov     byte ptr ds:0FF1Ah, 0 ; frame_timer
seg000:A4A2                 retn
seg000:A4A2 sub_A48F        endp
seg000:A4A2
seg000:A4A3
seg000:A4A3 ; =============== S U B R O U T I N E =======================================
seg000:A4A3
seg000:A4A3
seg000:A4A3 sub_A4A3        proc near
seg000:A4A3                 mov     byte_A59C, 94h
seg000:A4A8                 mov     byte_A59D, 50h ; 'P'
seg000:A4AD                 xor     cl, cl
seg000:A4AF                 mov     al, byte_A59A
seg000:A4B2                 sub     al, byte_A59C
seg000:A4B6                 jz      short loc_A4C2
seg000:A4B8                 jnb     short loc_A4C0
seg000:A4BA                 neg     al
seg000:A4BC                 dec     cl
seg000:A4BE                 jmp     short loc_A4C2
seg000:A4C0 ; ---------------------------------------------------------------------------
seg000:A4C0
seg000:A4C0 loc_A4C0:
seg000:A4C0                 inc     cl
seg000:A4C2
seg000:A4C2 loc_A4C2:
seg000:A4C2                 mov     byte_A5A0, al
seg000:A4C5                 mov     byte_A59E, cl
seg000:A4C9                 xor     cl, cl
seg000:A4CB                 mov     al, byte_A59B
seg000:A4CE                 sub     al, byte_A59D
seg000:A4D2                 jz      short loc_A4DE
seg000:A4D4                 jnb     short loc_A4DC
seg000:A4D6                 neg     al
seg000:A4D8                 dec     cl
seg000:A4DA                 jmp     short loc_A4DE
seg000:A4DC ; ---------------------------------------------------------------------------
seg000:A4DC
seg000:A4DC loc_A4DC:
seg000:A4DC                 inc     cl
seg000:A4DE
seg000:A4DE loc_A4DE:
seg000:A4DE                 mov     byte_A5A1, al
seg000:A4E1                 mov     byte_A59F, cl
seg000:A4E5                 mov     al, byte_A5A0
seg000:A4E8                 shr     al, 1
seg000:A4EA                 mov     byte_A5A3, al
seg000:A4ED                 mov     byte_A5A2, 0
seg000:A4F2                 mov     al, byte_A5A0
seg000:A4F5                 cmp     al, byte_A5A1
seg000:A4F9                 jb      short loc_A4FC
seg000:A4FB                 retn
seg000:A4FC ; ---------------------------------------------------------------------------
seg000:A4FC
seg000:A4FC loc_A4FC:
seg000:A4FC                 mov     al, byte_A5A1
seg000:A4FF                 shr     al, 1
seg000:A501                 mov     byte_A5A3, al
seg000:A504                 mov     byte_A5A2, 0FFh
seg000:A509                 retn
seg000:A509 sub_A4A3        endp
seg000:A509
seg000:A50A
seg000:A50A ; =============== S U B R O U T I N E =======================================
seg000:A50A
seg000:A50A
seg000:A50A sub_A50A        proc near
seg000:A50A                 test    byte_A5A2, 0FFh
seg000:A50F                 jnz     short loc_A53D
seg000:A511                 mov     al, byte_A5A3
seg000:A514                 sub     al, byte_A5A1
seg000:A518                 jnb     short loc_A526
seg000:A51A                 add     al, byte_A5A0
seg000:A51E                 mov     ah, byte_A59F
seg000:A522                 add     byte_A59D, ah
seg000:A526
seg000:A526 loc_A526:
seg000:A526                 mov     byte_A5A3, al
seg000:A529                 mov     al, byte_A59E
seg000:A52C                 add     byte_A59C, al
seg000:A530                 mov     al, byte_A59A
seg000:A533                 cmp     al, byte_A59C
seg000:A537                 stc
seg000:A538                 jnz     short loc_A53B
seg000:A53A                 retn
seg000:A53B ; ---------------------------------------------------------------------------
seg000:A53B
seg000:A53B loc_A53B:
seg000:A53B                 clc
seg000:A53C                 retn
seg000:A53D ; ---------------------------------------------------------------------------
seg000:A53D
seg000:A53D loc_A53D:
seg000:A53D                 mov     al, byte_A5A3
seg000:A540                 sub     al, byte_A5A0
seg000:A544                 jnb     short loc_A552
seg000:A546                 add     al, byte_A5A1
seg000:A54A                 mov     ah, byte_A59E
seg000:A54E                 add     byte_A59C, ah
seg000:A552
seg000:A552 loc_A552:
seg000:A552                 mov     byte_A5A3, al
seg000:A555                 mov     al, byte_A59F
seg000:A558                 add     byte_A59D, al
seg000:A55C                 mov     al, byte_A59B
seg000:A55F                 cmp     al, byte_A59D
seg000:A563                 stc
seg000:A564                 jnz     short loc_A567
seg000:A566                 retn
seg000:A567 ; ---------------------------------------------------------------------------
seg000:A567
seg000:A567 loc_A567:
seg000:A567                 clc
seg000:A568                 retn
seg000:A568 sub_A50A        endp
seg000:A568
seg000:A568 ; ---------------------------------------------------------------------------
seg000:A569 byte_A569       db 3Ch, 0F4h, 54h, 0DCh, 6Ch, 0C4h, 84h, 0ACh, 98h
seg000:A572 tears_coords    dw 0F00h, 3D00h, 1500h, 3700h, 1B00h, 3100h, 2100h, 2B00h, 2600h
seg000:A584 vfs_mfan_msd    db 2
seg000:A585                 db 5Fh
seg000:A586 aMfanMsd        db 'MFAN.MSD',0
seg000:A58F vfs_dman_grp    db 2
seg000:A590                 db 36h
seg000:A591 aDmanGrp        db 'DMAN.GRP',0
seg000:A59A byte_A59A       db 0
seg000:A59B byte_A59B       db 0
seg000:A59C byte_A59C       db 0
seg000:A59D byte_A59D       db 0
seg000:A59E byte_A59E       db 0
seg000:A59F byte_A59F       db 0
seg000:A5A0 byte_A5A0       db 0
seg000:A5A1 byte_A5A1       db 0
seg000:A5A2 byte_A5A2       db 0
seg000:A5A3 byte_A5A3       db 0
seg000:A5A4 byte_A5A4       db 0
seg000:A5A5 byte_A5A5       db 0
seg000:A5A6 byte_A5A6       db 0
seg000:A5A7 byte_A5A7       db 0
seg000:A5A7 seg000          ends
seg000:A5A7
seg000:A5A7
seg000:A5A7                 end
