seg000:A000 ;
seg000:A000 ; +-------------------------------------------------------------------------+
seg000:A000 ; |      This file was generated by The Interactive Disassembler (IDA)      |
seg000:A000 ; |           Copyright (c) 2026 Hex-Rays, <support@hex-rays.com>           |
seg000:A000 ; |                      License info: 48-2137-ACAB-69                      |
seg000:A000 ; |                             hi@hex-rays.com                             |
seg000:A000 ; +-------------------------------------------------------------------------+
seg000:A000 ;
seg000:A000 ; Input SHA256 : 79CFE276ED2A5AB5B0AAC505327C3730B72EEE29876FCC88A4DF2A511A287933
seg000:A000 ; Input MD5    : 51BF3EF9AF729EF44D418714B1B153C1
seg000:A000 ; Input CRC32  : 12CD51B8
seg000:A000
seg000:A000 ; File Name   : /home/brox/Projects/zeliard/WORK/select.bin
seg000:A000 ; Format      : Binary file
seg000:A000 ; Base Address: 0000h Range: 0000h - 0E1Dh Loaded length: 0E1Dh
seg000:A000
seg000:A000                 .686p
seg000:A000                 .mmx
seg000:A000                 .model small
seg000:A000
seg000:A000 ; ===========================================================================
seg000:A000
seg000:A000 ; Segment type: Pure code
seg000:A000 seg000          segment byte public 'CODE' use16
seg000:A000                 assume cs:seg000
seg000:A000                 ;org 0A000h
seg000:A000                 assume es:nothing, ss:nothing, ds:seg000, fs:nothing, gs:nothing
seg000:A000                 dw offset sub_A004
seg000:A002                 dw offset loc_A00B
seg000:A004
seg000:A004 ; =============== S U B R O U T I N E =======================================
seg000:A004
seg000:A004
seg000:A004 sub_A004        proc near
seg000:A004
seg000:A004 ; FUNCTION CHUNK AT seg000:A190 SIZE 00000098 BYTES
seg000:A004 ; FUNCTION CHUNK AT seg000:A27D SIZE 000000BF BYTES
seg000:A004 ; FUNCTION CHUNK AT seg000:A391 SIZE 000000C1 BYTES
seg000:A004 ; FUNCTION CHUNK AT seg000:A462 SIZE 000000BE BYTES
seg000:A004 ; FUNCTION CHUNK AT seg000:A52C SIZE 00000058 BYTES
seg000:A004 ; FUNCTION CHUNK AT seg000:A58B SIZE 00000029 BYTES
seg000:A004
seg000:A004                 mov     byte_ADF8, 0
seg000:A009                 jmp     short loc_A010
seg000:A00B ; ---------------------------------------------------------------------------
seg000:A00B
seg000:A00B loc_A00B:
seg000:A00B                 mov     byte_ADF8, 0FFh
seg000:A010
seg000:A010 loc_A010:
seg000:A010                 mov     byte_AE02, 0
seg000:A015                 mov     si, offset byte_ADE8
seg000:A018                 mov     cx, 4
seg000:A01B
seg000:A01B loc_A01B:
seg000:A01B                 push    cx
seg000:A01C                 lodsw
seg000:A01D                 mov     bx, ax
seg000:A01F                 lodsw
seg000:A020                 mov     cx, ax
seg000:A022                 push    si
seg000:A023                 mov     al, 0FFh
seg000:A025                 call    word ptr cs:2000h ; Draw_Bordered_Rectangle_proc
seg000:A02A                 pop     si
seg000:A02B                 pop     cx
seg000:A02C                 loop    loc_A01B
seg000:A02E                 call    sub_A9D5
seg000:A031                 push    cs
seg000:A032                 pop     es
seg000:A033                 assume es:nothing
seg000:A033                 mov     si, 0BBh        ; offset espada_active
seg000:A036                 mov     di, offset spells_active
seg000:A039                 xor     cl, cl
seg000:A03B                 mov     ch, 1
seg000:A03D
seg000:A03D loc_A03D:                               ; espada_active, saeta_active, fuego_active, lanzar_active, rascar_active, agua_active, guerra_active
seg000:A03D                 lodsb
seg000:A03E                 or      al, al
seg000:A040                 jz      short loc_A047
seg000:A042                 mov     al, ch
seg000:A044                 stosb
seg000:A045                 inc     cl
seg000:A047
seg000:A047 loc_A047:
seg000:A047                 inc     ch
seg000:A049                 cmp     ch, 8
seg000:A04C                 jnz     short loc_A03D
seg000:A04E                 mov     byte_ADFA, cl
seg000:A052                 mov     si, 0A1h        ; offset Feruza_Shoes
seg000:A055                 mov     di, offset wearables
seg000:A058                 xor     al, al
seg000:A05A                 stosb
seg000:A05B                 xor     cl, cl
seg000:A05D                 mov     ch, 5
seg000:A05F
seg000:A05F loc_A05F:                               ; Feruza_Shoes, Pirika_Shoes, Silkarn_Shoes, Ruzeria_Shoes, Asbestos_Cape
seg000:A05F                 lodsb
seg000:A060                 or      al, al
seg000:A062                 jz      short loc_A067
seg000:A064                 stosb
seg000:A065                 inc     cl
seg000:A067
seg000:A067 loc_A067:
seg000:A067                 dec     ch
seg000:A069                 jnz     short loc_A05F
seg000:A06B                 or      cl, cl
seg000:A06D                 jz      short loc_A071
seg000:A06F                 inc     cl
seg000:A071
seg000:A071 loc_A071:
seg000:A071                 mov     byte_ADFC, cl
seg000:A075                 call    sub_A643
seg000:A078                 call    sub_A8AF
seg000:A07B                 call    sub_A6D1
seg000:A07E                 call    sub_A669
seg000:A081                 call    sub_A752
seg000:A084                 call    sub_AA58
seg000:A087                 sbb     al, al
seg000:A089                 mov     byte_AE01, al
seg000:A08C                 xor     cl, cl
seg000:A08E                 test    byte_ADFA, 0FFh
seg000:A093                 jnz     short loc_A0B4
seg000:A095                 inc     cl
seg000:A097                 test    byte_ADFC, 0FFh
seg000:A09C                 jnz     short loc_A0B4
seg000:A09E                 test    byte_ADF8, 0FFh
seg000:A0A3                 jnz     short loc_A0AE
seg000:A0A5                 inc     cl
seg000:A0A7                 test    byte_ADFE, 0FFh
seg000:A0AC                 jnz     short loc_A0B4
seg000:A0AE
seg000:A0AE loc_A0AE:
seg000:A0AE                 call    sub_AA58
seg000:A0B1                 jnb     short loc_A0AE
seg000:A0B3                 retn
seg000:A0B4 ; ---------------------------------------------------------------------------
seg000:A0B4
seg000:A0B4 loc_A0B4:
seg000:A0B4                 mov     byte_ADF9, cl
seg000:A0B8
seg000:A0B8 loc_A0B8:
seg000:A0B8                 mov     bl, byte_ADF9
seg000:A0BC                 xor     bh, bh
seg000:A0BE                 add     bx, bx          ; switch 3 cases
seg000:A0C0                 jmp     jpt_A0C0[bx]    ; switch jump
seg000:A0C0 ; ---------------------------------------------------------------------------
seg000:A0C4 jpt_A0C0        dw offset loc_A0CA      ; jump table for switch statement
seg000:A0C6                 dw offset loc_A1BB
seg000:A0C8                 dw offset loc_A2B9
seg000:A0CA ; ---------------------------------------------------------------------------
seg000:A0CA
seg000:A0CA loc_A0CA:                               ; jumptable 0000A0C0 case 0
seg000:A0CA                 call    sub_A9D5
seg000:A0CD                 mov     al, 2
seg000:A0CF                 call    sub_A17B
seg000:A0D2
seg000:A0D2 wait_up_down_release:                   ; ah: ____Alt_Space
seg000:A0D2                 int     61h             ; al: ____right_left_down_up
seg000:A0D4                 and     al, 11b
seg000:A0D6                 jnz     short wait_up_down_release
seg000:A0D8
seg000:A0D8 loc_A0D8:
seg000:A0D8                 call    sub_AA58
seg000:A0DB                 jnb     short loc_A0DE
seg000:A0DD                 retn
seg000:A0DE ; ---------------------------------------------------------------------------
seg000:A0DE
seg000:A0DE loc_A0DE:                               ; ah: ____Alt_Space
seg000:A0DE                 int     61h             ; al: ____right_left_down_up
seg000:A0E0                 and     al, 1110b
seg000:A0E2                 jz      short loc_A0D8
seg000:A0E4                 and     al, 1100b
seg000:A0E6                 jnz     short loc_A0EB
seg000:A0E8                 jmp     loc_A190
seg000:A0EB ; ---------------------------------------------------------------------------
seg000:A0EB
seg000:A0EB loc_A0EB:
seg000:A0EB                 test    al, 100b
seg000:A0ED                 jnz     short loc_A116
seg000:A0EF                 mov     al, byte_ADFB
seg000:A0F2                 inc     al
seg000:A0F4                 mov     ah, byte_ADFA
seg000:A0F8                 dec     ah
seg000:A0FA                 cmp     ah, al
seg000:A0FC                 jb      short loc_A0D8
seg000:A0FE                 xor     al, al
seg000:A100                 call    sub_A17B
seg000:A103                 inc     byte_ADFB
seg000:A107                 mov     al, 2
seg000:A109                 call    sub_A17B
seg000:A10C                 mov     byte ptr ds:0FF75h, 0Ch ; soundFX_request
seg000:A111                 call    sub_A135
seg000:A114                 jmp     short loc_A0D8
seg000:A116 ; ---------------------------------------------------------------------------
seg000:A116
seg000:A116 loc_A116:
seg000:A116                 test    byte_ADFB, 0FFh
seg000:A11B                 jz      short loc_A0D8
seg000:A11D                 xor     al, al
seg000:A11F                 call    sub_A17B
seg000:A122                 dec     byte_ADFB
seg000:A126                 mov     al, 2
seg000:A128                 call    sub_A17B
seg000:A12B                 mov     byte ptr ds:0FF75h, 0Ch ; soundFX_request
seg000:A130                 call    sub_A135
seg000:A133                 jmp     short loc_A0D8
seg000:A133 sub_A004        endp ; sp-analysis failed
seg000:A133
seg000:A135
seg000:A135 ; =============== S U B R O U T I N E =======================================
seg000:A135
seg000:A135
seg000:A135 sub_A135        proc near
seg000:A135                 mov     bx, offset spells_active
seg000:A138                 mov     al, byte_ADFB
seg000:A13B                 xlat
seg000:A13C                 mov     ds:9Dh, al      ; current_magic_spell
seg000:A13F                 mov     bx, 2711h
seg000:A142                 mov     cx, 1009h
seg000:A145                 xor     al, al
seg000:A147                 call    word ptr cs:2000h ; Draw_Bordered_Rectangle_proc
seg000:A14C                 mov     bl, ds:9Dh      ; current_magic_spell
seg000:A150                 dec     bl
seg000:A152                 xor     bh, bh
seg000:A154                 add     bx, bx
seg000:A156                 mov     si, off_AAB8[bx] ; "Espada"
seg000:A15A                 mov     bx, 9Eh
seg000:A15D                 mov     cl, 12h
seg000:A15F                 mov     ah, 1
seg000:A161                 call    sub_AA2B
seg000:A164                 mov     al, ds:9Dh      ; current_magic_spell
seg000:A167                 mov     bx, 37A4h
seg000:A16A                 call    word ptr cs:201Eh ; Render_Magic_Spell_Item_Sprite_16x16_proc
seg000:A16F                 call    word ptr cs:2018h ; Print_Magic_Left_Decimal_proc
seg000:A174
seg000:A174 wait_left_right_release:                ; ah: ____Alt_Space
seg000:A174                 int     61h             ; al: ____right_left_down_up
seg000:A176                 and     al, 1100b
seg000:A178                 jnz     short wait_left_right_release
seg000:A17A                 retn
seg000:A17A sub_A135        endp
seg000:A17A
seg000:A17B
seg000:A17B ; =============== S U B R O U T I N E =======================================
seg000:A17B
seg000:A17B
seg000:A17B sub_A17B        proc near
seg000:A17B                 mov     bh, byte_ADFB
seg000:A17F                 xor     bl, bl
seg000:A181                 add     bx, bx
seg000:A183                 add     bx, bx
seg000:A185                 add     bx, bx
seg000:A187                 add     bx, 0E1Ah
seg000:A18B                 jmp     word ptr cs:202Eh ; Draw_Status_Frame_proc
seg000:A18B sub_A17B        endp
seg000:A18B
seg000:A190 ; ---------------------------------------------------------------------------
seg000:A190 ; START OF FUNCTION CHUNK FOR sub_A004
seg000:A190
seg000:A190 loc_A190:
seg000:A190                 mov     cl, 1
seg000:A192                 test    byte_ADFC, 0FFh
seg000:A197                 jnz     short loc_A1AA
seg000:A199                 test    byte_ADF8, 0FFh
seg000:A19E                 mov     cl, 2
seg000:A1A0                 test    byte_ADFE, 0FFh
seg000:A1A5                 jnz     short loc_A1AA
seg000:A1A7                 jmp     loc_A0D8
seg000:A1AA ; ---------------------------------------------------------------------------
seg000:A1AA
seg000:A1AA loc_A1AA:                               ; soundFX_request
seg000:A1AA                 mov     byte ptr ds:0FF75h, 0Dh
seg000:A1AF                 mov     byte_ADF9, cl
seg000:A1B3                 mov     al, 5
seg000:A1B5                 call    sub_A17B
seg000:A1B8                 jmp     loc_A0B8
seg000:A1BB ; ---------------------------------------------------------------------------
seg000:A1BB
seg000:A1BB loc_A1BB:
seg000:A1BB                 call    sub_A9D5
seg000:A1BE                 mov     al, 2
seg000:A1C0                 call    sub_A266
seg000:A1C3
seg000:A1C3 loc_A1C3:                               ; ah: ____Alt_Space
seg000:A1C3                 int     61h             ; al: ____right_left_down_up
seg000:A1C5                 and     al, 3
seg000:A1C7                 jnz     short loc_A1C3
seg000:A1C9
seg000:A1C9 loc_A1C9:
seg000:A1C9                 call    sub_AA58
seg000:A1CC                 jnb     short loc_A1CF
seg000:A1CE                 retn
seg000:A1CF ; ---------------------------------------------------------------------------
seg000:A1CF
seg000:A1CF loc_A1CF:                               ; ah: ____Alt_Space
seg000:A1CF                 int     61h             ; al: ____right_left_down_up
seg000:A1D1                 and     al, 0Fh
seg000:A1D3                 jz      short loc_A1C9
seg000:A1D5                 mov     ah, al
seg000:A1D7                 and     al, 0Ch
seg000:A1D9                 jnz     short loc_A1DE
seg000:A1DB                 jmp     loc_A27D
seg000:A1DE ; ---------------------------------------------------------------------------
seg000:A1DE
seg000:A1DE loc_A1DE:
seg000:A1DE                 test    al, 4
seg000:A1E0                 jnz     short loc_A209
seg000:A1E2                 mov     al, byte_ADFD
seg000:A1E5                 inc     al
seg000:A1E7                 mov     ah, byte_ADFC
seg000:A1EB                 dec     ah
seg000:A1ED                 cmp     ah, al
seg000:A1EF                 jb      short loc_A1C9
seg000:A1F1                 xor     al, al
seg000:A1F3                 call    sub_A266
seg000:A1F6                 inc     byte_ADFD
seg000:A1FA                 mov     al, 2
seg000:A1FC                 call    sub_A266
seg000:A1FF                 mov     byte ptr ds:0FF75h, 0Ch ; soundFX_request
seg000:A204                 call    sub_A228
seg000:A207                 jmp     short loc_A1C9
seg000:A209 ; ---------------------------------------------------------------------------
seg000:A209
seg000:A209 loc_A209:
seg000:A209                 test    byte_ADFD, 0FFh
seg000:A20E                 jz      short loc_A1C9
seg000:A210                 xor     al, al
seg000:A212                 call    sub_A266
seg000:A215                 dec     byte_ADFD
seg000:A219                 mov     al, 2
seg000:A21B                 call    sub_A266
seg000:A21E                 mov     byte ptr ds:0FF75h, 0Ch ; soundFX_request
seg000:A223                 call    sub_A228
seg000:A226                 jmp     short loc_A1C9
seg000:A226 ; END OF FUNCTION CHUNK FOR sub_A004
seg000:A228
seg000:A228 ; =============== S U B R O U T I N E =======================================
seg000:A228
seg000:A228
seg000:A228 sub_A228        proc near
seg000:A228                 mov     bx, offset wearables
seg000:A22B                 mov     al, byte_ADFD
seg000:A22E                 xlat
seg000:A22F                 mov     ds:9Eh, al      ; current_accessory
seg000:A232                 mov     bx, 1742h
seg000:A235                 mov     cx, 1611h
seg000:A238                 xor     al, al
seg000:A23A                 call    word ptr cs:2000h ; Draw_Bordered_Rectangle_proc
seg000:A23F                 mov     bl, ds:9Eh      ; current_accessory
seg000:A243                 xor     bh, bh
seg000:A245                 add     bx, bx
seg000:A247                 mov     si, off_AAF3[bx] ; "NO USE"
seg000:A24B                 mov     bx, 5Ch ; '\'
seg000:A24E                 mov     cl, 43h ; 'C'
seg000:A250                 mov     ah, 1
seg000:A252                 call    sub_AA2B
seg000:A255                 mov     bx, 5Ch ; '\'
seg000:A258                 mov     cl, 4Bh ; 'K'
seg000:A25A                 mov     ah, 1
seg000:A25C                 call    sub_AA2B
seg000:A25F
seg000:A25F loc_A25F:                               ; ah: ____Alt_Space
seg000:A25F                 int     61h             ; al: ____right_left_down_up
seg000:A261                 and     al, 0Ch
seg000:A263                 jnz     short loc_A25F
seg000:A265                 retn
seg000:A265 sub_A228        endp
seg000:A265
seg000:A266
seg000:A266 ; =============== S U B R O U T I N E =======================================
seg000:A266
seg000:A266
seg000:A266 sub_A266        proc near
seg000:A266                 mov     bh, byte_ADFD
seg000:A26A                 xor     bl, bl
seg000:A26C                 mov     cx, bx
seg000:A26E                 add     bx, bx
seg000:A270                 add     bx, bx
seg000:A272                 add     bx, cx
seg000:A274                 add     bx, 0E53h
seg000:A278                 jmp     word ptr cs:202Eh ; Draw_Status_Frame_proc
seg000:A278 sub_A266        endp
seg000:A278
seg000:A27D ; ---------------------------------------------------------------------------
seg000:A27D ; START OF FUNCTION CHUNK FOR sub_A004
seg000:A27D
seg000:A27D loc_A27D:
seg000:A27D                 test    ah, 1
seg000:A280                 jz      short loc_A293
seg000:A282                 test    byte_ADFA, 0FFh
seg000:A287                 jnz     short loc_A28C
seg000:A289                 jmp     loc_A1C9
seg000:A28C ; ---------------------------------------------------------------------------
seg000:A28C
seg000:A28C loc_A28C:
seg000:A28C                 mov     byte_ADF9, 0
seg000:A291                 jmp     short loc_A2AC
seg000:A293 ; ---------------------------------------------------------------------------
seg000:A293
seg000:A293 loc_A293:
seg000:A293                 test    byte_ADF8, 0FFh
seg000:A298                 jz      short loc_A29D
seg000:A29A                 jmp     loc_A1C9
seg000:A29D ; ---------------------------------------------------------------------------
seg000:A29D
seg000:A29D loc_A29D:
seg000:A29D                 test    byte_ADFE, 0FFh
seg000:A2A2                 jnz     short loc_A2A7
seg000:A2A4                 jmp     loc_A1C9
seg000:A2A7 ; ---------------------------------------------------------------------------
seg000:A2A7
seg000:A2A7 loc_A2A7:
seg000:A2A7                 mov     byte_ADF9, 2
seg000:A2AC
seg000:A2AC loc_A2AC:                               ;
seg000:A2AC                 mov     byte ptr ds:0FF75h, 0Dh ; soundFX_request
seg000:A2B1                 mov     al, 5
seg000:A2B3                 call    sub_A266
seg000:A2B6                 jmp     loc_A0B8
seg000:A2B9 ; ---------------------------------------------------------------------------
seg000:A2B9
seg000:A2B9 loc_A2B9:                               ; jumptable 0000A0C0 case 2
seg000:A2B9                 call    sub_A9D5
seg000:A2BC                 mov     al, 2
seg000:A2BE                 call    sub_A37A
seg000:A2C1
seg000:A2C1 loc_A2C1:                               ; ah: ____Alt_Space
seg000:A2C1                 int     61h             ; al: ____right_left_down_up
seg000:A2C3                 and     al, 3
seg000:A2C5                 jnz     short loc_A2C1
seg000:A2C7
seg000:A2C7 loc_A2C7:
seg000:A2C7                 call    sub_AA58
seg000:A2CA                 jnb     short loc_A2CD
seg000:A2CC                 retn
seg000:A2CD ; ---------------------------------------------------------------------------
seg000:A2CD
seg000:A2CD loc_A2CD:                               ;
seg000:A2CD                 cmp     word ptr ds:0FF18h, 1010000110b ; F9_F7_F2_F1_KREJSNYQ_Esc_Ctrl_Shift_Enter
seg000:A2D3                 jnz     short loc_A2D8
seg000:A2D5                 jmp     loc_A3B7
seg000:A2D8 ; ---------------------------------------------------------------------------
seg000:A2D8
seg000:A2D8 loc_A2D8:                               ; ah: ____Alt_Space
seg000:A2D8                 int     61h             ; al: ____right_left_down_up
seg000:A2DA                 and     ah, 1
seg000:A2DD                 jz      short space_pressed
seg000:A2DF                 jmp     loc_A40D
seg000:A2E2 ; ---------------------------------------------------------------------------
seg000:A2E2
seg000:A2E2 space_pressed:
seg000:A2E2                 and     al, 1101b
seg000:A2E4                 jz      short loc_A2C7
seg000:A2E6                 push    ax
seg000:A2E7                 call    sub_A629
seg000:A2EA                 pop     ax
seg000:A2EB                 and     al, 1100b
seg000:A2ED                 jnz     short loc_A2F2
seg000:A2EF                 jmp     loc_A391
seg000:A2F2 ; ---------------------------------------------------------------------------
seg000:A2F2
seg000:A2F2 loc_A2F2:
seg000:A2F2                 test    al, 4
seg000:A2F4                 jnz     short loc_A31D
seg000:A2F6                 mov     al, byte_AE00
seg000:A2F9                 inc     al
seg000:A2FB                 mov     ah, byte_ADFE
seg000:A2FF                 dec     ah
seg000:A301                 cmp     ah, al
seg000:A303                 jb      short loc_A2C7
seg000:A305                 xor     al, al
seg000:A307                 call    sub_A37A
seg000:A30A                 inc     byte_AE00
seg000:A30E                 mov     al, 2
seg000:A310                 call    sub_A37A
seg000:A313                 mov     byte ptr ds:0FF75h, 0Ch ; soundFX_request
seg000:A318                 call    sub_A33C
seg000:A31B                 jmp     short loc_A2C7
seg000:A31D ; ---------------------------------------------------------------------------
seg000:A31D
seg000:A31D loc_A31D:
seg000:A31D                 test    byte_AE00, 0FFh
seg000:A322                 jz      short loc_A2C7
seg000:A324                 xor     al, al
seg000:A326                 call    sub_A37A
seg000:A329                 dec     byte_AE00
seg000:A32D                 mov     al, 2
seg000:A32F                 call    sub_A37A
seg000:A332                 mov     byte ptr ds:0FF75h, 0Ch ; soundFX_request
seg000:A337                 call    sub_A33C
seg000:A33A                 jmp     short loc_A2C7
seg000:A33A ; END OF FUNCTION CHUNK FOR sub_A004
seg000:A33C
seg000:A33C ; =============== S U B R O U T I N E =======================================
seg000:A33C
seg000:A33C
seg000:A33C sub_A33C        proc near
seg000:A33C                 mov     bx, offset byte_AE10
seg000:A33F                 mov     al, byte_AE00
seg000:A342                 xlat
seg000:A343                 mov     byte_ADFF, al
seg000:A346                 mov     bx, 1570h
seg000:A349                 mov     cx, 1811h
seg000:A34C                 xor     al, al
seg000:A34E                 call    word ptr cs:2000h ; Draw_Bordered_Rectangle_proc
seg000:A353                 mov     bl, byte_ADFF
seg000:A357                 xor     bh, bh
seg000:A359                 add     bx, bx
seg000:A35B                 mov     si, off_AC32[bx] ; "NO USE"
seg000:A35F                 mov     bx, 54h ; 'T'
seg000:A362                 mov     cl, 70h ; 'p'
seg000:A364                 mov     ah, 1
seg000:A366                 call    sub_AA2B
seg000:A369                 mov     bx, 54h ; 'T'
seg000:A36C                 mov     cl, 78h ; 'x'
seg000:A36E                 mov     ah, 1
seg000:A370                 call    sub_AA2B
seg000:A373
seg000:A373 loc_A373:                               ; ah: ____Alt_Space
seg000:A373                 int     61h             ; al: ____right_left_down_up
seg000:A375                 and     al, 0Ch
seg000:A377                 jnz     short loc_A373
seg000:A379                 retn
seg000:A379 sub_A33C        endp
seg000:A379
seg000:A37A
seg000:A37A ; =============== S U B R O U T I N E =======================================
seg000:A37A
seg000:A37A
seg000:A37A sub_A37A        proc near
seg000:A37A                 mov     bh, byte_AE00
seg000:A37E                 xor     bl, bl
seg000:A380                 mov     cx, bx
seg000:A382                 add     bx, bx
seg000:A384                 add     bx, bx
seg000:A386                 add     bx, cx
seg000:A388                 add     bx, 0E81h
seg000:A38C                 jmp     word ptr cs:202Eh ; Draw_Status_Frame_proc
seg000:A38C sub_A37A        endp
seg000:A38C
seg000:A391 ; ---------------------------------------------------------------------------
seg000:A391 ; START OF FUNCTION CHUNK FOR sub_A004
seg000:A391
seg000:A391 loc_A391:
seg000:A391                 mov     cl, 1
seg000:A393                 test    byte_ADFC, 0FFh
seg000:A398                 jnz     short loc_A3A6
seg000:A39A                 xor     cl, cl
seg000:A39C                 test    byte_ADFA, 0FFh
seg000:A3A1                 jnz     short loc_A3A6
seg000:A3A3                 jmp     loc_A2C7
seg000:A3A6 ; ---------------------------------------------------------------------------
seg000:A3A6
seg000:A3A6 loc_A3A6:
seg000:A3A6                 mov     byte_ADF9, cl
seg000:A3AA                 mov     byte ptr ds:0FF75h, 0Dh ; soundFX_request
seg000:A3AF                 mov     al, 5
seg000:A3B1                 call    sub_A37A
seg000:A3B4                 jmp     loc_A0B8
seg000:A3B7 ; ---------------------------------------------------------------------------
seg000:A3B7
seg000:A3B7 loc_A3B7:
seg000:A3B7                 test    byte_AE02, 0FFh
seg000:A3BC                 jz      short loc_A3C1
seg000:A3BE                 jmp     loc_A2C7
seg000:A3C1 ; ---------------------------------------------------------------------------
seg000:A3C1
seg000:A3C1 loc_A3C1:
seg000:A3C1                 call    sub_A60F
seg000:A3C4                 mov     bx, 1B43h
seg000:A3C7                 mov     cx, 1A24h
seg000:A3CA                 mov     al, 0FFh
seg000:A3CC                 call    word ptr cs:2000h ; Draw_Bordered_Rectangle_proc
seg000:A3D1                 mov     si, offset aLevel ; "LEVEL"
seg000:A3D4                 mov     bx, 80h
seg000:A3D7                 mov     cl, 4Ch ; 'L'
seg000:A3D9                 mov     ah, 1
seg000:A3DB                 call    sub_AA2B
seg000:A3DE                 mov     al, ds:8Dh      ; hero_level
seg000:A3E1                 xor     ah, ah
seg000:A3E3                 inc     ax
seg000:A3E4                 mov     cx, 2
seg000:A3E7                 mov     bl, 6
seg000:A3E9                 mov     dx, 2C4Ch
seg000:A3EC                 call    sub_A9B3
seg000:A3EF                 mov     si, offset aExp ; "EXP"
seg000:A3F2                 mov     bx, 80h
seg000:A3F5                 mov     cl, 56h ; 'V'
seg000:A3F7                 mov     ah, 1
seg000:A3F9                 call    sub_AA2B
seg000:A3FC                 mov     ax, ds:8Eh      ; hero_xp
seg000:A3FF                 mov     cx, 5
seg000:A402                 mov     bl, 6
seg000:A404                 mov     dx, 2856h
seg000:A407                 call    sub_A9B3
seg000:A40A                 jmp     loc_A2C7
seg000:A40D ; ---------------------------------------------------------------------------
seg000:A40D
seg000:A40D loc_A40D:
seg000:A40D                 test    byte_ADFF, 0FFh
seg000:A412                 jnz     short loc_A417
seg000:A414                 jmp     loc_A2C7
seg000:A417 ; ---------------------------------------------------------------------------
seg000:A417
seg000:A417 loc_A417:
seg000:A417                 call    sub_A629
seg000:A41A                 mov     ax, offset loc_A2C7
seg000:A41D                 push    ax
seg000:A41E                 mov     ax, offset sub_A5B4
seg000:A421                 push    ax
seg000:A422                 mov     cl, byte_AE00
seg000:A426                 xor     ch, ch
seg000:A428                 mov     bx, 0A6h        ; magic_items
seg000:A42B
seg000:A42B loc_A42B:
seg000:A42B                 test    byte ptr [bx], 0FFh
seg000:A42E                 jz      short loc_A432
seg000:A430                 inc     ch
seg000:A432
seg000:A432 loc_A432:
seg000:A432                 inc     bx
seg000:A433                 cmp     ch, cl
seg000:A435                 jnz     short loc_A42B
seg000:A437                 mov     byte ptr [bx-1], 0
seg000:A43B                 call    sub_A643
seg000:A43E                 mov     al, byte_ADFF
seg000:A441                 mov     ds:0FF4Bh, al   ; byte_FF4B
seg000:A444                 mov     bl, byte_ADFF
seg000:A448                 dec     bl
seg000:A44A                 xor     bh, bh
seg000:A44C                 add     bx, bx          ; switch 8 cases
seg000:A44E                 jmp     jpt_A44E[bx]    ; switch jump
seg000:A44E ; END OF FUNCTION CHUNK FOR sub_A004
seg000:A44E ; ---------------------------------------------------------------------------
seg000:A452 jpt_A44E        dw offset loc_A462
seg000:A454                 dw offset loc_A483
seg000:A456                 dw offset loc_A496
seg000:A458                 dw offset loc_A4BE
seg000:A45A                 dw offset loc_A52C
seg000:A45C                 dw offset loc_A4EA
seg000:A45E                 dw offset loc_A4DB
seg000:A460                 dw offset loc_A58B
seg000:A462 ; ---------------------------------------------------------------------------
seg000:A462 ; START OF FUNCTION CHUNK FOR sub_A004
seg000:A462
seg000:A462 loc_A462:                               ;
seg000:A462                 mov     byte ptr ds:0FF75h, 0Eh ; soundFX_request
seg000:A467                 add     word ptr ds:90h, 80 ; hero_HP
seg000:A46C                 mov     ax, ds:90h      ; hero_HP
seg000:A46F                 sub     ax, ds:0B2h     ; heroMaxHp
seg000:A473                 jb      short loc_A47B
seg000:A475                 mov     ax, ds:0B2h     ; heroMaxHp
seg000:A478                 mov     ds:90h, ax      ; hero_HP
seg000:A47B
seg000:A47B loc_A47B:                               ;
seg000:A47B                 call    word ptr cs:2008h ; Draw_Hero_Health_proc
seg000:A480                 jmp     sub_A5DA
seg000:A483 ; ---------------------------------------------------------------------------
seg000:A483
seg000:A483 loc_A483:                               ;
seg000:A483                 mov     byte ptr ds:0FF75h, 0Eh ; soundFX_request
seg000:A488                 mov     ax, ds:0B2h     ; heroMaxHp
seg000:A48B                 mov     ds:90h, ax      ; hero_HP
seg000:A48E                 call    word ptr cs:2008h ; Draw_Hero_Health_proc
seg000:A493                 jmp     sub_A5DA
seg000:A496 ; ---------------------------------------------------------------------------
seg000:A496
seg000:A496 loc_A496:                               ;
seg000:A496                 mov     byte ptr ds:0FF75h, 0Eh ; soundFX_request
seg000:A49B                 test    byte ptr ds:9Dh, 0FFh ; current_magic_spell
seg000:A4A0                 jnz     short loc_A4A3
seg000:A4A2                 retn
seg000:A4A3 ; ---------------------------------------------------------------------------
seg000:A4A3
seg000:A4A3 loc_A4A3:                               ;
seg000:A4A3                 mov     bl, ds:9Dh      ; current_magic_spell
seg000:A4A7                 dec     bl
seg000:A4A9                 xor     bh, bh
seg000:A4AB                 mov     al, [bx+0B4h]   ; espada_count
seg000:A4AF                 mov     [bx+0ABh], al   ; spells_espada
seg000:A4B3                 call    word ptr cs:2018h ; Print_Magic_Left_Decimal_proc
seg000:A4B8                 call    sub_A929
seg000:A4BB                 jmp     sub_A5DA
seg000:A4BE ; ---------------------------------------------------------------------------
seg000:A4BE
seg000:A4BE loc_A4BE:                               ;
seg000:A4BE                 mov     byte ptr ds:0FF75h, 0Eh ; soundFX_request
seg000:A4C3                 push    cs
seg000:A4C4                 pop     es
seg000:A4C5                 mov     si, 0B4h        ; offset espada_count
seg000:A4C8                 mov     di, 0ABh        ; offset spells_espada
seg000:A4CB                 mov     cx, 7
seg000:A4CE                 rep movsb
seg000:A4D0                 call    word ptr cs:2018h ; Print_Magic_Left_Decimal_proc
seg000:A4D5                 call    sub_A929
seg000:A4D8                 jmp     sub_A5DA
seg000:A4DB ; ---------------------------------------------------------------------------
seg000:A4DB
seg000:A4DB loc_A4DB:                               ;
seg000:A4DB                 mov     byte ptr ds:0FF75h, 0Eh ; soundFX_request
seg000:A4E0                 inc     byte ptr ds:0E4h ; byte_E4
seg000:A4E4                 call    sub_A86E
seg000:A4E7                 jmp     sub_A5DA
seg000:A4EA ; ---------------------------------------------------------------------------
seg000:A4EA
seg000:A4EA loc_A4EA:                               ;
seg000:A4EA                 mov     byte ptr ds:0FF75h, 0Eh ; soundFX_request
seg000:A4EF                 test    byte ptr ds:93h, 0FFh ; shield_type
seg000:A4F4                 jnz     short loc_A4F7
seg000:A4F6                 retn
seg000:A4F7 ; ---------------------------------------------------------------------------
seg000:A4F7
seg000:A4F7 loc_A4F7:                               ;
seg000:A4F7                 mov     bl, ds:93h      ; shield_type
seg000:A4FB                 dec     bl
seg000:A4FD                 xor     bh, bh
seg000:A4FF                 add     bx, bx
seg000:A501                 mov     ax, word_A520[bx]
seg000:A505                 add     ds:94h, ax
seg000:A509                 mov     ax, ds:94h
seg000:A50C                 sub     ax, ds:96h      ; shield_max_HP
seg000:A510                 jb      short loc_A518
seg000:A512                 mov     ax, ds:96h      ; shield_max_HP
seg000:A515                 mov     ds:94h, ax
seg000:A518
seg000:A518 loc_A518:                               ;
seg000:A518                 call    word ptr cs:201Ah ; Print_ShieldHP_Decimal_proc
seg000:A51D                 jmp     sub_A5DA
seg000:A51D ; END OF FUNCTION CHUNK FOR sub_A004
seg000:A51D ; ---------------------------------------------------------------------------
seg000:A520 word_A520       dw 50h, 5Ah, 64h, 6Eh, 73h, 78h
seg000:A52C ; ---------------------------------------------------------------------------
seg000:A52C ; START OF FUNCTION CHUNK FOR sub_A004
seg000:A52C
seg000:A52C loc_A52C:
seg000:A52C                 push    cs
seg000:A52D                 pop     es
seg000:A52E                 mov     byte ptr ds:0FF75h, 0Eh ; soundFX_request
seg000:A533                 mov     byte_A584, 0
seg000:A538                 mov     byte_A585, 1
seg000:A53D                 mov     si, offset byte_A584
seg000:A540                 mov     di, 0EB60h
seg000:A543                 mov     cx, 7
seg000:A546                 rep movsb
seg000:A548                 mov     byte_A584, 4
seg000:A54D                 mov     byte_A585, 0FFh
seg000:A552                 mov     si, offset byte_A584
seg000:A555                 mov     di, 0EB67h
seg000:A558                 mov     cx, 7
seg000:A55B                 rep movsb
seg000:A55D                 mov     byte_A584, 8
seg000:A562                 mov     si, offset byte_A584
seg000:A565                 mov     di, 0EB6Eh
seg000:A568                 mov     cx, 7
seg000:A56B                 rep movsb
seg000:A56D                 mov     byte_A584, 0Ch
seg000:A572                 mov     byte_A585, 1
seg000:A577                 mov     si, offset byte_A584
seg000:A57A                 mov     di, 0EB75h
seg000:A57D                 mov     cx, 7
seg000:A580                 rep movsb
seg000:A582                 jmp     short sub_A5DA
seg000:A582 ; END OF FUNCTION CHUNK FOR sub_A004
seg000:A582 ; ---------------------------------------------------------------------------
seg000:A584 byte_A584       db 0
seg000:A585 byte_A585       db 0
seg000:A586                 db  50h ; P
seg000:A587                 db    0
seg000:A588                 db    0
seg000:A589                 db    0
seg000:A58A                 db    0
seg000:A58B ; ---------------------------------------------------------------------------
seg000:A58B ; START OF FUNCTION CHUNK FOR sub_A004
seg000:A58B
seg000:A58B loc_A58B:                               ;
seg000:A58B                 mov     byte ptr ds:0FF75h, 0Fh ; soundFX_request
seg000:A590                 call    sub_A5DA
seg000:A593                 call    sub_A5B4
seg000:A596                 pop     ax
seg000:A597                 pop     ax
seg000:A598                 mov     byte ptr ds:0FF24h, 8 ; byte_FF24
seg000:A59D                 mov     byte ptr ds:0FF1Ah, 0 ; frame_timer
seg000:A5A2
seg000:A5A2 loc_A5A2:                               ;
seg000:A5A2                 cmp     byte ptr ds:0FF1Ah, 78h ; 'x' ; frame_timer
seg000:A5A7                 jb      short loc_A5A2
seg000:A5A9                 call    word ptr cs:2040h ; Fade_To_Black_Dithered_proc
seg000:A5AE                 mov     ax, 1
seg000:A5B1                 int     60h             ; adlib fn_1
seg000:A5B3                 retn
seg000:A5B3 ; END OF FUNCTION CHUNK FOR sub_A004
seg000:A5B4
seg000:A5B4 ; =============== S U B R O U T I N E =======================================
seg000:A5B4
seg000:A5B4
seg000:A5B4 sub_A5B4        proc near
seg000:A5B4                 xor     al, al
seg000:A5B6                 call    sub_A37A
seg000:A5B9                 mov     bx, 0E83h
seg000:A5BC                 mov     cx, 1E10h
seg000:A5BF                 xor     al, al
seg000:A5C1                 call    word ptr cs:2000h ; Draw_Bordered_Rectangle_proc
seg000:A5C6                 test    byte_ADFE, 0FFh
seg000:A5CB                 jnz     short loc_A5D2
seg000:A5CD                 mov     byte_ADFE, 1
seg000:A5D2
seg000:A5D2 loc_A5D2:
seg000:A5D2                 call    sub_A669
seg000:A5D5                 mov     al, 2
seg000:A5D7                 jmp     sub_A37A
seg000:A5D7 sub_A5B4        endp
seg000:A5D7
seg000:A5DA
seg000:A5DA ; =============== S U B R O U T I N E =======================================
seg000:A5DA
seg000:A5DA
seg000:A5DA sub_A5DA        proc near
seg000:A5DA                 call    sub_A60F
seg000:A5DD                 mov     bx, 0F43h
seg000:A5E0                 mov     cx, 3224h
seg000:A5E3                 mov     al, 0FFh
seg000:A5E5                 call    word ptr cs:2000h ; Draw_Bordered_Rectangle_proc
seg000:A5EA                 mov     si, offset aIHaveUsed ; "I have used"
seg000:A5ED                 mov     bx, 44h ; 'D'
seg000:A5F0                 mov     cl, 4Ch ; 'L'
seg000:A5F2                 mov     ah, 1
seg000:A5F4                 call    sub_AA2B
seg000:A5F7                 mov     bl, byte_ADFF
seg000:A5FB                 dec     bl
seg000:A5FD                 xor     bh, bh
seg000:A5FF                 add     bx, bx
seg000:A601                 mov     si, off_AB62[bx] ; "       a Ken\\ko Potion."
seg000:A605                 mov     bx, 48h ; 'H'
seg000:A608                 mov     cl, 56h ; 'V'
seg000:A60A                 mov     ah, 1
seg000:A60C                 jmp     sub_AA2B
seg000:A60C sub_A5DA        endp
seg000:A60C
seg000:A60F
seg000:A60F ; =============== S U B R O U T I N E =======================================
seg000:A60F
seg000:A60F
seg000:A60F sub_A60F        proc near
seg000:A60F                 test    byte_AE02, 0FFh
seg000:A614                 jz      short loc_A617
seg000:A616                 retn
seg000:A617 ; ---------------------------------------------------------------------------
seg000:A617
seg000:A617 loc_A617:
seg000:A617                 mov     byte_AE02, 0FFh
seg000:A61C                 mov     ax, 643h
seg000:A61F                 xor     di, di
seg000:A621                 mov     cx, 1C24h
seg000:A624                 jmp     word ptr cs:2026h ; Capture_Screen_Rect_to_seg3_proc
seg000:A624 sub_A60F        endp
seg000:A624
seg000:A629
seg000:A629 ; =============== S U B R O U T I N E =======================================
seg000:A629
seg000:A629
seg000:A629 sub_A629        proc near
seg000:A629                 test    byte_AE02, 0FFh
seg000:A62E                 jnz     short loc_A631
seg000:A630                 retn
seg000:A631 ; ---------------------------------------------------------------------------
seg000:A631
seg000:A631 loc_A631:
seg000:A631                 mov     byte_AE02, 0
seg000:A636                 mov     ax, 643h
seg000:A639                 xor     di, di
seg000:A63B                 mov     cx, 1C24h
seg000:A63E                 jmp     word ptr cs:2028h ; Put_Image_proc
seg000:A63E sub_A629        endp
seg000:A63E
seg000:A643
seg000:A643 ; =============== S U B R O U T I N E =======================================
seg000:A643
seg000:A643
seg000:A643 sub_A643        proc near
seg000:A643                 push    cs
seg000:A644                 pop     es
seg000:A645                 mov     si, 0A6h        ; magic_items
seg000:A648                 mov     di, offset byte_AE10
seg000:A64B                 xor     al, al
seg000:A64D                 stosb
seg000:A64E                 xor     cl, cl
seg000:A650                 mov     ch, 5
seg000:A652
seg000:A652 loc_A652:
seg000:A652                 lodsb
seg000:A653                 or      al, al
seg000:A655                 jz      short loc_A65A
seg000:A657                 stosb
seg000:A658                 inc     cl
seg000:A65A
seg000:A65A loc_A65A:
seg000:A65A                 dec     ch
seg000:A65C                 jnz     short loc_A652
seg000:A65E                 or      cl, cl
seg000:A660                 jz      short loc_A664
seg000:A662                 inc     cl
seg000:A664
seg000:A664 loc_A664:
seg000:A664                 mov     byte_ADFE, cl
seg000:A668                 retn
seg000:A668 sub_A643        endp
seg000:A668
seg000:A669
seg000:A669 ; =============== S U B R O U T I N E =======================================
seg000:A669
seg000:A669
seg000:A669 sub_A669        proc near
seg000:A669                 test    byte_ADFE, 0FFh
seg000:A66E                 jz      short loc_A6C4
seg000:A670                 mov     cl, byte_ADFE
seg000:A674                 xor     ch, ch
seg000:A676                 mov     bx, 0E83h
seg000:A679                 mov     si, offset byte_AE10
seg000:A67C
seg000:A67C loc_A67C:
seg000:A67C                 push    cx
seg000:A67D                 lodsb
seg000:A67E                 push    si
seg000:A67F                 push    bx
seg000:A680                 call    word ptr cs:2036h ; Render_Magic_Potion_Item_Sprite_16x16_proc
seg000:A685                 pop     bx
seg000:A686                 pop     si
seg000:A687                 add     bx, 500h
seg000:A68B                 pop     cx
seg000:A68C                 loop    loc_A67C
seg000:A68E                 mov     byte_ADFF, 0
seg000:A693                 mov     byte_AE00, 0
seg000:A698                 test    byte_ADF8, 0FFh
seg000:A69D                 jz      short loc_A6A0
seg000:A69F                 retn
seg000:A6A0 ; ---------------------------------------------------------------------------
seg000:A6A0
seg000:A6A0 loc_A6A0:
seg000:A6A0                 mov     bx, 0E81h
seg000:A6A3                 mov     al, 5
seg000:A6A5                 call    word ptr cs:202Eh ; Draw_Status_Frame_proc
seg000:A6AA                 mov     bx, 1570h
seg000:A6AD                 mov     cx, 1811h
seg000:A6B0                 xor     al, al
seg000:A6B2                 call    word ptr cs:2000h ; Draw_Bordered_Rectangle_proc
seg000:A6B7                 mov     si, offset aNoUse ; "NO USE"
seg000:A6BA                 mov     bx, 54h ; 'T'
seg000:A6BD                 mov     cl, 71h ; 'q'
seg000:A6BF                 mov     ah, 1
seg000:A6C1                 jmp     sub_AA2B
seg000:A6C4 ; ---------------------------------------------------------------------------
seg000:A6C4
seg000:A6C4 loc_A6C4:
seg000:A6C4                 mov     bx, 54h ; 'T'
seg000:A6C7                 mov     cl, 71h ; 'q'
seg000:A6C9                 mov     si, offset aNothing ; "NOTHING"
seg000:A6CC                 mov     ah, 1
seg000:A6CE                 jmp     sub_AA2B
seg000:A6CE sub_A669        endp
seg000:A6CE
seg000:A6D1
seg000:A6D1 ; =============== S U B R O U T I N E =======================================
seg000:A6D1
seg000:A6D1
seg000:A6D1 sub_A6D1        proc near
seg000:A6D1
seg000:A6D1 ; FUNCTION CHUNK AT seg000:A745 SIZE 0000000D BYTES
seg000:A6D1
seg000:A6D1                 test    byte_ADFC, 0FFh
seg000:A6D6                 jz      short loc_A745
seg000:A6D8                 mov     cl, byte_ADFC
seg000:A6DC                 xor     ch, ch
seg000:A6DE                 mov     bx, 0E55h
seg000:A6E1                 mov     si, offset wearables
seg000:A6E4
seg000:A6E4 loc_A6E4:
seg000:A6E4                 push    cx
seg000:A6E5                 lodsb
seg000:A6E6                 push    si
seg000:A6E7                 push    bx
seg000:A6E8                 call    word ptr cs:2034h ; Render_Wearable_Item_Sprite_16x16_proc
seg000:A6ED                 pop     bx
seg000:A6EE                 pop     si
seg000:A6EF                 add     bx, 500h
seg000:A6F3                 pop     cx
seg000:A6F4                 loop    loc_A6E4
seg000:A6F4 sub_A6D1        endp
seg000:A6F4
seg000:A6F6
seg000:A6F6 ; =============== S U B R O U T I N E =======================================
seg000:A6F6
seg000:A6F6
seg000:A6F6 sub_A6F6        proc near
seg000:A6F6                 push    cs
seg000:A6F7                 pop     es
seg000:A6F8                 mov     di, offset wearables
seg000:A6FB                 mov     al, ds:9Eh      ; current_accessory
seg000:A6FE                 mov     cx, 6
seg000:A701                 repne scasb
seg000:A703                 neg     cx
seg000:A705                 add     cx, 5
seg000:A708                 mov     byte_ADFD, cl
seg000:A70C                 mov     ch, cl
seg000:A70E                 xor     cl, cl
seg000:A710                 mov     bx, cx
seg000:A712                 add     cx, cx
seg000:A714                 add     cx, cx
seg000:A716                 add     cx, bx
seg000:A718                 add     cx, 0E53h
seg000:A71C                 mov     bx, cx
seg000:A71E                 mov     al, 5
seg000:A720                 call    word ptr cs:202Eh ; Draw_Status_Frame_proc
seg000:A725                 mov     bl, ds:9Eh      ; current_accessory
seg000:A729                 xor     bh, bh
seg000:A72B                 add     bx, bx
seg000:A72D                 mov     si, off_AAF3[bx] ; "NO USE"
seg000:A731                 mov     bx, 5Ch ; '\'
seg000:A734                 mov     cl, 43h ; 'C'
seg000:A736                 mov     ah, 1
seg000:A738                 call    sub_AA2B
seg000:A73B                 mov     bx, 5Ch ; '\'
seg000:A73E                 mov     cl, 4Bh ; 'K'
seg000:A740                 mov     ah, 1
seg000:A742                 jmp     sub_AA2B
seg000:A742 sub_A6F6        endp
seg000:A742
seg000:A745 ; ---------------------------------------------------------------------------
seg000:A745 ; START OF FUNCTION CHUNK FOR sub_A6D1
seg000:A745
seg000:A745 loc_A745:
seg000:A745                 mov     bx, 5Ch ; '\'
seg000:A748                 mov     cl, 43h ; 'C'
seg000:A74A                 mov     si, offset aNothing ; "NOTHING"
seg000:A74D                 mov     ah, 1
seg000:A74F                 jmp     sub_AA2B
seg000:A74F ; END OF FUNCTION CHUNK FOR sub_A6D1
seg000:A752
seg000:A752 ; =============== S U B R O U T I N E =======================================
seg000:A752
seg000:A752
seg000:A752 sub_A752        proc near
seg000:A752                 test    byte ptr ds:92h, 0FFh ; sword_type
seg000:A757                 jz      short loc_A789
seg000:A759                 mov     bx, 174Dh
seg000:A75C                 mov     al, ds:92h      ; sword_type
seg000:A75F                 call    word ptr cs:201Ch ; Render_Sword_Item_Sprite_20x18_proc
seg000:A764                 mov     bl, ds:92h      ; sword_type
seg000:A768                 xor     bh, bh
seg000:A76A                 dec     bl
seg000:A76C                 add     bx, bx
seg000:A76E                 mov     si, off_ACD9[bx] ; "Training"
seg000:A772                 mov     bx, 344Eh
seg000:A775                 xor     cl, cl
seg000:A777                 call    word ptr cs:2038h ; Render_C_String_proc
seg000:A77C                 mov     bx, 3456h
seg000:A77F                 xor     cl, cl
seg000:A781                 call    word ptr cs:2038h ; Render_C_String_proc
seg000:A786                 call    sub_A86E
seg000:A789
seg000:A789 loc_A789:                               ; shield_type
seg000:A789                 test    byte ptr ds:93h, 0FFh
seg000:A78E                 jz      short loc_A7C0
seg000:A790                 mov     bx, 2E61h
seg000:A793                 mov     al, ds:93h      ; shield_type
seg000:A796                 call    word ptr cs:2020h ; Render_Shield_Item_Sprite_16x16_proc
seg000:A79B                 mov     bl, ds:93h      ; shield_type
seg000:A79F                 xor     bh, bh
seg000:A7A1                 dec     bl
seg000:A7A3                 add     bx, bx
seg000:A7A5                 mov     si, off_AD67[bx] ; "Clay"
seg000:A7A9                 mov     bx, 3461h
seg000:A7AC                 xor     cl, cl
seg000:A7AE                 call    word ptr cs:2038h ; Render_C_String_proc
seg000:A7B3                 mov     bx, 3469h
seg000:A7B6                 xor     cl, cl
seg000:A7B8                 call    word ptr cs:2038h ; Render_C_String_proc
seg000:A7BD                 call    sub_A844
seg000:A7C0
seg000:A7C0 loc_A7C0:                               ;
seg000:A7C0                 test    byte ptr ds:98h, 0FFh ; keys_amount
seg000:A7C5                 jz      short loc_A7EF
seg000:A7C7                 mov     bx, 2E75h
seg000:A7CA                 xor     al, al
seg000:A7CC                 call    word ptr cs:203Ah ; Render_Key_Item_Sprite_16x16_proc
seg000:A7D1                 mov     bx, 0C8h
seg000:A7D4                 mov     cl, 7Eh ; '~'
seg000:A7D6                 mov     al, 5Eh ; '^'
seg000:A7D8                 mov     ah, 1
seg000:A7DA                 call    word ptr cs:2022h ; Render_Font_Glyph_proc
seg000:A7DF                 mov     al, ds:98h      ; keys_amount
seg000:A7E2                 xor     ah, ah
seg000:A7E4                 mov     cx, 1
seg000:A7E7                 mov     bl, 1
seg000:A7E9                 mov     dx, 347Eh
seg000:A7EC                 call    sub_A9B3
seg000:A7EF
seg000:A7EF loc_A7EF:                               ;
seg000:A7EF                 test    byte ptr ds:99h, 0FFh ; lion_head_keys
seg000:A7F4                 jz      short loc_A81E
seg000:A7F6                 mov     bx, 3A75h
seg000:A7F9                 mov     al, 1
seg000:A7FB                 call    word ptr cs:203Ah ; Render_Key_Item_Sprite_16x16_proc
seg000:A800                 mov     bx, 0F8h
seg000:A803                 mov     cl, 7Eh ; '~'
seg000:A805                 mov     al, 5Eh ; '^'
seg000:A807                 mov     ah, 1
seg000:A809                 call    word ptr cs:2022h ; Render_Font_Glyph_proc
seg000:A80E                 mov     al, ds:99h      ; lion_head_keys
seg000:A811                 xor     ah, ah
seg000:A813                 mov     cx, 1
seg000:A816                 mov     bl, 1
seg000:A818                 mov     dx, 407Eh
seg000:A81B                 call    sub_A9B3
seg000:A81E
seg000:A81E loc_A81E:                               ;
seg000:A81E                 mov     si, 9Ah         ; offset elf_crest
seg000:A821                 mov     bx, 3089h
seg000:A824                 mov     cx, 3
seg000:A827
seg000:A827 loc_A827:
seg000:A827                 push    cx
seg000:A828                 lodsb                   ; elf_crest, crest_of_glory, hero_crest
seg000:A829                 or      al, al
seg000:A82B                 jz      short loc_A840
seg000:A82D                 mov     al, cl
seg000:A82F                 neg     al
seg000:A831                 add     al, 3
seg000:A833                 push    bx
seg000:A834                 push    si
seg000:A835                 call    word ptr cs:203Ch ; Render_Crest_Item_Sprite_16x16_proc
seg000:A83A                 pop     si
seg000:A83B                 pop     bx
seg000:A83C                 add     bx, 600h
seg000:A840
seg000:A840 loc_A840:
seg000:A840                 pop     cx
seg000:A841                 loop    loc_A827
seg000:A843                 retn
seg000:A843 sub_A752        endp
seg000:A843
seg000:A844
seg000:A844 ; =============== S U B R O U T I N E =======================================
seg000:A844
seg000:A844
seg000:A844 sub_A844        proc near
seg000:A844                 mov     ax, ds:96h      ; shield_max_HP
seg000:A847                 mov     dx, 3469h
seg000:A84A                 mov     cx, 3
seg000:A84D                 mov     bl, 4
seg000:A84F                 call    sub_A9B3
seg000:A852                 mov     bx, 0CAh
seg000:A855                 mov     cl, 69h ; 'i'
seg000:A857                 mov     al, 28h ; '('
seg000:A859                 mov     ah, 4
seg000:A85B                 call    word ptr cs:2022h ; Render_Font_Glyph_proc
seg000:A860                 mov     bx, 0E0h
seg000:A863                 mov     cl, 69h ; 'i'
seg000:A865                 mov     al, 29h ; ')'
seg000:A867                 mov     ah, 4
seg000:A869                 jmp     word ptr cs:2022h ; Render_Font_Glyph_proc
seg000:A869 sub_A844        endp
seg000:A869
seg000:A86E
seg000:A86E ; =============== S U B R O U T I N E =======================================
seg000:A86E
seg000:A86E
seg000:A86E sub_A86E        proc near
seg000:A86E                 test    byte ptr ds:0E4h, 0FFh ; byte_E4
seg000:A873                 jnz     short loc_A876
seg000:A875                 retn
seg000:A876 ; ---------------------------------------------------------------------------
seg000:A876
seg000:A876 loc_A876:
seg000:A876                 mov     bx, 3257h
seg000:A879                 mov     cx, 408h
seg000:A87C                 xor     al, al
seg000:A87E                 call    word ptr cs:2000h ; Draw_Bordered_Rectangle_proc
seg000:A883                 mov     bx, 0CAh
seg000:A886                 mov     cl, 57h ; 'W'
seg000:A888                 mov     al, 28h ; '('
seg000:A88A                 mov     ah, 1
seg000:A88C                 call    word ptr cs:2022h ; Render_Font_Glyph_proc
seg000:A891                 mov     al, ds:0E4h     ; byte_E4
seg000:A894                 xor     ah, ah
seg000:A896                 mov     dx, 3457h
seg000:A899                 mov     bl, 1
seg000:A89B                 mov     cx, 1
seg000:A89E                 call    sub_A9B3
seg000:A8A1                 mov     bx, 0D4h
seg000:A8A4                 mov     cl, 57h ; 'W'
seg000:A8A6                 mov     al, 29h ; ')'
seg000:A8A8                 mov     ah, 1
seg000:A8AA                 jmp     word ptr cs:2022h ; Render_Font_Glyph_proc
seg000:A8AA sub_A86E        endp
seg000:A8AA
seg000:A8AF
seg000:A8AF ; =============== S U B R O U T I N E =======================================
seg000:A8AF
seg000:A8AF
seg000:A8AF sub_A8AF        proc near
seg000:A8AF                 test    byte_ADFA, 0FFh
seg000:A8B4                 jz      short loc_A91C
seg000:A8B6                 mov     cl, byte_ADFA
seg000:A8BA                 xor     ch, ch
seg000:A8BC                 mov     bx, 0E1Ch
seg000:A8BF                 mov     si, offset spells_active
seg000:A8C2
seg000:A8C2 loc_A8C2:
seg000:A8C2                 push    cx
seg000:A8C3                 lodsb
seg000:A8C4                 push    si
seg000:A8C5                 push    bx
seg000:A8C6                 call    word ptr cs:201Eh ; Render_Magic_Spell_Item_Sprite_16x16_proc
seg000:A8CB                 pop     bx
seg000:A8CC                 pop     si
seg000:A8CD                 add     bx, 800h
seg000:A8D1                 pop     cx
seg000:A8D2                 loop    loc_A8C2
seg000:A8D4                 call    sub_A929
seg000:A8D7                 push    cs
seg000:A8D8                 pop     es
seg000:A8D9                 mov     di, offset spells_active
seg000:A8DC                 mov     al, ds:9Dh      ; current_magic_spell
seg000:A8DF                 mov     cx, 7
seg000:A8E2                 repne scasb
seg000:A8E4                 neg     cx
seg000:A8E6                 add     cx, 6
seg000:A8E9                 mov     byte_ADFB, cl
seg000:A8ED                 mov     ch, cl
seg000:A8EF                 xor     cl, cl
seg000:A8F1                 add     cx, cx
seg000:A8F3                 add     cx, cx
seg000:A8F5                 add     cx, cx
seg000:A8F7                 add     cx, 0E1Ah
seg000:A8FB                 mov     bx, cx
seg000:A8FD                 mov     al, 5
seg000:A8FF                 call    word ptr cs:202Eh ; Draw_Status_Frame_proc
seg000:A904                 mov     bl, ds:9Dh      ; current_magic_spell
seg000:A908                 dec     bl
seg000:A90A                 xor     bh, bh
seg000:A90C                 add     bx, bx
seg000:A90E                 mov     si, off_AAB8[bx] ; "Espada"
seg000:A912                 mov     bx, 9Eh
seg000:A915                 mov     cl, 12h
seg000:A917                 mov     ah, 1
seg000:A919                 jmp     sub_AA2B
seg000:A91C ; ---------------------------------------------------------------------------
seg000:A91C
seg000:A91C loc_A91C:
seg000:A91C                 mov     bx, 9Eh
seg000:A91F                 mov     cl, 12h
seg000:A921                 mov     si, offset aNothing ; "NOTHING"
seg000:A924                 mov     ah, 1
seg000:A926                 jmp     sub_AA2B
seg000:A926 sub_A8AF        endp
seg000:A926
seg000:A929
seg000:A929 ; =============== S U B R O U T I N E =======================================
seg000:A929
seg000:A929
seg000:A929 sub_A929        proc near
seg000:A929                 mov     dx, 0E2Eh
seg000:A92C                 mov     si, offset spells_active
seg000:A92F                 mov     cl, byte_ADFA
seg000:A933                 xor     ch, ch
seg000:A935
seg000:A935 loc_A935:
seg000:A935                 push    cx
seg000:A936                 lodsb
seg000:A937                 push    si
seg000:A938                 push    dx
seg000:A939                 dec     al
seg000:A93B                 mov     bl, al
seg000:A93D                 xor     bh, bh
seg000:A93F                 mov     al, [bx+0ABh]   ; spells_espada
seg000:A943                 mov     ah, [bx+0B4h]   ; espada_count
seg000:A947                 push    ax
seg000:A948                 push    dx
seg000:A949                 push    ax
seg000:A94A                 push    dx
seg000:A94B                 mov     bx, dx
seg000:A94D                 mov     cx, 508h
seg000:A950                 xor     al, al
seg000:A952                 call    word ptr cs:2000h ; Draw_Bordered_Rectangle_proc
seg000:A957                 pop     dx
seg000:A958                 pop     ax
seg000:A959                 xor     ah, ah
seg000:A95B                 mov     bl, 1
seg000:A95D                 mov     cx, 3
seg000:A960                 call    sub_A9B3
seg000:A963                 pop     dx
seg000:A964                 add     dx, 9
seg000:A967                 push    dx
seg000:A968                 sub     dx, 200h
seg000:A96C                 mov     cl, dl
seg000:A96E                 mov     bl, dh
seg000:A970                 xor     bh, bh
seg000:A972                 add     bx, bx
seg000:A974                 add     bx, bx
seg000:A976                 inc     bx
seg000:A977                 inc     bx
seg000:A978                 mov     al, 28h ; '('
seg000:A97A                 mov     ah, 4
seg000:A97C                 call    word ptr cs:2022h ; Render_Font_Glyph_proc
seg000:A981                 pop     dx
seg000:A982                 pop     ax
seg000:A983                 mov     al, ah
seg000:A985                 push    dx
seg000:A986                 xor     ah, ah
seg000:A988                 mov     bl, 4
seg000:A98A                 mov     cx, 3
seg000:A98D                 call    sub_A9B3
seg000:A990                 pop     dx
seg000:A991                 add     dx, 400h
seg000:A995                 mov     cl, dl
seg000:A997                 mov     bl, dh
seg000:A999                 xor     bh, bh
seg000:A99B                 add     bx, bx
seg000:A99D                 add     bx, bx
seg000:A99F                 dec     bx
seg000:A9A0                 mov     al, 29h ; ')'
seg000:A9A2                 mov     ah, 4
seg000:A9A4                 call    word ptr cs:2022h ; Render_Font_Glyph_proc
seg000:A9A9                 pop     dx
seg000:A9AA                 add     dx, 800h
seg000:A9AE                 pop     si
seg000:A9AF                 pop     cx
seg000:A9B0                 loop    loc_A935
seg000:A9B2                 retn
seg000:A9B2 sub_A929        endp
seg000:A9B2
seg000:A9B3
seg000:A9B3 ; =============== S U B R O U T I N E =======================================
seg000:A9B3
seg000:A9B3
seg000:A9B3 sub_A9B3        proc near
seg000:A9B3                 push    bx
seg000:A9B4                 push    dx
seg000:A9B5                 push    cx
seg000:A9B6                 xor     dl, dl
seg000:A9B8                 mov     di, offset byte_AE16
seg000:A9BB                 call    word ptr cs:2032h ; Convert_32bit_To_Decimal_Digits_proc
seg000:A9C0                 pop     cx
seg000:A9C1                 mov     di, offset byte_AE16
seg000:A9C4                 mov     al, 7
seg000:A9C6                 sub     al, cl
seg000:A9C8                 xor     ah, ah
seg000:A9CA                 add     di, ax
seg000:A9CC                 pop     ax
seg000:A9CD                 pop     bx
seg000:A9CE                 xor     bh, bh
seg000:A9D0                 jmp     word ptr cs:2030h ; Render_Decimal_Digits_proc
seg000:A9D0 sub_A9B3        endp
seg000:A9D0
seg000:A9D5
seg000:A9D5 ; =============== S U B R O U T I N E =======================================
seg000:A9D5
seg000:A9D5
seg000:A9D5 sub_A9D5        proc near
seg000:A9D5                 mov     si, offset select_magic
seg000:A9D8                 mov     cx, 4
seg000:A9DB
seg000:A9DB loc_A9DB:
seg000:A9DB                 push    cx
seg000:A9DC                 mov     dh, cl
seg000:A9DE                 lodsw
seg000:A9DF                 mov     bx, ax
seg000:A9E1                 lodsb
seg000:A9E2                 mov     cl, al
seg000:A9E4                 mov     dl, byte_ADF9
seg000:A9E8                 neg     dh
seg000:A9EA                 add     dh, 4
seg000:A9ED                 mov     ah, 3
seg000:A9EF                 cmp     dl, dh
seg000:A9F1                 jnz     short loc_A9F5
seg000:A9F3                 mov     ah, 2
seg000:A9F5
seg000:A9F5 loc_A9F5:
seg000:A9F5                 call    sub_AA2B
seg000:A9F8                 pop     cx
seg000:A9F9                 loop    loc_A9DB
seg000:A9FB                 retn
seg000:A9FB sub_A9D5        endp
seg000:A9FB
seg000:A9FB ; ---------------------------------------------------------------------------
seg000:A9FC select_magic    db  34h ; 4
seg000:A9FD                 db    0
seg000:A9FE                 db  12h
seg000:A9FF aSelectMagic    db 'SELECT-MAGIC:',0
seg000:AA0D wear            db  34h ; 4
seg000:AA0E                 db    0
seg000:AA0F                 db  43h ; C
seg000:AA10 aWear           db 'WEAR:',0
seg000:AA16 use             db  34h ; 4
seg000:AA17                 db    0
seg000:AA18                 db  71h ; q
seg000:AA19 aUse            db 'USE:',0
seg000:AA1E inventory       db 0B8h
seg000:AA1F                 db    0
seg000:AA20                 db  43h ; C
seg000:AA21 aInventory      db 'INVENTORY',0
seg000:AA2B
seg000:AA2B ; =============== S U B R O U T I N E =======================================
seg000:AA2B
seg000:AA2B
seg000:AA2B sub_AA2B        proc near
seg000:AA2B                 lodsb
seg000:AA2C                 or      al, al
seg000:AA2E                 jnz     short loc_AA31
seg000:AA30                 retn
seg000:AA31 ; ---------------------------------------------------------------------------
seg000:AA31
seg000:AA31 loc_AA31:
seg000:AA31                 push    si
seg000:AA32                 cmp     ah, 1
seg000:AA35                 jz      short loc_AA47
seg000:AA37                 push    bx
seg000:AA38                 push    cx
seg000:AA39                 push    ax
seg000:AA3A                 inc     bx
seg000:AA3B                 inc     cl
seg000:AA3D                 mov     ah, 5
seg000:AA3F                 call    word ptr cs:2022h ; Render_Font_Glyph_proc
seg000:AA44                 pop     ax
seg000:AA45                 pop     cx
seg000:AA46                 pop     bx
seg000:AA47
seg000:AA47 loc_AA47:
seg000:AA47                 push    bx
seg000:AA48                 push    cx
seg000:AA49                 push    ax
seg000:AA4A                 call    word ptr cs:2022h ; Render_Font_Glyph_proc
seg000:AA4F                 pop     ax
seg000:AA50                 pop     cx
seg000:AA51                 pop     bx
seg000:AA52                 pop     si
seg000:AA53                 add     bx, 8
seg000:AA56                 jmp     short sub_AA2B
seg000:AA56 sub_AA2B        endp
seg000:AA56
seg000:AA58
seg000:AA58 ; =============== S U B R O U T I N E =======================================
seg000:AA58
seg000:AA58
seg000:AA58 sub_AA58        proc near
seg000:AA58                 call    word ptr cs:110h ; Confirm_Exit_Dialog_proc
seg000:AA5D                 call    word ptr cs:112h ; Handle_Pause_State_proc
seg000:AA62                 call    word ptr cs:114h ; Handle_Speed_Change_proc
seg000:AA67                 call    word ptr cs:116h ; Joystick_Calibration_proc
seg000:AA6C                 call    word ptr cs:118h ; Joystick_Deactivator_proc
seg000:AA71                 test    byte_AE01, 0FFh
seg000:AA76                 jz      short CF_if_Enter_pressed
seg000:AA78                 call    CF_if_Enter_pressed
seg000:AA7B                 cmc
seg000:AA7C                 jb      short loc_AA7F
seg000:AA7E                 retn
seg000:AA7F ; ---------------------------------------------------------------------------
seg000:AA7F
seg000:AA7F loc_AA7F:
seg000:AA7F                 clc
seg000:AA80                 mov     byte_AE01, 0
seg000:AA85                 retn
seg000:AA85 sub_AA58        endp
seg000:AA85
seg000:AA86
seg000:AA86 ; =============== S U B R O U T I N E =======================================
seg000:AA86
seg000:AA86
seg000:AA86 CF_if_Enter_pressed proc near
seg000:AA86                 test    word ptr ds:0FF18h, 1 ; F9_F7_F2_F1_KREJSNYQ_Esc_Ctrl_Shift_Enter
seg000:AA8C                 stc
seg000:AA8D                 jz      short loc_AA90
seg000:AA8F                 retn
seg000:AA90 ; ---------------------------------------------------------------------------
seg000:AA90
seg000:AA90 loc_AA90:
seg000:AA90                 clc
seg000:AA91                 retn
seg000:AA91 CF_if_Enter_pressed endp
seg000:AA91
seg000:AA91 ; ---------------------------------------------------------------------------
seg000:AA92 aNothing        db 'NOTHING',0
seg000:AA9A aNoUse          db 'NO USE',0
seg000:AAA1                 db    0
seg000:AAA2 aLevel          db 'LEVEL',0
seg000:AAA8 aExp            db 'EXP',0
seg000:AAAC aIHaveUsed      db 'I have used',0
seg000:AAB8 off_AAB8        dw offset aEspada       ; "Espada"
seg000:AABA                 dw offset aSaeta        ; "Saeta"
seg000:AABC                 dw offset aFuego        ; "Fuego"
seg000:AABE                 dw offset aLanzar       ; "Lanzar"
seg000:AAC0                 dw offset aRascar       ; "Rascar"
seg000:AAC2                 dw offset aAgua         ; "Agua"
seg000:AAC4                 dw offset aGuerra       ; "Guerra"
seg000:AAC6 aEspada         db 'Espada',0
seg000:AACD aSaeta          db 'Saeta',0
seg000:AAD3 aFuego          db 'Fuego',0
seg000:AAD9 aLanzar         db 'Lanzar',0
seg000:AAE0 aRascar         db 'Rascar',0
seg000:AAE7 aAgua           db 'Agua',0
seg000:AAEC aGuerra         db 'Guerra',0
seg000:AAF3 off_AAF3        dw offset aNoUse        ; "NO USE"
seg000:AAF5                 dw offset aFeruza       ; "Feruza"
seg000:AAF7                 dw offset aPirika       ; "Pirika"
seg000:AAF9                 dw offset aSilkarn      ; "Silkarn"
seg000:AAFB                 dw offset aRuzeria      ; "Ruzeria"
seg000:AAFD                 dw offset aAsbestos     ; "Asbestos"
seg000:AAFF aFeruza         db 'Feruza',0
seg000:AB06 aShoes          db '      shoes',0
seg000:AB12 aPirika         db 'Pirika',0
seg000:AB19 aShoes_0        db '      shoes',0
seg000:AB25 aSilkarn        db 'Silkarn',0
seg000:AB2D aShoes_1        db '      shoes',0
seg000:AB39 aRuzeria        db 'Ruzeria',0
seg000:AB41 aShoes_2        db '      shoes',0
seg000:AB4D aAsbestos       db 'Asbestos',0
seg000:AB56 aCape           db '       cape',0
seg000:AB62 off_AB62        dw offset aAKenKoPotion ; "       a Ken\\ko Potion."
seg000:AB64                 dw offset aAJuuEnFruit  ; "        a Juu-en Fruit."
seg000:AB66                 dw offset aAElixirOfKashi ; "     a Elixir of Kashi."
seg000:AB68                 dw offset aAChikaraPowder ; "      a Chikara Powder."
seg000:AB6A                 dw offset aAMagiaStone  ; "         a Magia Stone."
seg000:AB6C                 dw offset aAHolyWaterOfAc ; " a Holy Water of Acero."
seg000:AB6E                 dw offset aASabreOil    ; "           a Sabre Oil."
seg000:AB70                 dw offset aAKiokuFeather ; "       a Kioku Feather."
seg000:AB72 aAKenKoPotion   db '       a Ken\ko Potion.',0
seg000:AB8A aAJuuEnFruit    db '        a Juu-en Fruit.',0
seg000:ABA2 aAElixirOfKashi db '     a Elixir of Kashi.',0
seg000:ABBA aAChikaraPowder db '      a Chikara Powder.',0
seg000:ABD2 aAMagiaStone    db '         a Magia Stone.',0
seg000:ABEA aAHolyWaterOfAc db ' a Holy Water of Acero.',0
seg000:AC02 aASabreOil      db '           a Sabre Oil.',0
seg000:AC1A aAKiokuFeather  db '       a Kioku Feather.',0
seg000:AC32 off_AC32        dw offset aNoUse        ; "NO USE"
seg000:AC34                 dw offset aKenKo        ; "Ken\\ko"
seg000:AC36                 dw offset aJuuEn        ; "Juu-en "
seg000:AC38                 dw offset aElixir       ; "Elixir"
seg000:AC3A                 dw offset aChikara      ; "Chikara"
seg000:AC3C                 dw offset aMagiaStone   ; "Magia Stone"
seg000:AC3E                 dw offset aHolyWater    ; "Holy Water"
seg000:AC40                 dw offset aSabreOil     ; "Sabre Oil"
seg000:AC42                 dw offset aKioku        ; "Kioku"
seg000:AC44 aKenKo          db 'Ken\ko',0
seg000:AC4B aPotion         db '      Potion',0
seg000:AC58 aJuuEn          db 'Juu-en ',0
seg000:AC60 aFruit          db '       Fruit',0
seg000:AC6D aElixir         db 'Elixir',0
seg000:AC74 aOfKashi        db '    of Kashi',0
seg000:AC81 aChikara        db 'Chikara',0
seg000:AC89 aPowder         db '      Powder',0
seg000:AC96 aMagiaStone     db 'Magia Stone',0
seg000:ACA2                 db    0
seg000:ACA3 aHolyWater      db 'Holy Water',0
seg000:ACAE aOfAcero        db '    of Acero',0
seg000:ACBB aSabreOil       db 'Sabre Oil',0
seg000:ACC5                 db    0
seg000:ACC6 aKioku          db 'Kioku',0
seg000:ACCC aFeather        db '     feather',0
seg000:ACD9 off_ACD9        dw offset aTraining     ; "Training"
seg000:ACDB                 dw offset aWiseManS     ; "Wise man\\s"
seg000:ACDD                 dw offset aSpirit       ; "Spirit"
seg000:ACDF                 dw offset aKnightS      ; "Knight\\s"
seg000:ACE1                 dw offset aIllumination ; "Illumination"
seg000:ACE3                 dw offset aEnchantment  ; "Enchantment"
seg000:ACE5 aTraining       db 'Training',0
seg000:ACEE aSword          db '     Sword',0
seg000:ACF9 aWiseManS       db 'Wise man\s',0
seg000:AD04 aSword_0        db '      Sword',0
seg000:AD10 aSpirit         db 'Spirit',0
seg000:AD17 aSword_1        db '    Sword',0
seg000:AD21 aKnightS        db 'Knight\s',0
seg000:AD2A aSword_2        db '    Sword',0
seg000:AD34 aIllumination   db 'Illumination',0
seg000:AD41 aSword_3        db '       Sword',0
seg000:AD4E aEnchantment    db 'Enchantment',0
seg000:AD5A aSword_4        db '       Sword',0
seg000:AD67 off_AD67        dw offset aClay         ; "Clay"
seg000:AD69                 dw offset aWiseManS_0   ; "Wise Man\\s"
seg000:AD6B                 dw offset aStone        ; "Stone"
seg000:AD6D                 dw offset aHonor        ; "Honor"
seg000:AD6F                 dw offset aLight        ; "Light"
seg000:AD71                 dw offset aTitanium     ; "Titanium"
seg000:AD73 aClay           db 'Clay',0
seg000:AD78 aShield         db '     Shield',0
seg000:AD84 aWiseManS_0     db 'Wise Man\s',0
seg000:AD8F aShield_0       db '      Shield',0
seg000:AD9C aStone          db 'Stone',0
seg000:ADA2 aShield_1       db '     Shield',0
seg000:ADAE aHonor          db 'Honor',0
seg000:ADB4 aShield_2       db '     Shield',0
seg000:ADC0 aLight          db 'Light',0
seg000:ADC6 aShield_3       db '     Shield',0
seg000:ADD2 aTitanium       db 'Titanium',0
seg000:ADDB aShield_4       db '      Shield',0
seg000:ADE8 byte_ADE8       db 0Eh, 0Ch, 33h, 38h, 3Fh, 0Ch, 30h, 22h, 6Dh, 0Ch, 30h
seg000:ADF3                 db 22h, 3Fh, 2Dh, 5Eh, 17h
seg000:ADF8 byte_ADF8       db 0
seg000:ADF9 byte_ADF9       db 0
seg000:ADFA byte_ADFA       db 0
seg000:ADFB byte_ADFB       db 0
seg000:ADFC byte_ADFC       db 0
seg000:ADFD byte_ADFD       db 0
seg000:ADFE byte_ADFE       db 0
seg000:ADFF byte_ADFF       db 0
seg000:AE00 byte_AE00       db 0
seg000:AE01 byte_AE01       db 0
seg000:AE02 byte_AE02       db 0
seg000:AE03 spells_active   db 7 dup(0)
seg000:AE0A wearables       db 0, 0, 0, 0, 0, 0
seg000:AE10 byte_AE10       db 0, 0, 0, 0, 0, 0
seg000:AE16 byte_AE16       db 0, 0, 0, 0, 0, 0, 0
seg000:AE16 seg000          ends
seg000:AE16
seg000:AE16
seg000:AE16                 end
