seg000:1100 ;
seg000:1100 ; +-------------------------------------------------------------------------+
seg000:1100 ; |      This file was generated by The Interactive Disassembler (IDA)      |
seg000:1100 ; |           Copyright (c) 2026 Hex-Rays, <support@hex-rays.com>           |
seg000:1100 ; |                      License info: 48-2137-ACAB-69                      |
seg000:1100 ; |                             hi@hex-rays.com                             |
seg000:1100 ; +-------------------------------------------------------------------------+
seg000:1100 ;
seg000:1100 ; Input SHA256 : BF1C2036980F0557106AB0521BE163FEDB32458A187B4F49A60FEE12B3B0A858
seg000:1100 ; Input MD5    : B35138F5AA84718C0BC0E5E0F5BE41E0
seg000:1100 ; Input CRC32  : 63CD38C3
seg000:1100 ; Compiler     : Visual C++ (guessed)
seg000:1100
seg000:1100 ; File Name   : /home/brox/Projects/zeliard/WORK/sndadlib.drv
seg000:1100 ; Format      : MS-DOS SYS-file (perhaps device driver)
seg000:1100 ; Base Address: 0h Range: 0h-FC4h Loaded length: FC4h
seg000:1100
seg000:1100                 .686p
seg000:1100                 .mmx
seg000:1100                 .model small
seg000:1100
seg000:1100 ; ===========================================================================
seg000:1100
seg000:1100 ; Segment type: Pure code
seg000:1100 seg000          segment byte public 'CODE' use16
seg000:1100                 assume cs:seg000
seg000:1100                 org 1100h
seg000:1100                 assume es:nothing, ss:seg000, ds:nothing, fs:nothing, gs:nothing
seg000:1100
seg000:1100 ; =============== S U B R O U T I N E =======================================
seg000:1100
seg000:1100
seg000:1100 sub_1100        proc far
seg000:1100                 jmp     short loc_1104  ; Offset to the next device
seg000:1100 ; ---------------------------------------------------------------------------
seg000:1102                 dw offset OPL_save_al_to_reg_ah ; AH: Register Index
seg000:1102                                         ; AL: Data
seg000:1104 ; ---------------------------------------------------------------------------
seg000:1104
seg000:1104 loc_1104:
seg000:1104                 push    cs
seg000:1105                 pop     ds
seg000:1106                 assume ds:seg000
seg000:1106                 call    sub_1188
seg000:1109                 call    sub_15A3
seg000:110C                 retf
seg000:110C sub_1100        endp
seg000:110C
seg000:110D
seg000:110D ; =============== S U B R O U T I N E =======================================
seg000:110D
seg000:110D
seg000:110D sub_110D        proc near
seg000:110D                 mov     al, ds:75h
seg000:1110                 mov     byte ptr ds:75h, 0
seg000:1115                 test    byte ptr ds:27h, 0FFh
seg000:111A                 jz      short loc_111D
seg000:111C                 retn
seg000:111D ; ---------------------------------------------------------------------------
seg000:111D
seg000:111D loc_111D:
seg000:111D                 dec     al
seg000:111F                 mov     ah, 7
seg000:1121                 mul     ah
seg000:1123                 add     ax, offset byte_1743
seg000:1126                 mov     si, ax
seg000:1128                 mov     al, [si]
seg000:112A                 cmp     al, byte_20BC
seg000:112E                 jnb     short loc_1131
seg000:1130                 retn
seg000:1131 ; ---------------------------------------------------------------------------
seg000:1131
seg000:1131 loc_1131:
seg000:1131                 mov     byte_20BC, al
seg000:1134                 inc     si
seg000:1135                 mov     di, offset byte_2076
seg000:1138                 mov     cx, 2
seg000:113B                 mov     bh, 1
seg000:113D                 mov     bl, 4
seg000:113F
seg000:113F loc_113F:
seg000:113F                 call    sub_1166
seg000:1142                 add     di, 23h ; '#'
seg000:1145                 inc     bh
seg000:1147                 inc     bl
seg000:1149                 loop    loc_113F
seg000:114B                 lodsw
seg000:114C                 mov     word_20C0, ax
seg000:114F                 mov     byte ptr ds:9, 0
seg000:1154                 mov     byte_20BD, 7Fh
seg000:1159                 mov     byte_20C2, 0
seg000:115E                 mov     byte_20C3, 0
seg000:1163                 jmp     int60_fn6
seg000:1163 sub_110D        endp
seg000:1163
seg000:1166
seg000:1166 ; =============== S U B R O U T I N E =======================================
seg000:1166
seg000:1166
seg000:1166 sub_1166        proc near
seg000:1166                 lodsw
seg000:1167                 mov     [di], ax
seg000:1169                 mov     byte ptr [di+6], 1
seg000:116D                 mov     byte ptr [di+8], 3
seg000:1171                 mov     byte ptr [di+0Ah], 1
seg000:1175                 mov     byte ptr [di+7], 7Fh
seg000:1179                 mov     byte ptr [di+9], 0
seg000:117D                 mov     byte ptr [di+5], 0
seg000:1181                 mov     [di+4], bl
seg000:1184                 mov     [di+22h], bh
seg000:1187                 retn
seg000:1187 sub_1166        endp
seg000:1187
seg000:1188
seg000:1188 ; =============== S U B R O U T I N E =======================================
seg000:1188
seg000:1188
seg000:1188 sub_1188        proc near
seg000:1188                 test    byte ptr ds:75h, 0FFh
seg000:118D                 jz      short loc_1192
seg000:118F                 call    sub_110D
seg000:1192
seg000:1192 loc_1192:
seg000:1192                 test    byte ptr ds:9, 0FFh
seg000:1197                 jz      short loc_119A
seg000:1199                 retn
seg000:119A ; ---------------------------------------------------------------------------
seg000:119A
seg000:119A loc_119A:
seg000:119A                 push    cs
seg000:119B                 pop     es
seg000:119C                 assume es:seg000
seg000:119C                 mov     al, byte_20BD
seg000:119F                 add     byte_20BE, al
seg000:11A3                 sbb     al, al
seg000:11A5                 mov     byte_20BF, al
seg000:11A8                 cld
seg000:11A9                 mov     di, offset byte_2076
seg000:11AC                 call    sub_11B4
seg000:11AF                 mov     di, offset byte_2099
seg000:11B2                 jmp     short $+2
seg000:11B2 sub_1188        endp
seg000:11B2
seg000:11B4
seg000:11B4 ; =============== S U B R O U T I N E =======================================
seg000:11B4
seg000:11B4
seg000:11B4 sub_11B4        proc near
seg000:11B4
seg000:11B4 ; FUNCTION CHUNK AT seg000:1367 SIZE 000000A2 BYTES
seg000:11B4 ; FUNCTION CHUNK AT seg000:142D SIZE 0000002B BYTES
seg000:11B4 ; FUNCTION CHUNK AT seg000:14FA SIZE 00000032 BYTES
seg000:11B4
seg000:11B4                 test    byte ptr [di+5], 1
seg000:11B8                 jz      short loc_11BB
seg000:11BA                 retn
seg000:11BB ; ---------------------------------------------------------------------------
seg000:11BB
seg000:11BB loc_11BB:
seg000:11BB                 mov     ax, offset sub_1458
seg000:11BE                 push    ax
seg000:11BF                 test    byte_20BF, 0FFh
seg000:11C4                 jz      short loc_11C7
seg000:11C6                 retn
seg000:11C7 ; ---------------------------------------------------------------------------
seg000:11C7
seg000:11C7 loc_11C7:
seg000:11C7                 dec     byte ptr [di+6]
seg000:11CA                 jz      short loc_11DF
seg000:11CC                 mov     al, [di+0Ah]
seg000:11CF                 cmp     al, [di+6]
seg000:11D2                 jnb     short loc_11D5
seg000:11D4                 retn
seg000:11D5 ; ---------------------------------------------------------------------------
seg000:11D5
seg000:11D5 loc_11D5:
seg000:11D5                 test    byte ptr [di+9], 10h
seg000:11D9                 jz      short loc_11DC
seg000:11DB                 retn
seg000:11DC ; ---------------------------------------------------------------------------
seg000:11DC
seg000:11DC loc_11DC:
seg000:11DC                 jmp     loc_142D
seg000:11DF ; ---------------------------------------------------------------------------
seg000:11DF
seg000:11DF loc_11DF:
seg000:11DF                 mov     si, [di]
seg000:11E1
seg000:11E1 loc_11E1:
seg000:11E1                 lodsb
seg000:11E2                 or      al, al
seg000:11E4                 js      short loc_11E9
seg000:11E6                 jmp     loc_13B0
seg000:11E9 ; ---------------------------------------------------------------------------
seg000:11E9
seg000:11E9 loc_11E9:
seg000:11E9                 mov     bx, offset loc_11E1
seg000:11EC                 push    bx
seg000:11ED                 test    al, 40h
seg000:11EF                 jnz     short loc_11F4
seg000:11F1                 jmp     loc_1292
seg000:11F4 ; ---------------------------------------------------------------------------
seg000:11F4
seg000:11F4 loc_11F4:
seg000:11F4                 cmp     al, 0D0h
seg000:11F6                 jnb     short loc_11FB
seg000:11F8                 jmp     loc_1367
seg000:11FB ; ---------------------------------------------------------------------------
seg000:11FB
seg000:11FB loc_11FB:
seg000:11FB                 cmp     al, 0D8h
seg000:11FD                 jnb     short loc_1202
seg000:11FF                 jmp     loc_1397
seg000:1202 ; ---------------------------------------------------------------------------
seg000:1202
seg000:1202 loc_1202:
seg000:1202                 cmp     al, 0E0h
seg000:1204                 jnb     short loc_1209
seg000:1206                 jmp     loc_139D
seg000:1209 ; ---------------------------------------------------------------------------
seg000:1209
seg000:1209 loc_1209:
seg000:1209                 and     al, 1Fh
seg000:120B                 add     al, al
seg000:120D                 mov     bl, al
seg000:120F                 xor     bh, bh
seg000:1211                 jmp     off_1215[bx]
seg000:1211 ; ---------------------------------------------------------------------------
seg000:1215 off_1215        dw offset loc_1255
seg000:1217                 dw offset loc_125A
seg000:1219                 dw offset loc_125F
seg000:121B                 dw offset loc_127D
seg000:121D                 dw offset loc_1281
seg000:121F                 dw offset loc_1285
seg000:1221                 dw offset locret_1291
seg000:1223                 dw offset loc_128C
seg000:1225                 dw offset locret_1291
seg000:1227                 dw offset locret_1291
seg000:1229                 dw offset locret_1291
seg000:122B                 dw offset locret_1291
seg000:122D                 dw offset locret_1291
seg000:122F                 dw offset locret_1291
seg000:1231                 dw offset locret_1291
seg000:1233                 dw offset locret_1291
seg000:1235                 dw offset loc_14FA
seg000:1237                 dw offset locret_150B
seg000:1239                 dw offset locret_150B
seg000:123B                 dw offset locret_150B
seg000:123D                 dw offset locret_150B
seg000:123F                 dw offset locret_150B
seg000:1241                 dw offset locret_150B
seg000:1243                 dw offset locret_150B
seg000:1245                 dw offset locret_150B
seg000:1247                 dw offset locret_150B
seg000:1249                 dw offset locret_150B
seg000:124B                 dw offset locret_150B
seg000:124D                 dw offset locret_150B
seg000:124F                 dw offset locret_150B
seg000:1251                 dw offset locret_150B
seg000:1253                 dw offset loc_150C
seg000:1255 ; ---------------------------------------------------------------------------
seg000:1255
seg000:1255 loc_1255:
seg000:1255                 lodsb
seg000:1256                 mov     byte_20BD, al
seg000:1259                 retn
seg000:125A ; ---------------------------------------------------------------------------
seg000:125A
seg000:125A loc_125A:
seg000:125A                 lodsb
seg000:125B                 mov     [di+0Fh], al
seg000:125E                 retn
seg000:125F ; ---------------------------------------------------------------------------
seg000:125F
seg000:125F loc_125F:
seg000:125F                 and     byte ptr [di+5], 0BFh
seg000:1263                 lodsb
seg000:1264                 or      al, al
seg000:1266                 jnz     short loc_1269
seg000:1268                 retn
seg000:1269 ; ---------------------------------------------------------------------------
seg000:1269
seg000:1269 loc_1269:
seg000:1269                 or      byte ptr [di+5], 40h
seg000:126D                 push    di
seg000:126E                 add     di, 1Ah
seg000:1271                 mov     [di-1], al
seg000:1274                 movsw
seg000:1275                 movsw
seg000:1276                 movsb
seg000:1277                 pop     di
seg000:1278                 and     byte ptr [di+9], 0FDh
seg000:127C                 retn
seg000:127D ; ---------------------------------------------------------------------------
seg000:127D
seg000:127D loc_127D:
seg000:127D                 dec     byte ptr [di+8]
seg000:1280                 retn
seg000:1281 ; ---------------------------------------------------------------------------
seg000:1281
seg000:1281 loc_1281:
seg000:1281                 inc     byte ptr [di+8]
seg000:1284                 retn
seg000:1285 ; ---------------------------------------------------------------------------
seg000:1285
seg000:1285 loc_1285:
seg000:1285                 lodsb
seg000:1286                 mov     [di+7], al
seg000:1289                 jmp     sub_1319
seg000:128C ; ---------------------------------------------------------------------------
seg000:128C
seg000:128C loc_128C:
seg000:128C                 or      byte ptr [di+9], 20h
seg000:1290                 retn
seg000:1291 ; ---------------------------------------------------------------------------
seg000:1291
seg000:1291 locret_1291:
seg000:1291                 retn
seg000:1292 ; ---------------------------------------------------------------------------
seg000:1292
seg000:1292 loc_1292:
seg000:1292                 and     al, 3Fh
seg000:1294                 push    si
seg000:1295                 mov     cl, 9
seg000:1297                 mul     cl
seg000:1299                 add     ax, offset byte_2020
seg000:129C                 mov     si, ax
seg000:129E                 mov     [di+20h], si
seg000:12A1                 mov     bl, [di+4]
seg000:12A4                 xor     bh, bh
seg000:12A6                 mov     ah, byte_159A[bx]
seg000:12AA                 mov     al, 0FFh
seg000:12AC                 add     ah, 40h ; '@'
seg000:12AF                 call    OPL_save_al_to_reg_ah ; AH: Register Index
seg000:12AF                                         ; AL: Data
seg000:12B2                 add     ah, 3
seg000:12B5                 call    OPL_save_al_to_reg_ah ; AH: Register Index
seg000:12B5                                         ; AL: Data
seg000:12B8                 sub     ah, 23h ; '#'
seg000:12BB                 lodsb
seg000:12BC                 call    OPL_save_al_to_reg_ah ; AH: Register Index
seg000:12BC                                         ; AL: Data
seg000:12BF                 add     ah, 3
seg000:12C2                 lodsb
seg000:12C3                 call    OPL_save_al_to_reg_ah ; AH: Register Index
seg000:12C3                                         ; AL: Data
seg000:12C6                 add     ah, 1Dh
seg000:12C9                 lodsb
seg000:12CA                 lodsb
seg000:12CB                 add     ah, 20h ; ' '
seg000:12CE                 mov     cx, 2
seg000:12D1
seg000:12D1 loc_12D1:
seg000:12D1                 lodsb
seg000:12D2                 call    OPL_save_al_to_reg_ah ; AH: Register Index
seg000:12D2                                         ; AL: Data
seg000:12D5                 add     ah, 3
seg000:12D8                 lodsb
seg000:12D9                 call    OPL_save_al_to_reg_ah ; AH: Register Index
seg000:12D9                                         ; AL: Data
seg000:12DC                 add     ah, 1Dh
seg000:12DF                 loop    loc_12D1
seg000:12E1                 add     ah, 40h ; '@'
seg000:12E4                 lodsb
seg000:12E5                 mov     bl, al
seg000:12E7                 rol     al, 1
seg000:12E9                 rol     al, 1
seg000:12EB                 call    OPL_save_al_to_reg_ah ; AH: Register Index
seg000:12EB                                         ; AL: Data
seg000:12EE                 add     ah, 3
seg000:12F1                 rol     al, 1
seg000:12F3                 rol     al, 1
seg000:12F5                 call    OPL_save_al_to_reg_ah ; AH: Register Index
seg000:12F5                                         ; AL: Data
seg000:12F8                 mov     ah, [di+4]
seg000:12FB                 mov     al, bl
seg000:12FD                 and     al, 0Fh
seg000:12FF                 mov     [di+0Bh], al
seg000:1302                 add     ah, 0C0h
seg000:1305                 call    OPL_save_al_to_reg_ah ; AH: Register Index
seg000:1305                                         ; AL: Data
seg000:1308                 call    sub_1319
seg000:130B                 pop     si
seg000:130C                 mov     al, [di+22h]
seg000:130F                 or      byte_20C3, al
seg000:1313                 call    int60_fn6
seg000:1316                 jmp     loc_142D
seg000:1316 sub_11B4        endp ; sp-analysis failed
seg000:1316
seg000:1319
seg000:1319 ; =============== S U B R O U T I N E =======================================
seg000:1319
seg000:1319
seg000:1319 sub_1319        proc near
seg000:1319                 push    si
seg000:131A                 mov     si, [di+20h]
seg000:131D                 mov     bl, [di+4]
seg000:1320                 xor     bh, bh
seg000:1322                 mov     ah, byte_159A[bx]
seg000:1326                 add     ah, 40h ; '@'
seg000:1329                 mov     bl, [di+7]
seg000:132C                 shr     bl, 1
seg000:132E                 mov     al, [si+2]
seg000:1331                 test    byte ptr [di+0Bh], 1
seg000:1335                 jz      short loc_1348
seg000:1337                 mov     bh, al
seg000:1339                 and     al, 3Fh
seg000:133B                 add     al, bl
seg000:133D                 cmp     al, 40h ; '@'
seg000:133F                 jb      short loc_1343
seg000:1341                 mov     al, 3Fh ; '?'
seg000:1343
seg000:1343 loc_1343:
seg000:1343                 and     bh, 0C0h
seg000:1346                 or      al, bh
seg000:1348
seg000:1348 loc_1348:                               ; AH: Register Index
seg000:1348                 call    OPL_save_al_to_reg_ah ; AL: Data
seg000:134B                 add     ah, 3
seg000:134E                 mov     al, [si+3]
seg000:1351                 mov     bh, al
seg000:1353                 and     al, 3Fh
seg000:1355                 add     al, bl
seg000:1357                 cmp     al, 40h ; '@'
seg000:1359                 jb      short loc_135D
seg000:135B                 mov     al, 3Fh ; '?'
seg000:135D
seg000:135D loc_135D:
seg000:135D                 and     bh, 0C0h
seg000:1360                 or      al, bh
seg000:1362                 call    OPL_save_al_to_reg_ah ; AH: Register Index
seg000:1362                                         ; AL: Data
seg000:1365                 pop     si
seg000:1366                 retn
seg000:1366 sub_1319        endp
seg000:1366
seg000:1367 ; ---------------------------------------------------------------------------
seg000:1367 ; START OF FUNCTION CHUNK FOR sub_11B4
seg000:1367
seg000:1367 loc_1367:
seg000:1367                 mov     bl, [di+7]
seg000:136A                 and     al, 0Fh
seg000:136C                 shl     al, 1
seg000:136E                 shl     al, 1
seg000:1370                 shl     al, 1
seg000:1372                 shl     al, 1
seg000:1374                 sar     al, 1
seg000:1376                 sar     al, 1
seg000:1378                 or      al, al
seg000:137A                 js      short loc_1389
seg000:137C                 add     al, 4
seg000:137E                 sub     bl, al
seg000:1380                 test    bl, 0C0h
seg000:1383                 jz      short loc_1392
seg000:1385                 xor     bl, bl
seg000:1387                 jmp     short loc_1392
seg000:1389 ; ---------------------------------------------------------------------------
seg000:1389
seg000:1389 loc_1389:
seg000:1389                 sub     bl, al
seg000:138B                 test    bl, 0C0h
seg000:138E                 jz      short loc_1392
seg000:1390                 mov     bl, 3Fh ; '?'
seg000:1392
seg000:1392 loc_1392:
seg000:1392                 mov     [di+7], bl
seg000:1395                 jmp     short sub_1319
seg000:1397 ; ---------------------------------------------------------------------------
seg000:1397
seg000:1397 loc_1397:
seg000:1397                 and     al, 7
seg000:1399                 mov     [di+8], al
seg000:139C                 retn
seg000:139D ; ---------------------------------------------------------------------------
seg000:139D
seg000:139D loc_139D:
seg000:139D                 xor     bx, bx
seg000:139F                 and     al, 7
seg000:13A1                 mov     bl, al
seg000:13A3                 mov     ax, [di+2]
seg000:13A6                 push    di
seg000:13A7                 mov     di, ax
seg000:13A9                 mov     al, [bx+di]
seg000:13AB                 pop     di
seg000:13AC                 mov     [di+0Ah], al
seg000:13AF                 retn
seg000:13B0 ; ---------------------------------------------------------------------------
seg000:13B0
seg000:13B0 loc_13B0:
seg000:13B0                 mov     [di], si
seg000:13B2                 and     byte ptr [di+9], 0EFh
seg000:13B6                 cmp     byte ptr [si], 0E7h
seg000:13B9                 jnz     short loc_13BF
seg000:13BB                 or      byte ptr [di+9], 10h
seg000:13BF
seg000:13BF loc_13BF:
seg000:13BF                 mov     dl, al
seg000:13C1                 mov     bx, [di+2]
seg000:13C4                 shr     dl, 1
seg000:13C6                 shr     dl, 1
seg000:13C8                 shr     dl, 1
seg000:13CA                 shr     dl, 1
seg000:13CC                 xor     dh, dh
seg000:13CE                 add     bx, dx
seg000:13D0                 mov     dl, [bx]
seg000:13D2                 mov     [di+6], dl
seg000:13D5                 mov     dl, al
seg000:13D7                 and     al, 0Fh
seg000:13D9                 jz      short loc_142D
seg000:13DB                 cmp     al, 0Fh
seg000:13DD                 jnz     short loc_13E0
seg000:13DF                 retn
seg000:13E0 ; ---------------------------------------------------------------------------
seg000:13E0
seg000:13E0 loc_13E0:
seg000:13E0                 call    sub_1409
seg000:13E3                 mov     al, [di+9]
seg000:13E6                 and     byte ptr [di+9], 0DFh
seg000:13EA                 test    al, 20h
seg000:13EC                 jnz     short loc_1407
seg000:13EE                 push    dx
seg000:13EF                 mov     al, [di+19h]
seg000:13F2                 mov     [di+13h], al
seg000:13F5                 mov     word ptr [di+10h], 0
seg000:13FA                 mov     byte ptr [di+12h], 80h
seg000:13FE                 and     byte ptr [di+9], 0FDh
seg000:1402                 pop     dx
seg000:1403                 or      byte ptr [di+9], 40h
seg000:1407
seg000:1407 loc_1407:
seg000:1407                 jmp     short loc_1433
seg000:1407 ; END OF FUNCTION CHUNK FOR sub_11B4
seg000:1409
seg000:1409 ; =============== S U B R O U T I N E =======================================
seg000:1409
seg000:1409
seg000:1409 sub_1409        proc near
seg000:1409                 dec     al
seg000:140B                 xor     ah, ah
seg000:140D                 mov     bx, ax
seg000:140F                 mov     al, byte_158E[bx]
seg000:1413                 mov     [di+18h], al
seg000:1416                 add     bx, bx
seg000:1418                 mov     al, [di+0Fh]
seg000:141B                 cbw
seg000:141C                 add     ax, word_1576[bx]
seg000:1420                 mov     ch, [di+8]
seg000:1423                 shl     ch, 1
seg000:1425                 shl     ch, 1
seg000:1427                 or      ah, ch
seg000:1429                 mov     [di+0Dh], ax
seg000:142C                 retn
seg000:142C sub_1409        endp
seg000:142C
seg000:142D ; ---------------------------------------------------------------------------
seg000:142D ; START OF FUNCTION CHUNK FOR sub_11B4
seg000:142D
seg000:142D loc_142D:
seg000:142D                 and     byte ptr [di+9], 0BFh
seg000:1431                 jmp     short $+2
seg000:1433 ; ---------------------------------------------------------------------------
seg000:1433
seg000:1433 loc_1433:
seg000:1433                 mov     cx, [di+0Dh]
seg000:1436                 add     cx, [di+10h]
seg000:1439                 and     ch, 1Fh
seg000:143C                 mov     al, [di+9]
seg000:143F                 and     al, 40h
seg000:1441                 shr     al, 1
seg000:1443                 or      ch, al
seg000:1445                 mov     ah, [di+4]
seg000:1448                 add     ah, 0A0h
seg000:144B                 mov     al, cl
seg000:144D                 call    OPL_save_al_to_reg_ah ; AH: Register Index
seg000:144D                                         ; AL: Data
seg000:1450                 add     ah, 10h
seg000:1453                 mov     al, ch
seg000:1455                 jmp     OPL_save_al_to_reg_ah ; AH: Register Index
seg000:1455 ; END OF FUNCTION CHUNK FOR sub_11B4    ; AL: Data
seg000:1458
seg000:1458 ; =============== S U B R O U T I N E =======================================
seg000:1458
seg000:1458
seg000:1458 sub_1458        proc near
seg000:1458                 test    byte ptr [di+5], 40h
seg000:145C                 jnz     short loc_145F
seg000:145E                 retn
seg000:145F ; ---------------------------------------------------------------------------
seg000:145F
seg000:145F loc_145F:
seg000:145F                 dec     byte ptr [di+13h]
seg000:1462                 jz      short loc_1465
seg000:1464                 retn
seg000:1465 ; ---------------------------------------------------------------------------
seg000:1465
seg000:1465 loc_1465:
seg000:1465                 test    byte ptr [di+9], 2
seg000:1469                 jnz     short loc_149F
seg000:146B                 mov     al, [di+1Ah]
seg000:146E                 mul     byte ptr [di+18h]
seg000:1471                 mov     [di+14h], ax
seg000:1474                 mov     al, [di+1Bh]
seg000:1477                 mul     byte ptr [di+18h]
seg000:147A                 mov     [di+16h], ax
seg000:147D                 mov     al, [di+1Ch]
seg000:1480                 mov     ah, [di+1Eh]
seg000:1483                 and     ah, 80h
seg000:1486                 jz      short loc_148B
seg000:1488                 mov     al, [di+1Dh]
seg000:148B
seg000:148B loc_148B:
seg000:148B                 shr     al, 1
seg000:148D                 mov     [di+1Fh], al
seg000:1490                 mov     byte ptr [di+12h], 80h
seg000:1494                 and     byte ptr [di+5], 7Fh
seg000:1498                 or      [di+5], ah
seg000:149B                 or      byte ptr [di+9], 2
seg000:149F
seg000:149F loc_149F:
seg000:149F                 mov     al, [di+1Eh]
seg000:14A2                 and     al, 1Fh
seg000:14A4                 mov     [di+13h], al
seg000:14A7                 dec     byte ptr [di+1Fh]
seg000:14AA                 jnz     short loc_14C8
seg000:14AC                 test    byte ptr [di+5], 80h
seg000:14B0                 jz      short loc_14BE
seg000:14B2                 mov     al, [di+1Ch]
seg000:14B5                 mov     [di+1Fh], al
seg000:14B8                 and     byte ptr [di+5], 7Fh
seg000:14BC                 jmp     short loc_14C8
seg000:14BE ; ---------------------------------------------------------------------------
seg000:14BE
seg000:14BE loc_14BE:
seg000:14BE                 mov     al, [di+1Dh]
seg000:14C1                 mov     [di+1Fh], al
seg000:14C4                 or      byte ptr [di+5], 80h
seg000:14C8
seg000:14C8 loc_14C8:
seg000:14C8                 test    byte ptr [di+5], 80h
seg000:14CC                 jnz     short loc_14E4
seg000:14CE                 mov     cx, [di+14h]
seg000:14D1                 add     [di+12h], cl
seg000:14D4                 adc     ch, 0
seg000:14D7                 jnz     short loc_14DA
seg000:14D9                 retn
seg000:14DA ; ---------------------------------------------------------------------------
seg000:14DA
seg000:14DA loc_14DA:
seg000:14DA                 mov     cl, ch
seg000:14DC                 xor     ch, ch
seg000:14DE                 add     [di+10h], cx
seg000:14E1                 jmp     loc_1433
seg000:14E4 ; ---------------------------------------------------------------------------
seg000:14E4
seg000:14E4 loc_14E4:
seg000:14E4                 mov     cx, [di+16h]
seg000:14E7                 sub     [di+12h], cl
seg000:14EA                 adc     ch, 0
seg000:14ED                 jnz     short loc_14F0
seg000:14EF                 retn
seg000:14F0 ; ---------------------------------------------------------------------------
seg000:14F0
seg000:14F0 loc_14F0:
seg000:14F0                 mov     cl, ch
seg000:14F2                 xor     ch, ch
seg000:14F4                 sub     [di+10h], cx
seg000:14F7                 jmp     loc_1433
seg000:14F7 sub_1458        endp
seg000:14F7
seg000:14FA ; ---------------------------------------------------------------------------
seg000:14FA ; START OF FUNCTION CHUNK FOR sub_11B4
seg000:14FA
seg000:14FA loc_14FA:
seg000:14FA                 lodsb
seg000:14FB                 shl     al, 1
seg000:14FD                 shl     al, 1
seg000:14FF                 shl     al, 1
seg000:1501                 xor     ah, ah
seg000:1503                 add     ax, word_20C0
seg000:1507                 mov     [di+2], ax
seg000:150A                 retn
seg000:150B ; ---------------------------------------------------------------------------
seg000:150B
seg000:150B locret_150B:
seg000:150B                 retn
seg000:150C ; ---------------------------------------------------------------------------
seg000:150C
seg000:150C loc_150C:
seg000:150C                 pop     cx
seg000:150D                 or      byte ptr [di+5], 1
seg000:1511                 inc     byte_20C2
seg000:1515                 cmp     byte_20C2, 2
seg000:151A                 jz      short loc_151D
seg000:151C                 retn
seg000:151D ; ---------------------------------------------------------------------------
seg000:151D
seg000:151D loc_151D:
seg000:151D                 mov     byte ptr ds:9, 0FFh
seg000:1522                 mov     byte_20BC, 0
seg000:1527                 mov     byte_20C3, 0
seg000:1527 ; END OF FUNCTION CHUNK FOR sub_11B4
seg000:152C
seg000:152C ; =============== S U B R O U T I N E =======================================
seg000:152C
seg000:152C
seg000:152C int60_fn6       proc near
seg000:152C                 mov     cl, byte_20C3
seg000:1530                 mov     ax, 6
seg000:1533                 int     60h             ; adlib fn_6
seg000:1535                 retn
seg000:1535 int60_fn6       endp
seg000:1535
seg000:1536
seg000:1536 ; =============== S U B R O U T I N E =======================================
seg000:1536
seg000:1536 ; AH: Register Index
seg000:1536 ; AL: Data
seg000:1536
seg000:1536 OPL_save_al_to_reg_ah proc near
seg000:1536                 push    dx
seg000:1537                 push    ax
seg000:1538                 mov     dx, 388h        ; Status/Index port
seg000:153B                 xchg    ah, al          ; al: register Index
seg000:153D                 out     dx, al
seg000:153E                 in      al, dx          ; OPL2 needs 3.3us after Index write
seg000:153F                 in      al, dx
seg000:1540                 in      al, dx
seg000:1541                 in      al, dx
seg000:1542                 in      al, dx
seg000:1543                 in      al, dx
seg000:1544                 in      al, dx
seg000:1545                 in      al, dx
seg000:1546                 in      al, dx
seg000:1547                 in      al, dx
seg000:1548                 mov     dx, 389h        ; AdLib Data port
seg000:154B                 xchg    ah, al          ; al: Data
seg000:154D                 out     dx, al          ; Send actual configuration/note data to previously selected register
seg000:154E                 mov     dx, 388h        ; Status/Index port
seg000:1551                 in      al, dx          ; OPL2 needs 23us delay after a data write
seg000:1552                 in      al, dx
seg000:1553                 in      al, dx
seg000:1554                 in      al, dx
seg000:1555                 in      al, dx
seg000:1556                 in      al, dx
seg000:1557                 in      al, dx
seg000:1558                 in      al, dx
seg000:1559                 in      al, dx
seg000:155A                 in      al, dx
seg000:155B                 in      al, dx
seg000:155C                 in      al, dx
seg000:155D                 in      al, dx
seg000:155E                 in      al, dx
seg000:155F                 in      al, dx
seg000:1560                 in      al, dx
seg000:1561                 in      al, dx
seg000:1562                 in      al, dx
seg000:1563                 in      al, dx
seg000:1564                 in      al, dx
seg000:1565                 in      al, dx
seg000:1566                 in      al, dx
seg000:1567                 in      al, dx
seg000:1568                 in      al, dx
seg000:1569                 in      al, dx
seg000:156A                 in      al, dx
seg000:156B                 in      al, dx
seg000:156C                 in      al, dx
seg000:156D                 in      al, dx
seg000:156E                 in      al, dx
seg000:156F                 in      al, dx
seg000:1570                 in      al, dx
seg000:1571                 in      al, dx
seg000:1572                 in      al, dx
seg000:1573                 pop     ax
seg000:1574                 pop     dx
seg000:1575                 retn
seg000:1575 OPL_save_al_to_reg_ah endp
seg000:1575
seg000:1575 ; ---------------------------------------------------------------------------
seg000:1576 word_1576       dw 156h, 16Bh, 180h, 197h, 1B0h, 1C9h, 1E4h, 201h, 220h
seg000:1588                 dw 240h, 263h, 287h
seg000:158E byte_158E       db 13h, 14h, 15h, 16h, 18h, 19h, 1Bh, 1Ch, 1Eh, 20h, 22h
seg000:1599                 db 24h
seg000:159A byte_159A       db 0, 1, 2, 8, 9, 0Ah, 10h, 11h, 12h
seg000:15A3
seg000:15A3 ; =============== S U B R O U T I N E =======================================
seg000:15A3
seg000:15A3
seg000:15A3 sub_15A3        proc near
seg000:15A3                 test    byte ptr ds:27h, 0FFh
seg000:15A8                 jnz     short loc_15B8
seg000:15AA                 test    byte ptr ds:0Bh, 0FFh
seg000:15AF                 jnz     short loc_15B8
seg000:15B1                 test    byte ptr ds:8, 0FFh
seg000:15B6                 jnz     short loc_15D5
seg000:15B8
seg000:15B8 loc_15B8:
seg000:15B8                 test    byte_2071, 0FFh
seg000:15BD                 jnz     short loc_15C0
seg000:15BF                 retn
seg000:15C0 ; ---------------------------------------------------------------------------
seg000:15C0
seg000:15C0 loc_15C0:
seg000:15C0                 mov     byte_2071, 0
seg000:15C5                 test    byte ptr ds:9, 0FFh
seg000:15CA                 jnz     short loc_15CD
seg000:15CC                 retn
seg000:15CD ; ---------------------------------------------------------------------------
seg000:15CD
seg000:15CD loc_15CD:
seg000:15CD                 mov     ax, 6
seg000:15D0                 xor     cl, cl
seg000:15D2                 int     60h             ; adlib fn_6
seg000:15D4                 retn
seg000:15D5 ; ---------------------------------------------------------------------------
seg000:15D5
seg000:15D5 loc_15D5:
seg000:15D5                 dec     byte_2072
seg000:15D9                 jz      short loc_15DC
seg000:15DB                 retn
seg000:15DC ; ---------------------------------------------------------------------------
seg000:15DC
seg000:15DC loc_15DC:
seg000:15DC                 mov     byte_2072, 4
seg000:15E1                 inc     byte_2073
seg000:15E5                 mov     al, byte_2073
seg000:15E8                 mov     byte_2073, 0FFh
seg000:15ED                 cmp     al, 96h
seg000:15EF                 jb      short loc_15F2
seg000:15F1                 retn
seg000:15F2 ; ---------------------------------------------------------------------------
seg000:15F2
seg000:15F2 loc_15F2:
seg000:15F2                 mov     byte_2073, al
seg000:15F5                 test    byte ptr ds:9, 0FFh
seg000:15FA                 jnz     short loc_15FD
seg000:15FC                 retn
seg000:15FD ; ---------------------------------------------------------------------------
seg000:15FD
seg000:15FD loc_15FD:
seg000:15FD                 cmp     al, 1Eh
seg000:15FF                 jb      short loc_1603
seg000:1601                 sub     al, 1Eh
seg000:1603
seg000:1603 loc_1603:
seg000:1603                 push    ax
seg000:1604                 xor     ah, ah
seg000:1606                 mov     cl, 1Eh
seg000:1608                 div     cl
seg000:160A                 jnz     short loc_1611
seg000:160C                 mov     byte_2075, 0FFh
seg000:1611
seg000:1611 loc_1611:
seg000:1611                 pop     ax
seg000:1612                 mov     ch, al
seg000:1614                 shr     al, 1
seg000:1616                 shr     al, 1
seg000:1618                 shr     al, 1
seg000:161A                 mov     ah, ds:8
seg000:161E                 sub     ah, al
seg000:1620                 cmc
seg000:1621                 sbb     al, al
seg000:1623                 and     ah, al
seg000:1625                 add     ah, ah
seg000:1627                 add     ah, ah
seg000:1629                 mov     al, ah
seg000:162B                 or      al, al
seg000:162D                 jz      short loc_15B8
seg000:162F                 mov     byte_2074, al
seg000:1632                 push    cx
seg000:1633                 mov     ax, 6
seg000:1636                 mov     cl, 3
seg000:1638                 int     60h             ; adlib fn_6
seg000:163A                 call    sub_169E
seg000:163D                 pop     cx
seg000:163E                 neg     ch
seg000:1640                 mov     cl, ch
seg000:1642                 mov     ch, 0FFh
seg000:1644                 add     cx, cx
seg000:1646                 add     cx, 980h
seg000:164A                 test    byte_2075, 0FFh
seg000:164F                 jz      short loc_1674
seg000:1651                 mov     ah, 0A4h
seg000:1653                 mov     al, cl
seg000:1655                 call    OPL_save_al_to_reg_ah ; AH: Register Index
seg000:1655                                         ; AL: Data
seg000:1658                 add     ah, 10h
seg000:165B                 mov     al, ch
seg000:165D                 call    OPL_save_al_to_reg_ah ; AH: Register Index
seg000:165D                                         ; AL: Data
seg000:1660                 mov     ah, 0A5h
seg000:1662                 mov     al, cl
seg000:1664                 call    OPL_save_al_to_reg_ah ; AH: Register Index
seg000:1664                                         ; AL: Data
seg000:1667                 add     ah, 10h
seg000:166A                 mov     al, ch
seg000:166C                 call    OPL_save_al_to_reg_ah ; AH: Register Index
seg000:166C                                         ; AL: Data
seg000:166F                 mov     byte_2075, 0
seg000:1674
seg000:1674 loc_1674:
seg000:1674                 or      ch, 20h
seg000:1677                 mov     ah, 0A4h
seg000:1679                 mov     al, cl
seg000:167B                 call    OPL_save_al_to_reg_ah ; AH: Register Index
seg000:167B                                         ; AL: Data
seg000:167E                 add     ah, 10h
seg000:1681                 mov     al, ch
seg000:1683                 call    OPL_save_al_to_reg_ah ; AH: Register Index
seg000:1683                                         ; AL: Data
seg000:1686                 mov     ah, 0A5h
seg000:1688                 mov     al, cl
seg000:168A                 call    OPL_save_al_to_reg_ah ; AH: Register Index
seg000:168A                                         ; AL: Data
seg000:168D                 add     ah, 10h
seg000:1690                 mov     al, ch
seg000:1692                 call    OPL_save_al_to_reg_ah ; AH: Register Index
seg000:1692                                         ; AL: Data
seg000:1695                 call    sub_16FE
seg000:1698                 mov     byte_2071, 0FFh
seg000:169D                 retn
seg000:169D sub_15A3        endp
seg000:169D
seg000:169E
seg000:169E ; =============== S U B R O U T I N E =======================================
seg000:169E
seg000:169E
seg000:169E sub_169E        proc near
seg000:169E                 mov     si, offset byte_173A
seg000:16A1                 mov     bx, 4
seg000:16A4                 call    sub_16AD
seg000:16A7                 mov     si, offset byte_173A
seg000:16AA                 mov     bx, 5
seg000:16AA sub_169E        endp
seg000:16AA
seg000:16AD
seg000:16AD ; =============== S U B R O U T I N E =======================================
seg000:16AD
seg000:16AD
seg000:16AD sub_16AD        proc near
seg000:16AD                 mov     ah, byte_159A[bx]
seg000:16B1                 push    bx
seg000:16B2                 add     ah, 20h ; ' '
seg000:16B5                 lodsb
seg000:16B6                 call    OPL_save_al_to_reg_ah ; AH: Register Index
seg000:16B6                                         ; AL: Data
seg000:16B9                 add     ah, 3
seg000:16BC                 lodsb
seg000:16BD                 call    OPL_save_al_to_reg_ah ; AH: Register Index
seg000:16BD                                         ; AL: Data
seg000:16C0                 add     ah, 3Dh ; '='
seg000:16C3                 lodsb
seg000:16C4                 lodsb
seg000:16C5                 mov     cx, 2
seg000:16C8
seg000:16C8 loc_16C8:
seg000:16C8                 lodsb
seg000:16C9                 call    OPL_save_al_to_reg_ah ; AH: Register Index
seg000:16C9                                         ; AL: Data
seg000:16CC                 add     ah, 3
seg000:16CF                 lodsb
seg000:16D0                 call    OPL_save_al_to_reg_ah ; AH: Register Index
seg000:16D0                                         ; AL: Data
seg000:16D3                 add     ah, 1Dh
seg000:16D6                 loop    loc_16C8
seg000:16D8                 add     ah, 40h ; '@'
seg000:16DB                 lodsb
seg000:16DC                 mov     bl, al
seg000:16DE                 rol     al, 1
seg000:16E0                 rol     al, 1
seg000:16E2                 call    OPL_save_al_to_reg_ah ; AH: Register Index
seg000:16E2                                         ; AL: Data
seg000:16E5                 add     ah, 3
seg000:16E8                 rol     al, 1
seg000:16EA                 rol     al, 1
seg000:16EC                 call    OPL_save_al_to_reg_ah ; AH: Register Index
seg000:16EC                                         ; AL: Data
seg000:16EF                 mov     al, bl
seg000:16F1                 and     al, 0Fh
seg000:16F3                 pop     bx
seg000:16F4                 mov     ah, bl
seg000:16F6                 add     ah, 0C0h
seg000:16F9                 call    OPL_save_al_to_reg_ah ; AH: Register Index
seg000:16F9                                         ; AL: Data
seg000:16FC                 jmp     short $+2
seg000:16FC sub_16AD        endp
seg000:16FC
seg000:16FE
seg000:16FE ; =============== S U B R O U T I N E =======================================
seg000:16FE
seg000:16FE
seg000:16FE sub_16FE        proc near
seg000:16FE                 mov     bx, 4
seg000:1701                 call    sub_1707
seg000:1704                 mov     bx, 5
seg000:1704 sub_16FE        endp
seg000:1704
seg000:1707
seg000:1707 ; =============== S U B R O U T I N E =======================================
seg000:1707
seg000:1707
seg000:1707 sub_1707        proc near
seg000:1707                 mov     si, offset byte_173A
seg000:170A                 mov     ah, byte_159A[bx]
seg000:170E                 add     ah, 40h ; '@'
seg000:1711                 mov     al, [si+2]
seg000:1714                 call    OPL_save_al_to_reg_ah ; AH: Register Index
seg000:1714                                         ; AL: Data
seg000:1717                 add     ah, 3
seg000:171A                 mov     bl, byte_2074
seg000:171E                 neg     bl
seg000:1720                 add     bl, 3Fh ; '?'
seg000:1723                 mov     al, [si+3]
seg000:1726                 mov     bh, al
seg000:1728                 and     al, 3Fh
seg000:172A                 add     al, bl
seg000:172C                 cmp     al, 40h ; '@'
seg000:172E                 jb      short loc_1732
seg000:1730                 mov     al, 3Fh ; '?'
seg000:1732
seg000:1732 loc_1732:
seg000:1732                 and     bh, 0C0h
seg000:1735                 or      al, bh
seg000:1737                 jmp     OPL_save_al_to_reg_ah ; AH: Register Index
seg000:1737 sub_1707        endp                    ; AL: Data
seg000:1737
seg000:1737 ; ---------------------------------------------------------------------------
seg000:173A byte_173A       db 20h, 21h, 4, 0, 0F8h, 0F4h, 8Fh
seg000:1741                 db 8Fh, 40h
seg000:1743 byte_1743       db 0, 0Ah, 19h, 1Fh, 20h, 14h, 19h
seg000:174A                 db 0FFh, 15h, 19h, 1Fh, 20h, 23h, 19h
seg000:1751                 db 0, 24h, 19h, 31h, 19h, 3Ch, 19h
seg000:1758                 db 0, 3Eh, 19h, 4Ah, 19h, 55h, 19h
seg000:175F                 db 0, 57h, 19h, 1Fh, 20h, 61h, 19h
seg000:1766                 db 1, 62h, 19h, 78h, 19h, 89h, 19h
seg000:176D                 db 9, 8Ah, 19h, 9Dh, 19h, 0AEh, 19h
seg000:1774                 db 9, 0B0h, 19h, 0BAh, 19h, 0C6h, 19h
seg000:177B                 db 8, 0C9h, 19h, 0D8h, 19h, 0E5h, 19h
seg000:1782                 db 7, 0E6h, 19h, 1Fh, 20h, 0F0h, 19h
seg000:1789                 db 0FFh, 0F1h, 19h, 0FEh, 19h, 0Bh, 1Ah
seg000:1790                 db 0FFh, 0Dh, 1Ah, 17h, 1Ah, 1Fh, 1Ah
seg000:1797                 db 0FFh, 20h, 1Ah, 2Ah, 1Ah, 32h, 1Ah
seg000:179E                 db 0FFh, 33h, 1Ah, 3Fh, 1Ah, 49h, 1Ah
seg000:17A5                 db 0FFh, 4Ah, 1Ah, 87h, 1Ah, 0ACh, 1Ah
seg000:17AC                 db 9, 0ADh, 1Ah, 1Fh, 20h, 0BAh, 1Ah
seg000:17B3                 db 9, 0BCh, 1Ah, 0BCh, 1Ah, 0CAh, 1Ah
seg000:17BA                 db 9, 0CCh, 1Ah, 0DCh, 1Ah, 0EAh, 1Ah
seg000:17C1                 db 0, 0ECh, 1Ah, 1Fh, 20h, 0F6h, 1Ah
seg000:17C8                 db 9, 0F7h, 1Ah, 2, 1Bh, 0Eh, 1Bh
seg000:17CF                 db 0, 10h, 1Bh, 21h, 1Bh, 29h, 1Bh
seg000:17D6                 db 0, 2Ah, 1Bh, 3Bh, 1Bh, 4Ah, 1Bh
seg000:17DD                 db 0, 4Bh, 1Bh, 1Fh, 20h, 55h, 1Bh
seg000:17E4                 db 0, 56h, 1Bh, 61h, 1Bh, 6Bh, 1Bh
seg000:17EB                 db 9, 6Dh, 1Bh, 8Ah, 1Bh, 99h, 1Bh
seg000:17F2                 db 0FFh, 9Dh, 1Bh, 0AAh, 1Bh, 0B5h, 1Bh
seg000:17F9                 db 0FFh, 0B6h, 1Bh, 0C3h, 1Bh, 0D5h, 1Bh
seg000:1800                 db 0FFh, 0D8h, 1Bh, 1Fh, 20h, 0E6h, 1Bh
seg000:1807                 db 0FFh, 0EAh, 1Bh, 1Fh, 20h, 4, 1Ch
seg000:180E                 db 0FFh, 5, 1Ch, 11h, 1Ch, 25h, 1Ch
seg000:1815                 db 0FFh, 29h, 1Ch, 37h, 1Ch, 43h, 1Ch
seg000:181C                 db 0FFh, 45h, 1Ch, 59h, 1Ch, 69h, 1Ch
seg000:1823                 db 9, 6Ch, 1Ch, 7Ch, 1Ch, 8Bh, 1Ch
seg000:182A                 db 9, 8Eh, 1Ch, 9Ah, 1Ch, 0A4h, 1Ch
seg000:1831                 db 9, 0A6h, 1Ch, 0B7h, 1Ch, 0C6h, 1Ch
seg000:1838                 db 9, 0C7h, 1Ch, 0D3h, 1Ch, 0DDh, 1Ch
seg000:183F                 db 9, 0DFh, 1Ch, 0F1h, 1Ch, 0FBh, 1Ch
seg000:1846                 db 1, 0FDh, 1Ch, 1Fh, 20h, 11h, 1Dh
seg000:184D                 db 1, 12h, 1Dh, 1Fh, 20h, 26h, 1Dh
seg000:1854                 db 9, 28h, 1Dh, 56h, 1Dh, 68h, 1Dh
seg000:185B                 db 9, 6Ah, 1Dh, 79h, 1Dh, 87h, 1Dh
seg000:1862                 db 0, 88h, 1Dh, 0A1h, 1Dh, 0B8h, 1Dh
seg000:1869                 db 0, 0BAh, 1Dh, 1Fh, 20h, 0C4h, 1Dh
seg000:1870                 db 9, 0C5h, 1Dh, 0F5h, 1Dh, 0Ch, 1Eh
seg000:1877                 db 9, 0Fh, 1Eh, 20h, 1Eh, 2Ch, 1Eh
seg000:187E                 db 9, 2Dh, 1Eh, 3Eh, 1Eh, 46h, 1Eh
seg000:1885                 db 9, 48h, 1Eh, 5Bh, 1Eh, 65h, 1Eh
seg000:188C                 db 1, 67h, 1Eh, 71h, 1Eh, 86h, 1Eh
seg000:1893                 db 0, 88h, 1Eh, 92h, 1Eh, 9Ah, 1Eh
seg000:189A                 db 0, 9Bh, 1Eh, 0AAh, 1Eh, 0B7h, 1Eh
seg000:18A1                 db 9, 0BAh, 1Eh, 0CBh, 1Eh, 0DAh, 1Eh
seg000:18A8                 db 9, 0DBh, 1Eh, 0E9h, 1Eh, 0F6h, 1Eh
seg000:18AF                 db 8, 0F7h, 1Eh, 3, 1Fh, 0Dh, 1Fh
seg000:18B6                 db 0, 0Eh, 1Fh, 27h, 1Fh, 36h, 1Fh
seg000:18BD                 db 9, 38h, 1Fh, 68h, 1Fh, 7Fh, 1Fh
seg000:18C4                 db 0, 82h, 1Fh, 1Fh, 20h, 8Fh, 1Fh
seg000:18CB                 db 9, 91h, 1Fh, 0A2h, 1Fh, 0B0h, 1Fh
seg000:18D2                 db 0, 0B2h, 1Fh, 1Fh, 20h, 0BFh, 1Fh
seg000:18D9                 db 0, 0C1h, 1Fh, 1Fh, 20h, 0DEh, 1Fh
seg000:18E0                 db 9, 0E0h, 1Fh, 1Fh, 20h, 0EBh, 1Fh
seg000:18E7                 db 0FFh, 0ECh, 1Fh, 1Fh, 20h, 0F6h, 1Fh
seg000:18EE                 db 0FFh, 0F7h, 1Fh, 1Fh, 20h, 0F6h, 1Fh
seg000:18F5                 db 0FFh, 1, 20h, 1Fh, 20h, 0F6h, 1Fh
seg000:18FC                 db 0FFh, 0Bh, 20h, 1Fh, 20h, 0F6h, 1Fh
seg000:1903                 db 0FFh, 15h, 20h, 1Fh, 20h, 0F6h, 1Fh
seg000:190A                 db 0F0h, 0, 0E0h, 7Fh, 87h, 0E5h, 7
seg000:1911                 db 0D5h, 5, 0FFh, 3, 0F0h, 0, 0E0h
seg000:1918                 db 37h, 83h, 0E5h, 7, 0D5h, 8, 0Ah
seg000:191F                 db 0Ch, 0E4h, 1, 0FFh, 0Ch, 0F0h, 0
seg000:1926                 db 0E0h, 46h, 0E5h, 7, 80h, 0D5h, 1
seg000:192D                 db 81h, 0D4h, 11h, 0FFh, 0F0h, 0, 0E5h
seg000:1934                 db 17h, 80h, 0D3h, 1, 81h, 0D1h, 11h
seg000:193B                 db 0FFh, 3, 18h, 0F0h, 0, 0E0h, 9Bh
seg000:1942                 db 82h, 0E5h, 7, 0D6h, 1, 0, 1Ah
seg000:1949                 db 0FFh, 0F0h, 0, 82h, 0E5h, 7, 0D3h
seg000:1950                 db 1, 0, 0D6h, 11h, 0FFh, 3, 0Ch
seg000:1957                 db 0F0h, 0, 0E0h, 0, 87h, 0E5h, 7
seg000:195E                 db 0D4h, 1, 0FFh, 12h, 0F0h, 0, 0E0h
seg000:1965                 db 69h, 0E5h, 7, 83h, 0E2h, 1, 1
seg000:196C                 db 0FEh, 2, 0FFh, 81h, 0D2h, 3, 82h
seg000:1973                 db 0E2h, 0, 0D6h, 2, 0FFh, 0F0h, 0
seg000:197A                 db 0E5h, 17h, 83h, 0E2h, 1, 1, 0FEh
seg000:1981                 db 2, 0FFh, 81h, 0D1h, 9, 84h, 1
seg000:1988                 db 0FFh, 0Ch, 0F0h, 0, 0E0h, 69h, 86h
seg000:198F                 db 0E5h, 7, 0E2h, 1, 1, 0FFh, 2
seg000:1996                 db 0FFh, 90h, 0D1h, 5, 0D1h, 17h, 0FFh
seg000:199D                 db 0F0h, 0, 82h, 0E5h, 0Fh, 0E2h, 1
seg000:19A4                 db 0, 0FFh, 2, 2, 1, 0D2h, 5
seg000:19AB                 db 0D1h, 17h, 0FFh, 0Ch, 18h, 0F0h, 0
seg000:19B2                 db 0E0h, 0, 0E5h, 7, 84h, 1, 11h
seg000:19B9                 db 0FFh, 0F0h, 0, 0E5h, 7, 88h, 0D2h
seg000:19C0                 db 1, 20h, 0D3h, 21h, 20h, 0FFh, 6
seg000:19C7                 db 9, 3, 0F0h, 0, 0E0h, 37h, 0E5h
seg000:19CE                 db 7, 88h, 0D1h, 0Ch, 0E7h, 0E4h, 3
seg000:19D5                 db 0E7h, 1, 0FFh, 0F0h, 0, 0E5h, 7
seg000:19DC                 db 88h, 0D1h, 0Bh, 0E7h, 9, 0E7h, 0D5h
seg000:19E3                 db 1, 0FFh, 6, 0F0h, 0, 0E0h, 69h
seg000:19EA                 db 0E5h, 7, 82h, 0D5h, 3, 0FFh, 18h
seg000:19F1                 db 0F0h, 0, 0E0h, 9Bh, 0E5h, 7, 83h
seg000:19F8                 db 0D8h, 0D5h, 13h, 14h, 16h, 0FFh, 0F0h
seg000:19FF                 db 0, 0E5h, 7, 83h, 0D8h, 0D7h, 1Bh
seg000:1A06                 db 0D3h, 15h, 0E4h, 13h, 0FFh, 2, 6
seg000:1A0D                 db 0F0h, 0, 0E0h, 9Bh, 0E5h, 7, 87h
seg000:1A14                 db 0D5h, 7, 0FFh, 0F0h, 0, 0E5h, 7
seg000:1A1B                 db 87h, 0D5h, 0Bh, 0FFh, 6, 0F0h, 0
seg000:1A22                 db 0E0h, 9Bh, 0E5h, 7, 87h, 0D5h, 3
seg000:1A29                 db 0FFh, 0F0h, 0, 0E5h, 7, 87h, 0D5h
seg000:1A30                 db 7, 0FFh, 6, 0F0h, 0, 0E0h, 9Bh
seg000:1A37                 db 0E5h, 7, 87h, 0D6h, 8, 8, 4
seg000:1A3E                 db 0FFh, 0F0h, 0, 0E5h, 7, 87h, 0D5h
seg000:1A45                 db 9, 1, 0Bh, 0FFh, 6, 0F0h, 0
seg000:1A4C                 db 83h, 0E2h, 1, 40h, 40h, 11h, 41h
seg000:1A53                 db 81h, 0D2h, 0E5h, 7, 0E0h, 9Bh, 6
seg000:1A5A                 db 0CEh, 0E0h, 91h, 6, 0CEh, 0E0h, 87h
seg000:1A61                 db 6, 0CEh, 0E0h, 7Dh, 6, 0CEh, 0E0h
seg000:1A68                 db 73h, 6, 0CEh, 0E0h, 69h, 6, 0CEh
seg000:1A6F                 db 0E0h, 5Fh, 6, 0CEh, 0E0h, 55h, 6
seg000:1A76                 db 0CEh, 0E0h, 4Bh, 6, 0CEh, 0E0h, 41h
seg000:1A7D                 db 6, 0CEh, 0E0h, 37h, 6, 0CEh, 0E0h
seg000:1A84                 db 2Dh, 6, 0FFh, 0F0h, 0, 83h, 0E2h
seg000:1A8B                 db 1, 40h, 40h, 21h, 11h, 81h, 0D0h
seg000:1A92                 db 0E5h, 17h, 0CDh, 1, 9, 0E4h, 0CDh
seg000:1A99                 db 1, 9, 0E4h, 0CDh, 1, 9, 0E4h
seg000:1AA0                 db 0CDh, 1, 9, 0E4h, 0CDh, 1, 9
seg000:1AA7                 db 0E4h, 0CDh, 1, 9, 0FFh, 18h, 0F0h
seg000:1AAE                 db 0, 0E0h, 4Bh, 0E5h, 7, 87h, 0D8h
seg000:1AB5                 db 0D5h, 1Ah, 0E3h, 1Ah, 0FFh, 6, 0Ch
seg000:1ABC                 db 0F0h, 0, 0E0h, 4Bh, 0E5h, 7, 87h
seg000:1AC3                 db 0D8h, 0D4h, 13h, 0E7h, 0E4h, 14h, 0FFh
seg000:1ACA                 db 6, 0Ch, 0F0h, 0, 0E0h, 69h, 82h
seg000:1AD1                 db 0E5h, 2Fh, 0D2h, 0Ah, 0E5h, 1Fh, 2
seg000:1AD8                 db 0E5h, 7, 11h, 0FFh, 0F0h, 0, 84h
seg000:1ADF                 db 0D3h, 0E5h, 2Fh, 1, 0E5h, 1Fh, 1
seg000:1AE6                 db 0E5h, 7, 11h, 0FFh, 0Ch, 12h, 0F0h
seg000:1AED                 db 0, 0E0h, 7Fh, 87h, 0E5h, 7, 0D4h
seg000:1AF4                 db 1, 0FFh, 3, 0F0h, 0, 0E0h, 9Bh
seg000:1AFB                 db 82h, 0E5h, 7, 0D6h, 5, 15h, 0FFh
seg000:1B02                 db 0F0h, 0, 83h, 0E5h, 2Fh, 0E1h, 4
seg000:1B09                 db 0D4h, 5, 0E4h, 15h, 0FFh, 9, 3
seg000:1B10                 db 0F0h, 0, 0E0h, 9Bh, 83h, 0E5h, 7
seg000:1B17                 db 0E2h, 1, 40h, 40h, 21h, 21h, 81h
seg000:1B1E                 db 0D4h, 3, 0FFh, 0F0h, 0, 82h, 0E5h
seg000:1B25                 db 7, 0D3h, 3, 0FFh, 3, 0F0h, 0
seg000:1B2C                 db 0E0h, 9Bh, 87h, 0E5h, 7, 0E2h, 1
seg000:1B33                 db 40h, 40h, 21h, 21h, 81h, 0D1h, 8
seg000:1B3A                 db 0FFh, 0F0h, 0, 83h, 0E5h, 27h, 0E2h
seg000:1B41                 db 1, 40h, 40h, 21h, 21h, 81h, 0D1h
seg000:1B48                 db 8, 0FFh, 3, 0F0h, 0, 0E0h, 46h
seg000:1B4F                 db 0E5h, 7, 81h, 0D7h, 1, 0FFh, 0Ch
seg000:1B56                 db 0F0h, 0, 0E0h, 46h, 0E5h, 7, 0D2h
seg000:1B5D                 db 82h, 1, 11h, 0FFh, 0F0h, 0, 0E5h
seg000:1B64                 db 7, 86h, 0D3h, 6, 0D4h, 16h, 0FFh
seg000:1B6B                 db 0Ch, 18h, 0F0h, 0, 0E0h, 4Bh, 0E5h
seg000:1B72                 db 7, 0E2h, 1, 78h, 1, 2, 2
seg000:1B79                 db 1, 85h, 0D2h, 1, 0E7h, 0CEh, 11h
seg000:1B80                 db 0E7h, 0CEh, 11h, 0E7h, 0CEh, 11h, 0E7h
seg000:1B87                 db 0CEh, 21h, 0FFh, 0F0h, 0, 0E5h, 7
seg000:1B8E                 db 81h, 0D3h, 1, 0D2h, 11h, 82h, 0D1h
seg000:1B95                 db 11h, 0D0h, 31h, 0FFh, 18h, 0Ch, 12h
seg000:1B9C                 db 24h, 0F0h, 0, 0E0h, 9Bh, 80h, 0E5h
seg000:1BA3                 db 7, 0D0h, 1, 0E5h, 5Fh, 1, 0FFh
seg000:1BAA                 db 0F0h, 0, 80h, 0E5h, 7, 0D3h, 1
seg000:1BB1                 db 0E5h, 5Fh, 1, 0FFh, 6, 0F0h, 0
seg000:1BB8                 db 0E0h, 4Bh, 86h, 0E5h, 7, 0D5h, 8
seg000:1BBF                 db 18h, 0D6h, 2Ah, 0FFh, 0F0h, 0, 86h
seg000:1BC6                 db 0E5h, 7, 0E2h, 1, 28h, 28h, 3
seg000:1BCD                 db 3, 1, 0D5h, 8, 18h, 0D7h, 23h
seg000:1BD4                 db 0FFh, 3, 0Ch, 30h, 0F0h, 0, 0E0h
seg000:1BDB                 db 5, 86h, 0E5h, 7, 0D5h, 8, 18h
seg000:1BE2                 db 0D6h, 23h, 3Ah, 0FFh, 3, 0Ch, 18h
seg000:1BE9                 db 60h, 0F0h, 0, 0E0h, 87h, 83h, 0E2h
seg000:1BF0                 db 1, 40h, 40h, 3, 3, 1, 0E5h
seg000:1BF7                 db 7, 0D5h, 3, 0E5h, 17h, 3, 0E5h
seg000:1BFE                 db 7, 8, 0E5h, 17h, 8, 0FFh, 6
seg000:1C05                 db 0F0h, 0, 0E0h, 87h, 83h, 0E5h, 7
seg000:1C0C                 db 0D5h, 1, 0, 16h, 0FFh, 0F0h, 0
seg000:1C13                 db 83h, 0E2h, 1, 40h, 40h, 5, 5
seg000:1C1A                 db 2, 0E1h, 4, 0E5h, 17h, 20h, 0D5h
seg000:1C21                 db 1, 0, 36h, 0FFh, 3, 18h, 6
seg000:1C28                 db 12h, 0F0h, 0, 0E0h, 9Bh, 87h, 0E5h
seg000:1C2F                 db 7, 0D5h, 1, 15h, 0E5h, 27h, 5
seg000:1C36                 db 0FFh, 0F0h, 0, 87h, 0E5h, 17h, 0
seg000:1C3D                 db 0E1h, 2, 0D5h, 1, 15h, 0FFh, 6
seg000:1C44                 db 9, 0F0h, 0, 0E0h, 87h, 82h, 0E5h
seg000:1C4B                 db 0Fh, 0D0h, 1, 0, 0E2h, 1, 80h
seg000:1C52                 db 80h, 3, 3, 1, 0D1h, 18h, 0FFh
seg000:1C59                 db 0F0h, 0, 83h, 0E2h, 1, 0, 0FFh
seg000:1C60                 db 0, 1Fh, 81h, 0E5h, 0Fh, 0D1h, 21h
seg000:1C67                 db 11h, 0FFh, 3, 24h, 6, 0F0h, 0
seg000:1C6E                 db 0E0h, 9Bh, 0E5h, 7, 87h, 0D6h, 8
seg000:1C75                 db 0D5h, 1, 0D4h, 1, 0D5h, 18h, 0FFh
seg000:1C7C                 db 0F0h, 0, 0E5h, 7, 82h, 0D3h, 5
seg000:1C83                 db 0D1h, 8, 84h, 0E5h, 0Fh, 0D5h, 21h
seg000:1C8A                 db 0FFh, 6, 0Ch, 18h, 0F0h, 0, 0E0h
seg000:1C91                 db 9Bh, 83h, 0E5h, 7, 0D2h, 1, 0D1h
seg000:1C98                 db 16h, 0FFh, 0F0h, 0, 83h, 0E5h, 7
seg000:1C9F                 db 0D2h, 7, 0D1h, 13h, 0FFh, 6, 0Ch
seg000:1CA6                 db 0F0h, 0, 0E0h, 9Bh, 82h, 0E5h, 7
seg000:1CAD                 db 0E2h, 1, 2, 2, 0Bh, 0DDh, 1
seg000:1CB4                 db 0D1h, 1, 0FFh, 0F0h, 0, 88h, 0E5h
seg000:1CBB                 db 0Fh, 0E2h, 1, 2, 2, 0Bh, 0DDh
seg000:1CC2                 db 1, 0D1h, 1, 0FFh, 48h, 0F0h, 0
seg000:1CC9                 db 0E0h, 0AFh, 83h, 0E5h, 7, 0D1h, 4
seg000:1CD0                 db 0D1h, 13h, 0FFh, 0F0h, 0, 83h, 0E5h
seg000:1CD7                 db 7, 0D4h, 2, 0D1h, 1Bh, 0FFh, 6
seg000:1CDE                 db 0Ch, 0F0h, 0, 0E0h, 0AFh, 88h, 0E5h
seg000:1CE5                 db 7, 0E2h, 1, 14h, 14h, 15h, 15h
seg000:1CEC                 db 1, 0D3h, 1, 13h, 0FFh, 0F0h, 0
seg000:1CF3                 db 88h, 0E5h, 0Fh, 0D1h, 3, 0D2h, 1Bh
seg000:1CFA                 db 0FFh, 6, 0Ch, 0F0h, 0, 0E0h, 5
seg000:1D01                 db 82h, 0E5h, 7, 0D4h, 1, 0D1h, 0Ch
seg000:1D08                 db 0D4h, 1, 0D1h, 0Ch, 0D4h, 1, 0D1h
seg000:1D0F                 db 0Ch, 0FFh, 18h, 0F0h, 0, 0E0h, 9Bh
seg000:1D16                 db 88h, 0E5h, 7, 0E2h, 1, 1, 1
seg000:1D1D                 db 65h, 0C9h, 1, 0D3h, 4, 82h, 0D1h
seg000:1D24                 db 11h, 0FFh, 0Ch, 12h, 0F0h, 0, 0E0h
seg000:1D2B                 db 4Bh, 88h, 0E5h, 7, 0E2h, 1, 1
seg000:1D32                 db 80h, 3, 3, 1, 0D3h, 4, 0D1h
seg000:1D39                 db 4, 0D5h, 2, 0D4h, 6, 0E2h, 1
seg000:1D40                 db 1Ch, 0E1h, 5, 9, 1, 0D1h, 3
seg000:1D47                 db 0D3h, 2, 0D5h, 5, 0D3h, 4, 0D1h
seg000:1D4E                 db 4, 0D5h, 2, 0D4h, 6, 0D4h, 11h
seg000:1D55                 db 0FFh, 0F0h, 0, 84h, 0E5h, 17h, 1
seg000:1D5C                 db 1, 1, 1, 1, 1, 1, 1
seg000:1D63                 db 1, 1, 1, 11h, 0FFh, 6, 30h
seg000:1D6A                 db 0F0h, 0, 0E0h, 0, 83h, 0E5h, 7
seg000:1D71                 db 0D1h, 7, 0D1h, 0Ah, 0D4h, 2, 1
seg000:1D78                 db 0FFh, 0F0h, 0, 83h, 0E5h, 7, 0D2h
seg000:1D7F                 db 1, 0D2h, 7, 0D3h, 0Bh, 0D1h, 7
seg000:1D86                 db 0FFh, 6, 0F0h, 0, 0E0h, 0, 83h
seg000:1D8D                 db 0E5h, 17h, 0E2h, 1, 60h, 60h, 7
seg000:1D94                 db 7, 1, 0D5h, 7, 0E2h, 1, 60h
seg000:1D9B                 db 78h, 7, 7, 1, 17h, 0FFh, 0F0h
seg000:1DA2                 db 0, 83h, 0E5h, 17h, 0E2h, 1, 80h
seg000:1DA9                 db 80h, 7, 7, 1, 0D5h, 8, 0E2h
seg000:1DB0                 db 1, 80h, 0A0h, 7, 7, 1, 18h
seg000:1DB7                 db 0FFh, 0Ch, 30h, 0F0h, 0, 0E0h, 0
seg000:1DBE                 db 81h, 0E5h, 7, 0D2h, 0Ch, 0FFh, 60h
seg000:1DC5                 db 0F0h, 0, 0E0h, 4Bh, 88h, 0E5h, 1Fh
seg000:1DCC                 db 0E2h, 1, 1, 80h, 3, 3, 1
seg000:1DD3                 db 0D3h, 4, 0D1h, 4, 0D5h, 2, 0D4h
seg000:1DDA                 db 6, 0E2h, 1, 1Ch, 0E1h, 5, 9
seg000:1DE1                 db 1, 0D1h, 3, 0D3h, 2, 0D5h, 5
seg000:1DE8                 db 0D3h, 4, 0D1h, 4, 0D5h, 2, 0D4h
seg000:1DEF                 db 6, 0D3h, 5, 0D4h, 11h, 0FFh, 0F0h
seg000:1DF6                 db 0, 83h, 0E5h, 7, 0E2h, 1, 60h
seg000:1DFD                 db 60h, 7, 7, 1, 0D5h, 1Ah, 0E2h
seg000:1E04                 db 1, 60h, 78h, 7, 7, 1, 2Ah
seg000:1E0B                 db 0FFh, 6, 30h, 48h, 0F0h, 0, 0E0h
seg000:1E12                 db 37h, 83h, 0E5h, 7, 0D3h, 0Ch, 0D5h
seg000:1E19                 db 6, 0D3h, 0Ah, 0D1h, 1, 1, 0FFh
seg000:1E20                 db 0F0h, 0, 84h, 0E5h, 7, 1, 1
seg000:1E27                 db 0D1h, 1, 1, 1, 0FFh, 3, 0F0h
seg000:1E2E                 db 0, 0E0h, 0, 87h, 0E5h, 7, 0E2h
seg000:1E35                 db 1, 2, 2, 15h, 15h, 1, 0D3h
seg000:1E3C                 db 0Ah, 0FFh, 0F0h, 0, 84h, 0E5h, 7
seg000:1E43                 db 0D3h, 1Ah, 0FFh, 15h, 0Ch, 0F0h, 0
seg000:1E4A                 db 0E0h, 0AFh, 87h, 0E5h, 7, 0E2h, 1
seg000:1E51                 db 1, 0FFh, 2, 0FBh, 1, 0D2h, 1
seg000:1E58                 db 0D1h, 16h, 0FFh, 0F0h, 0, 82h, 0E5h
seg000:1E5F                 db 17h, 0D2h, 7, 0D1h, 12h, 0FFh, 6
seg000:1E66                 db 0Ch, 0F0h, 0, 0E0h, 0AFh, 84h, 0E5h
seg000:1E6D                 db 7, 0D1h, 1, 0FFh, 0F0h, 0, 83h
seg000:1E74                 db 0E5h, 7, 0E2h, 1, 0FFh, 80h, 2
seg000:1E7B                 db 0FFh, 81h, 0D1h, 18h, 18h, 0E7h, 0E2h
seg000:1E82                 db 0, 0D0h, 18h, 0FFh, 24h, 0Ch, 0F0h
seg000:1E89                 db 0, 0E0h, 4Bh, 80h, 0E5h, 7, 0D1h
seg000:1E90                 db 5, 0FFh, 0F0h, 0, 80h, 0E5h, 7
seg000:1E97                 db 0D2h, 7, 0FFh, 6, 0F0h, 0, 0E0h
seg000:1E9E                 db 0AFh, 84h, 0E5h, 7, 1, 0E5h, 1Fh
seg000:1EA5                 db 1, 0E5h, 2Fh, 11h, 0FFh, 0F0h, 0
seg000:1EAC                 db 82h, 0E5h, 7, 0D5h, 21h, 2Ah, 2Ch
seg000:1EB3                 db 25h, 0D1h, 13h, 0FFh, 6, 18h, 3
seg000:1EBA                 db 0F0h, 0, 0E0h, 0AFh, 84h, 0E5h, 7
seg000:1EC1                 db 0E2h, 1, 2, 2, 0Bh, 0DDh, 1
seg000:1EC8                 db 0D4h, 3, 0FFh, 0F0h, 0, 88h, 0E5h
seg000:1ECF                 db 7, 0E2h, 1, 2, 2, 0Bh, 0DDh
seg000:1ED6                 db 1, 0D2h, 1, 0FFh, 48h, 0F0h, 0
seg000:1EDD                 db 0E0h, 5Fh, 84h, 0E5h, 7, 0D1h, 7
seg000:1EE4                 db 0D1h, 8, 0D1h, 8, 0FFh, 0F0h, 0
seg000:1EEB                 db 83h, 0E5h, 7, 0D1h, 0Ah, 0D3h, 7
seg000:1EF2                 db 82h, 0D2h, 4, 0FFh, 0Ch, 0F0h, 0
seg000:1EF9                 db 0E0h, 87h, 83h, 0E5h, 7, 0D2h, 1
seg000:1F00                 db 0D1h, 5, 0FFh, 0F0h, 0, 83h, 0E5h
seg000:1F07                 db 7, 0D2h, 7, 0D1h, 3, 0FFh, 6
seg000:1F0E                 db 0F0h, 0, 0E0h, 0, 83h, 0E5h, 17h
seg000:1F15                 db 0D1h, 1, 0Ch, 8, 3, 1, 5
seg000:1F1C                 db 6, 8, 0Ah, 0Ch, 1, 3, 3
seg000:1F23                 db 5, 6, 7, 0FFh, 0F0h, 0, 84h
seg000:1F2A                 db 0E5h, 7, 0D3h, 11h, 18h, 11h, 16h
seg000:1F31                 db 1Ah, 11h, 13h, 16h, 0FFh, 3, 6
seg000:1F38                 db 0F0h, 0, 0E0h, 4Bh, 85h, 0E5h, 7
seg000:1F3F                 db 0E2h, 1, 1, 40h, 3, 3, 1
seg000:1F46                 db 0D3h, 4, 0D1h, 4, 0D5h, 2, 0D4h
seg000:1F4D                 db 6, 0E2h, 1, 1Ch, 64h, 5, 9
seg000:1F54                 db 1, 0D1h, 3, 0D3h, 2, 0D5h, 5
seg000:1F5B                 db 0D3h, 4, 0D1h, 4, 0D5h, 2, 0D4h
seg000:1F62                 db 6, 0D3h, 5, 0D4h, 11h, 0FFh, 0F0h
seg000:1F69                 db 0, 84h, 0E5h, 7, 0E2h, 1, 60h
seg000:1F70                 db 60h, 7, 7, 1, 0D3h, 1Ah, 0E2h
seg000:1F77                 db 1, 60h, 78h, 7, 7, 1, 2Ah
seg000:1F7E                 db 0FFh, 6, 30h, 48h, 0F0h, 0, 0E0h
seg000:1F85                 db 9Bh, 81h, 0E5h, 7, 0D4h, 1, 0E7h
seg000:1F8C                 db 0D1h, 11h, 0FFh, 0Ch, 18h, 0F0h, 0
seg000:1F93                 db 0E0h, 9Bh, 83h, 0E5h, 7, 0D2h, 3
seg000:1F9A                 db 0D1h, 0Ch, 0D1h, 6, 85h, 0D1h, 11h
seg000:1FA1                 db 0FFh, 0F0h, 0, 84h, 0E5h, 7, 0D2h
seg000:1FA8                 db 1, 0D1h, 6, 0D1h, 1, 0D2h, 11h
seg000:1FAF                 db 0FFh, 2, 0Ch, 0F0h, 0, 0E0h, 4Bh
seg000:1FB6                 db 88h, 0E5h, 7, 0D1h, 0Bh, 84h, 0D5h
seg000:1FBD                 db 11h, 0FFh, 0Ch, 18h, 0F0h, 0, 0E0h
seg000:1FC4                 db 9Bh, 83h, 0E2h, 1, 0FFh, 0FEh, 0FFh
seg000:1FCB                 db 2, 1, 0D0h, 0E5h, 7, 3, 0E5h
seg000:1FD2                 db 3Fh, 14h, 0E5h, 17h, 14h, 0E5h, 1Fh
seg000:1FD9                 db 14h, 0E5h, 27h, 14h, 0FFh, 0Ch, 6
seg000:1FE0                 db 0F0h, 0, 0E0h, 37h, 88h, 0D3h, 0E5h
seg000:1FE7                 db 0Fh, 3, 0Ch, 0FFh, 0Ch, 0F0h, 0
seg000:1FEE                 db 0E0h, 7Fh, 88h, 0E5h, 2Fh, 0D3h, 0Ch
seg000:1FF5                 db 0FFh, 6, 0F0h, 0, 0E0h, 7Fh, 88h
seg000:1FFC                 db 0E5h, 2Fh, 0D3h, 6, 0FFh, 0F0h, 0
seg000:2003                 db 0E0h, 7Fh, 88h, 0E5h, 2Fh, 0D2h, 6
seg000:200A                 db 0FFh, 0F0h, 0, 0E0h, 7Fh, 87h, 0E5h
seg000:2011                 db 2Fh, 0D4h, 6, 0FFh, 0F0h, 0, 0E0h
seg000:2018                 db 7Fh, 87h, 0E5h, 2Fh, 0D4h, 0Ch, 0FFh
seg000:201F                 db 0FFh
seg000:2020 byte_2020       db 0Fh, 0, 2, 0, 0FAh, 0F7h, 6Fh, 8Fh, 0Eh
seg000:2029                 db 0Fh, 10h, 0, 80h, 0F0h, 45h, 46h, 0D8h, 8Eh
seg000:2032                 db 3Fh, 25h, 40h, 0, 0F4h, 0F6h, 0A3h, 88h, 0Eh
seg000:203B                 db 24h, 22h, 14h, 4, 0F3h, 0E4h, 6, 8, 0
seg000:2044                 db 2Fh, 5, 0, 0, 0F3h, 0F4h, 0Fh, 0FFh, 0Eh
seg000:204D                 db 20h, 21h, 40h, 0, 0F8h, 0F3h, 4Fh, 3Fh, 0
seg000:2056                 db 32h, 22h, 0CAh, 0, 0F5h, 0F5h, 5Fh, 0FFh, 0Eh
seg000:205F                 db 4, 2, 86h, 0, 0F2h, 0F6h, 3Ch, 5Dh, 0
seg000:2068                 db 24h, 22h, 8Ah, 0, 0F5h, 0F5h, 6Fh, 6Fh, 80h
seg000:2071 byte_2071       db 0
seg000:2072 byte_2072       db 2
seg000:2073 byte_2073       db 0
seg000:2074 byte_2074       db 0
seg000:2075 byte_2075       db 0
seg000:2076 byte_2076       db 23h dup(0)
seg000:2099 byte_2099       db 23h dup(0)
seg000:20BC byte_20BC       db 0
seg000:20BD byte_20BD       db 0
seg000:20BE byte_20BE       db 0
seg000:20BF byte_20BF       db 0
seg000:20C0 word_20C0       dw 0
seg000:20C2 byte_20C2       db 0
seg000:20C3 byte_20C3       db 0
seg000:20C3 seg000          ends
seg000:20C3
seg000:20C3
seg000:20C3                 end
