seg000:A000 ;
seg000:A000 ; +-------------------------------------------------------------------------+
seg000:A000 ; |      This file was generated by The Interactive Disassembler (IDA)      |
seg000:A000 ; |           Copyright (c) 2026 Hex-Rays, <support@hex-rays.com>           |
seg000:A000 ; |                      License info: 48-2137-ACAB-69                      |
seg000:A000 ; |                             hi@hex-rays.com                             |
seg000:A000 ; +-------------------------------------------------------------------------+
seg000:A000 ;
seg000:A000 ; Input SHA256 : 80754AD697AA6CD15308702F27BF450592A35F733FEAB893E7B01A3538A90BE9
seg000:A000 ; Input MD5    : BDDA80EEE0430FE90B11CA49162FB907
seg000:A000 ; Input CRC32  : 0F13B6B3
seg000:A000
seg000:A000 ; File Name   : /home/brox/Projects/zeliard/WORK/tako.bin
seg000:A000 ; Format      : Binary file
seg000:A000 ; Base Address: 0000h Range: 0000h - 0AA2h Loaded length: 0AA2h
seg000:A000
seg000:A000                 .286
seg000:A000                 .model small
seg000:A000
seg000:A000 ; ===========================================================================
seg000:A000
seg000:A000 ; Segment type: Pure code
seg000:A000 seg000          segment byte public 'CODE'
seg000:A000                 assume cs:seg000
seg000:A000                 ;org 0A000h
seg000:A000                 assume es:nothing, ss:nothing, ds:seg000
seg000:A000                 dw offset Pulpo_AI_proc
seg000:A002                 dw offset boss_state_block
seg000:A004                 db    0
seg000:A005                 db    0
seg000:A006                 db    0
seg000:A007                 db    0
seg000:A008                 db    0
seg000:A009                 db    0
seg000:A00A                 db    0
seg000:A00B                 db    0
seg000:A00C                 db    0
seg000:A00D                 db    0
seg000:A00E                 db    0
seg000:A00F                 db    0
seg000:A010 encounter_hp_table db 10, 10, 10, 10, 10, 10, 10, 10, 10, 10, 10, 10, 10
seg000:A01D                 db 10, 10, 10, 40, 10, 10, 10, 10, 10, 10, 10, 10, 10
seg000:A02A                 db 10, 10, 10, 10, 10, 10
seg000:A030 anim_frame_table_ptrs dw offset byte_A052
seg000:A032                 dw offset byte_A0A2
seg000:A034                 dw offset byte_A0F2
seg000:A036                 dw offset byte_A142
seg000:A038                 dw offset byte_A192
seg000:A03A                 dw offset byte_A1E2
seg000:A03C                 db    0
seg000:A03D                 db    0
seg000:A03E                 db    0
seg000:A03F                 db    0
seg000:A040                 db    0
seg000:A041                 db    0
seg000:A042                 db    0
seg000:A043                 db    0
seg000:A044                 db    0
seg000:A045                 db    0
seg000:A046                 db    0
seg000:A047                 db    0
seg000:A048                 db    0
seg000:A049                 db    0
seg000:A04A                 db    0
seg000:A04B                 db    0
seg000:A04C                 dw offset byte_A255
seg000:A04E                 dw offset byte_A205
seg000:A050                 dw offset byte_A25F
seg000:A052 byte_A052       db 0, 0, 0, 1, 0
seg000:A057                 db 0, 2, 3, 4, 5
seg000:A05C                 db 0, 0, 0, 6, 7
seg000:A061                 db 0, 0, 0, 8, 9
seg000:A066                 db 0, 0Ah, 0Bh, 0Ch, 0Dh
seg000:A06B                 db 0, 0Eh, 0Fh, 10h, 11h
seg000:A070                 db 0, 0, 0, 0, 16h
seg000:A075                 db 0, 17h, 18h, 19h, 1Ah
seg000:A07A                 db 0, 1Bh, 1Ch, 1Dh, 1Eh
seg000:A07F                 db 0, 0, 0, 1Fh, 20h
seg000:A084                 db 0, 0, 0, 21h, 22h
seg000:A089                 db 0, 23h, 24h, 25h, 26h
seg000:A08E                 db 0, 27h, 28h, 29h, 2Ah
seg000:A093                 db 0, 0, 0, 2Bh, 2Ch
seg000:A098                 db 0, 2Dh, 2Eh, 2Fh, 30h
seg000:A09D                 db 0, 31h, 32h, 33h, 34h
seg000:A0A2 byte_A0A2       db 0, 0, 0, 0, 35h
seg000:A0A7                 db 0, 36h, 37h, 38h, 39h
seg000:A0AC                 db 0, 3Ah, 3Bh, 3Ch, 3Dh
seg000:A0B1                 db 0, 0, 0, 0, 3Eh
seg000:A0B6                 db 0, 3Fh, 40h, 41h, 42h
seg000:A0BB                 db 0, 43h, 44h, 45h, 1Ah
seg000:A0C0                 db 0, 0, 0, 46h, 47h
seg000:A0C5                 db 0, 48h, 24h, 25h, 26h
seg000:A0CA                 db 0, 0, 0, 49h, 4Ah
seg000:A0CF                 db 0, 4Bh, 4Ch, 4Dh, 4Eh
seg000:A0D4                 db 0, 0, 0, 4Fh, 4Ah
seg000:A0D9                 db 0, 50h, 4Ch, 4Dh, 4Eh
seg000:A0DE                 db 0, 0, 0, 21h, 51h
seg000:A0E3                 db 0, 23h, 52h, 25h, 26h
seg000:A0E8                 db 0, 53h, 0, 54h, 55h
seg000:A0ED                 db 0, 0, 56h, 57h, 58h
seg000:A0F2 byte_A0F2       db 0, 0, 0, 3, 0
seg000:A0F7                 db 0, 59h, 5Ah, 5Bh, 5Ch
seg000:A0FC                 db 0, 0Eh, 5Dh, 5Eh, 5Fh
seg000:A101                 db 0, 0, 0, 63h, 0
seg000:A106                 db 0, 64h, 65h, 66h, 67h
seg000:A10B                 db 0, 68h, 69h, 6Ah, 6Bh
seg000:A110                 db 0, 0Eh, 6Ch, 6Dh, 5Fh
seg000:A115                 db 0, 71h, 44h, 45h, 1Ah
seg000:A11A                 db 0, 0, 0, 72h, 73h
seg000:A11F                 db 0, 74h, 0, 75h, 76h
seg000:A124                 db 0, 0, 0, 77h, 78h
seg000:A129                 db 0, 79h, 7Ah, 7Bh, 7Ch
seg000:A12E                 db 0, 7Fh, 18h, 19h, 1Ah
seg000:A133                 db 0, 80h, 0, 81h, 82h
seg000:A138                 db 0, 0, 0, 0, 83h
seg000:A13D                 db 0, 0, 0, 77h, 78h
seg000:A142 byte_A142       db 0, 84h, 85h, 86h, 87h
seg000:A147                 db 0, 0, 0, 0, 17h
seg000:A14C                 db 0, 8Ah, 8Bh, 8Ch, 8Dh
seg000:A151                 db 0, 0, 0, 8Eh, 8Fh
seg000:A156                 db 0, 90h, 91h, 92h, 93h
seg000:A15B                 db 0, 0, 95h, 96h, 97h
seg000:A160                 db 0, 66h, 0, 98h, 99h
seg000:A165                 db 0, 9Ah, 0, 9Bh, 9Ch
seg000:A16A                 db 0, 0, 9Dh, 9Eh, 9Fh
seg000:A16F                 db 0, 0A2h, 0A3h, 0, 0A4h
seg000:A174                 db 0, 0, 0, 0A5h, 0A6h
seg000:A179                 db 0, 0C5h, 0CCh, 0C6h, 15h
seg000:A17E                 db 0, 0Ah, 0A9h, 0AAh, 0Dh
seg000:A183                 db 0, 0Ah, 0ACh, 0ADh, 0AEh
seg000:A188                 db 0, 0Eh, 0Fh, 0AFh, 11h
seg000:A18D                 db 0, 0, 56h, 0, 0
seg000:A192 byte_A192       db 0, 59h, 0B1h, 0, 0B2h
seg000:A197                 db 0, 0Eh, 5Dh, 0B3h, 5Fh
seg000:A19C                 db 0, 0B5h, 0B6h, 0, 67h
seg000:A1A1                 db 0, 0B7h, 0B8h, 6Ah, 6Bh
seg000:A1A6                 db 0, 0, 0, 75h, 76h
seg000:A1AB                 db 0, 0, 0BAh, 7Bh, 7Ch
seg000:A1B0                 db 0, 0BCh, 0BDh, 86h, 87h
seg000:A1B5                 db 0, 0CEh, 0CFh, 8Ch, 0
seg000:A1BA                 db 0, 90h, 0BFh, 0, 0C0h
seg000:A1BF                 db 0, 0, 9Dh, 0, 0C2h
seg000:A1C4                 db 0, 0Ah, 0ACh, 0ADh, 0AEh
seg000:A1C9                 db 0, 0Eh, 5Dh, 0C4h, 5Fh
seg000:A1CE                 db 0, 0Eh, 0Fh, 0C4h, 11h
seg000:A1D3                 db 0, 0Eh, 6Ch, 0C4h, 5Fh
seg000:A1D8                 db 0, 0Eh, 0Fh, 0C4h, 0C7h
seg000:A1DD                 db 0, 17h, 18h, 0C8h, 0C9h
seg000:A1E2 byte_A1E2       db 0, 0CAh, 0CBh, 1Dh, 1Eh
seg000:A1E7                 db 0, 0Eh, 5Dh, 0C4h, 0CDh
seg000:A1EC                 db 0, 43h, 44h, 0C8h, 0C9h
seg000:A1F1                 db 0, 0Eh, 6Ch, 0C4h, 0CDh
seg000:A1F6                 db 0, 71h, 44h, 0C8h, 0C9h
seg000:A1FB                 db 0, 7Fh, 18h, 0C8h, 0C9h
seg000:A200                 db 0, 0, 0, 8, 0A8h
seg000:A205 byte_A205       db 0, 12h, 13h, 14h, 15h
seg000:A20A                 db 0, 60h, 61h, 62h, 15h
seg000:A20F                 db 0, 6Eh, 6Fh, 70h, 15h
seg000:A214                 db 0, 7Dh, 6Fh, 7Eh, 15h
seg000:A219                 db 0, 88h, 6Fh, 89h, 15h
seg000:A21E                 db 0, 94h, 6Fh, 89h, 15h
seg000:A223                 db 0, 0A0h, 6Fh, 0A1h, 15h
seg000:A228                 db 0, 0ABh, 6Fh, 14h, 15h
seg000:A22D                 db 0, 0B0h, 13h, 14h, 15h
seg000:A232                 db 0, 0B4h, 61h, 62h, 15h
seg000:A237                 db 0, 0B9h, 6Fh, 70h, 15h
seg000:A23C                 db 0, 0BBh, 6Fh, 7Eh, 15h
seg000:A241                 db 0, 0BEh, 6Fh, 89h, 15h
seg000:A246                 db 0, 0C1h, 6Fh, 89h, 15h
seg000:A24B                 db 0, 0C3h, 6Fh, 89h, 15h
seg000:A250                 db 0, 0C5h, 6Fh, 14h, 15h
seg000:A255 byte_A255       db 0, 0C5h, 13h, 0C6h, 15h
seg000:A25A                 db 0, 0, 0, 0A7h, 0A8h
seg000:A25F byte_A25F       db 2, 0, 0D0h, 0, 0D1h
seg000:A264                 db 2, 0D2h, 0D3h, 0D4h, 0D5h
seg000:A269                 db 2, 0, 0, 0D6h, 0D7h
seg000:A26E                 db 2, 0D8h, 0D9h, 0DAh, 0DBh
seg000:A273                 db 2, 0DCh, 0DDh, 0DEh, 0DFh
seg000:A278                 db 2, 0E0h, 0E1h, 0E2h, 0E3h
seg000:A27D
seg000:A27D ; =============== S U B R O U T I N E =======================================
seg000:A27D
seg000:A27D
seg000:A27D Pulpo_AI_proc   proc near
seg000:A27D
seg000:A27D ; FUNCTION CHUNK AT seg000:A530 SIZE 0000004D BYTES
seg000:A27D
seg000:A27D                 mov     si, ds:0C010h   ; monsters_table_addr
seg000:A281                 mov     byte_AA9A, 0
seg000:A286                 mov     byte_AA9B, 0
seg000:A28B
seg000:A28B loc_A28B:
seg000:A28B                 cmp     word ptr [si], 0FFFFh
seg000:A28E                 jz      short loc_A2D6
seg000:A290                 mov     ax, [si]
seg000:A292                 call    word ptr cs:6036h ; is_in_proximity_window_proc
seg000:A297                 jb      short loc_A2CD
seg000:A299                 mov     [si+3], bl
seg000:A29C                 mov     ax, [si+2]
seg000:A29F                 call    word ptr cs:6028h ; coords_in_ax_to_proximity_map_offset_in_di_proc
seg000:A2A4                 mov     bl, byte_AA9A
seg000:A2A8                 xor     bh, bh
seg000:A2AA                 mov     al, [bx+0ED20h] ; proximity_second_layer
seg000:A2AE                 mov     [di], al
seg000:A2B0                 test    byte ptr [si+5], 40h
seg000:A2B4                 jz      short loc_A2CD
seg000:A2B6                 test    byte_AA9B, 80h
seg000:A2BB                 jnz     short loc_A2CD
seg000:A2BD                 mov     al, [si+5]
seg000:A2C0                 and     al, 1Fh
seg000:A2C2                 cmp     byte ptr [si+4], 0Eh
seg000:A2C6                 jb      short loc_A2CA
seg000:A2C8                 or      al, 80h
seg000:A2CA
seg000:A2CA loc_A2CA:
seg000:A2CA                 mov     byte_AA9B, al
seg000:A2CD
seg000:A2CD loc_A2CD:
seg000:A2CD                 inc     byte_AA9A
seg000:A2D1                 add     si, 10h
seg000:A2D4                 jmp     short loc_A28B
seg000:A2D6 ; ---------------------------------------------------------------------------
seg000:A2D6
seg000:A2D6 loc_A2D6:                               ;
seg000:A2D6                 mov     si, ds:0C010h   ; monsters_table_addr
seg000:A2DA                 mov     word ptr [si], 0FFFFh
seg000:A2DE                 mov     al, byte_AA9B
seg000:A2E1                 or      al, al
seg000:A2E3                 jz      short loc_A32A
seg000:A2E5                 push    ax
seg000:A2E6                 and     al, 1Fh
seg000:A2E8                 call    word ptr cs:6038h ; Get_Stats_proc
seg000:A2ED                 mov     bl, ah
seg000:A2EF                 xor     bh, bh
seg000:A2F1                 add     bx, bx
seg000:A2F3                 pop     ax
seg000:A2F4                 or      al, al
seg000:A2F6                 jns     short loc_A301
seg000:A2F8                 mov     byte ptr ds:0FF75h, 24h ; '$' ; soundFX_request
seg000:A2FD                 add     bx, bx
seg000:A2FF                 jmp     short loc_A306
seg000:A301 ; ---------------------------------------------------------------------------
seg000:A301
seg000:A301 loc_A301:                               ;
seg000:A301                 mov     byte ptr ds:0FF75h, 25h ; '%' ; soundFX_request
seg000:A306
seg000:A306 loc_A306:
seg000:A306                 call    sub_A503
seg000:A309                 test    byte_AA98, 10h
seg000:A30E                 jnz     short loc_A32A
seg000:A310                 mov     bx, offset byte_AA97
seg000:A313                 cmp     byte ptr [bx], 10h
seg000:A316                 jz      short loc_A32A
seg000:A318                 add     byte ptr [bx], 8
seg000:A31B                 mov     byte_AA98, 10h
seg000:A320                 or      byte_AA99, 20h
seg000:A325                 mov     byte ptr ds:0FF75h, 26h ; '&' ; soundFX_request
seg000:A32A
seg000:A32A loc_A32A:
seg000:A32A                 test    byte ptr ds:0FF2Eh, 0FFh
seg000:A32F                 jz      short loc_A334
seg000:A331                 jmp     loc_A530
seg000:A334 ; ---------------------------------------------------------------------------
seg000:A334
seg000:A334 loc_A334:
seg000:A334                 inc     byte_AA96
seg000:A338                 and     byte_AA96, 7
seg000:A33D                 mov     dl, byte_AA97
seg000:A341                 mov     bx, offset byte_AA98
seg000:A344                 test    byte ptr [bx], 10h
seg000:A347                 jz      short loc_A36F
seg000:A349                 xor     byte ptr [bx], 20h
seg000:A34C                 test    byte ptr [bx], 20h
seg000:A34F                 jnz     short loc_A354
seg000:A351                 sub     dl, 8
seg000:A354
seg000:A354 loc_A354:
seg000:A354                 mov     al, [bx]
seg000:A356                 mov     ah, al
seg000:A358                 and     al, 0F0h
seg000:A35A                 inc     ah
seg000:A35C                 and     ah, 0Fh
seg000:A35F                 or      al, ah
seg000:A361                 mov     [bx], al
seg000:A363                 or      ah, ah
seg000:A365                 jnz     short loc_A36F
seg000:A367                 and     byte ptr [bx], 0EFh
seg000:A36A                 and     byte_AA99, 0DFh
seg000:A36F
seg000:A36F loc_A36F:
seg000:A36F                 cmp     dl, 10h
seg000:A372                 jnz     short loc_A3E3
seg000:A374                 mov     bx, offset byte_AA99
seg000:A377                 test    byte ptr [bx], 40h
seg000:A37A                 jz      short loc_A3AC
seg000:A37C                 mov     al, 20h ; ' '
seg000:A37E                 xor     al, [bx]
seg000:A380                 mov     ah, al
seg000:A382                 inc     al
seg000:A384                 and     al, 3
seg000:A386                 and     ah, 0E0h
seg000:A389                 or      ah, al
seg000:A38B                 mov     [bx], ah
seg000:A38D                 or      al, al
seg000:A38F                 jnz     short loc_A3BB
seg000:A391                 mov     byte ptr [bx], 0A0h
seg000:A394                 mov     ax, boss_state_block
seg000:A397                 add     ax, 4
seg000:A39A                 mov     word_AA9F, ax
seg000:A39D                 mov     al, boss_y
seg000:A3A0                 add     al, 4
seg000:A3A2                 and     al, 3Fh
seg000:A3A4                 mov     byte_AAA1, al
seg000:A3A7                 mov     byte ptr ds:0FF75h, 27h ; ''' ; soundFX_request
seg000:A3AC
seg000:A3AC loc_A3AC:
seg000:A3AC                 test    byte ptr [bx], 0A0h
seg000:A3AF                 jnz     short loc_A3BB
seg000:A3B1                 test    byte_AA98, 10h
seg000:A3B6                 jnz     short loc_A3BB
seg000:A3B8                 or      byte ptr [bx], 40h
seg000:A3BB
seg000:A3BB loc_A3BB:
seg000:A3BB                 test    byte ptr [bx], 20h
seg000:A3BE                 jnz     short loc_A3C3
seg000:A3C0                 add     dl, 8
seg000:A3C3
seg000:A3C3 loc_A3C3:
seg000:A3C3                 test    byte ptr [bx], 80h
seg000:A3C6                 jz      short loc_A3E3
seg000:A3C8                 mov     al, [bx]
seg000:A3CA                 mov     ah, al
seg000:A3CC                 inc     ah
seg000:A3CE                 and     ah, 1Fh
seg000:A3D1                 and     al, 0E0h
seg000:A3D3                 or      al, ah
seg000:A3D5                 mov     [bx], al
seg000:A3D7                 dec     word_AA9F
seg000:A3DB                 cmp     ah, 19h
seg000:A3DE                 jnz     short loc_A3E3
seg000:A3E0                 mov     byte ptr [bx], 0
seg000:A3E3
seg000:A3E3 loc_A3E3:
seg000:A3E3                 mov     byte_AA9A, 0
seg000:A3E8                 mov     bl, byte_AA96
seg000:A3EC                 xor     bh, bh
seg000:A3EE                 add     bl, dl
seg000:A3F0                 add     bl, bl
seg000:A3F2                 mov     di, off_A57D[bx]
seg000:A3F6                 mov     bx, off_A9AF[bx]
seg000:A3FA                 mov     ax, boss_state_block
seg000:A3FD                 mov     si, ds:0C010h   ; monsters_table_addr
seg000:A401                 mov     cx, 7
seg000:A404
seg000:A404 loc_A404:
seg000:A404                 push    cx
seg000:A405                 push    bx
seg000:A406                 push    ax
seg000:A407                 call    word ptr cs:6036h ; is_in_proximity_window_proc
seg000:A40C                 mov     byte_AA9C, bl
seg000:A410                 pop     ax
seg000:A411                 pop     bx
seg000:A412                 jnb     short loc_A421
seg000:A414                 mov     cx, 8
seg000:A417
seg000:A417 loc_A417:
seg000:A417                 rol     byte ptr [bx], 1
seg000:A419                 jnb     short loc_A41D
seg000:A41B                 inc     di
seg000:A41C                 inc     di
seg000:A41D
seg000:A41D loc_A41D:
seg000:A41D                 loop    loc_A417
seg000:A41F                 jmp     short loc_A486
seg000:A421 ; ---------------------------------------------------------------------------
seg000:A421
seg000:A421 loc_A421:
seg000:A421                 xor     cx, cx
seg000:A423
seg000:A423 loc_A423:
seg000:A423                 push    cx
seg000:A424                 push    bx
seg000:A425                 rol     byte ptr [bx], 1
seg000:A427                 jnb     short loc_A47E
seg000:A429                 mov     [si], ax
seg000:A42B                 add     cl, cl
seg000:A42D                 add     cl, boss_y
seg000:A431                 and     cl, 3Fh
seg000:A434                 mov     [si+2], cl
seg000:A437                 mov     cl, byte_AA9C
seg000:A43B                 mov     [si+3], cl
seg000:A43E                 mov     cl, [di]
seg000:A440                 mov     [si+4], cl
seg000:A443                 mov     cl, [di+1]
seg000:A446                 mov     [si+6], cl
seg000:A449                 mov     byte ptr [si+5], 0
seg000:A44D                 test    byte_AA9B, 0FFh
seg000:A452                 jz      short loc_A458
seg000:A454                 or      byte ptr [si+5], 20h
seg000:A458
seg000:A458 loc_A458:
seg000:A458                 push    di
seg000:A459                 push    ax
seg000:A45A                 mov     ax, [si+2]
seg000:A45D                 call    word ptr cs:6028h ; coords_in_ax_to_proximity_map_offset_in_di_proc
seg000:A462                 mov     bl, byte_AA9A
seg000:A466                 xor     bh, bh
seg000:A468                 mov     al, bl
seg000:A46A                 or      al, 80h
seg000:A46C                 xchg    al, [di]
seg000:A46E                 mov     [bx+0ED20h], al ; proximity_second_layer
seg000:A472                 pop     ax
seg000:A473                 pop     di
seg000:A474                 add     si, 10h
seg000:A477                 add     di, 2
seg000:A47A                 inc     byte_AA9A
seg000:A47E
seg000:A47E loc_A47E:
seg000:A47E                 pop     bx
seg000:A47F                 pop     cx
seg000:A480                 inc     cx
seg000:A481                 cmp     cx, 8
seg000:A484                 jnz     short loc_A423
seg000:A486
seg000:A486 loc_A486:
seg000:A486                 inc     bx
seg000:A487                 add     ax, 2
seg000:A48A                 pop     cx
seg000:A48B                 loop    loc_A48F
seg000:A48D                 jmp     short loc_A492
seg000:A48F ; ---------------------------------------------------------------------------
seg000:A48F
seg000:A48F loc_A48F:
seg000:A48F                 jmp     loc_A404
seg000:A492 ; ---------------------------------------------------------------------------
seg000:A492
seg000:A492 loc_A492:
seg000:A492                 mov     al, byte_AA99
seg000:A495                 test    al, 80h
seg000:A497                 jz      short loc_A4FE
seg000:A499                 and     al, 1Fh
seg000:A49B                 dec     al
seg000:A49D                 add     al, al
seg000:A49F                 add     al, al
seg000:A4A1                 xor     ah, ah
seg000:A4A3                 add     ax, offset byte_AA20
seg000:A4A6                 mov     di, ax
seg000:A4A8                 mov     ax, word_AA9F
seg000:A4AB                 mov     cx, 4
seg000:A4AE
seg000:A4AE loc_A4AE:
seg000:A4AE                 push    cx
seg000:A4AF                 push    ax
seg000:A4B0                 call    word ptr cs:6036h ; is_in_proximity_window_proc
seg000:A4B5                 pop     ax
seg000:A4B6                 jb      short loc_A4F9
seg000:A4B8                 mov     dl, [di]
seg000:A4BA                 or      dl, dl
seg000:A4BC                 jz      short loc_A4F9
seg000:A4BE                 push    di
seg000:A4BF                 push    ax
seg000:A4C0                 mov     [si], ax
seg000:A4C2                 mov     al, byte_AAA1
seg000:A4C5                 mov     [si+2], al
seg000:A4C8                 mov     [si+3], bl
seg000:A4CB                 mov     byte ptr [si+4], 30h ; '0'
seg000:A4CF                 dec     dl
seg000:A4D1                 mov     [si+6], dl
seg000:A4D4                 mov     byte ptr [si+5], 0
seg000:A4D8                 mov     ax, [si+2]
seg000:A4DB                 call    word ptr cs:6028h ; coords_in_ax_to_proximity_map_offset_in_di_proc
seg000:A4E0                 mov     bl, byte_AA9A
seg000:A4E4                 xor     bh, bh
seg000:A4E6                 mov     al, bl
seg000:A4E8                 or      al, 80h
seg000:A4EA                 xchg    al, [di]
seg000:A4EC                 mov     [bx+0ED20h], al ; proximity_second_layer
seg000:A4F0                 add     si, 10h
seg000:A4F3                 inc     byte_AA9A
seg000:A4F7                 pop     ax
seg000:A4F8                 pop     di
seg000:A4F9
seg000:A4F9 loc_A4F9:
seg000:A4F9                 inc     di
seg000:A4FA                 inc     ax
seg000:A4FB                 pop     cx
seg000:A4FC                 loop    loc_A4AE
seg000:A4FE
seg000:A4FE loc_A4FE:
seg000:A4FE                 mov     word ptr [si], 0FFFFh
seg000:A502                 retn
seg000:A502 Pulpo_AI_proc   endp
seg000:A502
seg000:A503
seg000:A503 ; =============== S U B R O U T I N E =======================================
seg000:A503
seg000:A503
seg000:A503 sub_A503        proc near
seg000:A503                 mov     ax, boss_hp
seg000:A506                 sub     ax, bx
seg000:A508                 jnb     short loc_A50C
seg000:A50A                 xor     ax, ax
seg000:A50C
seg000:A50C loc_A50C:
seg000:A50C                 mov     boss_hp, ax
seg000:A50F                 mov     bx, ax
seg000:A511                 push    ax
seg000:A512                 call    word ptr cs:200Ch ; Draw_Boss_Health_proc
seg000:A517                 pop     ax
seg000:A518                 or      ax, ax
seg000:A51A                 jz      short loc_A51D
seg000:A51C                 retn
seg000:A51D ; ---------------------------------------------------------------------------
seg000:A51D
seg000:A51D loc_A51D:                               ;
seg000:A51D                 test    byte ptr ds:0FF2Eh, 0FFh ; boss_being_hit
seg000:A522                 jz      short loc_A525
seg000:A524                 retn
seg000:A525 ; ---------------------------------------------------------------------------
seg000:A525
seg000:A525 loc_A525:
seg000:A525                 mov     byte_AA9E, 0
seg000:A52A                 mov     byte ptr ds:0FF2Eh, 0FFh ; boss_being_hit
seg000:A52F                 retn
seg000:A52F sub_A503        endp
seg000:A52F
seg000:A530 ; ---------------------------------------------------------------------------
seg000:A530 ; START OF FUNCTION CHUNK FOR Pulpo_AI_proc
seg000:A530
seg000:A530 loc_A530:
seg000:A530                 mov     byte_AA99, 0
seg000:A535                 cmp     byte_AA9E, 28h ; '('
seg000:A53A                 jnb     short loc_A577
seg000:A53C                 mov     byte ptr ds:0FF2Fh, 0FFh ; sprite_flash_flag
seg000:A541                 mov     bx, offset byte_AA9E
seg000:A544                 cmp     byte ptr [bx], 14h
seg000:A547                 jnb     short loc_A56B
seg000:A549                 inc     byte ptr [bx]
seg000:A54B                 mov     al, [bx]
seg000:A54D                 mov     bx, offset byte_AA96
seg000:A550                 inc     byte ptr [bx]
seg000:A552                 and     byte ptr [bx], 7
seg000:A555                 and     al, 1
seg000:A557                 add     al, al
seg000:A559                 add     al, al
seg000:A55B                 add     al, al
seg000:A55D                 add     al, byte_AA97
seg000:A561                 mov     dl, al
seg000:A563                 mov     byte ptr ds:0FF75h, 28h ; '(' ; soundFX_request
seg000:A568                 jmp     loc_A3E3
seg000:A56B ; ---------------------------------------------------------------------------
seg000:A56B
seg000:A56B loc_A56B:
seg000:A56B                 inc     byte ptr [bx]
seg000:A56D                 mov     dl, byte_AA97
seg000:A571                 add     dl, 8
seg000:A574                 jmp     loc_A3E3
seg000:A577 ; ---------------------------------------------------------------------------
seg000:A577
seg000:A577 loc_A577:                               ;
seg000:A577                 mov     byte ptr ds:0FF30h, 0FFh ; boss_is_dead
seg000:A57C                 retn
seg000:A57C ; END OF FUNCTION CHUNK FOR Pulpo_AI_proc
seg000:A57C ; ---------------------------------------------------------------------------
seg000:A57D off_A57D        dw offset byte_A5BD
seg000:A57F                 dw offset byte_A5E3
seg000:A581                 dw offset byte_A607
seg000:A583                 dw offset byte_A629
seg000:A585                 dw offset byte_A64D
seg000:A587                 dw offset byte_A671
seg000:A589                 dw offset byte_A695
seg000:A58B                 dw offset byte_A6B9
seg000:A58D                 dw offset byte_A6DD
seg000:A58F                 dw offset byte_A701
seg000:A591                 dw offset byte_A725
seg000:A593                 dw offset byte_A747
seg000:A595                 dw offset byte_A767
seg000:A597                 dw offset byte_A787
seg000:A599                 dw offset byte_A7AB
seg000:A59B                 dw offset byte_A7CD
seg000:A59D                 dw offset byte_A7EF
seg000:A59F                 dw offset byte_A80B
seg000:A5A1                 dw offset byte_A827
seg000:A5A3                 dw offset byte_A843
seg000:A5A5                 dw offset byte_A85F
seg000:A5A7                 dw offset byte_A87B
seg000:A5A9                 dw offset byte_A897
seg000:A5AB                 dw offset byte_A8B3
seg000:A5AD                 dw offset byte_A8CF
seg000:A5AF                 dw offset byte_A8EB
seg000:A5B1                 dw offset byte_A907
seg000:A5B3                 dw offset byte_A923
seg000:A5B5                 dw offset byte_A93F
seg000:A5B7                 dw offset byte_A95B
seg000:A5B9                 dw offset byte_A977
seg000:A5BB                 dw offset byte_A993
seg000:A5BD byte_A5BD       db 0, 0, 0, 1, 0, 2, 0, 3, 0, 4, 0, 5, 0Fh, 0, 0, 6, 0
seg000:A5CE                 db 7, 0, 8, 0, 0Ah, 0, 0Bh, 0, 0Ch, 0, 0Dh, 0, 0Eh, 0
seg000:A5DC                 db 0Fh, 1, 0, 1, 1, 1, 2
seg000:A5E3 byte_A5E3       db 1, 0Eh, 1, 0Fh, 2, 0, 2, 1, 2, 2, 0Fh, 1, 0, 6, 1, 5
seg000:A5F3                 db 0, 8, 1, 6, 1, 7, 0, 0Ch, 1, 8, 1, 9, 0, 0Fh, 1, 3
seg000:A603                 db 1, 1, 1, 2
seg000:A607 byte_A607       db 2, 3, 2, 4, 2, 5, 2, 6, 0Fh, 2, 0, 9, 2, 7, 0, 8, 1
seg000:A618                 db 6, 1, 7, 0, 0Ch, 0, 0Dh, 0, 0Eh, 0, 0Fh, 1, 3, 1, 4
seg000:A627                 db 1, 2
seg000:A629 byte_A629       db 2, 8, 2, 9, 2, 0Ah, 2, 0Bh, 2, 6, 0Fh, 3, 0, 9, 2, 0Ch
seg000:A639                 db 0, 8, 0, 0Ah, 0, 0Bh, 0, 0Ch, 1, 8, 1, 9, 0, 0Fh, 1
seg000:A648                 db 0, 1, 4, 1, 2
seg000:A64D byte_A64D       db 2, 0Dh, 2, 0Eh, 2, 0Fh, 3, 0, 2, 6, 0Fh, 4, 0, 6, 2
seg000:A65C                 db 0Ch, 0, 8, 1, 0Ch, 1, 0Dh, 0, 0Ch, 1, 0Ah, 1, 0Bh, 0
seg000:A66A                 db 0Fh, 1, 0, 1, 1, 1, 2
seg000:A671 byte_A671       db 3, 1, 3, 2, 3, 3, 3, 4, 2, 6, 0Fh, 5, 0, 6, 2, 7, 0
seg000:A682                 db 8, 1, 6, 1, 7, 0, 0Ch, 1, 8, 1, 9, 0, 0Fh, 1, 3, 1
seg000:A692                 db 1, 1, 2
seg000:A695 byte_A695       db 3, 5, 3, 6, 3, 7, 3, 8, 2, 6, 0Fh, 6, 0, 9, 2, 7, 0
seg000:A6A6                 db 8, 1, 6, 1, 7, 0, 0Ch, 0, 0Dh, 0, 0Eh, 0, 0Fh, 1, 3
seg000:A6B5                 db 1, 4, 1, 2
seg000:A6B9 byte_A6B9       db 3, 9, 3, 0Ah, 0Eh, 1, 3, 0Ch, 2, 2, 0Fh, 7, 0, 9, 0
seg000:A6C8                 db 7, 0, 8, 0, 0Ah, 0, 0Bh, 0, 0Ch, 1, 8, 1, 9, 0, 0Fh
seg000:A6D7                 db 1, 0, 1, 4, 1, 2
seg000:A6DD byte_A6DD       db 0, 0, 0, 1, 5, 6, 3, 0Dh, 3, 0Eh, 0Fh, 8, 0, 6, 0, 7
seg000:A6ED                 db 0, 8, 0, 0Ah, 0, 0Bh, 0, 0Ch, 0, 0Dh, 0, 0Eh, 0, 0Fh
seg000:A6FB                 db 1, 0, 1, 1, 1, 2
seg000:A701 byte_A701       db 1, 0Eh, 3, 0Fh, 2, 0, 4, 0, 4, 1, 0Fh, 9, 0, 6, 1, 5
seg000:A711                 db 0, 8, 1, 6, 1, 7, 0, 0Ch, 1, 8, 1, 9, 0, 0Fh, 1, 3
seg000:A721                 db 1, 1, 1, 2
seg000:A725 byte_A725       db 2, 3, 4, 2, 4, 3, 2, 6, 0Fh, 0Ah, 0, 9, 2, 7, 0, 8
seg000:A735                 db 1, 6, 1, 7, 0, 0Ch, 0, 0Dh, 0, 0Eh, 0, 0Fh, 1, 3, 1
seg000:A744                 db 4, 1, 2
seg000:A747 byte_A747       db 4, 4, 4, 5, 2, 6, 0Fh, 0Bh, 0, 9, 2, 0Ch, 0, 8, 0, 0Ah
seg000:A757                 db 0, 0Bh, 0, 0Ch, 1, 8, 1, 9, 0, 0Fh, 1, 0, 1, 4, 1, 2
seg000:A767 byte_A767       db 2, 0Eh, 4, 6, 2, 6, 0Fh, 0Ch, 0, 6, 2, 0Ch, 0, 8, 1
seg000:A776                 db 0Ch, 1, 0Dh, 0, 0Ch, 1, 0Ah, 1, 0Bh, 0, 0Fh, 1, 0, 1
seg000:A784                 db 1, 1, 2
seg000:A787 byte_A787       db 3, 1, 4, 7, 3, 3, 4, 8, 2, 6, 0Fh, 0Dh, 0, 6, 2, 7
seg000:A797                 db 0, 8, 1, 6, 1, 7, 0, 0Ch, 1, 8, 1, 9, 0, 0Fh, 1, 3
seg000:A7A7                 db 1, 1, 1, 2
seg000:A7AB byte_A7AB       db 3, 5, 3, 7, 4, 9, 2, 6, 0Fh, 0Eh, 0, 9, 2, 7, 0, 8
seg000:A7BB                 db 1, 6, 1, 7, 0, 0Ch, 0, 0Dh, 0, 0Eh, 0, 0Fh, 1, 3, 1
seg000:A7CA                 db 4, 1, 2
seg000:A7CD byte_A7CD       db 3, 9, 0Eh, 1, 4, 0Ah, 4, 0Bh, 0Fh, 0Fh, 0, 9, 0, 7
seg000:A7DB                 db 0, 8, 0, 0Ah, 0, 0Bh, 0, 0Ch, 1, 8, 1, 9, 0, 0Fh, 1
seg000:A7EA                 db 0, 1, 4, 1, 2
seg000:A7EF byte_A7EF       db 4, 0Ch, 0Eh, 0, 0, 6, 0, 7, 0, 8, 0, 0Ah, 0, 0Bh, 0
seg000:A7FE                 db 0Ch, 0, 0Dh, 0, 0Eh, 0, 0Fh, 1, 0, 1, 1, 1, 2
seg000:A80B byte_A80B       db 4, 0Bh, 0Eh, 0, 0, 6, 1, 5, 0, 8, 1, 6, 1, 7, 0, 0Ch
seg000:A81B                 db 1, 8, 1, 9, 0, 0Fh, 1, 3, 1, 1, 1, 2
seg000:A827 byte_A827       db 4, 0Dh, 0Eh, 0, 0, 9, 2, 7, 0, 8, 1, 6, 1, 7, 0, 0Ch
seg000:A837                 db 0, 0Dh, 0, 0Eh, 0, 0Fh, 1, 3, 1, 4, 1, 2
seg000:A843 byte_A843       db 4, 0Dh, 0Eh, 0, 0, 9, 2, 0Ch, 0, 8, 0, 0Ah, 0, 0Bh
seg000:A851                 db 0, 0Ch, 1, 8, 1, 9, 0, 0Fh, 1, 0, 1, 4, 1, 2
seg000:A85F byte_A85F       db 4, 0Dh, 0Eh, 0, 0, 6, 2, 0Ch, 0, 8, 1, 0Ch, 1, 0Dh
seg000:A86D                 db 0, 0Ch, 1, 0Ah, 1, 0Bh, 0, 0Fh, 1, 0, 1, 1, 1, 2
seg000:A87B byte_A87B       db 4, 0Dh, 0Eh, 0, 0, 6, 2, 7, 0, 8, 1, 6, 1, 7, 0, 0Ch
seg000:A88B                 db 1, 8, 1, 9, 0, 0Fh, 1, 3, 1, 1, 1, 2
seg000:A897 byte_A897       db 4, 0Dh, 0Eh, 0, 0, 9, 2, 7, 0, 8, 1, 6, 1, 7, 0, 0Ch
seg000:A8A7                 db 0, 0Dh, 0, 0Eh, 0, 0Fh, 1, 3, 1, 4, 1, 2
seg000:A8B3 byte_A8B3       db 4, 0Bh, 0Eh, 0, 0, 9, 0, 7, 0, 8, 0, 0Ah, 0, 0Bh, 0
seg000:A8C2                 db 0Ch, 1, 8, 1, 9, 0, 0Fh, 1, 0, 1, 4, 1, 2
seg000:A8CF byte_A8CF       db 4, 0Eh, 3, 0Bh, 0, 6, 4, 0Fh, 5, 0, 0, 0Ah, 0, 0Bh
seg000:A8DD                 db 0, 0Ch, 0, 0Dh, 0, 0Eh, 0, 0Fh, 1, 0, 1, 1, 1, 2
seg000:A8EB byte_A8EB       db 5, 1, 3, 0Bh, 0, 6, 5, 2, 5, 0, 1, 6, 1, 7, 0, 0Ch
seg000:A8FB                 db 1, 8, 1, 9, 0, 0Fh, 1, 3, 1, 1, 1, 2
seg000:A907 byte_A907       db 5, 3, 3, 0Bh, 0, 9, 5, 4, 5, 0, 1, 6, 1, 7, 0, 0Ch
seg000:A917                 db 0, 0Dh, 0, 0Eh, 0, 0Fh, 1, 3, 1, 4, 1, 2
seg000:A923 byte_A923       db 5, 3, 3, 0Bh, 0, 9, 5, 5, 5, 0, 0, 0Ah, 0, 0Bh, 0, 0Ch
seg000:A933                 db 1, 8, 1, 9, 0, 0Fh, 1, 0, 1, 4, 1, 2
seg000:A93F byte_A93F       db 5, 3, 3, 0Bh, 0, 6, 5, 5, 5, 0, 1, 0Ch, 1, 0Dh, 0, 0Ch
seg000:A94F                 db 1, 0Ah, 1, 0Bh, 0, 0Fh, 1, 0, 1, 1, 1, 2
seg000:A95B byte_A95B       db 5, 3, 3, 0Bh, 0, 6, 5, 4, 5, 0, 1, 6, 1, 7, 0, 0Ch
seg000:A96B                 db 1, 8, 1, 9, 0, 0Fh, 1, 3, 1, 1, 1, 2
seg000:A977 byte_A977       db 5, 3, 3, 0Bh, 0, 9, 5, 4, 5, 0, 1, 6, 1, 7, 0, 0Ch
seg000:A987                 db 0, 0Dh, 0, 0Eh, 0, 0Fh, 1, 3, 1, 4, 1, 2
seg000:A993 byte_A993       db 5, 1, 3, 0Bh, 0, 9, 4, 0Fh, 5, 0, 0, 0Ah, 0, 0Bh, 0
seg000:A9A2                 db 0Ch, 1, 8, 1, 9, 0, 0Fh, 1, 0, 1, 4, 1, 2
seg000:A9AF off_A9AF        dw offset byte_A9EF
seg000:A9B1                 dw offset byte_A9F6
seg000:A9B3                 dw offset byte_A9FD
seg000:A9B5                 dw offset byte_A9F6
seg000:A9B7                 dw offset byte_A9F6
seg000:A9B9                 dw offset byte_A9F6
seg000:A9BB                 dw offset byte_A9F6
seg000:A9BD                 dw offset byte_A9F6
seg000:A9BF                 dw offset byte_AA04
seg000:A9C1                 dw offset byte_A9F6
seg000:A9C3                 dw offset byte_A9FD
seg000:A9C5                 dw offset byte_AA0B
seg000:A9C7                 dw offset byte_AA0B
seg000:A9C9                 dw offset byte_A9F6
seg000:A9CB                 dw offset byte_AA12
seg000:A9CD                 dw offset byte_AA12
seg000:A9CF                 dw offset byte_AA19
seg000:A9D1                 dw offset byte_AA19
seg000:A9D3                 dw offset byte_AA19
seg000:A9D5                 dw offset byte_AA19
seg000:A9D7                 dw offset byte_AA19
seg000:A9D9                 dw offset byte_AA19
seg000:A9DB                 dw offset byte_AA19
seg000:A9DD                 dw offset byte_AA19
seg000:A9DF                 dw offset byte_AA19
seg000:A9E1                 dw offset byte_AA19
seg000:A9E3                 dw offset byte_AA19
seg000:A9E5                 dw offset byte_AA19
seg000:A9E7                 dw offset byte_AA19
seg000:A9E9                 dw offset byte_AA19
seg000:A9EB                 dw offset byte_AA19
seg000:A9ED                 dw offset byte_AA19
seg000:A9EF byte_A9EF       db 0E0h, 60h, 60h, 0E0h, 0E0h, 0E0h, 0E0h
seg000:A9F6 byte_A9F6       db 60h, 60h, 60h, 0E0h, 0E0h, 0E0h, 0E0h
seg000:A9FD byte_A9FD       db 60h, 20h, 60h, 0E0h, 0E0h, 0E0h, 0E0h
seg000:AA04 byte_AA04       db 0C0h, 60h, 60h, 0E0h, 0E0h, 0E0h, 0E0h
seg000:AA0B byte_AA0B       db 20h, 20h, 60h, 0E0h, 0E0h, 0E0h, 0E0h
seg000:AA12 byte_AA12       db 40h, 60h, 60h, 0E0h, 0E0h, 0E0h, 0E0h
seg000:AA19 byte_AA19       db 0, 0, 60h, 0E0h, 0E0h, 0E0h, 0E0h
seg000:AA20 byte_AA20       db 0, 0, 0, 0, 1, 0, 0, 0, 2, 0, 0, 0, 2, 0, 3, 0, 2, 0
seg000:AA32                 db 3, 0, 2, 0, 3, 0, 2, 0, 3, 0, 2, 0, 3, 0, 2, 0, 3, 0
seg000:AA44                 db 2, 0, 3, 0, 2, 0, 3, 0, 2, 0, 3, 0, 2, 0, 3, 0, 2, 0
seg000:AA56                 db 3, 0, 2, 0, 3, 0, 2, 0, 3, 0, 2, 0, 3, 0, 2, 0, 3, 0
seg000:AA68                 db 2, 0, 3, 0, 2, 0, 3, 0, 4, 0, 3, 0, 0, 4, 3, 0, 0, 0
seg000:AA7A                 db 5, 0, 0, 0, 0, 6
seg000:AA80 boss_state_block dw 36                  ; boss_x
seg000:AA82 boss_y          db 16
seg000:AA83 boss_hp         dw 250
seg000:AA85 xp_reward       dw 200
seg000:AA87 arena_center_x  db 7
seg000:AA88 boss_placement  db 0FFh
seg000:AA89 name_block_ptr  dw offset name_screen_x
seg000:AA8B almas_reward    dw 200
seg000:AA8D name_screen_x   db  12h
seg000:AA8E name_screen_y   db 0BBh
seg000:AA8F                 db    0
seg000:AA90 boss_name_pstring db 5,'Pulpo'
seg000:AA96 byte_AA96       db 0
seg000:AA97 byte_AA97       db 0
seg000:AA98 byte_AA98       db 0
seg000:AA99 byte_AA99       db 0
seg000:AA9A byte_AA9A       db 0
seg000:AA9B byte_AA9B       db 0
seg000:AA9C byte_AA9C       db 0
seg000:AA9D                 db    0
seg000:AA9E byte_AA9E       db 0
seg000:AA9F word_AA9F       dw 0
seg000:AAA1 byte_AAA1       db 0
seg000:AAA1 seg000          ends
seg000:AAA1
seg000:AAA1
seg000:AAA1                 end
