seg000:0000 ;
seg000:0000 ; +-------------------------------------------------------------------------+
seg000:0000 ; |      This file was generated by The Interactive Disassembler (IDA)      |
seg000:0000 ; |           Copyright (c) 2026 Hex-Rays, <support@hex-rays.com>           |
seg000:0000 ; |                      License info: 48-2137-ACAB-69                      |
seg000:0000 ; |                             hi@hex-rays.com                             |
seg000:0000 ; +-------------------------------------------------------------------------+
seg000:0000 ;
seg000:0000 ; Input SHA256 : FE1C00B3C95F516F01266ACAA94FBB04FE7436492926D89BA4E522B66012A341
seg000:0000 ; Input MD5    : 94B0EB068E36E10A0EAAF692F3F0F12B
seg000:0000 ; Input CRC32  : 2D70CC61
seg000:0000 ; Compiler     : Visual C++ (guessed)
seg000:0000
seg000:0000 ; File Name   : /home/brox/Projects/zeliard/WORK/zeliard.exe
seg000:0000 ; Format      : MS-DOS executable (EXE)
seg000:0000 ; Base Address: 1000h Range: 10000h-129F0h Loaded length: 9EAh
seg000:0000 ; Entry Point : 1000:0
seg000:0000
seg000:0000                 .286
seg000:0000                 .model large
seg000:0000
seg000:0000 ; ===========================================================================
seg000:0000
seg000:0000 ; Segment type: Pure code
seg000:0000 seg000          segment byte public 'CODE'
seg000:0000                 assume cs:seg000
seg000:0000                 assume es:nothing, ss:seg001, ds:nothing
seg000:0000
seg000:0000 ; =============== S U B R O U T I N E =======================================
seg000:0000
seg000:0000
seg000:0000                 public start
seg000:0000 start           proc near
seg000:0000                 cld
seg000:0001                 mov     ah, 30h
seg000:0003                 int     21h             ; DOS - GET DOS VERSION
seg000:0003                                         ; Return: AL = major version number (00h for DOS 1.x)
seg000:0005                 cmp     al, 2
seg000:0007                 jnb     short loc_1000B
seg000:0009                 int     20h             ; DOS - PROGRAM TERMINATION
seg000:0009                                         ; returns to DOS--identical to INT 21/AH=00h
seg000:000B ; ---------------------------------------------------------------------------
seg000:000B
seg000:000B loc_1000B:
seg000:000B                 mov     ax, seg seg000
seg000:000E                 mov     ds, ax
seg000:0010                 assume ds:seg000
seg000:0010                 call    sub_105F9
seg000:0013                 mov     dx, offset aResourceCfg ; "RESOURCE.CFG"
seg000:0016                 mov     ax, 3D00h
seg000:0019                 int     21h             ; DOS - 2+ - OPEN DISK FILE WITH HANDLE
seg000:0019                                         ; DS:DX -> ASCIZ filename
seg000:0019                                         ; AL = access mode
seg000:0019                                         ; 0 - read
seg000:001B                 jnb     short loc_10025
seg000:001D                 call    sub_10520
seg000:0020                 mov     ax, 4C00h
seg000:0023                 int     21h             ; DOS - 2+ - QUIT WITH EXIT CODE (EXIT)
seg000:0023                                         ; AL = exit code
seg000:0025 ; ---------------------------------------------------------------------------
seg000:0025
seg000:0025 loc_10025:
seg000:0025                 mov     bx, ax
seg000:0027                 call    sub_10390
seg000:002A                 jnb     short loc_1002F
seg000:002C                 jmp     loc_104CA
seg000:002F ; ---------------------------------------------------------------------------
seg000:002F
seg000:002F loc_1002F:
seg000:002F                 call    sub_103CC
seg000:0032                 call    sub_10390
seg000:0035                 jnb     short loc_1003A
seg000:0037                 jmp     loc_104CA
seg000:003A ; ---------------------------------------------------------------------------
seg000:003A
seg000:003A loc_1003A:
seg000:003A                 call    sub_10443
seg000:003D                 call    sub_10390
seg000:0040                 jnb     short loc_10045
seg000:0042                 jmp     loc_104CA
seg000:0045 ; ---------------------------------------------------------------------------
seg000:0045
seg000:0045 loc_10045:
seg000:0045                 call    sub_1047C
seg000:0048                 call    sub_10390
seg000:004B                 jnb     short loc_10050
seg000:004D                 jmp     loc_104CA
seg000:0050 ; ---------------------------------------------------------------------------
seg000:0050
seg000:0050 loc_10050:
seg000:0050                 call    sub_10493
seg000:0053                 mov     ah, 3Eh
seg000:0055                 int     21h             ; DOS - 2+ - CLOSE A FILE WITH HANDLE
seg000:0055                                         ; BX = file handle
seg000:0057                 mov     bx, 4000h
seg000:005A                 mov     ah, 48h
seg000:005C                 int     21h             ; DOS - 2+ - ALLOCATE MEMORY
seg000:005C                                         ; BX = number of 16-byte paragraphs desired
seg000:005E                 jnb     short loc_1007D
seg000:0060                 cmp     ax, 8
seg000:0063                 jnz     short loc_10071
seg000:0065                 mov     dx, offset aNotEnoughMemor ; "Not enough memory to run 'ZELIARD'.\r\n"...
seg000:0068                 mov     ah, 9
seg000:006A                 int     21h             ; DOS - PRINT STRING
seg000:006A                                         ; DS:DX -> string terminated by "$"
seg000:006C                 mov     ax, 4C00h
seg000:006F                 int     21h             ; DOS - 2+ - QUIT WITH EXIT CODE (EXIT)
seg000:006F                                         ; AL = exit code
seg000:0071 ; ---------------------------------------------------------------------------
seg000:0071
seg000:0071 loc_10071:
seg000:0071                 mov     dx, offset aMemoryError ; "Memory error !!!\r\n$"
seg000:0074                 mov     ah, 9
seg000:0076                 int     21h             ; DOS - PRINT STRING
seg000:0076                                         ; DS:DX -> string terminated by "$"
seg000:0078                 mov     ax, 4C00h
seg000:007B                 int     21h             ; DOS - 2+ - QUIT WITH EXIT CODE (EXIT)
seg000:007B                                         ; AL = exit code
seg000:007D ; ---------------------------------------------------------------------------
seg000:007D
seg000:007D loc_1007D:                              ;
seg000:007D                 mov     game_cseg, ax   ; 40000h bytes allocated, starting game_cseg
seg000:0080                 call    flush_keyb_buf
seg000:0083                 mov     dx, offset aTheFantasyActi ; "The Fantasy Action Game ZELIARD Version"...
seg000:0086                 mov     ah, 9
seg000:0088                 int     21h             ; DOS - PRINT STRING
seg000:0088                                         ; DS:DX -> string terminated by "$"
seg000:008A                 test    cs:byte_108E8, 0FFh
seg000:0090                 jz      short loc_100C0
seg000:0092                 mov     cs:word_108C2, sp
seg000:0097                 mov     cs:word_108C4, ss
seg000:009C                 mov     di, 7EDh
seg000:009F                 mov     dx, offset aMtinitCom ; "MTINIT.COM"
seg000:00A2                 mov     bx, offset seg_108C6
seg000:00A5                 mov     ax, 4B00h
seg000:00A8                 int     21h             ; DOS - 2+ - LOAD OR EXECUTE (EXEC)
seg000:00A8                                         ; DS:DX -> ASCIZ filename
seg000:00A8                                         ; ES:BX -> parameter block
seg000:00A8                                         ; AL = subfunc: load & execute program
seg000:00AA                 cli
seg000:00AB                 mov     sp, cs:word_108C2
seg000:00B0                 mov     ss, cs:word_108C4
seg000:00B5                 assume ss:nothing
seg000:00B5                 sti
seg000:00B6                 jnb     short loc_100C0
seg000:00B8                 call    sub_10520
seg000:00BB                 mov     ax, 4C00h
seg000:00BE                 int     21h             ; DOS - 2+ - QUIT WITH EXIT CODE (EXIT)
seg000:00BE                                         ; AL = exit code
seg000:00C0 ; ---------------------------------------------------------------------------
seg000:00C0
seg000:00C0 loc_100C0:
seg000:00C0                 mov     ax, 3508h
seg000:00C3                 int     21h             ; DOS - 2+ - GET INTERRUPT VECTOR
seg000:00C3                                         ; AL = interrupt number
seg000:00C3                                         ; Return: ES:BX = value of interrupt vector
seg000:00C5                 mov     word ptr int8_old, bx
seg000:00C9                 mov     word ptr int8_old+2, es
seg000:00CD                 mov     ax, 3509h
seg000:00D0                 int     21h             ; DOS - 2+ - GET INTERRUPT VECTOR
seg000:00D0                                         ; AL = interrupt number
seg000:00D0                                         ; Return: ES:BX = value of interrupt vector
seg000:00D2                 mov     word ptr int9_old, bx
seg000:00D6                 mov     word ptr int9_old+2, es
seg000:00DA                 mov     ax, 3560h
seg000:00DD                 int     21h             ; DOS - 2+ - GET INTERRUPT VECTOR
seg000:00DD                                         ; AL = interrupt number
seg000:00DD                                         ; Return: ES:BX = value of interrupt vector
seg000:00DF                 mov     word ptr int60_old, bx
seg000:00E3                 mov     word ptr int60_old+2, es
seg000:00E7                 mov     ax, 3561h
seg000:00EA                 int     21h             ; DOS - 2+ - GET INTERRUPT VECTOR
seg000:00EA                                         ; AL = interrupt number
seg000:00EA                                         ; Return: ES:BX = value of interrupt vector
seg000:00EC                 mov     word ptr int61_old, bx
seg000:00F0                 mov     word ptr int61_old+2, es
seg000:00F4                 mov     es, cs:game_cseg
seg000:00F9                 mov     word ptr es:0FF00h, offset sub_102D9
seg000:0100                 mov     word ptr es:0FF02h, cs
seg000:0105                 lds     dx, cs:int8_old
seg000:010A                 assume ds:nothing
seg000:010A                 mov     es:0FF04h, dx
seg000:010F                 mov     word ptr es:0FF06h, ds
seg000:0114                 lds     dx, cs:int9_old
seg000:0119                 mov     es:0FF79h, dx
seg000:011E                 mov     word ptr es:0FF7Bh, ds
seg000:0123                 mov     byte ptr es:0FF16h, 0
seg000:0129                 mov     byte ptr es:0FF17h, 0
seg000:012F                 mov     word ptr es:0FF18h, 0
seg000:0136                 mov     byte ptr es:0FF1Dh, 0
seg000:013C                 mov     byte ptr es:0FF1Eh, 0
seg000:0142                 mov     word ptr es:0FF1Fh, 0
seg000:0149                 mov     byte ptr es:0FF26h, 0FFh
seg000:014F                 mov     byte ptr es:0FF09h, 0FFh
seg000:0155                 mov     byte ptr es:0FF27h, 0
seg000:015B                 mov     byte ptr es:0FF28h, 0
seg000:0161                 mov     byte ptr es:0FF0Bh, 0
seg000:0167                 mov     byte ptr es:0FF08h, 0
seg000:016D                 mov     byte ptr es:0FF75h, 0
seg000:0173                 mov     byte ptr es:0FF33h, 5
seg000:0179                 mov     byte ptr es:0FF34h, 0
seg000:017F                 mov     byte ptr es:0FF38h, 0
seg000:0185                 mov     byte ptr es:0FF39h, 0
seg000:018B                 mov     byte ptr es:0FF3Ah, 0
seg000:0191                 mov     byte ptr es:0FF43h, 0
seg000:0197                 mov     byte ptr es:0FF3Ch, 0
seg000:019D                 mov     byte ptr es:0FF3Bh, 0
seg000:01A3                 mov     byte ptr es:0FF74h, 0
seg000:01A9                 mov     byte ptr es:0FF40h, 0
seg000:01AF                 mov     byte ptr es:0FF42h, 0
seg000:01B5                 mov     byte ptr es:0FF78h, 0
seg000:01BB                 mov     al, cs:byte_108E9
seg000:01BF                 mov     es:0FF0Ah, al
seg000:01C3                 mov     al, cs:byte_108E8
seg000:01C7                 mov     es:0FF15h, al
seg000:01CB                 mov     di, 0FF6Ch
seg000:01CE                 xor     al, al
seg000:01D0                 mov     cx, 8
seg000:01D3                 rep stosb
seg000:01D5                 push    cs
seg000:01D6                 pop     ds
seg000:01D7                 assume ds:seg000
seg000:01D7                 mov     si, offset byte_10869
seg000:01DA                 mov     di, 0FF6Ch
seg000:01DD                 mov     cx, 8
seg000:01E0
seg000:01E0 loc_101E0:
seg000:01E0                 lodsb
seg000:01E1                 cmp     al, 2Eh ; '.'
seg000:01E3                 jz      short loc_101F2
seg000:01E5                 cmp     al, 61h ; 'a'
seg000:01E7                 jb      short loc_101EF
seg000:01E9                 cmp     al, 7Bh ; '{'
seg000:01EB                 jnb     short loc_101EF
seg000:01ED                 and     al, 5Fh
seg000:01EF
seg000:01EF loc_101EF:
seg000:01EF                 stosb
seg000:01F0                 loop    loc_101E0
seg000:01F2
seg000:01F2 loc_101F2:
seg000:01F2                 mov     al, cs:video_mode
seg000:01F6                 mov     es:0FF14h, al
seg000:01FA                 mov     ax, cs:game_cseg
seg000:01FE                 add     ax, 1000h
seg000:0201                 mov     es:0FF2Ch, ax   ; seg1
seg000:0205                 push    cs
seg000:0206                 pop     ds
seg000:0207                 mov     es, cs:game_cseg
seg000:020C                 mov     di, offset byte_1085A
seg000:020F                 test    byte_108C1, 0FFh
seg000:0214                 jz      short loc_10219
seg000:0216                 mov     di, offset byte_10867
seg000:0219
seg000:0219 loc_10219:
seg000:0219                 call    sub_104EF
seg000:021C                 mov     es, cs:game_cseg
seg000:0221                 mov     di, offset byte_10806
seg000:0224                 call    sub_104EF
seg000:0227                 mov     es, cs:game_cseg
seg000:022C                 mov     di, offset byte_1084F
seg000:022F                 call    sub_104EF
seg000:0232                 mov     es, cs:game_cseg
seg000:0237                 xor     bx, bx
seg000:0239                 mov     bl, video_mode
seg000:023D                 add     bx, bx
seg000:023F                 mov     di, off_107FA[bx]
seg000:0243                 call    sub_104EF
seg000:0246                 mov     ax, cs:game_cseg
seg000:024A                 add     ax, 0FF0h
seg000:024D                 mov     es, ax
seg000:024F                 mov     di, offset byte_10889
seg000:0252                 call    sub_104EF
seg000:0255                 mov     ax, cs:game_cseg
seg000:0259                 add     ax, 0FF0h
seg000:025C                 mov     es, ax
seg000:025E                 mov     di, offset byte_1089B
seg000:0261                 call    sub_104EF
seg000:0264                 cli
seg000:0265                 push    cs
seg000:0266                 pop     ds
seg000:0267                 mov     dx, offset int23_new
seg000:026A                 mov     ax, 2523h
seg000:026D                 int     21h             ; DOS - SET INTERRUPT VECTOR
seg000:026D                                         ; AL = interrupt number
seg000:026D                                         ; DS:DX = new vector to be used for specified interrupt
seg000:026F                 mov     ds, cs:game_cseg
seg000:0274                 assume ds:nothing
seg000:0274                 mov     dx, 103h        ; game_cseg:int8_new
seg000:0277                 mov     ax, 2508h
seg000:027A                 int     21h             ; DOS - SET INTERRUPT VECTOR
seg000:027A                                         ; AL = interrupt number
seg000:027A                                         ; DS:DX = new vector to be used for specified interrupt
seg000:027C                 mov     dx, 100h        ; game_cseg:int9_new
seg000:027F                 mov     ax, 2509h
seg000:0282                 int     21h             ; DOS - SET INTERRUPT VECTOR
seg000:0282                                         ; AL = interrupt number
seg000:0282                                         ; DS:DX = new vector to be used for specified interrupt
seg000:0284                 mov     dx, 106h        ; game_cseg:int24_new
seg000:0287                 mov     ax, 2524h
seg000:028A                 int     21h             ; DOS - SET INTERRUPT VECTOR
seg000:028A                                         ; AL = interrupt number
seg000:028A                                         ; DS:DX = new vector to be used for specified interrupt
seg000:028C                 mov     dx, 109h
seg000:028F                 mov     ax, 2561h       ; game_cseg:int61_new
seg000:0292                 int     21h             ; DOS - SET INTERRUPT VECTOR
seg000:0292                                         ; AL = interrupt number
seg000:0292                                         ; DS:DX = new vector to be used for specified interrupt
seg000:0294                 mov     ax, cs:game_cseg
seg000:0298                 mov     es, ax
seg000:029A                 add     ax, 0FF0h
seg000:029D                 mov     ds, ax
seg000:029F                 mov     word ptr es:0FF0Ch, 100h
seg000:02A6                 mov     word ptr es:0FF0Eh, ds
seg000:02AB                 mov     word ptr es:0FF10h, 1100h
seg000:02B2                 mov     word ptr es:0FF12h, ds
seg000:02B7                 mov     dx, 103h
seg000:02BA                 mov     ax, 2560h
seg000:02BD                 int     21h             ; DOS - SET INTERRUPT VECTOR
seg000:02BD                                         ; AL = interrupt number
seg000:02BD                                         ; DS:DX = new vector to be used for specified interrupt
seg000:02BF                 mov     al, 36h ; '6'
seg000:02C1                 out     43h, al         ; Timer 8253-5 (AT: 8254.2).
seg000:02C3                 mov     al, 0B1h
seg000:02C5                 out     40h, al         ; Timer 8253-5 (AT: 8254.2).
seg000:02C7                 mov     al, 13h
seg000:02C9                 out     40h, al         ; Timer 8253-5 (AT: 8254.2).
seg000:02CB                 sti
seg000:02CC                 call    sub_1057A
seg000:02CF                 mov     al, cs:byte_108C1
seg000:02D3                 cbw
seg000:02D4                 jmp     dword ptr cs:game_bin_off
seg000:02D4 start           endp
seg000:02D4
seg000:02D9
seg000:02D9 ; =============== S U B R O U T I N E =======================================
seg000:02D9
seg000:02D9
seg000:02D9 sub_102D9       proc near
seg000:02D9
seg000:02D9 ; FUNCTION CHUNK AT seg000:0340 SIZE 00000045 BYTES
seg000:02D9
seg000:02D9                 push    ax
seg000:02DA                 mov     ax, 2
seg000:02DD                 int     10h             ; - VIDEO - SET VIDEO MODE
seg000:02DD                                         ; AL = mode
seg000:02DF                 mov     ax, 2
seg000:02E2                 int     10h             ; - VIDEO - SET VIDEO MODE
seg000:02E2                                         ; AL = mode
seg000:02E4                 call    flush_keyb_buf
seg000:02E7                 mov     ax, 1
seg000:02EA                 int     60h             ; adlib fn_1
seg000:02EC                 pop     ax
seg000:02ED                 or      ax, ax
seg000:02EF                 jnz     short loc_102FC
seg000:02F1                 push    cs
seg000:02F2                 pop     ds
seg000:02F3                 assume ds:seg000
seg000:02F3                 mov     dx, offset aThankYouForPla ; "Thank you for playing.\r\n$"
seg000:02F6                 mov     ah, 9
seg000:02F8                 int     21h             ; DOS - PRINT STRING
seg000:02F8                                         ; DS:DX -> string terminated by "$"
seg000:02FA                 jmp     short quit_game
seg000:02FC ; ---------------------------------------------------------------------------
seg000:02FC
seg000:02FC loc_102FC:
seg000:02FC                 cmp     ax, 0FFFFh
seg000:02FF                 jnz     short loc_1030C
seg000:0301                 push    cs
seg000:0302                 pop     ds
seg000:0303                 mov     dx, offset aUserFileNothin ; "USER file nothing.$"
seg000:0306                 mov     ah, 9
seg000:0308                 int     21h             ; DOS - PRINT STRING
seg000:0308                                         ; DS:DX -> string terminated by "$"
seg000:030A                 jmp     short quit_game
seg000:030C ; ---------------------------------------------------------------------------
seg000:030C
seg000:030C loc_1030C:
seg000:030C                 push    ds
seg000:030D                 push    dx
seg000:030E                 mov     dx, offset aFileNotFound ; "File not found.$"
seg000:0311                 cmp     ax, 2
seg000:0314                 jz      short loc_10319
seg000:0316                 mov     dx, offset aDiskReadError ; "DISK read Error!!$"
seg000:0319
seg000:0319 loc_10319:
seg000:0319                 push    cs
seg000:031A                 pop     ds
seg000:031B                 mov     ah, 9
seg000:031D                 int     21h             ; DOS - PRINT STRING
seg000:031D                                         ; DS:DX -> string terminated by "$"
seg000:031F                 mov     dl, 20h ; ' '
seg000:0321                 mov     ah, 2
seg000:0323                 int     21h             ; DOS - DISPLAY OUTPUT
seg000:0323                                         ; DL = character to send to standard output
seg000:0325                 mov     dl, 3Ah ; ':'
seg000:0327                 mov     ah, 2
seg000:0329                 int     21h             ; DOS - DISPLAY OUTPUT
seg000:0329                                         ; DL = character to send to standard output
seg000:032B                 mov     dl, 20h ; ' '
seg000:032D                 mov     ah, 2
seg000:032F                 int     21h             ; DOS - DISPLAY OUTPUT
seg000:032F                                         ; DL = character to send to standard output
seg000:0331                 pop     di
seg000:0332                 pop     ds
seg000:0333                 assume ds:nothing
seg000:0333
seg000:0333 loc_10333:
seg000:0333                 mov     dl, [di]
seg000:0335                 or      dl, dl
seg000:0337                 jz      short quit_game
seg000:0339                 mov     ah, 2
seg000:033B                 int     21h             ; DOS - DISPLAY OUTPUT
seg000:033B                                         ; DL = character to send to standard output
seg000:033D                 inc     di
seg000:033E                 jmp     short loc_10333
seg000:033E sub_102D9       endp
seg000:033E
seg000:0340 ; ---------------------------------------------------------------------------
seg000:0340 ; START OF FUNCTION CHUNK FOR sub_104EF
seg000:0340 ;   ADDITIONAL PARENT FUNCTION sub_102D9
seg000:0340
seg000:0340 quit_game:
seg000:0340                 cli
seg000:0341                 lds     dx, cs:int8_old
seg000:0346                 mov     ax, 2508h
seg000:0349                 int     21h             ; DOS - SET INTERRUPT VECTOR
seg000:0349                                         ; AL = interrupt number
seg000:0349                                         ; DS:DX = new vector to be used for specified interrupt
seg000:034B                 lds     dx, cs:int9_old
seg000:0350                 mov     ax, 2509h
seg000:0353                 int     21h             ; DOS - SET INTERRUPT VECTOR
seg000:0353                                         ; AL = interrupt number
seg000:0353                                         ; DS:DX = new vector to be used for specified interrupt
seg000:0355                 lds     dx, cs:int60_old
seg000:035A                 mov     ax, 2560h
seg000:035D                 int     21h             ; DOS - SET INTERRUPT VECTOR
seg000:035D                                         ; AL = interrupt number
seg000:035D                                         ; DS:DX = new vector to be used for specified interrupt
seg000:035F                 mov     al, 36h ; '6'
seg000:0361                 out     43h, al         ; Timer 8253-5 (AT: 8254.2).
seg000:0363                 xor     al, al
seg000:0365                 out     40h, al         ; Timer 8253-5 (AT: 8254.2).
seg000:0367                 out     40h, al         ; Timer 8253-5 (AT: 8254.2).
seg000:0369                 sti
seg000:036A                 mov     ax, seg seg000
seg000:036D                 mov     ds, ax
seg000:036F                 assume ds:seg000
seg000:036F                 mov     es, game_cseg
seg000:0373                 mov     ah, 49h
seg000:0375                 int     21h             ; DOS - 2+ - FREE MEMORY
seg000:0375                                         ; ES = segment address of area to be freed
seg000:0377                 jnb     short loc_10380
seg000:0379                 mov     dx, offset aMemoryError ; "Memory error !!!\r\n$"
seg000:037C                 mov     ah, 9
seg000:037E                 int     21h             ; DOS - PRINT STRING
seg000:037E                                         ; DS:DX -> string terminated by "$"
seg000:0380
seg000:0380 loc_10380:
seg000:0380                 mov     ax, 4C00h
seg000:0383                 int     21h             ; DOS - 2+ - QUIT WITH EXIT CODE (EXIT)
seg000:0383 ; END OF FUNCTION CHUNK FOR sub_104EF   ; AL = exit code
seg000:0385
seg000:0385 ; =============== S U B R O U T I N E =======================================
seg000:0385
seg000:0385
seg000:0385 flush_keyb_buf  proc near
seg000:0385                 push    dx
seg000:0386
seg000:0386 loc_10386:
seg000:0386                 mov     dl, 0FFh
seg000:0388                 mov     ah, 6
seg000:038A                 int     21h             ; DOS - DIRECT CONSOLE I/O CHARACTER OUTPUT
seg000:038A                                         ; DL = character <> FFh
seg000:038A                                         ;  Return: ZF set = no character
seg000:038A                                         ;   ZF clear = character recieved, AL = character
seg000:038C                 jnz     short loc_10386
seg000:038E                 pop     dx
seg000:038F                 retn
seg000:038F flush_keyb_buf  endp
seg000:038F
seg000:0390
seg000:0390 ; =============== S U B R O U T I N E =======================================
seg000:0390
seg000:0390
seg000:0390 sub_10390       proc near
seg000:0390                 push    cs
seg000:0391                 pop     ds
seg000:0392                 mov     dx, offset file_buf
seg000:0395                 mov     byte_108EA, 0
seg000:039A
seg000:039A loc_1039A:
seg000:039A                 mov     cx, 1
seg000:039D                 mov     ah, 3Fh
seg000:039F                 int     21h             ; DOS - 2+ - READ FROM FILE WITH HANDLE
seg000:039F                                         ; BX = file handle, CX = number of bytes to read
seg000:039F                                         ; DS:DX -> buffer
seg000:03A1                 or      ax, ax
seg000:03A3                 stc
seg000:03A4                 jnz     short loc_103A7
seg000:03A6                 retn
seg000:03A7 ; ---------------------------------------------------------------------------
seg000:03A7
seg000:03A7 loc_103A7:
seg000:03A7                 mov     si, dx
seg000:03A9                 cmp     byte ptr [si], 20h ; ' '
seg000:03AC                 jb      short loc_1039A
seg000:03AE
seg000:03AE loc_103AE:
seg000:03AE                 inc     byte_108EA
seg000:03B2                 or      byte ptr [si], 20h
seg000:03B5                 inc     dx
seg000:03B6
seg000:03B6 loc_103B6:
seg000:03B6                 mov     cx, 1
seg000:03B9                 mov     ah, 3Fh
seg000:03BB                 int     21h             ; DOS - 2+ - READ FROM FILE WITH HANDLE
seg000:03BB                                         ; BX = file handle, CX = number of bytes to read
seg000:03BB                                         ; DS:DX -> buffer
seg000:03BD                 or      ax, ax
seg000:03BF                 jz      short loc_103CA
seg000:03C1                 mov     si, dx
seg000:03C3                 cmp     byte ptr [si], 20h ; ' '
seg000:03C6                 jz      short loc_103B6
seg000:03C8                 jnb     short loc_103AE
seg000:03CA
seg000:03CA loc_103CA:
seg000:03CA                 clc
seg000:03CB                 retn
seg000:03CB sub_10390       endp
seg000:03CB
seg000:03CC
seg000:03CC ; =============== S U B R O U T I N E =======================================
seg000:03CC
seg000:03CC
seg000:03CC sub_103CC       proc near
seg000:03CC                 push    cs
seg000:03CD                 pop     es
seg000:03CE                 assume es:seg000
seg000:03CE                 call    sub_104DA
seg000:03D1                 dec     cx
seg000:03D2                 cmp     cx, 3
seg000:03D5                 jz      short loc_10404
seg000:03D7                 cmp     cx, 4
seg000:03DA                 jz      short loc_103DF
seg000:03DC                 jmp     loc_104CA
seg000:03DF ; ---------------------------------------------------------------------------
seg000:03DF
seg000:03DF loc_103DF:
seg000:03DF                 mov     di, offset aCga2 ; "cga2"
seg000:03E2                 mov     cx, 2
seg000:03E5
seg000:03E5 loc_103E5:
seg000:03E5                 push    cx
seg000:03E6                 push    si
seg000:03E7                 push    di
seg000:03E8                 mov     cx, 4
seg000:03EB                 repe cmpsb
seg000:03ED                 pop     di
seg000:03EE                 pop     si
seg000:03EF                 pop     cx
seg000:03F0                 jz      short loc_103FA
seg000:03F2                 add     di, 5
seg000:03F5                 loop    loc_103E5
seg000:03F7                 jmp     loc_104CA
seg000:03FA ; ---------------------------------------------------------------------------
seg000:03FA
seg000:03FA loc_103FA:
seg000:03FA                 add     di, 4
seg000:03FD                 mov     al, es:[di]
seg000:0400                 mov     video_mode, al
seg000:0403                 retn
seg000:0404 ; ---------------------------------------------------------------------------
seg000:0404
seg000:0404 loc_10404:
seg000:0404                 mov     di, offset aCga ; "cga"
seg000:0407                 mov     cx, 4
seg000:040A
seg000:040A loc_1040A:
seg000:040A                 push    cx
seg000:040B                 push    si
seg000:040C                 push    di
seg000:040D                 mov     cx, 3
seg000:0410                 repe cmpsb
seg000:0412                 pop     di
seg000:0413                 pop     si
seg000:0414                 pop     cx
seg000:0415                 jz      short loc_1041F
seg000:0417                 add     di, 4
seg000:041A                 loop    loc_1040A
seg000:041C                 jmp     loc_104CA
seg000:041F ; ---------------------------------------------------------------------------
seg000:041F
seg000:041F loc_1041F:
seg000:041F                 add     di, 3
seg000:0422                 mov     al, es:[di]
seg000:0425                 mov     video_mode, al
seg000:0428                 retn
seg000:0428 sub_103CC       endp
seg000:0428
seg000:0428 ; ---------------------------------------------------------------------------
seg000:0429 aCga2           db 'cga2'
seg000:042D                 db    2
seg000:042E aMcga           db 'mcga'
seg000:0432                 db    4
seg000:0433 aCga            db 'cga'
seg000:0436                 db    1
seg000:0437 aEga            db 'ega',0
seg000:043B aHgc            db 'hgc'
seg000:043E                 db    3
seg000:043F aTga            db 'tga'
seg000:0442                 db    5
seg000:0443
seg000:0443 ; =============== S U B R O U T I N E =======================================
seg000:0443
seg000:0443
seg000:0443 sub_10443       proc near
seg000:0443                 mov     cs:byte_108E8, 0
seg000:0449                 push    cs
seg000:044A                 pop     es
seg000:044B                 call    sub_104DA
seg000:044E                 dec     cx
seg000:044F                 cmp     cx, 0Fh
seg000:0452                 jb      short loc_10457
seg000:0454                 mov     cx, 0Fh
seg000:0457
seg000:0457 loc_10457:
seg000:0457                 mov     di, offset byte_1088B
seg000:045A                 rep movsb
seg000:045C                 xor     al, al
seg000:045E                 stosb
seg000:045F                 mov     di, offset byte_1088B
seg000:0462                 mov     si, offset aMscmtDrv ; "mscmt.drv"
seg000:0465                 mov     cx, 9
seg000:0468                 repe cmpsb
seg000:046A                 jz      short loc_1046D
seg000:046C                 retn
seg000:046D ; ---------------------------------------------------------------------------
seg000:046D
seg000:046D loc_1046D:
seg000:046D                 mov     byte_108E8, 0FFh
seg000:0472                 retn
seg000:0472 sub_10443       endp
seg000:0472
seg000:0472 ; ---------------------------------------------------------------------------
seg000:0473 aMscmtDrv       db 'mscmt.drv'
seg000:047C
seg000:047C ; =============== S U B R O U T I N E =======================================
seg000:047C
seg000:047C
seg000:047C sub_1047C       proc near
seg000:047C                 push    cs
seg000:047D                 pop     es
seg000:047E                 call    sub_104DA
seg000:0481                 dec     cx
seg000:0482                 cmp     cx, 0Fh
seg000:0485                 jb      short loc_1048A
seg000:0487                 mov     cx, 0Fh
seg000:048A
seg000:048A loc_1048A:
seg000:048A                 mov     di, offset byte_1089D
seg000:048D                 rep movsb
seg000:048F                 xor     al, al
seg000:0491                 stosb
seg000:0492                 retn
seg000:0492 sub_1047C       endp
seg000:0492
seg000:0493
seg000:0493 ; =============== S U B R O U T I N E =======================================
seg000:0493
seg000:0493
seg000:0493 sub_10493       proc near
seg000:0493                 push    cs
seg000:0494                 pop     es
seg000:0495                 call    sub_104DA
seg000:0498                 dec     cx
seg000:0499                 cmp     cx, 2
seg000:049C                 jz      short loc_104B4
seg000:049E                 cmp     cx, 3
seg000:04A1                 jnz     short loc_104CA
seg000:04A3                 mov     di, offset aYes
seg000:04A6                 mov     cx, 3
seg000:04A9                 repe cmpsb
seg000:04AB                 jnz     short loc_104CA
seg000:04AD                 mov     cs:byte_108E9, 0FFh
seg000:04B3                 retn
seg000:04B4 ; ---------------------------------------------------------------------------
seg000:04B4
seg000:04B4 loc_104B4:
seg000:04B4                 mov     di, offset aNo  ; "no"
seg000:04B7                 mov     cx, 2
seg000:04BA                 repe cmpsb
seg000:04BC                 jnz     short loc_104CA
seg000:04BE                 mov     cs:byte_108E9, 0
seg000:04C4                 retn
seg000:04C4 ; ---------------------------------------------------------------------------
seg000:04C5 aYes:
seg000:04C5                 db  79h ; y
seg000:04C6                 db  65h ; e
seg000:04C7                 db  73h ; s
seg000:04C8 aNo             db 'no'
seg000:04CA ; ---------------------------------------------------------------------------
seg000:04CA
seg000:04CA loc_104CA:
seg000:04CA                 mov     ah, 3Eh
seg000:04CC                 int     21h             ; DOS - 2+ - CLOSE A FILE WITH HANDLE
seg000:04CC                                         ; BX = file handle
seg000:04CE                 mov     dx, offset aErrorInResourc ; "Error in RESOURCE.CFG\r\n$"
seg000:04D1                 mov     ah, 9
seg000:04D3                 int     21h             ; DOS - PRINT STRING
seg000:04D3                                         ; DS:DX -> string terminated by "$"
seg000:04D5                 mov     ax, 4C00h
seg000:04D8                 int     21h             ; DOS - 2+ - QUIT WITH EXIT CODE (EXIT)
seg000:04D8 sub_10493       endp                    ; AL = exit code
seg000:04D8
seg000:04DA
seg000:04DA ; =============== S U B R O U T I N E =======================================
seg000:04DA
seg000:04DA
seg000:04DA sub_104DA       proc near
seg000:04DA                 push    cs
seg000:04DB                 pop     ds
seg000:04DC                 mov     si, offset file_buf
seg000:04DF                 xor     cx, cx
seg000:04E1                 mov     cl, byte_108EA
seg000:04E5
seg000:04E5 loc_104E5:
seg000:04E5                 lodsb
seg000:04E6                 cmp     al, ':'
seg000:04E8                 jnz     short loc_104EB
seg000:04EA                 retn
seg000:04EB ; ---------------------------------------------------------------------------
seg000:04EB
seg000:04EB loc_104EB:
seg000:04EB                 loop    loc_104E5
seg000:04ED                 jmp     short loc_104CA
seg000:04ED sub_104DA       endp
seg000:04ED
seg000:04EF
seg000:04EF ; =============== S U B R O U T I N E =======================================
seg000:04EF
seg000:04EF
seg000:04EF sub_104EF       proc near
seg000:04EF
seg000:04EF ; FUNCTION CHUNK AT seg000:0340 SIZE 00000045 BYTES
seg000:04EF
seg000:04EF                 push    ds
seg000:04F0                 push    es
seg000:04F1                 push    di
seg000:04F2                 mov     dx, di
seg000:04F4                 add     dx, 2
seg000:04F7                 mov     ax, 3D00h
seg000:04FA                 int     21h             ; DOS - 2+ - OPEN DISK FILE WITH HANDLE
seg000:04FA                                         ; DS:DX -> ASCIZ filename
seg000:04FA                                         ; AL = access mode
seg000:04FA                                         ; 0 - read
seg000:04FC                 jb      short loc_10517
seg000:04FE                 mov     bx, ax
seg000:0500                 mov     dx, [di]
seg000:0502                 mov     cx, 0FFFFh
seg000:0505                 push    es
seg000:0506                 pop     ds
seg000:0507                 mov     ah, 3Fh
seg000:0509                 int     21h             ; DOS - 2+ - READ FROM FILE WITH HANDLE
seg000:0509                                         ; BX = file handle, CX = number of bytes to read
seg000:0509                                         ; DS:DX -> buffer
seg000:050B                 jb      short loc_10517
seg000:050D                 mov     ah, 3Eh
seg000:050F                 int     21h             ; DOS - 2+ - CLOSE A FILE WITH HANDLE
seg000:050F                                         ; BX = file handle
seg000:0511                 jb      short loc_10517
seg000:0513                 pop     di
seg000:0514                 pop     es
seg000:0515                 assume es:nothing
seg000:0515                 pop     ds
seg000:0516                 assume ds:nothing
seg000:0516                 retn
seg000:0517 ; ---------------------------------------------------------------------------
seg000:0517
seg000:0517 loc_10517:
seg000:0517                 pop     di
seg000:0518                 pop     es
seg000:0519                 pop     ds
seg000:051A                 call    sub_10520
seg000:051D                 jmp     quit_game
seg000:051D sub_104EF       endp
seg000:051D
seg000:0520
seg000:0520 ; =============== S U B R O U T I N E =======================================
seg000:0520
seg000:0520
seg000:0520 sub_10520       proc near
seg000:0520                 push    ds
seg000:0521                 push    es
seg000:0522                 push    di
seg000:0523                 push    cs
seg000:0524                 pop     ds
seg000:0525                 assume ds:seg000
seg000:0525                 push    ax
seg000:0526                 mov     dx, offset aFileErrorFrom ; "File Error from $"
seg000:0529                 mov     ah, 9
seg000:052B                 int     21h             ; DOS - PRINT STRING
seg000:052B                                         ; DS:DX -> string terminated by "$"
seg000:052D                 pop     ax
seg000:052E                 pop     di
seg000:052F                 pop     es
seg000:0530                 pop     ds
seg000:0531                 assume ds:nothing
seg000:0531                 push    ax
seg000:0532                 add     di, 2
seg000:0535
seg000:0535 loc_10535:
seg000:0535                 mov     dl, [di]
seg000:0537                 or      dl, dl
seg000:0539                 jz      short loc_10542
seg000:053B                 mov     ah, 2
seg000:053D                 int     21h             ; DOS - DISPLAY OUTPUT
seg000:053D                                         ; DL = character to send to standard output
seg000:053F                 inc     di
seg000:0540                 jmp     short loc_10535
seg000:0542 ; ---------------------------------------------------------------------------
seg000:0542
seg000:0542 loc_10542:
seg000:0542                 pop     bx
seg000:0543                 push    cs
seg000:0544                 pop     ds
seg000:0545                 assume ds:seg000
seg000:0545                 mov     dx, offset aErrorType ; "     Error Type : $"
seg000:0548                 mov     ah, 9
seg000:054A                 int     21h             ; DOS - PRINT STRING
seg000:054A                                         ; DS:DX -> string terminated by "$"
seg000:054C                 mov     dx, offset aFileNotFound ; "File not found.$"
seg000:054F                 cmp     bx, 2
seg000:0552                 jz      short loc_10575
seg000:0554                 mov     dx, offset aDiskReadError ; "DISK read Error!!$"
seg000:0557                 cmp     bx, 5
seg000:055A                 jz      short loc_10575
seg000:055C                 shl     bx, 1
seg000:055E                 mov     dl, byte_107C2[bx]
seg000:0562                 mov     ah, 2
seg000:0564                 int     21h             ; DOS - DISPLAY OUTPUT
seg000:0564                                         ; DL = character to send to standard output
seg000:0566                 mov     dl, byte_107C3[bx]
seg000:056A                 mov     ah, 2
seg000:056C                 int     21h             ; DOS - DISPLAY OUTPUT
seg000:056C                                         ; DL = character to send to standard output
seg000:056E                 mov     dl, 'H'
seg000:0570                 mov     ah, 2
seg000:0572                 int     21h             ; DOS - DISPLAY OUTPUT
seg000:0572                                         ; DL = character to send to standard output
seg000:0574                 retn
seg000:0575 ; ---------------------------------------------------------------------------
seg000:0575
seg000:0575 loc_10575:
seg000:0575                 mov     ah, 9
seg000:0577                 int     21h             ; DOS - PRINT STRING
seg000:0577                                         ; DS:DX -> string terminated by "$"
seg000:0579                 retn
seg000:0579 sub_10520       endp
seg000:0579
seg000:057A
seg000:057A ; =============== S U B R O U T I N E =======================================
seg000:057A
seg000:057A
seg000:057A sub_1057A       proc near
seg000:057A                 mov     bl, cs:video_mode
seg000:057F                 xor     bh, bh
seg000:0581                 add     bx, bx          ; switch 6 cases
seg000:0583                 jmp     cs:jpt_10583[bx] ; switch jump
seg000:0583 ; ---------------------------------------------------------------------------
seg000:0588 jpt_10583       dw offset loc_10594     ; jump table for switch statement
seg000:058A                 dw offset loc_1059A
seg000:058C                 dw offset loc_105A0
seg000:058E                 dw offset loc_105B2
seg000:0590                 dw offset mode4_mcga
seg000:0592                 dw offset loc_105AC
seg000:0594 ; ---------------------------------------------------------------------------
seg000:0594
seg000:0594 loc_10594:                              ; jumptable 00010583 case 0
seg000:0594                 mov     ax, 0Eh
seg000:0597                 int     10h             ; - VIDEO - SET VIDEO MODE
seg000:0597                                         ; AL = mode
seg000:0599                 retn
seg000:059A ; ---------------------------------------------------------------------------
seg000:059A
seg000:059A loc_1059A:                              ; jumptable 00010583 case 1
seg000:059A                 mov     ax, 5
seg000:059D                 int     10h             ; - VIDEO - SET VIDEO MODE
seg000:059D                                         ; AL = mode
seg000:059F                 retn
seg000:05A0 ; ---------------------------------------------------------------------------
seg000:05A0
seg000:05A0 loc_105A0:                              ; jumptable 00010583 case 2
seg000:05A0                 mov     ax, 6
seg000:05A3                 int     10h             ; - VIDEO - SET VIDEO MODE
seg000:05A3                                         ; AL = mode
seg000:05A5                 retn
seg000:05A6 ; ---------------------------------------------------------------------------
seg000:05A6
seg000:05A6 mode4_mcga:                             ; jumptable 00010583 case 4
seg000:05A6                 mov     ax, 13h
seg000:05A9                 int     10h             ; - VIDEO - SET VIDEO MODE
seg000:05A9                                         ; AL = mode
seg000:05AB                 retn
seg000:05AC ; ---------------------------------------------------------------------------
seg000:05AC
seg000:05AC loc_105AC:                              ; jumptable 00010583 case 5
seg000:05AC                 mov     ax, 9
seg000:05AF                 int     10h             ; - VIDEO - SET VIDEO MODE
seg000:05AF                                         ; AL = mode
seg000:05B1                 retn
seg000:05B2 ; ---------------------------------------------------------------------------
seg000:05B2
seg000:05B2 loc_105B2:                              ; jumptable 00010583 case 3
seg000:05B2                 push    cs
seg000:05B3                 pop     ds
seg000:05B4                 mov     dx, 3B8h
seg000:05B7                 mov     al, 2
seg000:05B9                 out     dx, al
seg000:05BA                 mov     dx, 3BFh
seg000:05BD                 mov     al, 1
seg000:05BF                 out     dx, al
seg000:05C0                 mov     cx, 0Ch
seg000:05C3                 mov     ah, 0
seg000:05C5                 mov     si, offset byte_105EC
seg000:05C8                 mov     dx, 3B4h
seg000:05CB
seg000:05CB loc_105CB:
seg000:05CB                 mov     al, ah
seg000:05CD                 out     dx, al          ; Video: CRT cntrlr addr
seg000:05CD                                         ; horizontal total
seg000:05CE                 lodsb
seg000:05CF                 inc     dx
seg000:05D0                 out     dx, al          ; Video: CRT controller internal registers
seg000:05D1                 dec     dx
seg000:05D2                 inc     ah
seg000:05D4                 loop    loc_105CB
seg000:05D6                 mov     al, 2Ah ; '*'
seg000:05D8                 mov     dx, 3B8h
seg000:05DB                 out     dx, al
seg000:05DC                 mov     ax, 0B000h
seg000:05DF                 mov     es, ax
seg000:05E1                 assume es:nothing
seg000:05E1                 mov     di, 0
seg000:05E4                 xor     ax, ax
seg000:05E6                 mov     cx, 4000h
seg000:05E9                 rep stosw
seg000:05EB                 retn
seg000:05EB sub_1057A       endp
seg000:05EB
seg000:05EB ; ---------------------------------------------------------------------------
seg000:05EC byte_105EC      db 35h, 2Dh, 2Eh, 7, 5Bh, 2, 57h, 57h, 2, 3, 0, 0
seg000:05F8
seg000:05F8 ; =============== S U B R O U T I N E =======================================
seg000:05F8
seg000:05F8
seg000:05F8 int23_new       proc far
seg000:05F8                 iret
seg000:05F8 int23_new       endp
seg000:05F8
seg000:05F9
seg000:05F9 ; =============== S U B R O U T I N E =======================================
seg000:05F9
seg000:05F9
seg000:05F9 sub_105F9       proc near
seg000:05F9                 test    byte ptr es:80h, 0FFh
seg000:05FF                 jnz     short loc_10602
seg000:0601                 retn
seg000:0602 ; ---------------------------------------------------------------------------
seg000:0602
seg000:0602 loc_10602:
seg000:0602                 mov     di, offset byte_10869
seg000:0605                 xor     cx, cx
seg000:0607                 mov     cl, es:80h
seg000:060C                 mov     si, 81h
seg000:060F
seg000:060F loc_1060F:
seg000:060F                 cmp     byte ptr es:[si], 20h ; ' '
seg000:0613                 jnz     short loc_10619
seg000:0615                 inc     si
seg000:0616                 loop    loc_1060F
seg000:0618                 retn
seg000:0619 ; ---------------------------------------------------------------------------
seg000:0619
seg000:0619 loc_10619:
seg000:0619                 xor     ah, ah
seg000:061B
seg000:061B loc_1061B:
seg000:061B                 mov     al, es:[si]
seg000:061E                 cmp     al, 20h ; ' '
seg000:0620                 jz      short loc_1062B
seg000:0622                 cmp     al, 0Dh
seg000:0624                 jz      short loc_1062B
seg000:0626                 mov     ah, 0FFh
seg000:0628                 mov     [di], al
seg000:062A                 inc     di
seg000:062B
seg000:062B loc_1062B:
seg000:062B                 inc     si
seg000:062C                 loop    loc_1061B
seg000:062E                 or      ah, ah
seg000:0630                 jnz     short loc_10633
seg000:0632                 retn
seg000:0633 ; ---------------------------------------------------------------------------
seg000:0633
seg000:0633 loc_10633:
seg000:0633                 mov     byte_108C1, 0FFh
seg000:0638                 mov     byte ptr [di], 2Eh ; '.'
seg000:063B                 mov     byte ptr [di+1], 55h ; 'U'
seg000:063F                 mov     byte ptr [di+2], 53h ; 'S'
seg000:0643                 mov     byte ptr [di+3], 52h ; 'R'
seg000:0647                 mov     byte ptr [di+4], 0
seg000:064B                 retn
seg000:064B sub_105F9       endp
seg000:064B
seg000:064B ; ---------------------------------------------------------------------------
seg000:064C aTheFantasyActi db 'The Fantasy Action Game ZELIARD Version 1.208',0Dh,0Ah
seg000:067B                 db 'Copyright (C) 1987 ~ 1990 Game Arts Co.,Ltd.',0Dh,0Ah
seg000:06A9                 db 'Copyright (C) 1990 Sierra On-Line, Inc.',0Dh,0Ah,'$'
seg000:06D3 aNotSupportedCo db 'Not supported command !',0Dh,0Ah,'$'
seg000:06ED aSpecialMode    db 'Special mode !!',0Dh,0Ah,'$'
seg000:06FF aNotEnoughMemor db 'Not enough memory to run ',27h,'ZELIARD',27h,'.',0Dh,0Ah,'$'
seg000:0725 aMemoryError    db 'Memory error !!!',0Dh,0Ah,'$'
seg000:0738 aThankYouForPla db 'Thank you for playing.',0Dh,0Ah,'$'
seg000:0751 aFileErrorFrom  db 'File Error from $'
seg000:0762 aErrorType      db '     Error Type : $'
seg000:0775 aFileNotFound   db 'File not found.$'
seg000:0785 aDiskReadError  db 'DISK read Error!!$'
seg000:0797 aUserFileNothin db 'USER file nothing.$'
seg000:07AA aErrorInResourc db 'Error in RESOURCE.CFG',0Dh,0Ah,'$'
seg000:07C2 byte_107C2      db 30h
seg000:07C3 byte_107C3      db 30h
seg000:07C4                 db 30h
seg000:07C5                 db 31h
seg000:07C6                 db 30h
seg000:07C7                 db 32h
seg000:07C8                 db 30h
seg000:07C9                 db 33h
seg000:07CA                 db 30h
seg000:07CB                 db 34h
seg000:07CC                 db 30h
seg000:07CD                 db 35h
seg000:07CE                 db 30h
seg000:07CF                 db 36h
seg000:07D0                 db 30h
seg000:07D1                 db 37h
seg000:07D2                 db 30h
seg000:07D3                 db 38h
seg000:07D4                 db 30h
seg000:07D5                 db 39h
seg000:07D6                 db 30h
seg000:07D7                 db 41h
seg000:07D8                 db 30h
seg000:07D9                 db 42h
seg000:07DA                 db 30h
seg000:07DB                 db 43h
seg000:07DC                 db 30h
seg000:07DD                 db 44h
seg000:07DE                 db 30h
seg000:07DF                 db 45h
seg000:07E0                 db 30h
seg000:07E1                 db 46h
seg000:07E2 aResourceCfg    db 'RESOURCE.CFG',0
seg000:07EF aMtinitCom      db 'MTINIT.COM',0
seg000:07FA off_107FA       dw offset byte_10812
seg000:07FC                 dw offset byte_1081E
seg000:07FE                 dw offset byte_1081E
seg000:0800                 dw offset byte_1082A
seg000:0802                 dw offset byte_10836
seg000:0804                 dw offset byte_10843
seg000:0806 byte_10806      db 0
seg000:0807                 db 1
seg000:0808 aStickBin       db 'stick.bin',0
seg000:0812 byte_10812      db 0
seg000:0813                 db 20h
seg000:0814 aGmegaBin       db 'gmega.bin',0
seg000:081E byte_1081E      db 0
seg000:081F                 db 20h
seg000:0820 aGmcgaBin       db 'gmcga.bin',0
seg000:082A byte_1082A      db 0
seg000:082B                 db 20h
seg000:082C aGmhgcBin       db 'gmhgc.bin',0
seg000:0836 byte_10836      db 0
seg000:0837                 db 20h
seg000:0838 aGmmcgaBin      db 'gmmcga.bin',0
seg000:0843 byte_10843      db 0
seg000:0844                 db 20h
seg000:0845 aGmtgaBin       db 'gmtga.bin',0
seg000:084F byte_1084F      db 0
seg000:0850                 db 0A0h
seg000:0851 aGameBin        db 'game.bin',0
seg000:085A byte_1085A      db 0
seg000:085B                 db 0
seg000:085C aStdplyBin      db 'stdply.bin',0
seg000:0867 byte_10867      db 0
seg000:0868                 db    0
seg000:0869 byte_10869      db 0, 0, 0, 0, 0, 0, 0, 0
seg000:0871                 db 0, 0, 0, 0, 0, 0, 0, 0, 0, 0, 0, 0, 0, 0, 0, 0, 0, 0
seg000:0883                 db 0, 0, 0, 0, 0, 0
seg000:0889 byte_10889      db 0
seg000:088A                 db 1
seg000:088B byte_1088B      db 0, 0, 0, 0, 0, 0, 0, 0, 0, 0, 0, 0, 0, 0, 0, 0
seg000:089B byte_1089B      db 0
seg000:089C                 db 11h
seg000:089D byte_1089D      db 0, 0, 0, 0, 0, 0, 0, 0, 0, 0, 0, 0, 0, 0, 0, 0
seg000:08AD game_bin_off    dw 0A000h
seg000:08AF game_cseg       dw 0
seg000:08B1 int8_old        dd 0
seg000:08B5 int9_old        dd 0
seg000:08B9 int60_old       dd 0
seg000:08BD int61_old       dd 0
seg000:08C1 byte_108C1      db 0
seg000:08C2 word_108C2      dw 0
seg000:08C4 word_108C4      dw 0
seg000:08C6 seg_108C6       dw seg seg000
seg000:08C8                 dd byte_108D4
seg000:08CC                 dd byte_108D7
seg000:08D0                 dd byte_108D7
seg000:08D4 byte_108D4      db 1, 20h, 0Dh
seg000:08D7 byte_108D7      db 0, 20h, 0Eh dup(0)
seg000:08E7 video_mode      db 0
seg000:08E8 byte_108E8      db 0
seg000:08E9 byte_108E9      db 0
seg000:08EA byte_108EA      db 0
seg000:08EB file_buf        db 0FFh dup(0)
seg000:09EA                 db 6 dup(?)
seg000:09EA seg000          ends
seg000:09EA
seg001:0000 ; ===========================================================================
seg001:0000
seg001:0000 ; Segment type: Uninitialized
seg001:0000 seg001          segment byte stack 'STACK'
seg001:0000                 assume cs:seg001
seg001:0000                 assume es:nothing, ss:nothing, ds:nothing
seg001:0000                 db 2000h dup(?)
seg001:0000 seg001          ends
seg001:0000
seg001:0000
seg001:0000                 end start
